[0.598s] DEBUG:colcon:Command line arguments: ['/usr/bin/colcon', 'build', '--packages-select', 'jointctrlsdk']
[0.599s] DEBUG:colcon:Parsed command line arguments: Namespace(allow_overriding=[], ament_cmake_args=None, base_paths=['.'], build_base='build', catkin_cmake_args=None, catkin_skip_building_tests=False, cmake_args=None, cmake_clean_cache=False, cmake_clean_first=False, cmake_force_configure=False, cmake_target=None, cmake_target_skip_unavailable=False, continue_on_error=False, event_handlers=None, executor='parallel', ignore_user_meta=False, install_base='install', log_base=None, log_level=None, main=<bound method BuildVerb.main of <colcon_core.verb.build.BuildVerb object at 0xffff947d9670>>, merge_install=False, metas=['./colcon.meta'], packages_above=None, packages_above_and_dependencies=None, packages_above_depth=None, packages_end=None, packages_ignore=None, packages_ignore_regex=None, packages_select=['jointctrlsdk'], packages_select_build_failed=False, packages_select_by_dep=None, packages_select_regex=None, packages_select_test_failures=False, packages_skip=None, packages_skip_build_finished=False, packages_skip_by_dep=None, packages_skip_regex=None, packages_skip_test_passed=False, packages_skip_up_to=None, packages_start=None, packages_up_to=None, packages_up_to_regex=None, parallel_workers=4, paths=None, symlink_install=False, test_result_base=None, verb_extension=<colcon_core.verb.build.BuildVerb object at 0xffff947d9670>, verb_name='build', verb_parser=<colcon_defaults.argument_parser.defaults.DefaultArgumentsDecorator object at 0xffff947d9bb0>)
[0.705s] Level 1:colcon.colcon_core.package_discovery:discover_packages(colcon_meta) check parameters
[0.705s] Level 1:colcon.colcon_core.package_discovery:discover_packages(recursive) check parameters
[0.705s] Level 1:colcon.colcon_core.package_discovery:discover_packages(ignore) check parameters
[0.705s] Level 1:colcon.colcon_core.package_discovery:discover_packages(path) check parameters
[0.706s] Level 1:colcon.colcon_core.package_discovery:discover_packages(colcon_meta) discover
[0.706s] Level 1:colcon.colcon_core.package_discovery:discover_packages(recursive) discover
[0.706s] INFO:colcon.colcon_core.package_discovery:Crawling recursively for packages in '/home/diablo/diablo_torqueHDRL'
[0.706s] Level 1:colcon.colcon_core.package_identification:_identify(.) by extensions ['ignore', 'ignore_ament_install']
[0.707s] Level 1:colcon.colcon_core.package_identification:_identify(.) by extension 'ignore'
[0.707s] Level 1:colcon.colcon_core.package_identification:_identify(.) by extension 'ignore_ament_install'
[0.707s] Level 1:colcon.colcon_core.package_identification:_identify(.) by extensions ['colcon_pkg']
[0.708s] Level 1:colcon.colcon_core.package_identification:_identify(.) by extension 'colcon_pkg'
[0.708s] Level 1:colcon.colcon_core.package_identification:_identify(.) by extensions ['colcon_meta']
[0.708s] Level 1:colcon.colcon_core.package_identification:_identify(.) by extension 'colcon_meta'
[0.708s] Level 1:colcon.colcon_core.package_identification:_identify(.) by extensions ['ros']
[0.708s] Level 1:colcon.colcon_core.package_identification:_identify(.) by extension 'ros'
[0.755s] Level 1:colcon.colcon_core.package_identification:_identify(.) by extensions ['cmake', 'python']
[0.755s] Level 1:colcon.colcon_core.package_identification:_identify(.) by extension 'cmake'
[0.756s] Level 1:colcon.colcon_core.package_identification:_identify(.) by extension 'python'
[0.756s] Level 1:colcon.colcon_core.package_identification:_identify(.) by extensions ['python_setup_py']
[0.756s] Level 1:colcon.colcon_core.package_identification:_identify(.) by extension 'python_setup_py'
[0.756s] Level 1:colcon.colcon_core.package_identification:_identify(build) by extensions ['ignore', 'ignore_ament_install']
[0.757s] Level 1:colcon.colcon_core.package_identification:_identify(build) by extension 'ignore'
[0.757s] Level 1:colcon.colcon_core.package_identification:_identify(build) ignored
[0.758s] Level 1:colcon.colcon_core.package_identification:_identify(install) by extensions ['ignore', 'ignore_ament_install']
[0.758s] Level 1:colcon.colcon_core.package_identification:_identify(install) by extension 'ignore'
[0.758s] Level 1:colcon.colcon_core.package_identification:_identify(install) ignored
[0.761s] Level 1:colcon.colcon_core.package_identification:_identify(log) by extensions ['ignore', 'ignore_ament_install']
[0.761s] Level 1:colcon.colcon_core.package_identification:_identify(log) by extension 'ignore'
[0.761s] Level 1:colcon.colcon_core.package_identification:_identify(log) ignored
[0.762s] Level 1:colcon.colcon_core.package_identification:_identify(src) by extensions ['ignore', 'ignore_ament_install']
[0.762s] Level 1:colcon.colcon_core.package_identification:_identify(src) by extension 'ignore'
[0.762s] Level 1:colcon.colcon_core.package_identification:_identify(src) by extension 'ignore_ament_install'
[0.763s] Level 1:colcon.colcon_core.package_identification:_identify(src) by extensions ['colcon_pkg']
[0.763s] Level 1:colcon.colcon_core.package_identification:_identify(src) by extension 'colcon_pkg'
[0.763s] Level 1:colcon.colcon_core.package_identification:_identify(src) by extensions ['colcon_meta']
[0.763s] Level 1:colcon.colcon_core.package_identification:_identify(src) by extension 'colcon_meta'
[0.763s] Level 1:colcon.colcon_core.package_identification:_identify(src) by extensions ['ros']
[0.764s] Level 1:colcon.colcon_core.package_identification:_identify(src) by extension 'ros'
[0.764s] Level 1:colcon.colcon_core.package_identification:_identify(src) by extensions ['cmake', 'python']
[0.764s] Level 1:colcon.colcon_core.package_identification:_identify(src) by extension 'cmake'
[0.764s] Level 1:colcon.colcon_core.package_identification:_identify(src) by extension 'python'
[0.764s] Level 1:colcon.colcon_core.package_identification:_identify(src) by extensions ['python_setup_py']
[0.765s] Level 1:colcon.colcon_core.package_identification:_identify(src) by extension 'python_setup_py'
[0.765s] Level 1:colcon.colcon_core.package_identification:_identify(src/jointctrlsdk) by extensions ['ignore', 'ignore_ament_install']
[0.765s] Level 1:colcon.colcon_core.package_identification:_identify(src/jointctrlsdk) by extension 'ignore'
[0.766s] Level 1:colcon.colcon_core.package_identification:_identify(src/jointctrlsdk) by extension 'ignore_ament_install'
[0.766s] Level 1:colcon.colcon_core.package_identification:_identify(src/jointctrlsdk) by extensions ['colcon_pkg']
[0.766s] Level 1:colcon.colcon_core.package_identification:_identify(src/jointctrlsdk) by extension 'colcon_pkg'
[0.766s] Level 1:colcon.colcon_core.package_identification:_identify(src/jointctrlsdk) by extensions ['colcon_meta']
[0.766s] Level 1:colcon.colcon_core.package_identification:_identify(src/jointctrlsdk) by extension 'colcon_meta'
[0.766s] Level 1:colcon.colcon_core.package_identification:_identify(src/jointctrlsdk) by extensions ['ros']
[0.767s] Level 1:colcon.colcon_core.package_identification:_identify(src/jointctrlsdk) by extension 'ros'
[0.781s] DEBUG:colcon.colcon_core.package_identification:Package 'src/jointctrlsdk' with type 'ros.ament_cmake' and name 'jointctrlsdk'
[0.782s] Level 1:colcon.colcon_core.package_identification:_identify(src/torque_interfaces) by extensions ['ignore', 'ignore_ament_install']
[0.783s] Level 1:colcon.colcon_core.package_identification:_identify(src/torque_interfaces) by extension 'ignore'
[0.783s] Level 1:colcon.colcon_core.package_identification:_identify(src/torque_interfaces) by extension 'ignore_ament_install'
[0.783s] Level 1:colcon.colcon_core.package_identification:_identify(src/torque_interfaces) by extensions ['colcon_pkg']
[0.783s] Level 1:colcon.colcon_core.package_identification:_identify(src/torque_interfaces) by extension 'colcon_pkg'
[0.783s] Level 1:colcon.colcon_core.package_identification:_identify(src/torque_interfaces) by extensions ['colcon_meta']
[0.784s] Level 1:colcon.colcon_core.package_identification:_identify(src/torque_interfaces) by extension 'colcon_meta'
[0.784s] Level 1:colcon.colcon_core.package_identification:_identify(src/torque_interfaces) by extensions ['ros']
[0.784s] Level 1:colcon.colcon_core.package_identification:_identify(src/torque_interfaces) by extension 'ros'
[0.786s] DEBUG:colcon.colcon_core.package_identification:Package 'src/torque_interfaces' with type 'ros.ament_cmake' and name 'torque_interfaces'
[0.787s] Level 1:colcon.colcon_core.package_discovery:discover_packages(recursive) using defaults
[0.787s] Level 1:colcon.colcon_core.package_discovery:discover_packages(ignore) discover
[0.787s] Level 1:colcon.colcon_core.package_discovery:discover_packages(ignore) using defaults
[0.787s] Level 1:colcon.colcon_core.package_discovery:discover_packages(path) discover
[0.787s] Level 1:colcon.colcon_core.package_discovery:discover_packages(path) using defaults
[0.859s] INFO:colcon.colcon_core.package_selection:Skipping not selected package 'torque_interfaces' in 'src/torque_interfaces'
[0.862s] Level 1:colcon.colcon_core.package_discovery:discover_packages(prefix_path) check parameters
[0.862s] Level 1:colcon.colcon_core.package_discovery:discover_packages(prefix_path) discover
[0.875s] DEBUG:colcon.colcon_installed_package_information.package_discovery:Found 2 installed packages in /home/diablo/diablo_torqueHDRL/install
[0.879s] DEBUG:colcon.colcon_installed_package_information.package_discovery:Found 6 installed packages in /home/diablo/diablo_ws/install
[0.888s] DEBUG:colcon.colcon_installed_package_information.package_discovery:Found 258 installed packages in /opt/ros/foxy
[0.896s] Level 1:colcon.colcon_core.package_discovery:discover_packages(prefix_path) using defaults
[1.266s] Level 5:colcon.colcon_core.verb:set package 'jointctrlsdk' build argument 'cmake_args' from command line to 'None'
[1.266s] Level 5:colcon.colcon_core.verb:set package 'jointctrlsdk' build argument 'cmake_target' from command line to 'None'
[1.266s] Level 5:colcon.colcon_core.verb:set package 'jointctrlsdk' build argument 'cmake_target_skip_unavailable' from command line to 'False'
[1.266s] Level 5:colcon.colcon_core.verb:set package 'jointctrlsdk' build argument 'cmake_clean_cache' from command line to 'False'
[1.266s] Level 5:colcon.colcon_core.verb:set package 'jointctrlsdk' build argument 'cmake_clean_first' from command line to 'False'
[1.266s] Level 5:colcon.colcon_core.verb:set package 'jointctrlsdk' build argument 'cmake_force_configure' from command line to 'False'
[1.267s] Level 5:colcon.colcon_core.verb:set package 'jointctrlsdk' build argument 'ament_cmake_args' from command line to 'None'
[1.267s] Level 5:colcon.colcon_core.verb:set package 'jointctrlsdk' build argument 'catkin_cmake_args' from command line to 'None'
[1.267s] Level 5:colcon.colcon_core.verb:set package 'jointctrlsdk' build argument 'catkin_skip_building_tests' from command line to 'False'
[1.267s] DEBUG:colcon.colcon_core.verb:Building package 'jointctrlsdk' with the following arguments: {'ament_cmake_args': None, 'build_base': '/home/diablo/diablo_torqueHDRL/build/jointctrlsdk', 'catkin_cmake_args': None, 'catkin_skip_building_tests': False, 'cmake_args': None, 'cmake_clean_cache': False, 'cmake_clean_first': False, 'cmake_force_configure': False, 'cmake_target': None, 'cmake_target_skip_unavailable': False, 'install_base': '/home/diablo/diablo_torqueHDRL/install/jointctrlsdk', 'merge_install': False, 'path': '/home/diablo/diablo_torqueHDRL/src/jointctrlsdk', 'symlink_install': False, 'test_result_base': None}
[1.268s] INFO:colcon.colcon_core.executor:Executing jobs using 'parallel' executor
[1.276s] DEBUG:colcon.colcon_parallel_executor.executor.parallel:run_until_complete
[1.277s] INFO:colcon.colcon_ros.task.ament_cmake.build:Building ROS package in '/home/diablo/diablo_torqueHDRL/src/jointctrlsdk' with build type 'ament_cmake'
[1.278s] INFO:colcon.colcon_cmake.task.cmake.build:Building CMake package in '/home/diablo/diablo_torqueHDRL/src/jointctrlsdk'
[1.294s] INFO:colcon.colcon_core.plugin_system:Skipping extension 'colcon_core.shell.bat': Not used on non-Windows systems
[1.294s] INFO:colcon.colcon_core.shell:Skip shell extension 'powershell' for command environment: Not usable outside of PowerShell
[1.295s] DEBUG:colcon.colcon_core.shell:Skip shell extension 'dsv' for command environment
[1.363s] DEBUG:colcon.colcon_core.event_handler.log_command:Invoking command in '/home/diablo/diablo_torqueHDRL/build/jointctrlsdk': CMAKE_PREFIX_PATH=/home/diablo/diablo_torqueHDRL/install/torque_interfaces:/home/diablo/diablo_torqueHDRL/install/jointctrlsdk:/home/diablo/diablo_ws/install/diablo_ctrl:/home/diablo/diablo_ws/install/diablo_body:/home/diablo/diablo_ws/install/diablo_utils:/home/diablo/diablo_ws/install/motion_msgs:/home/diablo/diablo_ws/install/ception_msgs:/home/diablo/diablo_ws/install/diablo_teleop:/opt/ros/foxy LD_LIBRARY_PATH=/home/diablo/diablo_torqueHDRL/install/torque_interfaces/lib:/home/diablo/diablo_torqueHDRL/install/jointctrlsdk/lib:/home/diablo/diablo_ws/install/diablo_body/lib:/home/diablo/diablo_ws/install/diablo_utils/lib:/home/diablo/diablo_ws/install/motion_msgs/lib:/home/diablo/diablo_ws/install/ception_msgs/lib:/opt/ros/foxy/opt/yaml_cpp_vendor/lib:/opt/ros/foxy/opt/rviz_ogre_vendor/lib:/opt/ros/foxy/lib/aarch64-linux-gnu:/opt/ros/foxy/lib /usr/bin/cmake --build /home/diablo/diablo_torqueHDRL/build/jointctrlsdk -- -j4 -l4
[23.140s] DEBUG:colcon.colcon_core.event_handler.log_command:Invoked command in '/home/diablo/diablo_torqueHDRL/build/jointctrlsdk' returned '0': CMAKE_PREFIX_PATH=/home/diablo/diablo_torqueHDRL/install/torque_interfaces:/home/diablo/diablo_torqueHDRL/install/jointctrlsdk:/home/diablo/diablo_ws/install/diablo_ctrl:/home/diablo/diablo_ws/install/diablo_body:/home/diablo/diablo_ws/install/diablo_utils:/home/diablo/diablo_ws/install/motion_msgs:/home/diablo/diablo_ws/install/ception_msgs:/home/diablo/diablo_ws/install/diablo_teleop:/opt/ros/foxy LD_LIBRARY_PATH=/home/diablo/diablo_torqueHDRL/install/torque_interfaces/lib:/home/diablo/diablo_torqueHDRL/install/jointctrlsdk/lib:/home/diablo/diablo_ws/install/diablo_body/lib:/home/diablo/diablo_ws/install/diablo_utils/lib:/home/diablo/diablo_ws/install/motion_msgs/lib:/home/diablo/diablo_ws/install/ception_msgs/lib:/opt/ros/foxy/opt/yaml_cpp_vendor/lib:/opt/ros/foxy/opt/rviz_ogre_vendor/lib:/opt/ros/foxy/lib/aarch64-linux-gnu:/opt/ros/foxy/lib /usr/bin/cmake --build /home/diablo/diablo_torqueHDRL/build/jointctrlsdk -- -j4 -l4
[23.445s] DEBUG:colcon.colcon_core.event_handler.log_command:Invoking command in '/home/diablo/diablo_torqueHDRL/build/jointctrlsdk': CMAKE_PREFIX_PATH=/home/diablo/diablo_torqueHDRL/install/torque_interfaces:/home/diablo/diablo_torqueHDRL/install/jointctrlsdk:/home/diablo/diablo_ws/install/diablo_ctrl:/home/diablo/diablo_ws/install/diablo_body:/home/diablo/diablo_ws/install/diablo_utils:/home/diablo/diablo_ws/install/motion_msgs:/home/diablo/diablo_ws/install/ception_msgs:/home/diablo/diablo_ws/install/diablo_teleop:/opt/ros/foxy LD_LIBRARY_PATH=/home/diablo/diablo_torqueHDRL/install/torque_interfaces/lib:/home/diablo/diablo_torqueHDRL/install/jointctrlsdk/lib:/home/diablo/diablo_ws/install/diablo_body/lib:/home/diablo/diablo_ws/install/diablo_utils/lib:/home/diablo/diablo_ws/install/motion_msgs/lib:/home/diablo/diablo_ws/install/ception_msgs/lib:/opt/ros/foxy/opt/yaml_cpp_vendor/lib:/opt/ros/foxy/opt/rviz_ogre_vendor/lib:/opt/ros/foxy/lib/aarch64-linux-gnu:/opt/ros/foxy/lib /usr/bin/cmake --install /home/diablo/diablo_torqueHDRL/build/jointctrlsdk
[23.534s] Level 1:colcon.colcon_core.environment:create_environment_scripts_only(jointctrlsdk)
[23.537s] DEBUG:colcon.colcon_core.event_handler.log_command:Invoked command in '/home/diablo/diablo_torqueHDRL/build/jointctrlsdk' returned '0': CMAKE_PREFIX_PATH=/home/diablo/diablo_torqueHDRL/install/torque_interfaces:/home/diablo/diablo_torqueHDRL/install/jointctrlsdk:/home/diablo/diablo_ws/install/diablo_ctrl:/home/diablo/diablo_ws/install/diablo_body:/home/diablo/diablo_ws/install/diablo_utils:/home/diablo/diablo_ws/install/motion_msgs:/home/diablo/diablo_ws/install/ception_msgs:/home/diablo/diablo_ws/install/diablo_teleop:/opt/ros/foxy LD_LIBRARY_PATH=/home/diablo/diablo_torqueHDRL/install/torque_interfaces/lib:/home/diablo/diablo_torqueHDRL/install/jointctrlsdk/lib:/home/diablo/diablo_ws/install/diablo_body/lib:/home/diablo/diablo_ws/install/diablo_utils/lib:/home/diablo/diablo_ws/install/motion_msgs/lib:/home/diablo/diablo_ws/install/ception_msgs/lib:/opt/ros/foxy/opt/yaml_cpp_vendor/lib:/opt/ros/foxy/opt/rviz_ogre_vendor/lib:/opt/ros/foxy/lib/aarch64-linux-gnu:/opt/ros/foxy/lib /usr/bin/cmake --install /home/diablo/diablo_torqueHDRL/build/jointctrlsdk
[23.554s] Level 1:colcon.colcon_core.environment:checking '/home/diablo/diablo_torqueHDRL/install/jointctrlsdk' for CMake module files
[23.558s] Level 1:colcon.colcon_core.environment:checking '/home/diablo/diablo_torqueHDRL/install/jointctrlsdk' for CMake config files
[23.560s] Level 1:colcon.colcon_core.shell:create_environment_hook('jointctrlsdk', 'cmake_prefix_path')
[23.562s] INFO:colcon.colcon_core.shell:Creating environment hook '/home/diablo/diablo_torqueHDRL/install/jointctrlsdk/share/jointctrlsdk/hook/cmake_prefix_path.ps1'
[23.565s] INFO:colcon.colcon_core.shell:Creating environment descriptor '/home/diablo/diablo_torqueHDRL/install/jointctrlsdk/share/jointctrlsdk/hook/cmake_prefix_path.dsv'
[23.568s] INFO:colcon.colcon_core.shell:Creating environment hook '/home/diablo/diablo_torqueHDRL/install/jointctrlsdk/share/jointctrlsdk/hook/cmake_prefix_path.sh'
[23.572s] Level 1:colcon.colcon_core.environment:checking '/home/diablo/diablo_torqueHDRL/install/jointctrlsdk/lib'
[23.573s] Level 1:colcon.colcon_core.shell:create_environment_hook('jointctrlsdk', 'ld_library_path_lib')
[23.576s] INFO:colcon.colcon_core.shell:Creating environment hook '/home/diablo/diablo_torqueHDRL/install/jointctrlsdk/share/jointctrlsdk/hook/ld_library_path_lib.ps1'
[23.578s] INFO:colcon.colcon_core.shell:Creating environment descriptor '/home/diablo/diablo_torqueHDRL/install/jointctrlsdk/share/jointctrlsdk/hook/ld_library_path_lib.dsv'
[23.580s] INFO:colcon.colcon_core.shell:Creating environment hook '/home/diablo/diablo_torqueHDRL/install/jointctrlsdk/share/jointctrlsdk/hook/ld_library_path_lib.sh'
[23.582s] Level 1:colcon.colcon_core.environment:checking '/home/diablo/diablo_torqueHDRL/install/jointctrlsdk/bin'
[23.582s] Level 1:colcon.colcon_core.environment:checking '/home/diablo/diablo_torqueHDRL/install/jointctrlsdk/lib/pkgconfig/jointctrlsdk.pc'
[23.583s] Level 1:colcon.colcon_core.environment:checking '/home/diablo/diablo_torqueHDRL/install/jointctrlsdk/lib/python3.8/site-packages'
[23.584s] Level 1:colcon.colcon_core.environment:checking '/home/diablo/diablo_torqueHDRL/install/jointctrlsdk/bin'
[23.586s] INFO:colcon.colcon_core.shell:Creating package script '/home/diablo/diablo_torqueHDRL/install/jointctrlsdk/share/jointctrlsdk/package.ps1'
[23.590s] INFO:colcon.colcon_core.shell:Creating package descriptor '/home/diablo/diablo_torqueHDRL/install/jointctrlsdk/share/jointctrlsdk/package.dsv'
[23.594s] INFO:colcon.colcon_core.shell:Creating package script '/home/diablo/diablo_torqueHDRL/install/jointctrlsdk/share/jointctrlsdk/package.sh'
[23.597s] INFO:colcon.colcon_core.shell:Creating package script '/home/diablo/diablo_torqueHDRL/install/jointctrlsdk/share/jointctrlsdk/package.bash'
[23.601s] INFO:colcon.colcon_core.shell:Creating package script '/home/diablo/diablo_torqueHDRL/install/jointctrlsdk/share/jointctrlsdk/package.zsh'
[23.604s] Level 1:colcon.colcon_core.environment:create_file_with_runtime_dependencies(/home/diablo/diablo_torqueHDRL/install/jointctrlsdk/share/colcon-core/packages/jointctrlsdk)
[23.844s] Level 1:colcon.colcon_core.environment:create_environment_scripts_only(jointctrlsdk)
[23.848s] Level 1:colcon.colcon_core.environment:checking '/home/diablo/diablo_torqueHDRL/install/jointctrlsdk' for CMake module files
[23.852s] Level 1:colcon.colcon_core.environment:checking '/home/diablo/diablo_torqueHDRL/install/jointctrlsdk' for CMake config files
[23.855s] Level 1:colcon.colcon_core.shell:create_environment_hook('jointctrlsdk', 'cmake_prefix_path')
[23.857s] INFO:colcon.colcon_core.shell:Creating environment hook '/home/diablo/diablo_torqueHDRL/install/jointctrlsdk/share/jointctrlsdk/hook/cmake_prefix_path.ps1'
[23.860s] INFO:colcon.colcon_core.shell:Creating environment descriptor '/home/diablo/diablo_torqueHDRL/install/jointctrlsdk/share/jointctrlsdk/hook/cmake_prefix_path.dsv'
[23.862s] INFO:colcon.colcon_core.shell:Creating environment hook '/home/diablo/diablo_torqueHDRL/install/jointctrlsdk/share/jointctrlsdk/hook/cmake_prefix_path.sh'
[23.865s] Level 1:colcon.colcon_core.environment:checking '/home/diablo/diablo_torqueHDRL/install/jointctrlsdk/lib'
[23.866s] Level 1:colcon.colcon_core.shell:create_environment_hook('jointctrlsdk', 'ld_library_path_lib')
[23.868s] INFO:colcon.colcon_core.shell:Creating environment hook '/home/diablo/diablo_torqueHDRL/install/jointctrlsdk/share/jointctrlsdk/hook/ld_library_path_lib.ps1'
[23.870s] INFO:colcon.colcon_core.shell:Creating environment descriptor '/home/diablo/diablo_torqueHDRL/install/jointctrlsdk/share/jointctrlsdk/hook/ld_library_path_lib.dsv'
[23.872s] INFO:colcon.colcon_core.shell:Creating environment hook '/home/diablo/diablo_torqueHDRL/install/jointctrlsdk/share/jointctrlsdk/hook/ld_library_path_lib.sh'
[23.874s] Level 1:colcon.colcon_core.environment:checking '/home/diablo/diablo_torqueHDRL/install/jointctrlsdk/bin'
[23.874s] Level 1:colcon.colcon_core.environment:checking '/home/diablo/diablo_torqueHDRL/install/jointctrlsdk/lib/pkgconfig/jointctrlsdk.pc'
[23.876s] Level 1:colcon.colcon_core.environment:checking '/home/diablo/diablo_torqueHDRL/install/jointctrlsdk/lib/python3.8/site-packages'
[23.876s] Level 1:colcon.colcon_core.environment:checking '/home/diablo/diablo_torqueHDRL/install/jointctrlsdk/bin'
[23.879s] INFO:colcon.colcon_core.shell:Creating package script '/home/diablo/diablo_torqueHDRL/install/jointctrlsdk/share/jointctrlsdk/package.ps1'
[23.882s] INFO:colcon.colcon_core.shell:Creating package descriptor '/home/diablo/diablo_torqueHDRL/install/jointctrlsdk/share/jointctrlsdk/package.dsv'
[23.884s] INFO:colcon.colcon_core.shell:Creating package script '/home/diablo/diablo_torqueHDRL/install/jointctrlsdk/share/jointctrlsdk/package.sh'
[23.887s] INFO:colcon.colcon_core.shell:Creating package script '/home/diablo/diablo_torqueHDRL/install/jointctrlsdk/share/jointctrlsdk/package.bash'
[23.889s] INFO:colcon.colcon_core.shell:Creating package script '/home/diablo/diablo_torqueHDRL/install/jointctrlsdk/share/jointctrlsdk/package.zsh'
[23.891s] Level 1:colcon.colcon_core.environment:create_file_with_runtime_dependencies(/home/diablo/diablo_torqueHDRL/install/jointctrlsdk/share/colcon-core/packages/jointctrlsdk)
[23.893s] DEBUG:colcon.colcon_parallel_executor.executor.parallel:closing loop
[23.894s] DEBUG:colcon.colcon_parallel_executor.executor.parallel:loop closed
[23.894s] DEBUG:colcon.colcon_parallel_executor.executor.parallel:run_until_complete finished with '0'
[23.895s] DEBUG:colcon.colcon_core.event_reactor:joining thread
[23.923s] INFO:colcon.colcon_core.plugin_system:Skipping extension 'colcon_notification.desktop_notification.terminal_notifier': Not used on non-Darwin systems
[23.923s] INFO:colcon.colcon_core.plugin_system:Skipping extension 'colcon_notification.desktop_notification.win32': Not used on non-Windows systems
[23.924s] INFO:colcon.colcon_notification.desktop_notification:Sending desktop notification using 'notify2'
[24.330s] DEBUG:colcon.colcon_core.event_reactor:joined thread
[24.334s] INFO:colcon.colcon_core.shell:Creating prefix script '/home/diablo/diablo_torqueHDRL/install/local_setup.ps1'
[24.340s] INFO:colcon.colcon_core.shell:Creating prefix util module '/home/diablo/diablo_torqueHDRL/install/_local_setup_util_ps1.py'
[24.348s] INFO:colcon.colcon_core.shell:Creating prefix chain script '/home/diablo/diablo_torqueHDRL/install/setup.ps1'
[24.358s] INFO:colcon.colcon_core.shell:Creating prefix script '/home/diablo/diablo_torqueHDRL/install/local_setup.sh'
[24.362s] INFO:colcon.colcon_core.shell:Creating prefix util module '/home/diablo/diablo_torqueHDRL/install/_local_setup_util_sh.py'
[24.364s] INFO:colcon.colcon_core.shell:Creating prefix chain script '/home/diablo/diablo_torqueHDRL/install/setup.sh'
[24.372s] INFO:colcon.colcon_core.shell:Creating prefix script '/home/diablo/diablo_torqueHDRL/install/local_setup.bash'
[24.374s] INFO:colcon.colcon_core.shell:Creating prefix chain script '/home/diablo/diablo_torqueHDRL/install/setup.bash'
[24.381s] INFO:colcon.colcon_core.shell:Creating prefix script '/home/diablo/diablo_torqueHDRL/install/local_setup.zsh'
[24.384s] INFO:colcon.colcon_core.shell:Creating prefix chain script '/home/diablo/diablo_torqueHDRL/install/setup.zsh'
