[0.074s] Invoking command in '/home/diablo/diablo_torqueHDRL/build/jointctrlsdk': CMAKE_PREFIX_PATH=${CMAKE_PREFIX_PATH}:/home/diablo/diablo_ws/install/diablo_teleop:/opt/ros/foxy /usr/bin/cmake --build /home/diablo/diablo_torqueHDRL/build/jointctrlsdk -- -j4 -l4
[0.414s] [ 66%] Built target jointctrlsdk_core
[0.481s] [35m[1mScanning dependencies of target diablo_torquesubscriber[0m
[0.646s] [ 83%] [32mBuilding CXX object CMakeFiles/diablo_torquesubscriber.dir/src/diablo_torque.cpp.o[0m
[22.310s] [100%] [32m[1mLinking CXX executable diablo_torquesubscriber[0m
[23.505s] [100%] Built target diablo_torquesubscriber
[23.557s] Invoked command in '/home/diablo/diablo_torqueHDRL/build/jointctrlsdk' returned '0': CMAKE_PREFIX_PATH=${CMAKE_PREFIX_PATH}:/home/diablo/diablo_ws/install/diablo_teleop:/opt/ros/foxy /usr/bin/cmake --build /home/diablo/diablo_torqueHDRL/build/jointctrlsdk -- -j4 -l4
[23.825s] Invoking command in '/home/diablo/diablo_torqueHDRL/build/jointctrlsdk': CMAKE_PREFIX_PATH=${CMAKE_PREFIX_PATH}:/home/diablo/diablo_ws/install/diablo_teleop:/opt/ros/foxy /usr/bin/cmake --install /home/diablo/diablo_torqueHDRL/build/jointctrlsdk
[23.868s] -- Install configuration: ""
[23.869s] -- Up-to-date: /home/diablo/diablo_torqueHDRL/install/jointctrlsdk/include/
[23.869s] -- Up-to-date: /home/diablo/diablo_torqueHDRL/install/jointctrlsdk/include//jointctrlsdk
[23.870s] -- Up-to-date: /home/diablo/diablo_torqueHDRL/install/jointctrlsdk/include//joint_ctrl_protocol.h
[23.870s] -- Up-to-date: /home/diablo/diablo_torqueHDRL/install/jointctrlsdk/include//crc_verify.hpp
[23.870s] -- Up-to-date: /home/diablo/diablo_torqueHDRL/install/jointctrlsdk/include//VulcanSerial
[23.871s] -- Up-to-date: /home/diablo/diablo_torqueHDRL/install/jointctrlsdk/include//VulcanSerial/Exception.hpp
[23.871s] -- Up-to-date: /home/diablo/diablo_torqueHDRL/install/jointctrlsdk/include//VulcanSerial/SerialPort.hpp
[23.872s] -- Up-to-date: /home/diablo/diablo_torqueHDRL/install/jointctrlsdk/include//diablo_tctrl.hpp
[23.872s] -- Up-to-date: /home/diablo/diablo_torqueHDRL/install/jointctrlsdk/include//serial_handle.hpp
[23.873s] -- Up-to-date: /home/diablo/diablo_torqueHDRL/install/jointctrlsdk/lib/libjointctrlsdk_core.so
[23.874s] -- Installing: /home/diablo/diablo_torqueHDRL/install/jointctrlsdk/lib/jointctrlsdk/diablo_torquesubscriber
[23.889s] -- Set runtime path of "/home/diablo/diablo_torqueHDRL/install/jointctrlsdk/lib/jointctrlsdk/diablo_torquesubscriber" to ""
[23.890s] -- Up-to-date: /home/diablo/diablo_torqueHDRL/install/jointctrlsdk/include/jointctrlsdk
[23.890s] -- Up-to-date: /home/diablo/diablo_torqueHDRL/install/jointctrlsdk/include/jointctrlsdk/jointctrlsdk
[23.891s] -- Up-to-date: /home/diablo/diablo_torqueHDRL/install/jointctrlsdk/include/jointctrlsdk/joint_ctrl_protocol.h
[23.891s] -- Up-to-date: /home/diablo/diablo_torqueHDRL/install/jointctrlsdk/include/jointctrlsdk/crc_verify.hpp
[23.891s] -- Up-to-date: /home/diablo/diablo_torqueHDRL/install/jointctrlsdk/include/jointctrlsdk/VulcanSerial
[23.892s] -- Up-to-date: /home/diablo/diablo_torqueHDRL/install/jointctrlsdk/include/jointctrlsdk/VulcanSerial/Exception.hpp
[23.892s] -- Up-to-date: /home/diablo/diablo_torqueHDRL/install/jointctrlsdk/include/jointctrlsdk/VulcanSerial/SerialPort.hpp
[23.893s] -- Up-to-date: /home/diablo/diablo_torqueHDRL/install/jointctrlsdk/include/jointctrlsdk/diablo_tctrl.hpp
[23.893s] -- Up-to-date: /home/diablo/diablo_torqueHDRL/install/jointctrlsdk/include/jointctrlsdk/serial_handle.hpp
[23.893s] -- Up-to-date: /home/diablo/diablo_torqueHDRL/install/jointctrlsdk/lib/libjointctrlsdk_core.so
[23.894s] -- Up-to-date: /home/diablo/diablo_torqueHDRL/install/jointctrlsdk/share/jointctrlsdk/environment/library_path.sh
[23.894s] -- Up-to-date: /home/diablo/diablo_torqueHDRL/install/jointctrlsdk/share/jointctrlsdk/environment/library_path.dsv
[23.895s] -- Up-to-date: /home/diablo/diablo_torqueHDRL/install/jointctrlsdk/share/ament_index/resource_index/package_run_dependencies/jointctrlsdk
[23.895s] -- Up-to-date: /home/diablo/diablo_torqueHDRL/install/jointctrlsdk/share/ament_index/resource_index/parent_prefix_path/jointctrlsdk
[23.896s] -- Up-to-date: /home/diablo/diablo_torqueHDRL/install/jointctrlsdk/share/jointctrlsdk/environment/ament_prefix_path.sh
[23.896s] -- Up-to-date: /home/diablo/diablo_torqueHDRL/install/jointctrlsdk/share/jointctrlsdk/environment/ament_prefix_path.dsv
[23.897s] -- Up-to-date: /home/diablo/diablo_torqueHDRL/install/jointctrlsdk/share/jointctrlsdk/environment/path.sh
[23.897s] -- Up-to-date: /home/diablo/diablo_torqueHDRL/install/jointctrlsdk/share/jointctrlsdk/environment/path.dsv
[23.898s] -- Up-to-date: /home/diablo/diablo_torqueHDRL/install/jointctrlsdk/share/jointctrlsdk/local_setup.bash
[23.898s] -- Up-to-date: /home/diablo/diablo_torqueHDRL/install/jointctrlsdk/share/jointctrlsdk/local_setup.sh
[23.899s] -- Up-to-date: /home/diablo/diablo_torqueHDRL/install/jointctrlsdk/share/jointctrlsdk/local_setup.zsh
[23.899s] -- Up-to-date: /home/diablo/diablo_torqueHDRL/install/jointctrlsdk/share/jointctrlsdk/local_setup.dsv
[23.900s] -- Installing: /home/diablo/diablo_torqueHDRL/install/jointctrlsdk/share/jointctrlsdk/package.dsv
[23.901s] -- Up-to-date: /home/diablo/diablo_torqueHDRL/install/jointctrlsdk/share/ament_index/resource_index/packages/jointctrlsdk
[23.902s] -- Up-to-date: /home/diablo/diablo_torqueHDRL/install/jointctrlsdk/share/jointctrlsdk/cmake/ament_cmake_export_include_directories-extras.cmake
[23.903s] -- Up-to-date: /home/diablo/diablo_torqueHDRL/install/jointctrlsdk/share/jointctrlsdk/cmake/ament_cmake_export_libraries-extras.cmake
[23.903s] -- Up-to-date: /home/diablo/diablo_torqueHDRL/install/jointctrlsdk/share/jointctrlsdk/cmake/ament_cmake_export_dependencies-extras.cmake
[23.904s] -- Up-to-date: /home/diablo/diablo_torqueHDRL/install/jointctrlsdk/share/jointctrlsdk/cmake/jointctrlsdkConfig.cmake
[23.905s] -- Up-to-date: /home/diablo/diablo_torqueHDRL/install/jointctrlsdk/share/jointctrlsdk/cmake/jointctrlsdkConfig-version.cmake
[23.905s] -- Up-to-date: /home/diablo/diablo_torqueHDRL/install/jointctrlsdk/share/jointctrlsdk/package.xml
[23.912s] Invoked command in '/home/diablo/diablo_torqueHDRL/build/jointctrlsdk' returned '0': CMAKE_PREFIX_PATH=${CMAKE_PREFIX_PATH}:/home/diablo/diablo_ws/install/diablo_teleop:/opt/ros/foxy /usr/bin/cmake --install /home/diablo/diablo_torqueHDRL/build/jointctrlsdk
