[35m[1mScanning dependencies of target jointctrlsdk_core[0m
[ 16%] [32mBuilding CXX object CMakeFiles/jointctrlsdk_core.dir/src/serial_handle.cpp.o[0m
[01m[K/home/diablo/diablo_torqueHDRL/src/jointctrlsdk/src/serial_handle.cpp:[m[K In function ‘[01m[Kuint16_t torque_2_package(_Float32)[m[K’:
[01m[K/home/diablo/diablo_torqueHDRL/src/jointctrlsdk/src/serial_handle.cpp:119:14:[m[K [01;35m[Kwarning: [m[Kunused variable ‘[01m[Kout_buf[m[K’ [[01;35m[K-Wunused-variable[m[K]
  119 |     uint16_t [01;35m[Kout_buf[m[K;
      |              [01;35m[K^~~~~~~[m[K
[01m[K/home/diablo/diablo_torqueHDRL/src/jointctrlsdk/src/serial_handle.cpp:[m[K In member function ‘[01m[Kvoid SerialHandle::create_package(_Float32*, motor_torque_t&)[m[K’:
[01m[K/home/diablo/diablo_torqueHDRL/src/jointctrlsdk/src/serial_handle.cpp:127:28:[m[K [01;35m[Kwarning: [m[Koverflow in conversion from ‘[01m[Kint[m[K’ to ‘[01m[Kint16_t[m[K’ {aka ‘[01m[Kshort int[m[K’} changes value from ‘[01m[K48042[m[K’ to ‘[01m[K-17494[m[K’ [[01;35m[K-Woverflow[m[K]
  127 |     motor_package.header = [01;35m[K0xBBAA[m[K;
      |                            [01;35m[K^~~~~~[m[K
[ 33%] [32m[1mLinking CXX shared library libjointctrlsdk_core.so[0m
[ 66%] Built target jointctrlsdk_core
[ 83%] [32m[1mLinking CXX executable diablo_torquesubscriber[0m
/usr/bin/ld: /usr/lib/gcc/aarch64-linux-gnu/9/../../../aarch64-linux-gnu/Scrt1.o: in function `_start':
(.text+0x18): undefined reference to `main'
/usr/bin/ld: (.text+0x1c): undefined reference to `main'
collect2: error: ld returned 1 exit status
make[2]: *** [CMakeFiles/diablo_torquesubscriber.dir/build.make:137: diablo_torquesubscriber] Error 1
make[1]: *** [CMakeFiles/Makefile2:80: CMakeFiles/diablo_torquesubscriber.dir/all] Error 2
make: *** [Makefile:141: all] Error 2
