[0.073s] Invoking command in '/home/diablo/diablo_torqueHDRL/build/jointctrlsdk': CMAKE_PREFIX_PATH=${CMAKE_PREFIX_PATH}:/home/diablo/diablo_ws/install/diablo_teleop:/opt/ros/foxy /usr/bin/cmake --build /home/diablo/diablo_torqueHDRL/build/jointctrlsdk -- -j4 -l4
[0.427s] [ 66%] Built target jointctrlsdk_core
[0.492s] [35m[1mScanning dependencies of target diablo_torquesubscriber[0m
[0.658s] [ 83%] [32mBuilding CXX object CMakeFiles/diablo_torquesubscriber.dir/src/diablo_torque.cpp.o[0m
[6.938s] [01m[K/home/diablo/diablo_torqueHDRL/src/jointctrlsdk/src/diablo_torque.cpp:[m[K In function ‘[01m[Kint main(int, char**)[m[K’:
[6.948s] [01m[K/home/diablo/diablo_torqueHDRL/src/jointctrlsdk/src/diablo_torque.cpp:60:60:[m[K [01;31m[Kerror: [m[Kinvalid initialization of reference of type ‘[01m[Kconst float&[m[K’ from expression of type ‘[01m[Kconst std::array<float, 6>[m[K’
[6.949s]    60 |         const float& torque_values2 = [01;31m[Knode->getTorqueValues()[m[K;
[6.950s]       |                                       [01;31m[K~~~~~~~~~~~~~~~~~~~~~^~[m[K
[6.950s] [01m[K/home/diablo/diablo_torqueHDRL/src/jointctrlsdk/src/diablo_torque.cpp:65:42:[m[K [01;31m[Kerror: [m[Kinvalid types ‘[01m[Kconst float[size_t {aka long unsigned int}][m[K’ for array subscript
[6.952s]    65 |             std::cout << torque_values2[i[01;31m[K][m[K << " ";
[6.952s]       |                                          [01;31m[K^[m[K
[6.953s] [01m[K/home/diablo/diablo_torqueHDRL/src/jointctrlsdk/src/diablo_torque.cpp:68:31:[m[K [01;31m[Kerror: [m[Kcannot convert ‘[01m[Kconst float[m[K’ to ‘[01m[K_Float32*[m[K’ {aka ‘[01m[Kfloat*[m[K’}
[6.953s]    68 |         handle.create_package([01;31m[Ktorque_values2[m[K, send_struct);
[6.954s]       |                               [01;31m[K^~~~~~~~~~~~~~[m[K
[6.955s]       |                               [01;31m[K|[m[K
[6.955s]       |                               [01;31m[Kconst float[m[K
[6.956s] In file included from [01m[K/home/diablo/diablo_torqueHDRL/src/jointctrlsdk/src/diablo_torque.cpp:4[m[K:
[6.956s] [01m[K/home/diablo/diablo_torqueHDRL/src/jointctrlsdk/include/serial_handle.hpp:35:35:[m[K [01;36m[Knote: [m[K  initializing argument 1 of ‘[01m[Kvoid SerialHandle::create_package(_Float32*, motor_torque_t&)[m[K’
[6.957s]    35 |     void create_package([01;36m[K_Float32* motor_tor[m[K,motor_torque_t &motor_package);
[6.959s]       |                         [01;36m[K~~~~~~~~~~^~~~~~~~~[m[K
