[0.091s] Invoking command in '/home/diablo/diablo_torqueHDRL/build/jointctrlsdk': CMAKE_PREFIX_PATH=${CMAKE_PREFIX_PATH}:/home/diablo/diablo_ws/install/diablo_teleop:/opt/ros/foxy /usr/bin/cmake --build /home/diablo/diablo_torqueHDRL/build/jointctrlsdk -- -j4 -l4
[0.693s] [ 66%] Built target jointctrlsdk_core
[0.824s] [35m[1mScanning dependencies of target diablo_torquesubscriber[0m
[1.001s] [ 83%] [32mBuilding CXX object CMakeFiles/diablo_torquesubscriber.dir/src/diablo_torque.cpp.o[0m
[2.556s] [01m[K/home/diablo/diablo_torqueHDRL/src/jointctrlsdk/src/diablo_torque.cpp:91:[m[K [01;31m[Kerror: [m[Kunterminated argument list invoking macro "RCLCPP_INFO"
[2.557s]    91 | }
[2.557s]       | 
[7.951s] [01m[K/home/diablo/diablo_torqueHDRL/src/jointctrlsdk/src/diablo_torque.cpp:32:9:[m[K [01;31m[Kerror: [m[Kexpected ‘[01m[K}[m[K’ at end of input
[7.952s]    32 |         [01;31m[KRCLCPP_INFO[m[K(this->get_logger(), "I heard:" '%s', msg->data;
[7.953s]       |         [01;31m[K^~~~~~~~~~~[m[K
[7.953s] [01m[K/home/diablo/diablo_torqueHDRL/src/jointctrlsdk/src/diablo_torque.cpp:11:1:[m[K [01;36m[Knote: [m[Kto match this ‘[01m[K{[m[K’
[7.954s]    11 | [01;36m[K{[m[K
[7.954s]       | [01;36m[K^[m[K
[7.963s] [01m[K/home/diablo/diablo_torqueHDRL/src/jointctrlsdk/src/diablo_torque.cpp:[m[K In constructor ‘[01m[KTorqueSubscriber::TorqueSubscriber()[m[K’:
[7.963s] [01m[K/home/diablo/diablo_torqueHDRL/src/jointctrlsdk/src/diablo_torque.cpp:16:9:[m[K [01;31m[Kerror: [m[K‘[01m[Ksubscription_[m[K’ was not declared in this scope; did you mean ‘[01m[Krcl_subscription_t[m[K’?
[7.964s]    16 |         [01;31m[Ksubscription_[m[K = this->create_subscription<std_msgs::msg::Float32MultiArray>(
[7.964s]       |         [01;31m[K^~~~~~~~~~~~~[m[K
[7.965s]       |         [32m[Krcl_subscription_t[m[K
[8.050s] [01m[K/home/diablo/diablo_torqueHDRL/src/jointctrlsdk/src/diablo_torque.cpp:[m[K In member function ‘[01m[Kconst std::array<float, 6>& TorqueSubscriber::getTorqueValues() const[m[K’:
[8.051s] [01m[K/home/diablo/diablo_torqueHDRL/src/jointctrlsdk/src/diablo_torque.cpp:23:16:[m[K [01;31m[Kerror: [m[K‘[01m[Ktorque_values_[m[K’ was not declared in this scope
[8.051s]    23 |         return [01;31m[Ktorque_values_[m[K;
[8.052s]       |                [01;31m[K^~~~~~~~~~~~~~[m[K
[8.071s] [01m[K/home/diablo/diablo_torqueHDRL/src/jointctrlsdk/src/diablo_torque.cpp:[m[K In member function ‘[01m[Kvoid TorqueSubscriber::torque_callback(std_msgs::msg::Float32MultiArray_<std::allocator<void> >::SharedPtr)[m[K’:
[8.072s] [01m[K/home/diablo/diablo_torqueHDRL/src/jointctrlsdk/src/diablo_torque.cpp:32:9:[m[K [01;31m[Kerror: [m[K‘[01m[KRCLCPP_INFO[m[K’ was not declared in this scope
[8.073s]    32 |         [01;31m[KRCLCPP_INFO[m[K(this->get_logger(), "I heard:" '%s', msg->data;
[8.073s]       |         [01;31m[K^~~~~~~~~~~[m[K
[8.073s] [01m[K/home/diablo/diablo_torqueHDRL/src/jointctrlsdk/src/diablo_torque.cpp:32:9:[m[K [01;31m[Kerror: [m[Kexpected ‘[01m[K}[m[K’ at end of input
[8.074s] [01m[K/home/diablo/diablo_torqueHDRL/src/jointctrlsdk/src/diablo_torque.cpp:29:5:[m[K [01;36m[Knote: [m[Kto match this ‘[01m[K{[m[K’
[8.074s]    29 |     [01;36m[K{[m[K
[8.075s]       |     [01;36m[K^[m[K
[8.075s] [01m[K/home/diablo/diablo_torqueHDRL/src/jointctrlsdk/src/diablo_torque.cpp:28:76:[m[K [01;35m[Kwarning: [m[Kunused parameter ‘[01m[Kmsg[m[K’ [[01;35m[K-Wunused-parameter[m[K]
[8.076s]    28 | e_callback([01;35m[Kconst std_msgs::msg::Float32MultiArray::SharedPtr msg[m[K)
[8.076s]       |            [01;35m[K~~~~~~~~~~~~~~~~~~~~~~~~~~~~~~~~~~~~~~~~~~~~~~~~~~^~~[m[K
[8.076s] 
[8.077s] [01m[K/home/diablo/diablo_torqueHDRL/src/jointctrlsdk/src/diablo_torque.cpp:[m[K At global scope:
[8.077s] [01m[K/home/diablo/diablo_torqueHDRL/src/jointctrlsdk/src/diablo_torque.cpp:32:9:[m[K [01;31m[Kerror: [m[Kexpected unqualified-id at end of input
[8.078s]    32 |         [01;31m[KRCLCPP_INFO[m[K(this->get_logger(), "I heard:" '%s', msg->data;
[8.078s]       |         [01;31m[K^~~~~~~~~~~[m[K
[13.528s] make[2]: *** [CMakeFiles/diablo_torquesubscriber.dir/build.make:63: CMakeFiles/diablo_torquesubscriber.dir/src/diablo_torque.cpp.o] Error 1
[13.529s] make[1]: *** [CMakeFiles/Makefile2:80: CMakeFiles/diablo_torquesubscriber.dir/all] Error 2
[13.529s] make: *** [Makefile:141: all] Error 2
[13.536s] Invoked command in '/home/diablo/diablo_torqueHDRL/build/jointctrlsdk' returned '2': CMAKE_PREFIX_PATH=${CMAKE_PREFIX_PATH}:/home/diablo/diablo_ws/install/diablo_teleop:/opt/ros/foxy /usr/bin/cmake --build /home/diablo/diablo_torqueHDRL/build/jointctrlsdk -- -j4 -l4
