[0.069s] Invoking command in '/home/diablo/diablo_torqueHDRL/build/torque_interfaces': CMAKE_PREFIX_PATH=${CMAKE_PREFIX_PATH}:/home/diablo/diablo_ws/install/diablo_teleop:/opt/ros/foxy /usr/bin/cmake --build /home/diablo/diablo_torqueHDRL/build/torque_interfaces -- -j4 -l4
[0.214s] -- Found ament_cmake: 0.9.9 (/opt/ros/foxy/share/ament_cmake/cmake)
[0.323s] -- Found PythonInterp: /usr/bin/python3 (found suitable version "3.8.10", minimum required is "3") 
[0.324s] -- Using PYTHON_EXECUTABLE: /usr/bin/python3
[1.257s] -- Found rosidl_default_generators: 1.0.1 (/opt/ros/foxy/share/rosidl_default_generators/cmake)
[1.269s] -- Using all available rosidl_typesupport_c: rosidl_typesupport_fastrtps_c;rosidl_typesupport_introspection_c
[1.284s] -- Found rosidl_adapter: 1.2.1 (/opt/ros/foxy/share/rosidl_adapter/cmake)
[2.595s] -- Using all available rosidl_typesupport_cpp: rosidl_typesupport_fastrtps_cpp;rosidl_typesupport_introspection_cpp
[2.829s] -- Found PythonInterp: /usr/bin/python3 (found version "3.8.10") 
[3.392s] -- Found ament_cmake_ros: 0.9.2 (/opt/ros/foxy/share/ament_cmake_ros/cmake)
[4.438s] -- Using all available rosidl_typesupport_c: rosidl_typesupport_fastrtps_c;rosidl_typesupport_introspection_c
[4.473s] -- Using all available rosidl_typesupport_cpp: rosidl_typesupport_fastrtps_cpp;rosidl_typesupport_introspection_cpp
[4.590s] -- Found PythonInterp: /usr/bin/python3 (found suitable version "3.8.10", minimum required is "3.5") 
[4.591s] -- Found python_cmake_module: 0.8.1 (/opt/ros/foxy/share/python_cmake_module/cmake)
[4.705s] -- Using PYTHON_EXECUTABLE: /usr/bin/python3
[4.706s] -- Using PYTHON_INCLUDE_DIRS: /usr/include/python3.8
[4.706s] -- Using PYTHON_LIBRARIES: /usr/lib/aarch64-linux-gnu/libpython3.8.so
[4.766s] -- Found ament_lint_auto: 0.9.6 (/opt/ros/foxy/share/ament_lint_auto/cmake)
[4.813s] -- Added test 'copyright' to check source files copyright and LICENSE
[4.828s] -- Added test 'lint_cmake' to check CMake code style
[4.836s] -- Added test 'xmllint' to check XML markup files
[4.864s] -- Configuring done
[5.048s] -- Generating done
[5.065s] -- Build files have been written to: /home/diablo/diablo_torqueHDRL/build/torque_interfaces
[5.200s] [  3%] [34m[1mGenerating C code for ROS interfaces[0m
[5.255s] [  6%] [34m[1mGenerating C++ code for ROS interfaces[0m
[6.418s] [35m[1mScanning dependencies of target torque_interfaces__rosidl_generator_c[0m
[6.450s] [  6%] Built target torque_interfaces__cpp
[6.491s] [  9%] [32mBuilding C object CMakeFiles/torque_interfaces__rosidl_generator_c.dir/rosidl_generator_c/torque_interfaces/msg/detail/torque__functions.c.o[0m
[6.512s] [ 16%] [34m[1mGenerating C++ type support for eProsima Fast-RTPS[0m
[6.513s] [ 16%] [34m[1mGenerating C++ type support dispatch for ROS interfaces[0m
[6.520s] [ 19%] [34m[1mGenerating C++ introspection for ROS interfaces[0m
[6.757s] [ 22%] [32m[1mLinking C shared library libtorque_interfaces__rosidl_generator_c.so[0m
[7.001s] [ 22%] Built target torque_interfaces__rosidl_generator_c
[7.066s] [ 25%] [34m[1mGenerating C introspection for ROS interfaces[0m
[7.924s] [35m[1mScanning dependencies of target torque_interfaces__rosidl_typesupport_cpp[0m
[8.011s] [ 29%] [32mBuilding CXX object CMakeFiles/torque_interfaces__rosidl_typesupport_cpp.dir/rosidl_typesupport_cpp/torque_interfaces/msg/torque__type_support.cpp.o[0m
[8.019s] [35m[1mScanning dependencies of target torque_interfaces__rosidl_typesupport_fastrtps_cpp[0m
[8.045s] [35m[1mScanning dependencies of target torque_interfaces__rosidl_typesupport_introspection_cpp[0m
[8.129s] [ 32%] [32mBuilding CXX object CMakeFiles/torque_interfaces__rosidl_typesupport_fastrtps_cpp.dir/rosidl_typesupport_fastrtps_cpp/torque_interfaces/msg/detail/dds_fastrtps/torque__type_support.cpp.o[0m
[8.159s] [ 35%] [32mBuilding CXX object CMakeFiles/torque_interfaces__rosidl_typesupport_introspection_cpp.dir/rosidl_typesupport_introspection_cpp/torque_interfaces/msg/detail/torque__type_support.cpp.o[0m
[8.554s] [35m[1mScanning dependencies of target torque_interfaces__rosidl_typesupport_introspection_c[0m
[8.669s] [ 38%] [32mBuilding C object CMakeFiles/torque_interfaces__rosidl_typesupport_introspection_c.dir/rosidl_typesupport_introspection_c/torque_interfaces/msg/detail/torque__type_support.c.o[0m
[8.891s] [ 41%] [32m[1mLinking C shared library libtorque_interfaces__rosidl_typesupport_introspection_c.so[0m
[9.089s] [ 41%] Built target torque_interfaces__rosidl_typesupport_introspection_c
[9.168s] [ 45%] [34m[1mGenerating C type support dispatch for ROS interfaces[0m
[9.978s] [ 48%] [32m[1mLinking CXX shared library libtorque_interfaces__rosidl_typesupport_cpp.so[0m
[10.145s] [ 51%] [32m[1mLinking CXX shared library libtorque_interfaces__rosidl_typesupport_introspection_cpp.so[0m
[10.231s] [ 51%] Built target torque_interfaces__rosidl_typesupport_cpp
[10.493s] [ 51%] Built target torque_interfaces__rosidl_typesupport_introspection_cpp
[10.645s] [35m[1mScanning dependencies of target torque_interfaces__rosidl_typesupport_c[0m
[10.714s] [ 54%] [32mBuilding CXX object CMakeFiles/torque_interfaces__rosidl_typesupport_c.dir/rosidl_typesupport_c/torque_interfaces/msg/torque__type_support.cpp.o[0m
[10.890s] [ 58%] [32m[1mLinking CXX shared library libtorque_interfaces__rosidl_typesupport_c.so[0m
[10.945s] [ 61%] [32m[1mLinking CXX shared library libtorque_interfaces__rosidl_typesupport_fastrtps_cpp.so[0m
[11.075s] [ 61%] Built target torque_interfaces__rosidl_typesupport_c
[11.369s] [ 61%] Built target torque_interfaces__rosidl_typesupport_fastrtps_cpp
[11.424s] [ 64%] [34m[1mGenerating C type support for eProsima Fast-RTPS[0m
[12.495s] [35m[1mScanning dependencies of target torque_interfaces__rosidl_typesupport_fastrtps_c[0m
[12.572s] [ 67%] [32mBuilding CXX object CMakeFiles/torque_interfaces__rosidl_typesupport_fastrtps_c.dir/rosidl_typesupport_fastrtps_c/torque_interfaces/msg/detail/torque__type_support_c.cpp.o[0m
[14.208s] [ 70%] [32m[1mLinking CXX shared library libtorque_interfaces__rosidl_typesupport_fastrtps_c.so[0m
[14.621s] [ 70%] Built target torque_interfaces__rosidl_typesupport_fastrtps_c
[14.735s] [ 70%] Built target torque_interfaces
[14.847s] [ 74%] [34m[1mGenerating Python code for ROS interfaces[0m
[16.680s] [ 74%] Built target torque_interfaces__py
[16.741s] [35m[1mScanning dependencies of target torque_interfaces__python[0m
[16.830s] [ 77%] [32mBuilding C object CMakeFiles/torque_interfaces__python.dir/rosidl_generator_py/torque_interfaces/msg/_torque_s.c.o[0m
[17.286s] [ 80%] [32m[1mLinking C shared library rosidl_generator_py/torque_interfaces/libtorque_interfaces__python.so[0m
[17.490s] [ 80%] Built target torque_interfaces__python
[17.555s] [35m[1mScanning dependencies of target torque_interfaces__rosidl_typesupport_introspection_c__pyext[0m
[17.557s] [35m[1mScanning dependencies of target torque_interfaces__rosidl_typesupport_c__pyext[0m
[17.560s] [35m[1mScanning dependencies of target torque_interfaces__rosidl_typesupport_fastrtps_c__pyext[0m
[17.646s] [ 83%] [32mBuilding C object CMakeFiles/torque_interfaces__rosidl_typesupport_introspection_c__pyext.dir/rosidl_generator_py/torque_interfaces/_torque_interfaces_s.ep.rosidl_typesupport_introspection_c.c.o[0m
[17.677s] [ 87%] [32mBuilding C object CMakeFiles/torque_interfaces__rosidl_typesupport_c__pyext.dir/rosidl_generator_py/torque_interfaces/_torque_interfaces_s.ep.rosidl_typesupport_c.c.o[0m
[17.699s] [ 90%] [32mBuilding C object CMakeFiles/torque_interfaces__rosidl_typesupport_fastrtps_c__pyext.dir/rosidl_generator_py/torque_interfaces/_torque_interfaces_s.ep.rosidl_typesupport_fastrtps_c.c.o[0m
[18.127s] [ 93%] [32m[1mLinking C shared library rosidl_generator_py/torque_interfaces/torque_interfaces_s__rosidl_typesupport_introspection_c.cpython-38-aarch64-linux-gnu.so[0m
[18.158s] [ 96%] [32m[1mLinking C shared library rosidl_generator_py/torque_interfaces/torque_interfaces_s__rosidl_typesupport_c.cpython-38-aarch64-linux-gnu.so[0m
[18.207s] [100%] [32m[1mLinking CXX shared library rosidl_generator_py/torque_interfaces/torque_interfaces_s__rosidl_typesupport_fastrtps_c.cpython-38-aarch64-linux-gnu.so[0m
[18.380s] [100%] Built target torque_interfaces__rosidl_typesupport_introspection_c__pyext
[18.395s] [100%] Built target torque_interfaces__rosidl_typesupport_c__pyext
[18.543s] [100%] Built target torque_interfaces__rosidl_typesupport_fastrtps_c__pyext
[18.599s] Invoked command in '/home/diablo/diablo_torqueHDRL/build/torque_interfaces' returned '0': CMAKE_PREFIX_PATH=${CMAKE_PREFIX_PATH}:/home/diablo/diablo_ws/install/diablo_teleop:/opt/ros/foxy /usr/bin/cmake --build /home/diablo/diablo_torqueHDRL/build/torque_interfaces -- -j4 -l4
[19.014s] Invoking command in '/home/diablo/diablo_torqueHDRL/build/torque_interfaces': CMAKE_PREFIX_PATH=${CMAKE_PREFIX_PATH}:/home/diablo/diablo_ws/install/diablo_teleop:/opt/ros/foxy /usr/bin/cmake --install /home/diablo/diablo_torqueHDRL/build/torque_interfaces
[19.056s] -- Install configuration: ""
[19.057s] -- Up-to-date: /home/diablo/diablo_torqueHDRL/install/torque_interfaces/share/ament_index/resource_index/rosidl_interfaces/torque_interfaces
[19.058s] -- Up-to-date: /home/diablo/diablo_torqueHDRL/install/torque_interfaces/include/torque_interfaces
[19.058s] -- Up-to-date: /home/diablo/diablo_torqueHDRL/install/torque_interfaces/include/torque_interfaces/msg
[19.059s] -- Up-to-date: /home/diablo/diablo_torqueHDRL/install/torque_interfaces/include/torque_interfaces/msg/rosidl_generator_c__visibility_control.h
[19.059s] -- Installing: /home/diablo/diablo_torqueHDRL/install/torque_interfaces/include/torque_interfaces/msg/torque.h
[19.060s] -- Up-to-date: /home/diablo/diablo_torqueHDRL/install/torque_interfaces/include/torque_interfaces/msg/detail
[19.060s] -- Installing: /home/diablo/diablo_torqueHDRL/install/torque_interfaces/include/torque_interfaces/msg/detail/torque__struct.h
[19.061s] -- Installing: /home/diablo/diablo_torqueHDRL/install/torque_interfaces/include/torque_interfaces/msg/detail/torque__functions.c
[19.063s] -- Installing: /home/diablo/diablo_torqueHDRL/install/torque_interfaces/include/torque_interfaces/msg/detail/torque__functions.h
[19.064s] -- Installing: /home/diablo/diablo_torqueHDRL/install/torque_interfaces/include/torque_interfaces/msg/detail/torque__type_support.h
[19.065s] -- Up-to-date: /home/diablo/diablo_torqueHDRL/install/torque_interfaces/share/torque_interfaces/environment/library_path.sh
[19.066s] -- Installing: /home/diablo/diablo_torqueHDRL/install/torque_interfaces/share/torque_interfaces/environment/library_path.dsv
[19.068s] -- Installing: /home/diablo/diablo_torqueHDRL/install/torque_interfaces/lib/libtorque_interfaces__rosidl_generator_c.so
[19.071s] -- Set runtime path of "/home/diablo/diablo_torqueHDRL/install/torque_interfaces/lib/libtorque_interfaces__rosidl_generator_c.so" to ""
[19.071s] -- Up-to-date: /home/diablo/diablo_torqueHDRL/install/torque_interfaces/include/torque_interfaces
[19.072s] -- Up-to-date: /home/diablo/diablo_torqueHDRL/install/torque_interfaces/include/torque_interfaces/msg
[19.072s] -- Up-to-date: /home/diablo/diablo_torqueHDRL/install/torque_interfaces/include/torque_interfaces/msg/rosidl_typesupport_fastrtps_c__visibility_control.h
[19.072s] -- Up-to-date: /home/diablo/diablo_torqueHDRL/install/torque_interfaces/include/torque_interfaces/msg/detail
[19.073s] -- Installing: /home/diablo/diablo_torqueHDRL/install/torque_interfaces/include/torque_interfaces/msg/detail/torque__rosidl_typesupport_fastrtps_c.h
[19.075s] -- Installing: /home/diablo/diablo_torqueHDRL/install/torque_interfaces/lib/libtorque_interfaces__rosidl_typesupport_fastrtps_c.so
[19.078s] -- Set runtime path of "/home/diablo/diablo_torqueHDRL/install/torque_interfaces/lib/libtorque_interfaces__rosidl_typesupport_fastrtps_c.so" to ""
[19.078s] -- Up-to-date: /home/diablo/diablo_torqueHDRL/install/torque_interfaces/include/torque_interfaces
[19.079s] -- Up-to-date: /home/diablo/diablo_torqueHDRL/install/torque_interfaces/include/torque_interfaces/msg
[19.079s] -- Up-to-date: /home/diablo/diablo_torqueHDRL/install/torque_interfaces/include/torque_interfaces/msg/rosidl_typesupport_fastrtps_cpp__visibility_control.h
[19.080s] -- Up-to-date: /home/diablo/diablo_torqueHDRL/install/torque_interfaces/include/torque_interfaces/msg/detail
[19.080s] -- Installing: /home/diablo/diablo_torqueHDRL/install/torque_interfaces/include/torque_interfaces/msg/detail/torque__rosidl_typesupport_fastrtps_cpp.hpp
[19.081s] -- Up-to-date: /home/diablo/diablo_torqueHDRL/install/torque_interfaces/include/torque_interfaces/msg/detail/dds_fastrtps
[19.083s] -- Installing: /home/diablo/diablo_torqueHDRL/install/torque_interfaces/lib/libtorque_interfaces__rosidl_typesupport_fastrtps_cpp.so
[19.086s] -- Set runtime path of "/home/diablo/diablo_torqueHDRL/install/torque_interfaces/lib/libtorque_interfaces__rosidl_typesupport_fastrtps_cpp.so" to ""
[19.086s] -- Up-to-date: /home/diablo/diablo_torqueHDRL/install/torque_interfaces/include/torque_interfaces
[19.086s] -- Up-to-date: /home/diablo/diablo_torqueHDRL/install/torque_interfaces/include/torque_interfaces/msg
[19.087s] -- Up-to-date: /home/diablo/diablo_torqueHDRL/install/torque_interfaces/include/torque_interfaces/msg/rosidl_typesupport_introspection_c__visibility_control.h
[19.087s] -- Up-to-date: /home/diablo/diablo_torqueHDRL/install/torque_interfaces/include/torque_interfaces/msg/detail
[19.088s] -- Installing: /home/diablo/diablo_torqueHDRL/install/torque_interfaces/include/torque_interfaces/msg/detail/torque__rosidl_typesupport_introspection_c.h
[19.089s] -- Installing: /home/diablo/diablo_torqueHDRL/install/torque_interfaces/include/torque_interfaces/msg/detail/torque__type_support.c
[19.091s] -- Installing: /home/diablo/diablo_torqueHDRL/install/torque_interfaces/lib/libtorque_interfaces__rosidl_typesupport_introspection_c.so
[19.094s] -- Set runtime path of "/home/diablo/diablo_torqueHDRL/install/torque_interfaces/lib/libtorque_interfaces__rosidl_typesupport_introspection_c.so" to ""
[19.095s] -- Installing: /home/diablo/diablo_torqueHDRL/install/torque_interfaces/lib/libtorque_interfaces__rosidl_typesupport_c.so
[19.098s] -- Set runtime path of "/home/diablo/diablo_torqueHDRL/install/torque_interfaces/lib/libtorque_interfaces__rosidl_typesupport_c.so" to ""
[19.098s] -- Up-to-date: /home/diablo/diablo_torqueHDRL/install/torque_interfaces/include/torque_interfaces
[19.099s] -- Up-to-date: /home/diablo/diablo_torqueHDRL/install/torque_interfaces/include/torque_interfaces/msg
[19.099s] -- Installing: /home/diablo/diablo_torqueHDRL/install/torque_interfaces/include/torque_interfaces/msg/torque.hpp
[19.100s] -- Up-to-date: /home/diablo/diablo_torqueHDRL/install/torque_interfaces/include/torque_interfaces/msg/detail
[19.100s] -- Installing: /home/diablo/diablo_torqueHDRL/install/torque_interfaces/include/torque_interfaces/msg/detail/torque__struct.hpp
[19.102s] -- Installing: /home/diablo/diablo_torqueHDRL/install/torque_interfaces/include/torque_interfaces/msg/detail/torque__traits.hpp
[19.103s] -- Installing: /home/diablo/diablo_torqueHDRL/install/torque_interfaces/include/torque_interfaces/msg/detail/torque__builder.hpp
[19.104s] -- Up-to-date: /home/diablo/diablo_torqueHDRL/install/torque_interfaces/include/torque_interfaces
[19.105s] -- Up-to-date: /home/diablo/diablo_torqueHDRL/install/torque_interfaces/include/torque_interfaces/msg
[19.105s] -- Up-to-date: /home/diablo/diablo_torqueHDRL/install/torque_interfaces/include/torque_interfaces/msg/detail
[19.105s] -- Installing: /home/diablo/diablo_torqueHDRL/install/torque_interfaces/include/torque_interfaces/msg/detail/torque__rosidl_typesupport_introspection_cpp.hpp
[19.107s] -- Installing: /home/diablo/diablo_torqueHDRL/install/torque_interfaces/include/torque_interfaces/msg/detail/torque__type_support.cpp
[19.110s] -- Installing: /home/diablo/diablo_torqueHDRL/install/torque_interfaces/lib/libtorque_interfaces__rosidl_typesupport_introspection_cpp.so
[19.112s] -- Set runtime path of "/home/diablo/diablo_torqueHDRL/install/torque_interfaces/lib/libtorque_interfaces__rosidl_typesupport_introspection_cpp.so" to ""
[19.114s] -- Installing: /home/diablo/diablo_torqueHDRL/install/torque_interfaces/lib/libtorque_interfaces__rosidl_typesupport_cpp.so
[19.116s] -- Set runtime path of "/home/diablo/diablo_torqueHDRL/install/torque_interfaces/lib/libtorque_interfaces__rosidl_typesupport_cpp.so" to ""
[19.117s] -- Up-to-date: /home/diablo/diablo_torqueHDRL/install/torque_interfaces/share/torque_interfaces/environment/pythonpath.sh
[19.117s] -- Installing: /home/diablo/diablo_torqueHDRL/install/torque_interfaces/share/torque_interfaces/environment/pythonpath.dsv
[19.119s] -- Installing: /home/diablo/diablo_torqueHDRL/install/torque_interfaces/lib/python3.8/site-packages/torque_interfaces/__init__.py
[19.269s] Compiling '/home/diablo/diablo_torqueHDRL/install/torque_interfaces/lib/python3.8/site-packages/torque_interfaces/__init__.py'...
[19.292s] -- Up-to-date: /home/diablo/diablo_torqueHDRL/install/torque_interfaces/lib/python3.8/site-packages/torque_interfaces/msg
[19.293s] -- Installing: /home/diablo/diablo_torqueHDRL/install/torque_interfaces/lib/python3.8/site-packages/torque_interfaces/msg/_torque.py
[19.294s] -- Installing: /home/diablo/diablo_torqueHDRL/install/torque_interfaces/lib/python3.8/site-packages/torque_interfaces/msg/__init__.py
[19.295s] -- Installing: /home/diablo/diablo_torqueHDRL/install/torque_interfaces/lib/python3.8/site-packages/torque_interfaces/msg/_torque_s.c
[19.298s] -- Installing: /home/diablo/diablo_torqueHDRL/install/torque_interfaces/lib/python3.8/site-packages/torque_interfaces/torque_interfaces_s__rosidl_typesupport_fastrtps_c.cpython-38-aarch64-linux-gnu.so
[19.302s] -- Set runtime path of "/home/diablo/diablo_torqueHDRL/install/torque_interfaces/lib/python3.8/site-packages/torque_interfaces/torque_interfaces_s__rosidl_typesupport_fastrtps_c.cpython-38-aarch64-linux-gnu.so" to ""
[19.305s] -- Installing: /home/diablo/diablo_torqueHDRL/install/torque_interfaces/lib/python3.8/site-packages/torque_interfaces/torque_interfaces_s__rosidl_typesupport_introspection_c.cpython-38-aarch64-linux-gnu.so
[19.310s] -- Set runtime path of "/home/diablo/diablo_torqueHDRL/install/torque_interfaces/lib/python3.8/site-packages/torque_interfaces/torque_interfaces_s__rosidl_typesupport_introspection_c.cpython-38-aarch64-linux-gnu.so" to ""
[19.312s] -- Installing: /home/diablo/diablo_torqueHDRL/install/torque_interfaces/lib/python3.8/site-packages/torque_interfaces/torque_interfaces_s__rosidl_typesupport_c.cpython-38-aarch64-linux-gnu.so
[19.315s] -- Set runtime path of "/home/diablo/diablo_torqueHDRL/install/torque_interfaces/lib/python3.8/site-packages/torque_interfaces/torque_interfaces_s__rosidl_typesupport_c.cpython-38-aarch64-linux-gnu.so" to ""
[19.316s] -- Installing: /home/diablo/diablo_torqueHDRL/install/torque_interfaces/lib/libtorque_interfaces__python.so
[19.319s] -- Set runtime path of "/home/diablo/diablo_torqueHDRL/install/torque_interfaces/lib/libtorque_interfaces__python.so" to ""
[19.320s] -- Installing: /home/diablo/diablo_torqueHDRL/install/torque_interfaces/share/torque_interfaces/msg/Torque.idl
[19.321s] -- Installing: /home/diablo/diablo_torqueHDRL/install/torque_interfaces/share/torque_interfaces/msg/Torque.msg
[19.322s] -- Up-to-date: /home/diablo/diablo_torqueHDRL/install/torque_interfaces/share/ament_index/resource_index/package_run_dependencies/torque_interfaces
[19.323s] -- Up-to-date: /home/diablo/diablo_torqueHDRL/install/torque_interfaces/share/ament_index/resource_index/parent_prefix_path/torque_interfaces
[19.323s] -- Up-to-date: /home/diablo/diablo_torqueHDRL/install/torque_interfaces/share/torque_interfaces/environment/ament_prefix_path.sh
[19.324s] -- Installing: /home/diablo/diablo_torqueHDRL/install/torque_interfaces/share/torque_interfaces/environment/ament_prefix_path.dsv
[19.325s] -- Up-to-date: /home/diablo/diablo_torqueHDRL/install/torque_interfaces/share/torque_interfaces/environment/path.sh
[19.326s] -- Installing: /home/diablo/diablo_torqueHDRL/install/torque_interfaces/share/torque_interfaces/environment/path.dsv
[19.327s] -- Up-to-date: /home/diablo/diablo_torqueHDRL/install/torque_interfaces/share/torque_interfaces/local_setup.bash
[19.327s] -- Up-to-date: /home/diablo/diablo_torqueHDRL/install/torque_interfaces/share/torque_interfaces/local_setup.sh
[19.328s] -- Up-to-date: /home/diablo/diablo_torqueHDRL/install/torque_interfaces/share/torque_interfaces/local_setup.zsh
[19.328s] -- Installing: /home/diablo/diablo_torqueHDRL/install/torque_interfaces/share/torque_interfaces/local_setup.dsv
[19.330s] -- Installing: /home/diablo/diablo_torqueHDRL/install/torque_interfaces/share/torque_interfaces/package.dsv
[19.331s] -- Up-to-date: /home/diablo/diablo_torqueHDRL/install/torque_interfaces/share/ament_index/resource_index/packages/torque_interfaces
[19.332s] -- Up-to-date: /home/diablo/diablo_torqueHDRL/install/torque_interfaces/share/torque_interfaces/cmake/torque_interfaces__rosidl_generator_cExport.cmake
[19.333s] -- Installing: /home/diablo/diablo_torqueHDRL/install/torque_interfaces/share/torque_interfaces/cmake/torque_interfaces__rosidl_generator_cExport-noconfig.cmake
[19.335s] -- Up-to-date: /home/diablo/diablo_torqueHDRL/install/torque_interfaces/share/torque_interfaces/cmake/torque_interfaces__rosidl_typesupport_introspection_cExport.cmake
[19.335s] -- Installing: /home/diablo/diablo_torqueHDRL/install/torque_interfaces/share/torque_interfaces/cmake/torque_interfaces__rosidl_typesupport_introspection_cExport-noconfig.cmake
[19.338s] -- Up-to-date: /home/diablo/diablo_torqueHDRL/install/torque_interfaces/share/torque_interfaces/cmake/torque_interfaces__rosidl_typesupport_cExport.cmake
[19.338s] -- Installing: /home/diablo/diablo_torqueHDRL/install/torque_interfaces/share/torque_interfaces/cmake/torque_interfaces__rosidl_typesupport_cExport-noconfig.cmake
[19.340s] -- Up-to-date: /home/diablo/diablo_torqueHDRL/install/torque_interfaces/share/torque_interfaces/cmake/torque_interfaces__rosidl_generator_cppExport.cmake
[19.342s] -- Up-to-date: /home/diablo/diablo_torqueHDRL/install/torque_interfaces/share/torque_interfaces/cmake/torque_interfaces__rosidl_typesupport_introspection_cppExport.cmake
[19.342s] -- Installing: /home/diablo/diablo_torqueHDRL/install/torque_interfaces/share/torque_interfaces/cmake/torque_interfaces__rosidl_typesupport_introspection_cppExport-noconfig.cmake
[19.344s] -- Up-to-date: /home/diablo/diablo_torqueHDRL/install/torque_interfaces/share/torque_interfaces/cmake/torque_interfaces__rosidl_typesupport_cppExport.cmake
[19.345s] -- Installing: /home/diablo/diablo_torqueHDRL/install/torque_interfaces/share/torque_interfaces/cmake/torque_interfaces__rosidl_typesupport_cppExport-noconfig.cmake
[19.347s] -- Up-to-date: /home/diablo/diablo_torqueHDRL/install/torque_interfaces/share/torque_interfaces/cmake/rosidl_cmake-extras.cmake
[19.347s] -- Up-to-date: /home/diablo/diablo_torqueHDRL/install/torque_interfaces/share/torque_interfaces/cmake/ament_cmake_export_dependencies-extras.cmake
[19.348s] -- Up-to-date: /home/diablo/diablo_torqueHDRL/install/torque_interfaces/share/torque_interfaces/cmake/ament_cmake_export_libraries-extras.cmake
[19.348s] -- Up-to-date: /home/diablo/diablo_torqueHDRL/install/torque_interfaces/share/torque_interfaces/cmake/ament_cmake_export_targets-extras.cmake
[19.348s] -- Up-to-date: /home/diablo/diablo_torqueHDRL/install/torque_interfaces/share/torque_interfaces/cmake/ament_cmake_export_include_directories-extras.cmake
[19.349s] -- Up-to-date: /home/diablo/diablo_torqueHDRL/install/torque_interfaces/share/torque_interfaces/cmake/rosidl_cmake_export_typesupport_libraries-extras.cmake
[19.350s] -- Up-to-date: /home/diablo/diablo_torqueHDRL/install/torque_interfaces/share/torque_interfaces/cmake/rosidl_cmake_export_typesupport_targets-extras.cmake
[19.350s] -- Up-to-date: /home/diablo/diablo_torqueHDRL/install/torque_interfaces/share/torque_interfaces/cmake/torque_interfacesConfig.cmake
[19.351s] -- Up-to-date: /home/diablo/diablo_torqueHDRL/install/torque_interfaces/share/torque_interfaces/cmake/torque_interfacesConfig-version.cmake
[19.351s] -- Up-to-date: /home/diablo/diablo_torqueHDRL/install/torque_interfaces/share/torque_interfaces/package.xml
[19.360s] Invoked command in '/home/diablo/diablo_torqueHDRL/build/torque_interfaces' returned '0': CMAKE_PREFIX_PATH=${CMAKE_PREFIX_PATH}:/home/diablo/diablo_ws/install/diablo_teleop:/opt/ros/foxy /usr/bin/cmake --install /home/diablo/diablo_torqueHDRL/build/torque_interfaces
