[0.597s] DEBUG:colcon:Command line arguments: ['/usr/bin/colcon', 'build']
[0.598s] DEBUG:colcon:Parsed command line arguments: Namespace(allow_overriding=[], ament_cmake_args=None, base_paths=['.'], build_base='build', catkin_cmake_args=None, catkin_skip_building_tests=False, cmake_args=None, cmake_clean_cache=False, cmake_clean_first=False, cmake_force_configure=False, cmake_target=None, cmake_target_skip_unavailable=False, continue_on_error=False, event_handlers=None, executor='parallel', ignore_user_meta=False, install_base='install', log_base=None, log_level=None, main=<bound method BuildVerb.main of <colcon_core.verb.build.BuildVerb object at 0xffffbb8a0610>>, merge_install=False, metas=['./colcon.meta'], packages_above=None, packages_above_and_dependencies=None, packages_above_depth=None, packages_end=None, packages_ignore=None, packages_ignore_regex=None, packages_select=None, packages_select_build_failed=False, packages_select_by_dep=None, packages_select_regex=None, packages_select_test_failures=False, packages_skip=None, packages_skip_build_finished=False, packages_skip_by_dep=None, packages_skip_regex=None, packages_skip_test_passed=False, packages_skip_up_to=None, packages_start=None, packages_up_to=None, packages_up_to_regex=None, parallel_workers=4, paths=None, symlink_install=False, test_result_base=None, verb_extension=<colcon_core.verb.build.BuildVerb object at 0xffffbb8a0610>, verb_name='build', verb_parser=<colcon_defaults.argument_parser.defaults.DefaultArgumentsDecorator object at 0xffffbb8a0b50>)
[0.703s] Level 1:colcon.colcon_core.package_discovery:discover_packages(colcon_meta) check parameters
[0.704s] Level 1:colcon.colcon_core.package_discovery:discover_packages(recursive) check parameters
[0.704s] Level 1:colcon.colcon_core.package_discovery:discover_packages(ignore) check parameters
[0.704s] Level 1:colcon.colcon_core.package_discovery:discover_packages(path) check parameters
[0.704s] Level 1:colcon.colcon_core.package_discovery:discover_packages(colcon_meta) discover
[0.704s] Level 1:colcon.colcon_core.package_discovery:discover_packages(recursive) discover
[0.704s] INFO:colcon.colcon_core.package_discovery:Crawling recursively for packages in '/home/diablo/diablo_torqueHDRL'
[0.705s] Level 1:colcon.colcon_core.package_identification:_identify(.) by extensions ['ignore', 'ignore_ament_install']
[0.705s] Level 1:colcon.colcon_core.package_identification:_identify(.) by extension 'ignore'
[0.706s] Level 1:colcon.colcon_core.package_identification:_identify(.) by extension 'ignore_ament_install'
[0.706s] Level 1:colcon.colcon_core.package_identification:_identify(.) by extensions ['colcon_pkg']
[0.706s] Level 1:colcon.colcon_core.package_identification:_identify(.) by extension 'colcon_pkg'
[0.706s] Level 1:colcon.colcon_core.package_identification:_identify(.) by extensions ['colcon_meta']
[0.706s] Level 1:colcon.colcon_core.package_identification:_identify(.) by extension 'colcon_meta'
[0.706s] Level 1:colcon.colcon_core.package_identification:_identify(.) by extensions ['ros']
[0.707s] Level 1:colcon.colcon_core.package_identification:_identify(.) by extension 'ros'
[0.753s] Level 1:colcon.colcon_core.package_identification:_identify(.) by extensions ['cmake', 'python']
[0.754s] Level 1:colcon.colcon_core.package_identification:_identify(.) by extension 'cmake'
[0.754s] Level 1:colcon.colcon_core.package_identification:_identify(.) by extension 'python'
[0.754s] Level 1:colcon.colcon_core.package_identification:_identify(.) by extensions ['python_setup_py']
[0.754s] Level 1:colcon.colcon_core.package_identification:_identify(.) by extension 'python_setup_py'
[0.755s] Level 1:colcon.colcon_core.package_identification:_identify(build) by extensions ['ignore', 'ignore_ament_install']
[0.755s] Level 1:colcon.colcon_core.package_identification:_identify(build) by extension 'ignore'
[0.756s] Level 1:colcon.colcon_core.package_identification:_identify(build) ignored
[0.756s] Level 1:colcon.colcon_core.package_identification:_identify(install) by extensions ['ignore', 'ignore_ament_install']
[0.757s] Level 1:colcon.colcon_core.package_identification:_identify(install) by extension 'ignore'
[0.757s] Level 1:colcon.colcon_core.package_identification:_identify(install) ignored
[0.758s] Level 1:colcon.colcon_core.package_identification:_identify(log) by extensions ['ignore', 'ignore_ament_install']
[0.759s] Level 1:colcon.colcon_core.package_identification:_identify(log) by extension 'ignore'
[0.759s] Level 1:colcon.colcon_core.package_identification:_identify(log) ignored
[0.759s] Level 1:colcon.colcon_core.package_identification:_identify(src) by extensions ['ignore', 'ignore_ament_install']
[0.760s] Level 1:colcon.colcon_core.package_identification:_identify(src) by extension 'ignore'
[0.760s] Level 1:colcon.colcon_core.package_identification:_identify(src) by extension 'ignore_ament_install'
[0.760s] Level 1:colcon.colcon_core.package_identification:_identify(src) by extensions ['colcon_pkg']
[0.760s] Level 1:colcon.colcon_core.package_identification:_identify(src) by extension 'colcon_pkg'
[0.760s] Level 1:colcon.colcon_core.package_identification:_identify(src) by extensions ['colcon_meta']
[0.761s] Level 1:colcon.colcon_core.package_identification:_identify(src) by extension 'colcon_meta'
[0.761s] Level 1:colcon.colcon_core.package_identification:_identify(src) by extensions ['ros']
[0.761s] Level 1:colcon.colcon_core.package_identification:_identify(src) by extension 'ros'
[0.761s] Level 1:colcon.colcon_core.package_identification:_identify(src) by extensions ['cmake', 'python']
[0.761s] Level 1:colcon.colcon_core.package_identification:_identify(src) by extension 'cmake'
[0.762s] Level 1:colcon.colcon_core.package_identification:_identify(src) by extension 'python'
[0.762s] Level 1:colcon.colcon_core.package_identification:_identify(src) by extensions ['python_setup_py']
[0.762s] Level 1:colcon.colcon_core.package_identification:_identify(src) by extension 'python_setup_py'
[0.762s] Level 1:colcon.colcon_core.package_identification:_identify(src/jointctrlsdk) by extensions ['ignore', 'ignore_ament_install']
[0.763s] Level 1:colcon.colcon_core.package_identification:_identify(src/jointctrlsdk) by extension 'ignore'
[0.763s] Level 1:colcon.colcon_core.package_identification:_identify(src/jointctrlsdk) by extension 'ignore_ament_install'
[0.763s] Level 1:colcon.colcon_core.package_identification:_identify(src/jointctrlsdk) by extensions ['colcon_pkg']
[0.763s] Level 1:colcon.colcon_core.package_identification:_identify(src/jointctrlsdk) by extension 'colcon_pkg'
[0.764s] Level 1:colcon.colcon_core.package_identification:_identify(src/jointctrlsdk) by extensions ['colcon_meta']
[0.764s] Level 1:colcon.colcon_core.package_identification:_identify(src/jointctrlsdk) by extension 'colcon_meta'
[0.764s] Level 1:colcon.colcon_core.package_identification:_identify(src/jointctrlsdk) by extensions ['ros']
[0.764s] Level 1:colcon.colcon_core.package_identification:_identify(src/jointctrlsdk) by extension 'ros'
[0.778s] DEBUG:colcon.colcon_core.package_identification:Package 'src/jointctrlsdk' with type 'ros.ament_cmake' and name 'jointctrlsdk'
[0.779s] Level 1:colcon.colcon_core.package_discovery:discover_packages(recursive) using defaults
[0.779s] Level 1:colcon.colcon_core.package_discovery:discover_packages(ignore) discover
[0.779s] Level 1:colcon.colcon_core.package_discovery:discover_packages(ignore) using defaults
[0.779s] Level 1:colcon.colcon_core.package_discovery:discover_packages(path) discover
[0.779s] Level 1:colcon.colcon_core.package_discovery:discover_packages(path) using defaults
[0.852s] Level 1:colcon.colcon_core.package_discovery:discover_packages(prefix_path) check parameters
[0.853s] Level 1:colcon.colcon_core.package_discovery:discover_packages(prefix_path) discover
[0.865s] DEBUG:colcon.colcon_installed_package_information.package_discovery:Found 1 installed packages in /home/diablo/diablo_torqueHDRL/install
[0.869s] DEBUG:colcon.colcon_installed_package_information.package_discovery:Found 6 installed packages in /home/diablo/diablo_ws/install
[0.878s] DEBUG:colcon.colcon_installed_package_information.package_discovery:Found 258 installed packages in /opt/ros/foxy
[0.886s] Level 1:colcon.colcon_core.package_discovery:discover_packages(prefix_path) using defaults
[1.258s] Level 5:colcon.colcon_core.verb:set package 'jointctrlsdk' build argument 'cmake_args' from command line to 'None'
[1.258s] Level 5:colcon.colcon_core.verb:set package 'jointctrlsdk' build argument 'cmake_target' from command line to 'None'
[1.258s] Level 5:colcon.colcon_core.verb:set package 'jointctrlsdk' build argument 'cmake_target_skip_unavailable' from command line to 'False'
[1.258s] Level 5:colcon.colcon_core.verb:set package 'jointctrlsdk' build argument 'cmake_clean_cache' from command line to 'False'
[1.259s] Level 5:colcon.colcon_core.verb:set package 'jointctrlsdk' build argument 'cmake_clean_first' from command line to 'False'
[1.259s] Level 5:colcon.colcon_core.verb:set package 'jointctrlsdk' build argument 'cmake_force_configure' from command line to 'False'
[1.259s] Level 5:colcon.colcon_core.verb:set package 'jointctrlsdk' build argument 'ament_cmake_args' from command line to 'None'
[1.259s] Level 5:colcon.colcon_core.verb:set package 'jointctrlsdk' build argument 'catkin_cmake_args' from command line to 'None'
[1.259s] Level 5:colcon.colcon_core.verb:set package 'jointctrlsdk' build argument 'catkin_skip_building_tests' from command line to 'False'
[1.259s] DEBUG:colcon.colcon_core.verb:Building package 'jointctrlsdk' with the following arguments: {'ament_cmake_args': None, 'build_base': '/home/diablo/diablo_torqueHDRL/build/jointctrlsdk', 'catkin_cmake_args': None, 'catkin_skip_building_tests': False, 'cmake_args': None, 'cmake_clean_cache': False, 'cmake_clean_first': False, 'cmake_force_configure': False, 'cmake_target': None, 'cmake_target_skip_unavailable': False, 'install_base': '/home/diablo/diablo_torqueHDRL/install/jointctrlsdk', 'merge_install': False, 'path': '/home/diablo/diablo_torqueHDRL/src/jointctrlsdk', 'symlink_install': False, 'test_result_base': None}
[1.261s] INFO:colcon.colcon_core.executor:Executing jobs using 'parallel' executor
[1.268s] DEBUG:colcon.colcon_parallel_executor.executor.parallel:run_until_complete
[1.269s] INFO:colcon.colcon_ros.task.ament_cmake.build:Building ROS package in '/home/diablo/diablo_torqueHDRL/src/jointctrlsdk' with build type 'ament_cmake'
[1.270s] INFO:colcon.colcon_cmake.task.cmake.build:Building CMake package in '/home/diablo/diablo_torqueHDRL/src/jointctrlsdk'
[1.289s] INFO:colcon.colcon_core.plugin_system:Skipping extension 'colcon_core.shell.bat': Not used on non-Windows systems
[1.291s] INFO:colcon.colcon_core.shell:Skip shell extension 'powershell' for command environment: Not usable outside of PowerShell
[1.291s] DEBUG:colcon.colcon_core.shell:Skip shell extension 'dsv' for command environment
[1.351s] DEBUG:colcon.colcon_core.event_handler.log_command:Invoking command in '/home/diablo/diablo_torqueHDRL/build/jointctrlsdk': CMAKE_PREFIX_PATH=${CMAKE_PREFIX_PATH}:/home/diablo/diablo_ws/install/diablo_teleop:/opt/ros/foxy /usr/bin/cmake --build /home/diablo/diablo_torqueHDRL/build/jointctrlsdk -- -j4 -l4
[23.904s] DEBUG:colcon.colcon_core.event_handler.log_command:Invoked command in '/home/diablo/diablo_torqueHDRL/build/jointctrlsdk' returned '0': CMAKE_PREFIX_PATH=${CMAKE_PREFIX_PATH}:/home/diablo/diablo_ws/install/diablo_teleop:/opt/ros/foxy /usr/bin/cmake --build /home/diablo/diablo_torqueHDRL/build/jointctrlsdk -- -j4 -l4
[24.174s] DEBUG:colcon.colcon_core.event_handler.log_command:Invoking command in '/home/diablo/diablo_torqueHDRL/build/jointctrlsdk': CMAKE_PREFIX_PATH=${CMAKE_PREFIX_PATH}:/home/diablo/diablo_ws/install/diablo_teleop:/opt/ros/foxy /usr/bin/cmake --install /home/diablo/diablo_torqueHDRL/build/jointctrlsdk
[24.264s] Level 1:colcon.colcon_core.environment:create_environment_scripts_only(jointctrlsdk)
[24.267s] DEBUG:colcon.colcon_core.event_handler.log_command:Invoked command in '/home/diablo/diablo_torqueHDRL/build/jointctrlsdk' returned '0': CMAKE_PREFIX_PATH=${CMAKE_PREFIX_PATH}:/home/diablo/diablo_ws/install/diablo_teleop:/opt/ros/foxy /usr/bin/cmake --install /home/diablo/diablo_torqueHDRL/build/jointctrlsdk
[24.284s] Level 1:colcon.colcon_core.environment:checking '/home/diablo/diablo_torqueHDRL/install/jointctrlsdk' for CMake module files
[24.287s] Level 1:colcon.colcon_core.environment:checking '/home/diablo/diablo_torqueHDRL/install/jointctrlsdk' for CMake config files
[24.289s] Level 1:colcon.colcon_core.shell:create_environment_hook('jointctrlsdk', 'cmake_prefix_path')
[24.292s] INFO:colcon.colcon_core.shell:Creating environment hook '/home/diablo/diablo_torqueHDRL/install/jointctrlsdk/share/jointctrlsdk/hook/cmake_prefix_path.ps1'
[24.294s] INFO:colcon.colcon_core.shell:Creating environment descriptor '/home/diablo/diablo_torqueHDRL/install/jointctrlsdk/share/jointctrlsdk/hook/cmake_prefix_path.dsv'
[24.297s] INFO:colcon.colcon_core.shell:Creating environment hook '/home/diablo/diablo_torqueHDRL/install/jointctrlsdk/share/jointctrlsdk/hook/cmake_prefix_path.sh'
[24.301s] Level 1:colcon.colcon_core.environment:checking '/home/diablo/diablo_torqueHDRL/install/jointctrlsdk/lib'
[24.302s] Level 1:colcon.colcon_core.shell:create_environment_hook('jointctrlsdk', 'ld_library_path_lib')
[24.304s] INFO:colcon.colcon_core.shell:Creating environment hook '/home/diablo/diablo_torqueHDRL/install/jointctrlsdk/share/jointctrlsdk/hook/ld_library_path_lib.ps1'
[24.306s] INFO:colcon.colcon_core.shell:Creating environment descriptor '/home/diablo/diablo_torqueHDRL/install/jointctrlsdk/share/jointctrlsdk/hook/ld_library_path_lib.dsv'
[24.309s] INFO:colcon.colcon_core.shell:Creating environment hook '/home/diablo/diablo_torqueHDRL/install/jointctrlsdk/share/jointctrlsdk/hook/ld_library_path_lib.sh'
[24.311s] Level 1:colcon.colcon_core.environment:checking '/home/diablo/diablo_torqueHDRL/install/jointctrlsdk/bin'
[24.311s] Level 1:colcon.colcon_core.environment:checking '/home/diablo/diablo_torqueHDRL/install/jointctrlsdk/lib/pkgconfig/jointctrlsdk.pc'
[24.312s] Level 1:colcon.colcon_core.environment:checking '/home/diablo/diablo_torqueHDRL/install/jointctrlsdk/lib/python3.8/site-packages'
[24.313s] Level 1:colcon.colcon_core.environment:checking '/home/diablo/diablo_torqueHDRL/install/jointctrlsdk/bin'
[24.316s] INFO:colcon.colcon_core.shell:Creating package script '/home/diablo/diablo_torqueHDRL/install/jointctrlsdk/share/jointctrlsdk/package.ps1'
[24.320s] INFO:colcon.colcon_core.shell:Creating package descriptor '/home/diablo/diablo_torqueHDRL/install/jointctrlsdk/share/jointctrlsdk/package.dsv'
[24.323s] INFO:colcon.colcon_core.shell:Creating package script '/home/diablo/diablo_torqueHDRL/install/jointctrlsdk/share/jointctrlsdk/package.sh'
[24.326s] INFO:colcon.colcon_core.shell:Creating package script '/home/diablo/diablo_torqueHDRL/install/jointctrlsdk/share/jointctrlsdk/package.bash'
[24.330s] INFO:colcon.colcon_core.shell:Creating package script '/home/diablo/diablo_torqueHDRL/install/jointctrlsdk/share/jointctrlsdk/package.zsh'
[24.333s] Level 1:colcon.colcon_core.environment:create_file_with_runtime_dependencies(/home/diablo/diablo_torqueHDRL/install/jointctrlsdk/share/colcon-core/packages/jointctrlsdk)
[24.542s] Level 1:colcon.colcon_core.environment:create_environment_scripts_only(jointctrlsdk)
[24.546s] Level 1:colcon.colcon_core.environment:checking '/home/diablo/diablo_torqueHDRL/install/jointctrlsdk' for CMake module files
[24.550s] Level 1:colcon.colcon_core.environment:checking '/home/diablo/diablo_torqueHDRL/install/jointctrlsdk' for CMake config files
[24.553s] Level 1:colcon.colcon_core.shell:create_environment_hook('jointctrlsdk', 'cmake_prefix_path')
[24.555s] INFO:colcon.colcon_core.shell:Creating environment hook '/home/diablo/diablo_torqueHDRL/install/jointctrlsdk/share/jointctrlsdk/hook/cmake_prefix_path.ps1'
[24.557s] INFO:colcon.colcon_core.shell:Creating environment descriptor '/home/diablo/diablo_torqueHDRL/install/jointctrlsdk/share/jointctrlsdk/hook/cmake_prefix_path.dsv'
[24.559s] INFO:colcon.colcon_core.shell:Creating environment hook '/home/diablo/diablo_torqueHDRL/install/jointctrlsdk/share/jointctrlsdk/hook/cmake_prefix_path.sh'
[24.562s] Level 1:colcon.colcon_core.environment:checking '/home/diablo/diablo_torqueHDRL/install/jointctrlsdk/lib'
[24.562s] Level 1:colcon.colcon_core.shell:create_environment_hook('jointctrlsdk', 'ld_library_path_lib')
[24.564s] INFO:colcon.colcon_core.shell:Creating environment hook '/home/diablo/diablo_torqueHDRL/install/jointctrlsdk/share/jointctrlsdk/hook/ld_library_path_lib.ps1'
[24.566s] INFO:colcon.colcon_core.shell:Creating environment descriptor '/home/diablo/diablo_torqueHDRL/install/jointctrlsdk/share/jointctrlsdk/hook/ld_library_path_lib.dsv'
[24.568s] INFO:colcon.colcon_core.shell:Creating environment hook '/home/diablo/diablo_torqueHDRL/install/jointctrlsdk/share/jointctrlsdk/hook/ld_library_path_lib.sh'
[24.570s] Level 1:colcon.colcon_core.environment:checking '/home/diablo/diablo_torqueHDRL/install/jointctrlsdk/bin'
[24.570s] Level 1:colcon.colcon_core.environment:checking '/home/diablo/diablo_torqueHDRL/install/jointctrlsdk/lib/pkgconfig/jointctrlsdk.pc'
[24.572s] Level 1:colcon.colcon_core.environment:checking '/home/diablo/diablo_torqueHDRL/install/jointctrlsdk/lib/python3.8/site-packages'
[24.572s] Level 1:colcon.colcon_core.environment:checking '/home/diablo/diablo_torqueHDRL/install/jointctrlsdk/bin'
[24.575s] INFO:colcon.colcon_core.shell:Creating package script '/home/diablo/diablo_torqueHDRL/install/jointctrlsdk/share/jointctrlsdk/package.ps1'
[24.578s] INFO:colcon.colcon_core.shell:Creating package descriptor '/home/diablo/diablo_torqueHDRL/install/jointctrlsdk/share/jointctrlsdk/package.dsv'
[24.581s] INFO:colcon.colcon_core.shell:Creating package script '/home/diablo/diablo_torqueHDRL/install/jointctrlsdk/share/jointctrlsdk/package.sh'
[24.583s] INFO:colcon.colcon_core.shell:Creating package script '/home/diablo/diablo_torqueHDRL/install/jointctrlsdk/share/jointctrlsdk/package.bash'
[24.586s] INFO:colcon.colcon_core.shell:Creating package script '/home/diablo/diablo_torqueHDRL/install/jointctrlsdk/share/jointctrlsdk/package.zsh'
[24.588s] Level 1:colcon.colcon_core.environment:create_file_with_runtime_dependencies(/home/diablo/diablo_torqueHDRL/install/jointctrlsdk/share/colcon-core/packages/jointctrlsdk)
[24.589s] DEBUG:colcon.colcon_parallel_executor.executor.parallel:closing loop
[24.591s] DEBUG:colcon.colcon_parallel_executor.executor.parallel:loop closed
[24.591s] DEBUG:colcon.colcon_parallel_executor.executor.parallel:run_until_complete finished with '0'
[24.592s] DEBUG:colcon.colcon_core.event_reactor:joining thread
[24.625s] INFO:colcon.colcon_core.plugin_system:Skipping extension 'colcon_notification.desktop_notification.terminal_notifier': Not used on non-Darwin systems
[24.625s] INFO:colcon.colcon_core.plugin_system:Skipping extension 'colcon_notification.desktop_notification.win32': Not used on non-Windows systems
[24.626s] INFO:colcon.colcon_notification.desktop_notification:Sending desktop notification using 'notify2'
[25.032s] DEBUG:colcon.colcon_core.event_reactor:joined thread
[25.036s] INFO:colcon.colcon_core.shell:Creating prefix script '/home/diablo/diablo_torqueHDRL/install/local_setup.ps1'
[25.042s] INFO:colcon.colcon_core.shell:Creating prefix util module '/home/diablo/diablo_torqueHDRL/install/_local_setup_util_ps1.py'
[25.050s] INFO:colcon.colcon_core.shell:Creating prefix chain script '/home/diablo/diablo_torqueHDRL/install/setup.ps1'
[25.060s] INFO:colcon.colcon_core.shell:Creating prefix script '/home/diablo/diablo_torqueHDRL/install/local_setup.sh'
[25.063s] INFO:colcon.colcon_core.shell:Creating prefix util module '/home/diablo/diablo_torqueHDRL/install/_local_setup_util_sh.py'
[25.066s] INFO:colcon.colcon_core.shell:Creating prefix chain script '/home/diablo/diablo_torqueHDRL/install/setup.sh'
[25.073s] INFO:colcon.colcon_core.shell:Creating prefix script '/home/diablo/diablo_torqueHDRL/install/local_setup.bash'
[25.075s] INFO:colcon.colcon_core.shell:Creating prefix chain script '/home/diablo/diablo_torqueHDRL/install/setup.bash'
[25.082s] INFO:colcon.colcon_core.shell:Creating prefix script '/home/diablo/diablo_torqueHDRL/install/local_setup.zsh'
[25.085s] INFO:colcon.colcon_core.shell:Creating prefix chain script '/home/diablo/diablo_torqueHDRL/install/setup.zsh'
