[0.084s] Invoking command in '/home/diablo/diablo_torqueHDRL/build/jointctrlsdk': AMENT_PREFIX_PATH=/home/diablo/diablo_torqueHDRL/install/torque_interfaces:${AMENT_PREFIX_PATH} CMAKE_PREFIX_PATH=/home/diablo/diablo_torqueHDRL/install/torque_interfaces:/home/diablo/diablo_ws/install/diablo_ctrl:/home/diablo/diablo_ws/install/diablo_body:/home/diablo/diablo_ws/install/diablo_utils:/home/diablo/diablo_ws/install/motion_msgs:/home/diablo/diablo_ws/install/ception_msgs:/home/diablo/diablo_ws/install/diablo_teleop:/opt/ros/foxy LD_LIBRARY_PATH=/home/diablo/diablo_torqueHDRL/install/torque_interfaces/lib:${LD_LIBRARY_PATH} PYTHONPATH=/home/diablo/diablo_torqueHDRL/install/torque_interfaces/lib/python3.8/site-packages:${PYTHONPATH} /usr/bin/cmake --build /home/diablo/diablo_torqueHDRL/build/jointctrlsdk -- -j4 -l4
[0.431s] [ 66%] Built target jointctrlsdk_core
[0.498s] [35m[1mScanning dependencies of target diablo_torquesubscriber[0m
[0.677s] [ 83%] [32mBuilding CXX object CMakeFiles/diablo_torquesubscriber.dir/src/diablo_torque.cpp.o[0m
[6.905s] [01m[K/home/diablo/diablo_torqueHDRL/src/jointctrlsdk/src/diablo_torque.cpp:[m[K In constructor ‘[01m[KTorqueSubscriber::TorqueSubscriber()[m[K’:
[6.906s] [01m[K/home/diablo/diablo_torqueHDRL/src/jointctrlsdk/src/diablo_torque.cpp:18:105:[m[K [01;31m[Kerror: [m[Kno match for ‘[01m[Koperator=[m[K’ (operand types are ‘[01m[Krclcpp::Subscription<torque_interfaces::msg::Torque_<std::allocator<void> > >::SharedPtr[m[K’ {aka ‘[01m[Kstd::shared_ptr<rclcpp::Subscription<torque_interfaces::msg::Torque_<std::allocator<void> > > >[m[K’} and ‘[01m[Kstd::shared_ptr<rclcpp::Subscription<std_msgs::msg::Float32MultiArray_<std::allocator<void> >, std::allocator<void>, rclcpp::message_memory_strategy::MessageMemoryStrategy<std_msgs::msg::Float32MultiArray_<std::allocator<void> >, std::allocator<void> > > >[m[K’)
[6.907s]    18 | rqueSubscriber::torque_callback, this, std::placeholders::_1)[01;31m[K)[m[K;
[6.907s]       |                                                              [01;31m[K^[m[K
[6.907s] 
[6.908s] In file included from [01m[K/usr/include/c++/9/memory:81[m[K,
[6.908s]                  from [01m[K/home/diablo/diablo_torqueHDRL/src/jointctrlsdk/src/diablo_torque.cpp:2[m[K:
[6.909s] [01m[K/usr/include/c++/9/bits/shared_ptr.h:309:19:[m[K [01;36m[Knote: [m[Kcandidate: ‘[01m[Kstd::shared_ptr<_Tp>& std::shared_ptr<_Tp>::operator=(const std::shared_ptr<_Tp>&) [with _Tp = rclcpp::Subscription<torque_interfaces::msg::Torque_<std::allocator<void> > >][m[K’
[6.909s]   309 |       shared_ptr& [01;36m[Koperator[m[K=(const shared_ptr&) noexcept = default;
[6.910s]       |                   [01;36m[K^~~~~~~~[m[K
[6.910s] [01m[K/usr/include/c++/9/bits/shared_ptr.h:309:29:[m[K [01;36m[Knote: [m[K  no known conversion for argument 1 from ‘[01m[Kstd::shared_ptr<rclcpp::Subscription<std_msgs::msg::Float32MultiArray_<std::allocator<void> >, std::allocator<void>, rclcpp::message_memory_strategy::MessageMemoryStrategy<std_msgs::msg::Float32MultiArray_<std::allocator<void> >, std::allocator<void> > > >[m[K’ to ‘[01m[Kconst std::shared_ptr<rclcpp::Subscription<torque_interfaces::msg::Torque_<std::allocator<void> > > >&[m[K’
[6.911s]   309 |       shared_ptr& operator=([01;36m[Kconst shared_ptr&[m[K) noexcept = default;
[6.911s]       |                             [01;36m[K^~~~~~~~~~~~~~~~~[m[K
[6.911s] [01m[K/usr/include/c++/9/bits/shared_ptr.h:313:2:[m[K [01;36m[Knote: [m[Kcandidate: ‘[01m[Ktemplate<class _Yp> std::shared_ptr<_Tp>::_Assignable<const std::shared_ptr<_Yp>&> std::shared_ptr<_Tp>::operator=(const std::shared_ptr<_Yp>&) [with _Yp = _Yp; _Tp = rclcpp::Subscription<torque_interfaces::msg::Torque_<std::allocator<void> > >][m[K’
[6.912s]   313 |  [01;36m[Koperator[m[K=(const shared_ptr<_Yp>& __r) noexcept
[6.912s]       |  [01;36m[K^~~~~~~~[m[K
[6.913s] [01m[K/usr/include/c++/9/bits/shared_ptr.h:313:2:[m[K [01;36m[Knote: [m[K  template argument deduction/substitution failed:
[6.913s] /usr/include/c++/9/bits/shared_ptr.h: In substitution of ‘[01m[Ktemplate<class _Tp> template<class _Arg> using _Assignable = typename std::enable_if<std::is_assignable<std::__shared_ptr<_Tp>&, _Arg>::value, std::shared_ptr<_Tp>&>::type [with _Arg = const std::shared_ptr<rclcpp::Subscription<std_msgs::msg::Float32MultiArray_<std::allocator<void> >, std::allocator<void>, rclcpp::message_memory_strategy::MessageMemoryStrategy<std_msgs::msg::Float32MultiArray_<std::allocator<void> >, std::allocator<void> > > >&; _Tp = rclcpp::Subscription<torque_interfaces::msg::Torque_<std::allocator<void> > >][m[K’:
[6.914s] [01m[K/usr/include/c++/9/bits/shared_ptr.h:313:2:[m[K   required by substitution of ‘[01m[Ktemplate<class _Yp> std::shared_ptr<rclcpp::Subscription<torque_interfaces::msg::Torque_<std::allocator<void> > > >::_Assignable<const std::shared_ptr<_Tp>&> std::shared_ptr<rclcpp::Subscription<torque_interfaces::msg::Torque_<std::allocator<void> > > >::operator=<_Yp>(const std::shared_ptr<_Tp>&) [with _Yp = rclcpp::Subscription<std_msgs::msg::Float32MultiArray_<std::allocator<void> >, std::allocator<void>, rclcpp::message_memory_strategy::MessageMemoryStrategy<std_msgs::msg::Float32MultiArray_<std::allocator<void> >, std::allocator<void> > >][m[K’
[6.914s] [01m[K/home/diablo/diablo_torqueHDRL/src/jointctrlsdk/src/diablo_torque.cpp:18:105:[m[K   required from here
[6.915s] [01m[K/usr/include/c++/9/bits/shared_ptr.h:111:8:[m[K [01;31m[Kerror: [m[Kno type named ‘[01m[Ktype[m[K’ in ‘[01m[Kstruct std::enable_if<false, std::shared_ptr<rclcpp::Subscription<torque_interfaces::msg::Torque_<std::allocator<void> > > >&>[m[K’
[6.915s]   111 |  using [01;31m[K_Assignable[m[K = typename enable_if<
[6.916s]       |        [01;31m[K^~~~~~~~~~~[m[K
[6.916s] [01m[K/usr/include/c++/9/bits/shared_ptr.h:324:2:[m[K [01;36m[Knote: [m[Kcandidate: ‘[01m[Ktemplate<class _Yp> std::shared_ptr<_Tp>::_Assignable<std::auto_ptr<_Up> > std::shared_ptr<_Tp>::operator=(std::auto_ptr<_Up>&&) [with _Yp = _Yp; _Tp = rclcpp::Subscription<torque_interfaces::msg::Torque_<std::allocator<void> > >][m[K’
[6.917s]   324 |  [01;36m[Koperator[m[K=(auto_ptr<_Yp>&& __r)
[6.917s]       |  [01;36m[K^~~~~~~~[m[K
[6.918s] [01m[K/usr/include/c++/9/bits/shared_ptr.h:324:2:[m[K [01;36m[Knote: [m[K  template argument deduction/substitution failed:
[6.919s] [01m[K/home/diablo/diablo_torqueHDRL/src/jointctrlsdk/src/diablo_torque.cpp:18:105:[m[K [01;36m[Knote: [m[K  ‘[01m[Kstd::shared_ptr<rclcpp::Subscription<std_msgs::msg::Float32MultiArray_<std::allocator<void> >, std::allocator<void>, rclcpp::message_memory_strategy::MessageMemoryStrategy<std_msgs::msg::Float32MultiArray_<std::allocator<void> >, std::allocator<void> > > >[m[K’ is not derived from ‘[01m[Kstd::auto_ptr<_Up>[m[K’
[6.920s]    18 | rqueSubscriber::torque_callback, this, std::placeholders::_1)[01;36m[K)[m[K;
[6.920s]       |                                                              [01;36m[K^[m[K
[6.921s] 
[6.921s] In file included from [01m[K/usr/include/c++/9/memory:81[m[K,
[6.922s]                  from [01m[K/home/diablo/diablo_torqueHDRL/src/jointctrlsdk/src/diablo_torque.cpp:2[m[K:
[6.922s] [01m[K/usr/include/c++/9/bits/shared_ptr.h:333:7:[m[K [01;36m[Knote: [m[Kcandidate: ‘[01m[Kstd::shared_ptr<_Tp>& std::shared_ptr<_Tp>::operator=(std::shared_ptr<_Tp>&&) [with _Tp = rclcpp::Subscription<torque_interfaces::msg::Torque_<std::allocator<void> > >][m[K’
[6.923s]   333 |       [01;36m[Koperator[m[K=(shared_ptr&& __r) noexcept
[6.923s]       |       [01;36m[K^~~~~~~~[m[K
[6.923s] [01m[K/usr/include/c++/9/bits/shared_ptr.h:333:30:[m[K [01;36m[Knote: [m[K  no known conversion for argument 1 from ‘[01m[Kstd::shared_ptr<rclcpp::Subscription<std_msgs::msg::Float32MultiArray_<std::allocator<void> >, std::allocator<void>, rclcpp::message_memory_strategy::MessageMemoryStrategy<std_msgs::msg::Float32MultiArray_<std::allocator<void> >, std::allocator<void> > > >[m[K’ to ‘[01m[Kstd::shared_ptr<rclcpp::Subscription<torque_interfaces::msg::Torque_<std::allocator<void> > > >&&[m[K’
[6.924s]   333 |       operator=([01;36m[Kshared_ptr&& __r[m[K) noexcept
[6.924s]       |                 [01;36m[K~~~~~~~~~~~~~^~~[m[K
[6.925s] [01m[K/usr/include/c++/9/bits/shared_ptr.h:341:2:[m[K [01;36m[Knote: [m[Kcandidate: ‘[01m[Ktemplate<class _Yp> std::shared_ptr<_Tp>::_Assignable<std::shared_ptr<_Yp> > std::shared_ptr<_Tp>::operator=(std::shared_ptr<_Yp>&&) [with _Yp = _Yp; _Tp = rclcpp::Subscription<torque_interfaces::msg::Torque_<std::allocator<void> > >][m[K’
[6.925s]   341 |  [01;36m[Koperator[m[K=(shared_ptr<_Yp>&& __r) noexcept
[6.926s]       |  [01;36m[K^~~~~~~~[m[K
[6.926s] [01m[K/usr/include/c++/9/bits/shared_ptr.h:341:2:[m[K [01;36m[Knote: [m[K  template argument deduction/substitution failed:
[6.927s] /usr/include/c++/9/bits/shared_ptr.h: In substitution of ‘[01m[Ktemplate<class _Tp> template<class _Arg> using _Assignable = typename std::enable_if<std::is_assignable<std::__shared_ptr<_Tp>&, _Arg>::value, std::shared_ptr<_Tp>&>::type [with _Arg = std::shared_ptr<rclcpp::Subscription<std_msgs::msg::Float32MultiArray_<std::allocator<void> >, std::allocator<void>, rclcpp::message_memory_strategy::MessageMemoryStrategy<std_msgs::msg::Float32MultiArray_<std::allocator<void> >, std::allocator<void> > > >; _Tp = rclcpp::Subscription<torque_interfaces::msg::Torque_<std::allocator<void> > >][m[K’:
[6.927s] [01m[K/usr/include/c++/9/bits/shared_ptr.h:341:2:[m[K   required by substitution of ‘[01m[Ktemplate<class _Yp> std::shared_ptr<rclcpp::Subscription<torque_interfaces::msg::Torque_<std::allocator<void> > > >::_Assignable<std::shared_ptr<_Tp> > std::shared_ptr<rclcpp::Subscription<torque_interfaces::msg::Torque_<std::allocator<void> > > >::operator=<_Yp>(std::shared_ptr<_Tp>&&) [with _Yp = rclcpp::Subscription<std_msgs::msg::Float32MultiArray_<std::allocator<void> >, std::allocator<void>, rclcpp::message_memory_strategy::MessageMemoryStrategy<std_msgs::msg::Float32MultiArray_<std::allocator<void> >, std::allocator<void> > >][m[K’
[6.928s] [01m[K/home/diablo/diablo_torqueHDRL/src/jointctrlsdk/src/diablo_torque.cpp:18:105:[m[K   required from here
[6.928s] [01m[K/usr/include/c++/9/bits/shared_ptr.h:111:8:[m[K [01;31m[Kerror: [m[Kno type named ‘[01m[Ktype[m[K’ in ‘[01m[Kstruct std::enable_if<false, std::shared_ptr<rclcpp::Subscription<torque_interfaces::msg::Torque_<std::allocator<void> > > >&>[m[K’
[6.928s]   111 |  using [01;31m[K_Assignable[m[K = typename enable_if<
[6.929s]       |        [01;31m[K^~~~~~~~~~~[m[K
[6.929s] [01m[K/usr/include/c++/9/bits/shared_ptr.h:349:2:[m[K [01;36m[Knote: [m[Kcandidate: ‘[01m[Ktemplate<class _Yp, class _Del> std::shared_ptr<_Tp>::_Assignable<std::unique_ptr<_Up, _Ep> > std::shared_ptr<_Tp>::operator=(std::unique_ptr<_Up, _Ep>&&) [with _Yp = _Yp; _Del = _Del; _Tp = rclcpp::Subscription<torque_interfaces::msg::Torque_<std::allocator<void> > >][m[K’
[6.930s]   349 |  [01;36m[Koperator[m[K=(unique_ptr<_Yp, _Del>&& __r)
[6.930s]       |  [01;36m[K^~~~~~~~[m[K
[6.931s] [01m[K/usr/include/c++/9/bits/shared_ptr.h:349:2:[m[K [01;36m[Knote: [m[K  template argument deduction/substitution failed:
[6.931s] [01m[K/home/diablo/diablo_torqueHDRL/src/jointctrlsdk/src/diablo_torque.cpp:18:105:[m[K [01;36m[Knote: [m[K  ‘[01m[Kstd::shared_ptr<rclcpp::Subscription<std_msgs::msg::Float32MultiArray_<std::allocator<void> >, std::allocator<void>, rclcpp::message_memory_strategy::MessageMemoryStrategy<std_msgs::msg::Float32MultiArray_<std::allocator<void> >, std::allocator<void> > > >[m[K’ is not derived from ‘[01m[Kstd::unique_ptr<_Tp, _Dp>[m[K’
[6.931s]    18 | rqueSubscriber::torque_callback, this, std::placeholders::_1)[01;36m[K)[m[K;
[6.932s]       |                                                              [01;36m[K^[m[K
[6.932s] 
[6.933s] [01m[K/home/diablo/diablo_torqueHDRL/src/jointctrlsdk/src/diablo_torque.cpp:[m[K In member function ‘[01m[Kvoid TorqueSubscriber::torque_callback(std_msgs::msg::Float32MultiArray_<std::allocator<void> >::SharedPtr)[m[K’:
[6.933s] [01m[K/home/diablo/diablo_torqueHDRL/src/jointctrlsdk/src/diablo_torque.cpp:32:32:[m[K [01;31m[Kerror: [m[K‘[01m[Kusing element_type = struct std_msgs::msg::Float32MultiArray_<std::allocator<void> >[m[K’ {aka ‘[01m[Kstruct std_msgs::msg::Float32MultiArray_<std::allocator<void> >[m[K’} has no member named ‘[01m[Kt_hr[m[K’
[6.934s]    32 |         torque_values_ = {msg->[01;31m[Kt_hr[m[K, msg->t_kr, msg->t_wr, msg->t_hl, msg->t_kl, msg->t_wl};
[6.934s]       |                                [01;31m[K^~~~[m[K
[6.935s] [01m[K/home/diablo/diablo_torqueHDRL/src/jointctrlsdk/src/diablo_torque.cpp:32:43:[m[K [01;31m[Kerror: [m[K‘[01m[Kusing element_type = struct std_msgs::msg::Float32MultiArray_<std::allocator<void> >[m[K’ {aka ‘[01m[Kstruct std_msgs::msg::Float32MultiArray_<std::allocator<void> >[m[K’} has no member named ‘[01m[Kt_kr[m[K’
[6.935s]    32 |         torque_values_ = {msg->t_hr, msg->[01;31m[Kt_kr[m[K, msg->t_wr, msg->t_hl, msg->t_kl, msg->t_wl};
[6.936s]       |                                           [01;31m[K^~~~[m[K
[6.936s] [01m[K/home/diablo/diablo_torqueHDRL/src/jointctrlsdk/src/diablo_torque.cpp:32:54:[m[K [01;31m[Kerror: [m[K‘[01m[Kusing element_type = struct std_msgs::msg::Float32MultiArray_<std::allocator<void> >[m[K’ {aka ‘[01m[Kstruct std_msgs::msg::Float32MultiArray_<std::allocator<void> >[m[K’} has no member named ‘[01m[Kt_wr[m[K’
[6.937s]    32 |         torque_values_ = {msg->t_hr, msg->t_kr, msg->[01;31m[Kt_wr[m[K, msg->t_hl, msg->t_kl, msg->t_wl};
[6.937s]       |                                                      [01;31m[K^~~~[m[K
[6.938s] [01m[K/home/diablo/diablo_torqueHDRL/src/jointctrlsdk/src/diablo_torque.cpp:32:65:[m[K [01;31m[Kerror: [m[K‘[01m[Kusing element_type = struct std_msgs::msg::Float32MultiArray_<std::allocator<void> >[m[K’ {aka ‘[01m[Kstruct std_msgs::msg::Float32MultiArray_<std::allocator<void> >[m[K’} has no member named ‘[01m[Kt_hl[m[K’
[6.938s]    32 |      torque_values_ = {msg->t_hr, msg->t_kr, msg->t_wr, msg->[01;31m[Kt_hl[m[K, msg->t_kl, msg->t_wl};
[6.939s]       |                                                              [01;31m[K^~~~[m[K
[6.939s] 
[6.939s] [01m[K/home/diablo/diablo_torqueHDRL/src/jointctrlsdk/src/diablo_torque.cpp:32:76:[m[K [01;31m[Kerror: [m[K‘[01m[Kusing element_type = struct std_msgs::msg::Float32MultiArray_<std::allocator<void> >[m[K’ {aka ‘[01m[Kstruct std_msgs::msg::Float32MultiArray_<std::allocator<void> >[m[K’} has no member named ‘[01m[Kt_kl[m[K’
[6.940s]    32 | e_values_ = {msg->t_hr, msg->t_kr, msg->t_wr, msg->t_hl, msg->[01;31m[Kt_kl[m[K, msg->t_wl};
[6.940s]       |                                                               [01;31m[K^~~~[m[K
[6.941s] 
[6.941s] [01m[K/home/diablo/diablo_torqueHDRL/src/jointctrlsdk/src/diablo_torque.cpp:32:87:[m[K [01;31m[Kerror: [m[K‘[01m[Kusing element_type = struct std_msgs::msg::Float32MultiArray_<std::allocator<void> >[m[K’ {aka ‘[01m[Kstruct std_msgs::msg::Float32MultiArray_<std::allocator<void> >[m[K’} has no member named ‘[01m[Kt_wl[m[K’
[6.942s]    32 | {msg->t_hr, msg->t_kr, msg->t_wr, msg->t_hl, msg->t_kl, msg->[01;31m[Kt_wl[m[K};
[6.942s]       |                                                              [01;31m[K^~~~[m[K
[6.943s] 
[6.943s] [01m[K/home/diablo/diablo_torqueHDRL/src/jointctrlsdk/src/diablo_torque.cpp:32:91:[m[K [01;31m[Kerror: [m[Kno match for ‘[01m[Koperator=[m[K’ (operand types are ‘[01m[Kstd::array<float, 6>[m[K’ and ‘[01m[K<brace-enclosed initializer list>[m[K’)
[6.944s]    32 | ->t_hr, msg->t_kr, msg->t_wr, msg->t_hl, msg->t_kl, msg->t_wl[01;31m[K}[m[K;
[6.944s]       |                                                              [01;31m[K^[m[K
[6.944s] 
[6.945s] In file included from [01m[K/usr/include/c++/9/tuple:39[m[K,
[6.946s]                  from [01m[K/usr/include/c++/9/bits/unique_ptr.h:37[m[K,
[6.946s]                  from [01m[K/usr/include/c++/9/memory:80[m[K,
[6.947s]                  from [01m[K/home/diablo/diablo_torqueHDRL/src/jointctrlsdk/src/diablo_torque.cpp:2[m[K:
[6.947s] [01m[K/usr/include/c++/9/array:94:12:[m[K [01;36m[Knote: [m[Kcandidate: ‘[01m[Kconstexpr std::array<float, 6>& std::array<float, 6>::operator=(const std::array<float, 6>&)[m[K’
[6.947s]    94 |     struct [01;36m[Karray[m[K
[6.948s]       |            [01;36m[K^~~~~[m[K
[6.948s] [01m[K/usr/include/c++/9/array:94:12:[m[K [01;36m[Knote: [m[K  no known conversion for argument 1 from ‘[01m[K<brace-enclosed initializer list>[m[K’ to ‘[01m[Kconst std::array<float, 6>&[m[K’
[6.949s] [01m[K/usr/include/c++/9/array:94:12:[m[K [01;36m[Knote: [m[Kcandidate: ‘[01m[Kconstexpr std::array<float, 6>& std::array<float, 6>::operator=(std::array<float, 6>&&)[m[K’
[6.949s] [01m[K/usr/include/c++/9/array:94:12:[m[K [01;36m[Knote: [m[K  no known conversion for argument 1 from ‘[01m[K<brace-enclosed initializer list>[m[K’ to ‘[01m[Kstd::array<float, 6>&&[m[K’
[12.473s] make[2]: *** [CMakeFiles/diablo_torquesubscriber.dir/build.make:63: CMakeFiles/diablo_torquesubscriber.dir/src/diablo_torque.cpp.o] Error 1
[12.474s] make[1]: *** [CMakeFiles/Makefile2:80: CMakeFiles/diablo_torquesubscriber.dir/all] Error 2
[12.475s] make: *** [Makefile:141: all] Error 2
[12.482s] Invoked command in '/home/diablo/diablo_torqueHDRL/build/jointctrlsdk' returned '2': AMENT_PREFIX_PATH=/home/diablo/diablo_torqueHDRL/install/torque_interfaces:${AMENT_PREFIX_PATH} CMAKE_PREFIX_PATH=/home/diablo/diablo_torqueHDRL/install/torque_interfaces:/home/diablo/diablo_ws/install/diablo_ctrl:/home/diablo/diablo_ws/install/diablo_body:/home/diablo/diablo_ws/install/diablo_utils:/home/diablo/diablo_ws/install/motion_msgs:/home/diablo/diablo_ws/install/ception_msgs:/home/diablo/diablo_ws/install/diablo_teleop:/opt/ros/foxy LD_LIBRARY_PATH=/home/diablo/diablo_torqueHDRL/install/torque_interfaces/lib:${LD_LIBRARY_PATH} PYTHONPATH=/home/diablo/diablo_torqueHDRL/install/torque_interfaces/lib/python3.8/site-packages:${PYTHONPATH} /usr/bin/cmake --build /home/diablo/diablo_torqueHDRL/build/jointctrlsdk -- -j4 -l4
