[0.072s] Invoking command in '/home/diablo/diablo_torqueHDRL/build/jointctrlsdk': CMAKE_PREFIX_PATH=${CMAKE_PREFIX_PATH}:/home/diablo/diablo_ws/install/diablo_teleop:/opt/ros/foxy /usr/bin/cmake --build /home/diablo/diablo_torqueHDRL/build/jointctrlsdk -- -j4 -l4
[0.418s] [ 66%] Built target jointctrlsdk_core
[0.485s] [35m[1mScanning dependencies of target diablo_torquesubscriber[0m
[0.649s] [ 83%] [32mBuilding CXX object CMakeFiles/diablo_torquesubscriber.dir/src/diablo_torque.cpp.o[0m
[6.603s] [01m[K/home/diablo/diablo_torqueHDRL/src/jointctrlsdk/src/diablo_torque.cpp:[m[K In member function ‘[01m[Kconst std::array<float, 6>& TorqueSubscriber::getTorqueValues() const[m[K’:
[6.604s] [01m[K/home/diablo/diablo_torqueHDRL/src/jointctrlsdk/src/diablo_torque.cpp:23:16:[m[K [01;31m[Kerror: [m[Kinvalid initialization of reference of type ‘[01m[Kconst std::array<float, 6>&[m[K’ from expression of type ‘[01m[Kconst float [6][m[K’
[6.605s]    23 |         return [01;31m[Ktorque_values_[m[K;
[6.605s]       |                [01;31m[K^~~~~~~~~~~~~~[m[K
[6.615s] In file included from [01m[K/opt/ros/foxy/include/rclcpp/client.hpp:40[m[K,
[6.616s]                  from [01m[K/opt/ros/foxy/include/rclcpp/callback_group.hpp:23[m[K,
[6.617s]                  from [01m[K/opt/ros/foxy/include/rclcpp/any_executable.hpp:20[m[K,
[6.617s]                  from [01m[K/opt/ros/foxy/include/rclcpp/memory_strategy.hpp:24[m[K,
[6.617s]                  from [01m[K/opt/ros/foxy/include/rclcpp/memory_strategies.hpp:18[m[K,
[6.618s]                  from [01m[K/opt/ros/foxy/include/rclcpp/executor_options.hpp:20[m[K,
[6.618s]                  from [01m[K/opt/ros/foxy/include/rclcpp/executor.hpp:33[m[K,
[6.619s]                  from [01m[K/opt/ros/foxy/include/rclcpp/executors/multi_threaded_executor.hpp:26[m[K,
[6.619s]                  from [01m[K/opt/ros/foxy/include/rclcpp/executors.hpp:21[m[K,
[6.619s]                  from [01m[K/opt/ros/foxy/include/rclcpp/rclcpp.hpp:146[m[K,
[6.620s]                  from [01m[K/home/diablo/diablo_torqueHDRL/src/jointctrlsdk/src/diablo_torque.cpp:6[m[K:
[6.620s] [01m[K/home/diablo/diablo_torqueHDRL/src/jointctrlsdk/src/diablo_torque.cpp:[m[K In member function ‘[01m[Kvoid TorqueSubscriber::torque_callback(std_msgs::msg::Float32MultiArray_<std::allocator<void> >::SharedPtr)[m[K’:
[6.621s] [01m[K/home/diablo/diablo_torqueHDRL/src/jointctrlsdk/src/diablo_torque.cpp:32:52:[m[K [01;31m[Kerror: [m[Kexpected ‘[01m[K)[m[K’ before '\x2573'
[6.621s]    32 |         RCLCPP_INFO(this->get_logger(), "I heard:" [01;31m[K'%s'[m[K, msg->data);
[6.621s]       |                                                    [01;31m[K^~~~[m[K
[6.622s] [01m[K/home/diablo/diablo_torqueHDRL/src/jointctrlsdk/src/diablo_torque.cpp:32:9:[m[K [01;36m[Knote: [m[Kto match this ‘[01m[K([m[K’
[6.622s]    32 |         [01;36m[KRCLCPP_INFO[m[K(this->get_logger(), "I heard:" '%s', msg->data);
[6.623s]       |         [01;36m[K^~~~~~~~~~~[m[K
[12.480s] make[2]: *** [CMakeFiles/diablo_torquesubscriber.dir/build.make:63: CMakeFiles/diablo_torquesubscriber.dir/src/diablo_torque.cpp.o] Error 1
[12.481s] make[1]: *** [CMakeFiles/Makefile2:80: CMakeFiles/diablo_torquesubscriber.dir/all] Error 2
[12.481s] make: *** [Makefile:141: all] Error 2
[12.488s] Invoked command in '/home/diablo/diablo_torqueHDRL/build/jointctrlsdk' returned '2': CMAKE_PREFIX_PATH=${CMAKE_PREFIX_PATH}:/home/diablo/diablo_ws/install/diablo_teleop:/opt/ros/foxy /usr/bin/cmake --build /home/diablo/diablo_torqueHDRL/build/jointctrlsdk -- -j4 -l4
