[0.074s] Invoking command in '/home/diablo/diablo_torqueHDRL/build/jointctrlsdk': CMAKE_PREFIX_PATH=${CMAKE_PREFIX_PATH}:/home/diablo/diablo_ws/install/diablo_teleop:/opt/ros/foxy /usr/bin/cmake --build /home/diablo/diablo_torqueHDRL/build/jointctrlsdk -- -j4 -l4
[0.426s] [ 66%] Built target jointctrlsdk_core
[0.496s] [35m[1mScanning dependencies of target diablo_torquesubscriber[0m
[0.666s] [ 83%] [32mBuilding CXX object CMakeFiles/diablo_torquesubscriber.dir/src/diablo_torque.cpp.o[0m
[21.384s] [100%] [32m[1mLinking CXX executable diablo_torquesubscriber[0m
[22.570s] [100%] Built target diablo_torquesubscriber
[22.621s] Invoked command in '/home/diablo/diablo_torqueHDRL/build/jointctrlsdk' returned '0': CMAKE_PREFIX_PATH=${CMAKE_PREFIX_PATH}:/home/diablo/diablo_ws/install/diablo_teleop:/opt/ros/foxy /usr/bin/cmake --build /home/diablo/diablo_torqueHDRL/build/jointctrlsdk -- -j4 -l4
[22.879s] Invoking command in '/home/diablo/diablo_torqueHDRL/build/jointctrlsdk': CMAKE_PREFIX_PATH=${CMAKE_PREFIX_PATH}:/home/diablo/diablo_ws/install/diablo_teleop:/opt/ros/foxy /usr/bin/cmake --install /home/diablo/diablo_torqueHDRL/build/jointctrlsdk
[22.924s] -- Install configuration: ""
[22.924s] -- Up-to-date: /home/diablo/diablo_torqueHDRL/install/jointctrlsdk/include/
[22.925s] -- Up-to-date: /home/diablo/diablo_torqueHDRL/install/jointctrlsdk/include//jointctrlsdk
[22.926s] -- Up-to-date: /home/diablo/diablo_torqueHDRL/install/jointctrlsdk/include//joint_ctrl_protocol.h
[22.927s] -- Up-to-date: /home/diablo/diablo_torqueHDRL/install/jointctrlsdk/include//crc_verify.hpp
[22.927s] -- Up-to-date: /home/diablo/diablo_torqueHDRL/install/jointctrlsdk/include//VulcanSerial
[22.928s] -- Up-to-date: /home/diablo/diablo_torqueHDRL/install/jointctrlsdk/include//VulcanSerial/Exception.hpp
[22.928s] -- Up-to-date: /home/diablo/diablo_torqueHDRL/install/jointctrlsdk/include//VulcanSerial/SerialPort.hpp
[22.928s] -- Up-to-date: /home/diablo/diablo_torqueHDRL/install/jointctrlsdk/include//diablo_tctrl.hpp
[22.929s] -- Up-to-date: /home/diablo/diablo_torqueHDRL/install/jointctrlsdk/include//serial_handle.hpp
[22.929s] -- Up-to-date: /home/diablo/diablo_torqueHDRL/install/jointctrlsdk/lib/libjointctrlsdk_core.so
[22.930s] -- Installing: /home/diablo/diablo_torqueHDRL/install/jointctrlsdk/lib/jointctrlsdk/diablo_torquesubscriber
[22.945s] -- Set runtime path of "/home/diablo/diablo_torqueHDRL/install/jointctrlsdk/lib/jointctrlsdk/diablo_torquesubscriber" to ""
[22.946s] -- Up-to-date: /home/diablo/diablo_torqueHDRL/install/jointctrlsdk/include/jointctrlsdk
[22.946s] -- Up-to-date: /home/diablo/diablo_torqueHDRL/install/jointctrlsdk/include/jointctrlsdk/jointctrlsdk
[22.947s] -- Up-to-date: /home/diablo/diablo_torqueHDRL/install/jointctrlsdk/include/jointctrlsdk/joint_ctrl_protocol.h
[22.947s] -- Up-to-date: /home/diablo/diablo_torqueHDRL/install/jointctrlsdk/include/jointctrlsdk/crc_verify.hpp
[22.948s] -- Up-to-date: /home/diablo/diablo_torqueHDRL/install/jointctrlsdk/include/jointctrlsdk/VulcanSerial
[22.948s] -- Up-to-date: /home/diablo/diablo_torqueHDRL/install/jointctrlsdk/include/jointctrlsdk/VulcanSerial/Exception.hpp
[22.948s] -- Up-to-date: /home/diablo/diablo_torqueHDRL/install/jointctrlsdk/include/jointctrlsdk/VulcanSerial/SerialPort.hpp
[22.949s] -- Up-to-date: /home/diablo/diablo_torqueHDRL/install/jointctrlsdk/include/jointctrlsdk/diablo_tctrl.hpp
[22.949s] -- Up-to-date: /home/diablo/diablo_torqueHDRL/install/jointctrlsdk/include/jointctrlsdk/serial_handle.hpp
[22.950s] -- Up-to-date: /home/diablo/diablo_torqueHDRL/install/jointctrlsdk/lib/libjointctrlsdk_core.so
[22.950s] -- Up-to-date: /home/diablo/diablo_torqueHDRL/install/jointctrlsdk/share/jointctrlsdk/environment/library_path.sh
[22.951s] -- Up-to-date: /home/diablo/diablo_torqueHDRL/install/jointctrlsdk/share/jointctrlsdk/environment/library_path.dsv
[22.951s] -- Up-to-date: /home/diablo/diablo_torqueHDRL/install/jointctrlsdk/share/ament_index/resource_index/package_run_dependencies/jointctrlsdk
[22.952s] -- Up-to-date: /home/diablo/diablo_torqueHDRL/install/jointctrlsdk/share/ament_index/resource_index/parent_prefix_path/jointctrlsdk
[22.952s] -- Up-to-date: /home/diablo/diablo_torqueHDRL/install/jointctrlsdk/share/jointctrlsdk/environment/ament_prefix_path.sh
[22.953s] -- Up-to-date: /home/diablo/diablo_torqueHDRL/install/jointctrlsdk/share/jointctrlsdk/environment/ament_prefix_path.dsv
[22.953s] -- Up-to-date: /home/diablo/diablo_torqueHDRL/install/jointctrlsdk/share/jointctrlsdk/environment/path.sh
[22.954s] -- Up-to-date: /home/diablo/diablo_torqueHDRL/install/jointctrlsdk/share/jointctrlsdk/environment/path.dsv
[22.954s] -- Up-to-date: /home/diablo/diablo_torqueHDRL/install/jointctrlsdk/share/jointctrlsdk/local_setup.bash
[22.955s] -- Up-to-date: /home/diablo/diablo_torqueHDRL/install/jointctrlsdk/share/jointctrlsdk/local_setup.sh
[22.955s] -- Up-to-date: /home/diablo/diablo_torqueHDRL/install/jointctrlsdk/share/jointctrlsdk/local_setup.zsh
[22.956s] -- Up-to-date: /home/diablo/diablo_torqueHDRL/install/jointctrlsdk/share/jointctrlsdk/local_setup.dsv
[22.956s] -- Installing: /home/diablo/diablo_torqueHDRL/install/jointctrlsdk/share/jointctrlsdk/package.dsv
[22.957s] -- Up-to-date: /home/diablo/diablo_torqueHDRL/install/jointctrlsdk/share/ament_index/resource_index/packages/jointctrlsdk
[22.958s] -- Up-to-date: /home/diablo/diablo_torqueHDRL/install/jointctrlsdk/share/jointctrlsdk/cmake/ament_cmake_export_include_directories-extras.cmake
[22.958s] -- Up-to-date: /home/diablo/diablo_torqueHDRL/install/jointctrlsdk/share/jointctrlsdk/cmake/ament_cmake_export_libraries-extras.cmake
[22.959s] -- Up-to-date: /home/diablo/diablo_torqueHDRL/install/jointctrlsdk/share/jointctrlsdk/cmake/ament_cmake_export_dependencies-extras.cmake
[22.959s] -- Up-to-date: /home/diablo/diablo_torqueHDRL/install/jointctrlsdk/share/jointctrlsdk/cmake/jointctrlsdkConfig.cmake
[22.959s] -- Up-to-date: /home/diablo/diablo_torqueHDRL/install/jointctrlsdk/share/jointctrlsdk/cmake/jointctrlsdkConfig-version.cmake
[22.960s] -- Up-to-date: /home/diablo/diablo_torqueHDRL/install/jointctrlsdk/share/jointctrlsdk/package.xml
[22.967s] Invoked command in '/home/diablo/diablo_torqueHDRL/build/jointctrlsdk' returned '0': CMAKE_PREFIX_PATH=${CMAKE_PREFIX_PATH}:/home/diablo/diablo_ws/install/diablo_teleop:/opt/ros/foxy /usr/bin/cmake --install /home/diablo/diablo_torqueHDRL/build/jointctrlsdk
