[0.085s] Invoking command in '/home/diablo/diablo_torqueHDRL/build/jointctrlsdk': AMENT_PREFIX_PATH=/home/diablo/diablo_torqueHDRL/install/torque_interfaces:${AMENT_PREFIX_PATH} CMAKE_PREFIX_PATH=/home/diablo/diablo_torqueHDRL/install/torque_interfaces:/home/diablo/diablo_ws/install/diablo_ctrl:/home/diablo/diablo_ws/install/diablo_body:/home/diablo/diablo_ws/install/diablo_utils:/home/diablo/diablo_ws/install/motion_msgs:/home/diablo/diablo_ws/install/ception_msgs:/home/diablo/diablo_ws/install/diablo_teleop:/opt/ros/foxy LD_LIBRARY_PATH=/home/diablo/diablo_torqueHDRL/install/torque_interfaces/lib:${LD_LIBRARY_PATH} PYTHONPATH=/home/diablo/diablo_torqueHDRL/install/torque_interfaces/lib/python3.8/site-packages:${PYTHONPATH} /usr/bin/cmake --build /home/diablo/diablo_torqueHDRL/build/jointctrlsdk -- -j4 -l4
[0.240s] -- Found rclcpp: 2.4.1 (/opt/ros/foxy/share/rclcpp/cmake)
[0.350s] -- Using PYTHON_EXECUTABLE: /usr/bin/python3
[1.469s] -- Using all available rosidl_typesupport_c: rosidl_typesupport_fastrtps_c;rosidl_typesupport_introspection_c
[1.483s] -- Found rosidl_adapter: 1.2.1 (/opt/ros/foxy/share/rosidl_adapter/cmake)
[2.685s] -- Using all available rosidl_typesupport_cpp: rosidl_typesupport_fastrtps_cpp;rosidl_typesupport_introspection_cpp
[2.892s] -- Found rmw_implementation_cmake: 1.0.3 (/opt/ros/foxy/share/rmw_implementation_cmake/cmake)
[2.899s] -- Using RMW implementation 'rmw_fastrtps_cpp' as default
[3.489s] -- Found torque_interfaces: 0.0.0 (/home/diablo/diablo_torqueHDRL/install/torque_interfaces/share/torque_interfaces/cmake)
[3.518s] -- Found ament_lint_auto: 0.9.6 (/opt/ros/foxy/share/ament_lint_auto/cmake)
[3.819s] -- Found ament_cmake_gtest: 0.9.9 (/opt/ros/foxy/share/ament_cmake_gtest/cmake)
[3.852s] -- Added test 'copyright' to check source files copyright and LICENSE
[3.863s] -- Added test 'cppcheck' to perform static code analysis on C / C++ code
[3.865s] -- Configured cppcheck include dirs: /home/diablo/diablo_torqueHDRL/src/jointctrlsdk/include
[3.865s] -- Configured cppcheck exclude dirs and/or files: 
[3.875s] -- Added test 'cpplint' to check C / C++ code against the Google style
[3.876s] -- Configured cpplint exclude dirs and/or files: 
[3.880s] -- Added test 'lint_cmake' to check CMake code style
[3.892s] -- Added test 'uncrustify' to check C / C++ code style
[3.892s] -- Configured uncrustify additional arguments: 
[3.895s] -- Added test 'xmllint' to check XML markup files
[3.926s] -- Configuring done
[3.994s] -- Generating done
[4.005s] -- Build files have been written to: /home/diablo/diablo_torqueHDRL/build/jointctrlsdk
[4.252s] [ 66%] Built target jointctrlsdk_core
[4.322s] [35m[1mScanning dependencies of target diablo_torquesubscriber[0m
[4.497s] [ 83%] [32mBuilding CXX object CMakeFiles/diablo_torquesubscriber.dir/src/diablo_torque.cpp.o[0m
[24.891s] [100%] [32m[1mLinking CXX executable diablo_torquesubscriber[0m
[26.116s] [100%] Built target diablo_torquesubscriber
[26.170s] Invoked command in '/home/diablo/diablo_torqueHDRL/build/jointctrlsdk' returned '0': AMENT_PREFIX_PATH=/home/diablo/diablo_torqueHDRL/install/torque_interfaces:${AMENT_PREFIX_PATH} CMAKE_PREFIX_PATH=/home/diablo/diablo_torqueHDRL/install/torque_interfaces:/home/diablo/diablo_ws/install/diablo_ctrl:/home/diablo/diablo_ws/install/diablo_body:/home/diablo/diablo_ws/install/diablo_utils:/home/diablo/diablo_ws/install/motion_msgs:/home/diablo/diablo_ws/install/ception_msgs:/home/diablo/diablo_ws/install/diablo_teleop:/opt/ros/foxy LD_LIBRARY_PATH=/home/diablo/diablo_torqueHDRL/install/torque_interfaces/lib:${LD_LIBRARY_PATH} PYTHONPATH=/home/diablo/diablo_torqueHDRL/install/torque_interfaces/lib/python3.8/site-packages:${PYTHONPATH} /usr/bin/cmake --build /home/diablo/diablo_torqueHDRL/build/jointctrlsdk -- -j4 -l4
[26.428s] Invoking command in '/home/diablo/diablo_torqueHDRL/build/jointctrlsdk': AMENT_PREFIX_PATH=/home/diablo/diablo_torqueHDRL/install/torque_interfaces:${AMENT_PREFIX_PATH} CMAKE_PREFIX_PATH=/home/diablo/diablo_torqueHDRL/install/torque_interfaces:/home/diablo/diablo_ws/install/diablo_ctrl:/home/diablo/diablo_ws/install/diablo_body:/home/diablo/diablo_ws/install/diablo_utils:/home/diablo/diablo_ws/install/motion_msgs:/home/diablo/diablo_ws/install/ception_msgs:/home/diablo/diablo_ws/install/diablo_teleop:/opt/ros/foxy LD_LIBRARY_PATH=/home/diablo/diablo_torqueHDRL/install/torque_interfaces/lib:${LD_LIBRARY_PATH} PYTHONPATH=/home/diablo/diablo_torqueHDRL/install/torque_interfaces/lib/python3.8/site-packages:${PYTHONPATH} /usr/bin/cmake --install /home/diablo/diablo_torqueHDRL/build/jointctrlsdk
[26.475s] -- Install configuration: ""
[26.475s] -- Up-to-date: /home/diablo/diablo_torqueHDRL/install/jointctrlsdk/include/
[26.476s] -- Up-to-date: /home/diablo/diablo_torqueHDRL/install/jointctrlsdk/include//jointctrlsdk
[26.476s] -- Up-to-date: /home/diablo/diablo_torqueHDRL/install/jointctrlsdk/include//joint_ctrl_protocol.h
[26.477s] -- Up-to-date: /home/diablo/diablo_torqueHDRL/install/jointctrlsdk/include//crc_verify.hpp
[26.477s] -- Up-to-date: /home/diablo/diablo_torqueHDRL/install/jointctrlsdk/include//VulcanSerial
[26.478s] -- Up-to-date: /home/diablo/diablo_torqueHDRL/install/jointctrlsdk/include//VulcanSerial/Exception.hpp
[26.478s] -- Up-to-date: /home/diablo/diablo_torqueHDRL/install/jointctrlsdk/include//VulcanSerial/SerialPort.hpp
[26.478s] -- Up-to-date: /home/diablo/diablo_torqueHDRL/install/jointctrlsdk/include//diablo_tctrl.hpp
[26.479s] -- Up-to-date: /home/diablo/diablo_torqueHDRL/install/jointctrlsdk/include//serial_handle.hpp
[26.479s] -- Up-to-date: /home/diablo/diablo_torqueHDRL/install/jointctrlsdk/lib/libjointctrlsdk_core.so
[26.481s] -- Installing: /home/diablo/diablo_torqueHDRL/install/jointctrlsdk/lib/jointctrlsdk/diablo_torquesubscriber
[26.496s] -- Set runtime path of "/home/diablo/diablo_torqueHDRL/install/jointctrlsdk/lib/jointctrlsdk/diablo_torquesubscriber" to ""
[26.496s] -- Up-to-date: /home/diablo/diablo_torqueHDRL/install/jointctrlsdk/include/jointctrlsdk
[26.497s] -- Up-to-date: /home/diablo/diablo_torqueHDRL/install/jointctrlsdk/include/jointctrlsdk/jointctrlsdk
[26.497s] -- Up-to-date: /home/diablo/diablo_torqueHDRL/install/jointctrlsdk/include/jointctrlsdk/joint_ctrl_protocol.h
[26.498s] -- Up-to-date: /home/diablo/diablo_torqueHDRL/install/jointctrlsdk/include/jointctrlsdk/crc_verify.hpp
[26.498s] -- Up-to-date: /home/diablo/diablo_torqueHDRL/install/jointctrlsdk/include/jointctrlsdk/VulcanSerial
[26.498s] -- Up-to-date: /home/diablo/diablo_torqueHDRL/install/jointctrlsdk/include/jointctrlsdk/VulcanSerial/Exception.hpp
[26.499s] -- Up-to-date: /home/diablo/diablo_torqueHDRL/install/jointctrlsdk/include/jointctrlsdk/VulcanSerial/SerialPort.hpp
[26.499s] -- Up-to-date: /home/diablo/diablo_torqueHDRL/install/jointctrlsdk/include/jointctrlsdk/diablo_tctrl.hpp
[26.500s] -- Up-to-date: /home/diablo/diablo_torqueHDRL/install/jointctrlsdk/include/jointctrlsdk/serial_handle.hpp
[26.500s] -- Up-to-date: /home/diablo/diablo_torqueHDRL/install/jointctrlsdk/lib/libjointctrlsdk_core.so
[26.501s] -- Up-to-date: /home/diablo/diablo_torqueHDRL/install/jointctrlsdk/share/jointctrlsdk/environment/library_path.sh
[26.501s] -- Installing: /home/diablo/diablo_torqueHDRL/install/jointctrlsdk/share/jointctrlsdk/environment/library_path.dsv
[26.503s] -- Up-to-date: /home/diablo/diablo_torqueHDRL/install/jointctrlsdk/share/ament_index/resource_index/package_run_dependencies/jointctrlsdk
[26.503s] -- Up-to-date: /home/diablo/diablo_torqueHDRL/install/jointctrlsdk/share/ament_index/resource_index/parent_prefix_path/jointctrlsdk
[26.504s] -- Up-to-date: /home/diablo/diablo_torqueHDRL/install/jointctrlsdk/share/jointctrlsdk/environment/ament_prefix_path.sh
[26.504s] -- Installing: /home/diablo/diablo_torqueHDRL/install/jointctrlsdk/share/jointctrlsdk/environment/ament_prefix_path.dsv
[26.505s] -- Up-to-date: /home/diablo/diablo_torqueHDRL/install/jointctrlsdk/share/jointctrlsdk/environment/path.sh
[26.506s] -- Installing: /home/diablo/diablo_torqueHDRL/install/jointctrlsdk/share/jointctrlsdk/environment/path.dsv
[26.507s] -- Up-to-date: /home/diablo/diablo_torqueHDRL/install/jointctrlsdk/share/jointctrlsdk/local_setup.bash
[26.508s] -- Up-to-date: /home/diablo/diablo_torqueHDRL/install/jointctrlsdk/share/jointctrlsdk/local_setup.sh
[26.508s] -- Up-to-date: /home/diablo/diablo_torqueHDRL/install/jointctrlsdk/share/jointctrlsdk/local_setup.zsh
[26.508s] -- Installing: /home/diablo/diablo_torqueHDRL/install/jointctrlsdk/share/jointctrlsdk/local_setup.dsv
[26.509s] -- Installing: /home/diablo/diablo_torqueHDRL/install/jointctrlsdk/share/jointctrlsdk/package.dsv
[26.511s] -- Up-to-date: /home/diablo/diablo_torqueHDRL/install/jointctrlsdk/share/ament_index/resource_index/packages/jointctrlsdk
[26.511s] -- Up-to-date: /home/diablo/diablo_torqueHDRL/install/jointctrlsdk/share/jointctrlsdk/cmake/ament_cmake_export_include_directories-extras.cmake
[26.512s] -- Up-to-date: /home/diablo/diablo_torqueHDRL/install/jointctrlsdk/share/jointctrlsdk/cmake/ament_cmake_export_libraries-extras.cmake
[26.512s] -- Up-to-date: /home/diablo/diablo_torqueHDRL/install/jointctrlsdk/share/jointctrlsdk/cmake/ament_cmake_export_dependencies-extras.cmake
[26.513s] -- Up-to-date: /home/diablo/diablo_torqueHDRL/install/jointctrlsdk/share/jointctrlsdk/cmake/jointctrlsdkConfig.cmake
[26.513s] -- Up-to-date: /home/diablo/diablo_torqueHDRL/install/jointctrlsdk/share/jointctrlsdk/cmake/jointctrlsdkConfig-version.cmake
[26.513s] -- Up-to-date: /home/diablo/diablo_torqueHDRL/install/jointctrlsdk/share/jointctrlsdk/package.xml
[26.521s] Invoked command in '/home/diablo/diablo_torqueHDRL/build/jointctrlsdk' returned '0': AMENT_PREFIX_PATH=/home/diablo/diablo_torqueHDRL/install/torque_interfaces:${AMENT_PREFIX_PATH} CMAKE_PREFIX_PATH=/home/diablo/diablo_torqueHDRL/install/torque_interfaces:/home/diablo/diablo_ws/install/diablo_ctrl:/home/diablo/diablo_ws/install/diablo_body:/home/diablo/diablo_ws/install/diablo_utils:/home/diablo/diablo_ws/install/motion_msgs:/home/diablo/diablo_ws/install/ception_msgs:/home/diablo/diablo_ws/install/diablo_teleop:/opt/ros/foxy LD_LIBRARY_PATH=/home/diablo/diablo_torqueHDRL/install/torque_interfaces/lib:${LD_LIBRARY_PATH} PYTHONPATH=/home/diablo/diablo_torqueHDRL/install/torque_interfaces/lib/python3.8/site-packages:${PYTHONPATH} /usr/bin/cmake --install /home/diablo/diablo_torqueHDRL/build/jointctrlsdk
