[ 66%] Built target jointctrlsdk_core
[35m[1mScanning dependencies of target diablo_torquesubscriber[0m
[ 83%] [32mBuilding CXX object CMakeFiles/diablo_torquesubscriber.dir/src/diablo_torque.cpp.o[0m
[01m[K/home/diablo/diablo_torqueHDRL/src/jointctrlsdk/src/diablo_torque.cpp:12:23:[m[K [01;31m[Kerror: [m[Kno declaration matches ‘[01m[Kconst std::array<float, 6>& TorqueSubscriber::getTorqueValues() const[m[K’
   12 | const array<float,6>& [01;31m[KTorqueSubscriber[m[K::getTorqueValues() const {
      |                       [01;31m[K^~~~~~~~~~~~~~~~[m[K
In file included from [01m[K/home/diablo/diablo_torqueHDRL/src/jointctrlsdk/src/diablo_torque.cpp:2[m[K:
[01m[K/home/diablo/diablo_torqueHDRL/src/jointctrlsdk/include/diablo_tctrl.hpp:15:18:[m[K [01;36m[Knote: [m[Kcandidate is: ‘[01m[Kconst float* TorqueSubscriber::getTorqueValues() const[m[K’
   15 |     const float* [01;36m[KgetTorqueValues[m[K() const;
      |                  [01;36m[K^~~~~~~~~~~~~~~[m[K
[01m[K/home/diablo/diablo_torqueHDRL/src/jointctrlsdk/include/diablo_tctrl.hpp:9:7:[m[K [01;36m[Knote: [m[K‘[01m[Kclass TorqueSubscriber[m[K’ defined here
    9 | class [01;36m[KTorqueSubscriber[m[K : public rclcpp::Node
      |       [01;36m[K^~~~~~~~~~~~~~~~[m[K
[01m[K/home/diablo/diablo_torqueHDRL/src/jointctrlsdk/src/diablo_torque.cpp:[m[K In function ‘[01m[Kint main(int, char**)[m[K’:
[01m[K/home/diablo/diablo_torqueHDRL/src/jointctrlsdk/src/diablo_torque.cpp:43:38:[m[K [01;31m[Kerror: [m[Kcannot convert ‘[01m[KTorqueSubscriber::getTorqueValues[m[K’ from type ‘[01m[Kconst float* (TorqueSubscriber::)() const[m[K’ to type ‘[01m[Kfloat[m[K’
   43 |         float torque_values2 = node->[01;31m[KgetTorqueValues[m[K;
      |                                      [01;31m[K^~~~~~~~~~~~~~~[m[K
[01m[K/home/diablo/diablo_torqueHDRL/src/jointctrlsdk/src/diablo_torque.cpp:48:19:[m[K [01;31m[Kerror: [m[Kexpected unqualified-id before ‘[01m[K=[m[K’ token
   48 |         for(size_t[01;31m[K=[m[Ki; i<torque_values.size();i++){
      |                   [01;31m[K^[m[K
[01m[K/home/diablo/diablo_torqueHDRL/src/jointctrlsdk/src/diablo_torque.cpp:48:19:[m[K [01;31m[Kerror: [m[Kexpected ‘[01m[K;[m[K’ before ‘[01m[K=[m[K’ token
   48 |         for(size_t[01;31m[K=[m[Ki; i<torque_values.size();i++){
      |                   [01;31m[K^[m[K
      |                   [32m[K;[m[K
[01m[K/home/diablo/diablo_torqueHDRL/src/jointctrlsdk/src/diablo_torque.cpp:48:19:[m[K [01;31m[Kerror: [m[Kexpected primary-expression before ‘[01m[K=[m[K’ token
[01m[K/home/diablo/diablo_torqueHDRL/src/jointctrlsdk/src/diablo_torque.cpp:48:20:[m[K [01;31m[Kerror: [m[K‘[01m[Ki[m[K’ was not declared in this scope
   48 |         for(size_t=[01;31m[Ki[m[K; i<torque_values.size();i++){
      |                    [01;31m[K^[m[K
[01m[K/home/diablo/diablo_torqueHDRL/src/jointctrlsdk/src/diablo_torque.cpp:48:25:[m[K [01;31m[Kerror: [m[K‘[01m[Ktorque_values[m[K’ was not declared in this scope; did you mean ‘[01m[Ktorque_values2[m[K’?
   48 |         for(size_t=i; i<[01;31m[Ktorque_values[m[K.size();i++){
      |                         [01;31m[K^~~~~~~~~~~~~[m[K
      |                         [32m[Ktorque_values2[m[K
[01m[K/home/diablo/diablo_torqueHDRL/src/jointctrlsdk/src/diablo_torque.cpp:48:45:[m[K [01;31m[Kerror: [m[Kexpected ‘[01m[K)[m[K’ before ‘[01m[K;[m[K’ token
   48 |         for[34m[K([m[Ksize_t=i; i<torque_values.size()[01;31m[K;[m[Ki++){
      |            [34m[K~[m[K                                [01;31m[K^[m[K
      |                                             [32m[K)[m[K
[01m[K/home/diablo/diablo_torqueHDRL/src/jointctrlsdk/src/diablo_torque.cpp:48:9:[m[K [01;35m[Kwarning: [m[Kthis ‘[01m[Kfor[m[K’ clause does not guard... [[01;35m[K-Wmisleading-indentation[m[K]
   48 |         [01;35m[Kfor[m[K(size_t=i; i<torque_values.size();i++){
      |         [01;35m[K^~~[m[K
[01m[K/home/diablo/diablo_torqueHDRL/src/jointctrlsdk/src/diablo_torque.cpp:48:46:[m[K [01;36m[Knote: [m[K...this statement, but the latter is misleadingly indented as if it were guarded by the ‘[01m[Kfor[m[K’
   48 |         for(size_t=i; i<torque_values.size();[01;36m[Ki[m[K++){
      |                                              [01;36m[K^[m[K
[01m[K/home/diablo/diablo_torqueHDRL/src/jointctrlsdk/src/diablo_torque.cpp:48:46:[m[K [01;31m[Kerror: [m[K‘[01m[Ki[m[K’ was not declared in this scope
[01m[K/home/diablo/diablo_torqueHDRL/src/jointctrlsdk/src/diablo_torque.cpp:52:31:[m[K [01;31m[Kerror: [m[Kcannot convert ‘[01m[Kfloat[m[K’ to ‘[01m[K_Float32*[m[K’ {aka ‘[01m[Kfloat*[m[K’}
   52 |         handle.create_package([01;31m[Ktorque_values2[m[K, send_struct);
      |                               [01;31m[K^~~~~~~~~~~~~~[m[K
      |                               [01;31m[K|[m[K
      |                               [01;31m[Kfloat[m[K
In file included from [01m[K/home/diablo/diablo_torqueHDRL/src/jointctrlsdk/src/diablo_torque.cpp:3[m[K:
[01m[K/home/diablo/diablo_torqueHDRL/src/jointctrlsdk/include/serial_handle.hpp:35:35:[m[K [01;36m[Knote: [m[K  initializing argument 1 of ‘[01m[Kvoid SerialHandle::create_package(_Float32*, motor_torque_t&)[m[K’
   35 |     void create_package([01;36m[K_Float32* motor_tor[m[K,motor_torque_t &motor_package);
      |                         [01;36m[K~~~~~~~~~~^~~~~~~~~[m[K
make[2]: *** [CMakeFiles/diablo_torquesubscriber.dir/build.make:63: CMakeFiles/diablo_torquesubscriber.dir/src/diablo_torque.cpp.o] Error 1
make[1]: *** [CMakeFiles/Makefile2:80: CMakeFiles/diablo_torquesubscriber.dir/all] Error 2
make: *** [Makefile:141: all] Error 2
