[0.124s] Invoking command in '/home/diablo/diablo_torqueHDRL/build/jointctrlsdk': AMENT_PREFIX_PATH=/home/diablo/diablo_torqueHDRL/install/torque_interfaces:${AMENT_PREFIX_PATH} CMAKE_PREFIX_PATH=/home/diablo/diablo_torqueHDRL/install/torque_interfaces:/home/diablo/diablo_ws/install/diablo_ctrl:/home/diablo/diablo_ws/install/diablo_body:/home/diablo/diablo_ws/install/diablo_utils:/home/diablo/diablo_ws/install/motion_msgs:/home/diablo/diablo_ws/install/ception_msgs:/home/diablo/diablo_ws/install/diablo_teleop:/opt/ros/foxy LD_LIBRARY_PATH=/home/diablo/diablo_torqueHDRL/install/torque_interfaces/lib:${LD_LIBRARY_PATH} PYTHONPATH=/home/diablo/diablo_torqueHDRL/install/torque_interfaces/lib/python3.8/site-packages:${PYTHONPATH} /usr/bin/cmake --build /home/diablo/diablo_torqueHDRL/build/jointctrlsdk -- -j4 -l4
[0.768s] [ 50%] Built target jointctrlsdk_core
[0.848s] [ 75%] Built target torque_msg_subscribe
[0.972s] [100%] Built target diablo_torquesubscriber
[1.023s] Invoked command in '/home/diablo/diablo_torqueHDRL/build/jointctrlsdk' returned '0': AMENT_PREFIX_PATH=/home/diablo/diablo_torqueHDRL/install/torque_interfaces:${AMENT_PREFIX_PATH} CMAKE_PREFIX_PATH=/home/diablo/diablo_torqueHDRL/install/torque_interfaces:/home/diablo/diablo_ws/install/diablo_ctrl:/home/diablo/diablo_ws/install/diablo_body:/home/diablo/diablo_ws/install/diablo_utils:/home/diablo/diablo_ws/install/motion_msgs:/home/diablo/diablo_ws/install/ception_msgs:/home/diablo/diablo_ws/install/diablo_teleop:/opt/ros/foxy LD_LIBRARY_PATH=/home/diablo/diablo_torqueHDRL/install/torque_interfaces/lib:${LD_LIBRARY_PATH} PYTHONPATH=/home/diablo/diablo_torqueHDRL/install/torque_interfaces/lib/python3.8/site-packages:${PYTHONPATH} /usr/bin/cmake --build /home/diablo/diablo_torqueHDRL/build/jointctrlsdk -- -j4 -l4
[1.291s] Invoking command in '/home/diablo/diablo_torqueHDRL/build/jointctrlsdk': AMENT_PREFIX_PATH=/home/diablo/diablo_torqueHDRL/install/torque_interfaces:${AMENT_PREFIX_PATH} CMAKE_PREFIX_PATH=/home/diablo/diablo_torqueHDRL/install/torque_interfaces:/home/diablo/diablo_ws/install/diablo_ctrl:/home/diablo/diablo_ws/install/diablo_body:/home/diablo/diablo_ws/install/diablo_utils:/home/diablo/diablo_ws/install/motion_msgs:/home/diablo/diablo_ws/install/ception_msgs:/home/diablo/diablo_ws/install/diablo_teleop:/opt/ros/foxy LD_LIBRARY_PATH=/home/diablo/diablo_torqueHDRL/install/torque_interfaces/lib:${LD_LIBRARY_PATH} PYTHONPATH=/home/diablo/diablo_torqueHDRL/install/torque_interfaces/lib/python3.8/site-packages:${PYTHONPATH} /usr/bin/cmake --install /home/diablo/diablo_torqueHDRL/build/jointctrlsdk
[1.336s] -- Install configuration: ""
[1.337s] -- Up-to-date: /home/diablo/diablo_torqueHDRL/install/jointctrlsdk/include/
[1.338s] -- Up-to-date: /home/diablo/diablo_torqueHDRL/install/jointctrlsdk/include//jointctrlsdk
[1.339s] -- Up-to-date: /home/diablo/diablo_torqueHDRL/install/jointctrlsdk/include//joint_ctrl_protocol.h
[1.340s] -- Up-to-date: /home/diablo/diablo_torqueHDRL/install/jointctrlsdk/include//crc_verify.hpp
[1.340s] -- Up-to-date: /home/diablo/diablo_torqueHDRL/install/jointctrlsdk/include//VulcanSerial
[1.341s] -- Up-to-date: /home/diablo/diablo_torqueHDRL/install/jointctrlsdk/include//VulcanSerial/Exception.hpp
[1.341s] -- Up-to-date: /home/diablo/diablo_torqueHDRL/install/jointctrlsdk/include//VulcanSerial/SerialPort.hpp
[1.342s] -- Up-to-date: /home/diablo/diablo_torqueHDRL/install/jointctrlsdk/include//diablo_tctrl.hpp
[1.342s] -- Up-to-date: /home/diablo/diablo_torqueHDRL/install/jointctrlsdk/include//serial_handle.hpp
[1.346s] -- Up-to-date: /home/diablo/diablo_torqueHDRL/install/jointctrlsdk/lib/libjointctrlsdk_core.so
[1.352s] -- Up-to-date: /home/diablo/diablo_torqueHDRL/install/jointctrlsdk/lib/jointctrlsdk/diablo_torquesubscriber
[1.357s] -- Up-to-date: /home/diablo/diablo_torqueHDRL/install/jointctrlsdk/lib/jointctrlsdk/torque_msg_subscribe
[1.359s] -- Up-to-date: /home/diablo/diablo_torqueHDRL/install/jointctrlsdk/include/jointctrlsdk
[1.360s] -- Up-to-date: /home/diablo/diablo_torqueHDRL/install/jointctrlsdk/include/jointctrlsdk/jointctrlsdk
[1.361s] -- Up-to-date: /home/diablo/diablo_torqueHDRL/install/jointctrlsdk/include/jointctrlsdk/joint_ctrl_protocol.h
[1.361s] -- Up-to-date: /home/diablo/diablo_torqueHDRL/install/jointctrlsdk/include/jointctrlsdk/crc_verify.hpp
[1.362s] -- Up-to-date: /home/diablo/diablo_torqueHDRL/install/jointctrlsdk/include/jointctrlsdk/VulcanSerial
[1.363s] -- Up-to-date: /home/diablo/diablo_torqueHDRL/install/jointctrlsdk/include/jointctrlsdk/VulcanSerial/Exception.hpp
[1.363s] -- Up-to-date: /home/diablo/diablo_torqueHDRL/install/jointctrlsdk/include/jointctrlsdk/VulcanSerial/SerialPort.hpp
[1.364s] -- Up-to-date: /home/diablo/diablo_torqueHDRL/install/jointctrlsdk/include/jointctrlsdk/diablo_tctrl.hpp
[1.364s] -- Up-to-date: /home/diablo/diablo_torqueHDRL/install/jointctrlsdk/include/jointctrlsdk/serial_handle.hpp
[1.365s] -- Up-to-date: /home/diablo/diablo_torqueHDRL/install/jointctrlsdk/lib/libjointctrlsdk_core.so
[1.369s] -- Up-to-date: /home/diablo/diablo_torqueHDRL/install/jointctrlsdk/share/jointctrlsdk/environment/library_path.sh
[1.370s] -- Up-to-date: /home/diablo/diablo_torqueHDRL/install/jointctrlsdk/share/jointctrlsdk/environment/library_path.dsv
[1.373s] -- Up-to-date: /home/diablo/diablo_torqueHDRL/install/jointctrlsdk/share/ament_index/resource_index/package_run_dependencies/jointctrlsdk
[1.374s] -- Up-to-date: /home/diablo/diablo_torqueHDRL/install/jointctrlsdk/share/ament_index/resource_index/parent_prefix_path/jointctrlsdk
[1.375s] -- Up-to-date: /home/diablo/diablo_torqueHDRL/install/jointctrlsdk/share/jointctrlsdk/environment/ament_prefix_path.sh
[1.375s] -- Up-to-date: /home/diablo/diablo_torqueHDRL/install/jointctrlsdk/share/jointctrlsdk/environment/ament_prefix_path.dsv
[1.376s] -- Up-to-date: /home/diablo/diablo_torqueHDRL/install/jointctrlsdk/share/jointctrlsdk/environment/path.sh
[1.376s] -- Up-to-date: /home/diablo/diablo_torqueHDRL/install/jointctrlsdk/share/jointctrlsdk/environment/path.dsv
[1.377s] -- Up-to-date: /home/diablo/diablo_torqueHDRL/install/jointctrlsdk/share/jointctrlsdk/local_setup.bash
[1.378s] -- Up-to-date: /home/diablo/diablo_torqueHDRL/install/jointctrlsdk/share/jointctrlsdk/local_setup.sh
[1.378s] -- Up-to-date: /home/diablo/diablo_torqueHDRL/install/jointctrlsdk/share/jointctrlsdk/local_setup.zsh
[1.379s] -- Up-to-date: /home/diablo/diablo_torqueHDRL/install/jointctrlsdk/share/jointctrlsdk/local_setup.dsv
[1.379s] -- Installing: /home/diablo/diablo_torqueHDRL/install/jointctrlsdk/share/jointctrlsdk/package.dsv
[1.383s] -- Up-to-date: /home/diablo/diablo_torqueHDRL/install/jointctrlsdk/share/ament_index/resource_index/packages/jointctrlsdk
[1.384s] -- Up-to-date: /home/diablo/diablo_torqueHDRL/install/jointctrlsdk/share/jointctrlsdk/cmake/ament_cmake_export_include_directories-extras.cmake
[1.385s] -- Up-to-date: /home/diablo/diablo_torqueHDRL/install/jointctrlsdk/share/jointctrlsdk/cmake/ament_cmake_export_libraries-extras.cmake
[1.386s] -- Up-to-date: /home/diablo/diablo_torqueHDRL/install/jointctrlsdk/share/jointctrlsdk/cmake/ament_cmake_export_dependencies-extras.cmake
[1.387s] -- Up-to-date: /home/diablo/diablo_torqueHDRL/install/jointctrlsdk/share/jointctrlsdk/cmake/jointctrlsdkConfig.cmake
[1.388s] -- Up-to-date: /home/diablo/diablo_torqueHDRL/install/jointctrlsdk/share/jointctrlsdk/cmake/jointctrlsdkConfig-version.cmake
[1.388s] -- Up-to-date: /home/diablo/diablo_torqueHDRL/install/jointctrlsdk/share/jointctrlsdk/package.xml
[1.398s] Invoked command in '/home/diablo/diablo_torqueHDRL/build/jointctrlsdk' returned '0': AMENT_PREFIX_PATH=/home/diablo/diablo_torqueHDRL/install/torque_interfaces:${AMENT_PREFIX_PATH} CMAKE_PREFIX_PATH=/home/diablo/diablo_torqueHDRL/install/torque_interfaces:/home/diablo/diablo_ws/install/diablo_ctrl:/home/diablo/diablo_ws/install/diablo_body:/home/diablo/diablo_ws/install/diablo_utils:/home/diablo/diablo_ws/install/motion_msgs:/home/diablo/diablo_ws/install/ception_msgs:/home/diablo/diablo_ws/install/diablo_teleop:/opt/ros/foxy LD_LIBRARY_PATH=/home/diablo/diablo_torqueHDRL/install/torque_interfaces/lib:${LD_LIBRARY_PATH} PYTHONPATH=/home/diablo/diablo_torqueHDRL/install/torque_interfaces/lib/python3.8/site-packages:${PYTHONPATH} /usr/bin/cmake --install /home/diablo/diablo_torqueHDRL/build/jointctrlsdk
