[0.102s] Invoking command in '/home/diablo/diablo_torqueHDRL/build/jointctrlsdk': CMAKE_PREFIX_PATH=/home/diablo/diablo_torqueHDRL/install/torque_interfaces:/home/diablo/diablo_torqueHDRL/install/jointctrlsdk:/home/diablo/diablo_ws/install/diablo_ctrl:/home/diablo/diablo_ws/install/diablo_body:/home/diablo/diablo_ws/install/diablo_utils:/home/diablo/diablo_ws/install/motion_msgs:/home/diablo/diablo_ws/install/ception_msgs:/home/diablo/diablo_ws/install/diablo_teleop:/opt/ros/foxy LD_LIBRARY_PATH=/home/diablo/diablo_torqueHDRL/install/torque_interfaces/lib:/home/diablo/diablo_torqueHDRL/install/jointctrlsdk/lib:/home/diablo/diablo_ws/install/diablo_body/lib:/home/diablo/diablo_ws/install/diablo_utils/lib:/home/diablo/diablo_ws/install/motion_msgs/lib:/home/diablo/diablo_ws/install/ception_msgs/lib:/opt/ros/foxy/opt/yaml_cpp_vendor/lib:/opt/ros/foxy/opt/rviz_ogre_vendor/lib:/opt/ros/foxy/lib/aarch64-linux-gnu:/opt/ros/foxy/lib /usr/bin/cmake --build /home/diablo/diablo_torqueHDRL/build/jointctrlsdk -- -j4 -l4
[0.469s] [ 66%] Built target jointctrlsdk_core
[0.542s] [35m[1mScanning dependencies of target diablo_torquesubscriber[0m
[0.722s] [ 83%] [32mBuilding CXX object CMakeFiles/diablo_torquesubscriber.dir/src/diablo_torque.cpp.o[0m
[6.934s] [01m[K/home/diablo/diablo_torqueHDRL/src/jointctrlsdk/src/diablo_torque.cpp:[m[K In member function ‘[01m[Kvoid TorqueSubscriber::torque_callback(torque_interfaces::msg::Torque_<std::allocator<void> >::SharedPtr)[m[K’:
[6.938s] [01m[K/home/diablo/diablo_torqueHDRL/src/jointctrlsdk/src/diablo_torque.cpp:33:19:[m[K [01;31m[Kerror: [m[Kno match for ‘[01m[Koperator<<[m[K’ (operand types are ‘[01m[Kstd::ostream[m[K’ {aka ‘[01m[Kstd::basic_ostream<char>[m[K’} and ‘[01m[Kstd::array<float, 6>[m[K’)
[6.940s]    33 |         [32m[Kstd::cout[m[K [01;31m[K<<[m[K [34m[Ktorque_values_[m[K;
[6.942s]       |         [32m[K~~~~~~~~~[m[K [01;31m[K^~[m[K [34m[K~~~~~~~~~~~~~~[m[K
[6.942s]       |              [32m[K|[m[K       [34m[K|[m[K
[6.943s]       |              [32m[K|[m[K       [34m[Kstd::array<float, 6>[m[K
[6.943s]       |              [32m[Kstd::ostream {aka std::basic_ostream<char>}[m[K
[6.943s] In file included from [01m[K/usr/include/c++/9/iostream:39[m[K,
[6.944s]                  from [01m[K/home/diablo/diablo_torqueHDRL/src/jointctrlsdk/src/diablo_torque.cpp:1[m[K:
[6.944s] [01m[K/usr/include/c++/9/ostream:108:7:[m[K [01;36m[Knote: [m[Kcandidate: ‘[01m[Kstd::basic_ostream<_CharT, _Traits>::__ostream_type& std::basic_ostream<_CharT, _Traits>::operator<<(std::basic_ostream<_CharT, _Traits>::__ostream_type& (*)(std::basic_ostream<_CharT, _Traits>::__ostream_type&)) [with _CharT = char; _Traits = std::char_traits<char>; std::basic_ostream<_CharT, _Traits>::__ostream_type = std::basic_ostream<char>][m[K’
[6.945s]   108 |       [01;36m[Koperator[m[K<<(__ostream_type& (*__pf)(__ostream_type&))
[6.945s]       |       [01;36m[K^~~~~~~~[m[K
[6.946s] [01m[K/usr/include/c++/9/ostream:108:36:[m[K [01;36m[Knote: [m[K  no known conversion for argument 1 from ‘[01m[Kstd::array<float, 6>[m[K’ to ‘[01m[Kstd::basic_ostream<char>::__ostream_type& (*)(std::basic_ostream<char>::__ostream_type&)[m[K’ {aka ‘[01m[Kstd::basic_ostream<char>& (*)(std::basic_ostream<char>&)[m[K’}
[6.946s]   108 |       operator<<([01;36m[K__ostream_type& (*__pf)(__ostream_type&)[m[K)
[6.947s]       |                  [01;36m[K~~~~~~~~~~~~~~~~~~^~~~~~~~~~~~~~~~~~~~~~[m[K
[6.947s] [01m[K/usr/include/c++/9/ostream:117:7:[m[K [01;36m[Knote: [m[Kcandidate: ‘[01m[Kstd::basic_ostream<_CharT, _Traits>::__ostream_type& std::basic_ostream<_CharT, _Traits>::operator<<(std::basic_ostream<_CharT, _Traits>::__ios_type& (*)(std::basic_ostream<_CharT, _Traits>::__ios_type&)) [with _CharT = char; _Traits = std::char_traits<char>; std::basic_ostream<_CharT, _Traits>::__ostream_type = std::basic_ostream<char>; std::basic_ostream<_CharT, _Traits>::__ios_type = std::basic_ios<char>][m[K’
[6.948s]   117 |       [01;36m[Koperator[m[K<<(__ios_type& (*__pf)(__ios_type&))
[6.948s]       |       [01;36m[K^~~~~~~~[m[K
[6.948s] [01m[K/usr/include/c++/9/ostream:117:32:[m[K [01;36m[Knote: [m[K  no known conversion for argument 1 from ‘[01m[Kstd::array<float, 6>[m[K’ to ‘[01m[Kstd::basic_ostream<char>::__ios_type& (*)(std::basic_ostream<char>::__ios_type&)[m[K’ {aka ‘[01m[Kstd::basic_ios<char>& (*)(std::basic_ios<char>&)[m[K’}
[6.949s]   117 |       operator<<([01;36m[K__ios_type& (*__pf)(__ios_type&)[m[K)
[6.949s]       |                  [01;36m[K~~~~~~~~~~~~~~^~~~~~~~~~~~~~~~~~[m[K
[6.950s] [01m[K/usr/include/c++/9/ostream:127:7:[m[K [01;36m[Knote: [m[Kcandidate: ‘[01m[Kstd::basic_ostream<_CharT, _Traits>::__ostream_type& std::basic_ostream<_CharT, _Traits>::operator<<(std::ios_base& (*)(std::ios_base&)) [with _CharT = char; _Traits = std::char_traits<char>; std::basic_ostream<_CharT, _Traits>::__ostream_type = std::basic_ostream<char>][m[K’
[6.950s]   127 |       [01;36m[Koperator[m[K<<(ios_base& (*__pf) (ios_base&))
[6.951s]       |       [01;36m[K^~~~~~~~[m[K
[6.951s] [01m[K/usr/include/c++/9/ostream:127:30:[m[K [01;36m[Knote: [m[K  no known conversion for argument 1 from ‘[01m[Kstd::array<float, 6>[m[K’ to ‘[01m[Kstd::ios_base& (*)(std::ios_base&)[m[K’
[6.952s]   127 |       operator<<([01;36m[Kios_base& (*__pf) (ios_base&)[m[K)
[6.952s]       |                  [01;36m[K~~~~~~~~~~~~^~~~~~~~~~~~~~~~~[m[K
[6.953s] [01m[K/usr/include/c++/9/ostream:166:7:[m[K [01;36m[Knote: [m[Kcandidate: ‘[01m[Kstd::basic_ostream<_CharT, _Traits>::__ostream_type& std::basic_ostream<_CharT, _Traits>::operator<<(long int) [with _CharT = char; _Traits = std::char_traits<char>; std::basic_ostream<_CharT, _Traits>::__ostream_type = std::basic_ostream<char>][m[K’
[6.953s]   166 |       [01;36m[Koperator[m[K<<(long __n)
[6.954s]       |       [01;36m[K^~~~~~~~[m[K
[6.954s] [01m[K/usr/include/c++/9/ostream:166:23:[m[K [01;36m[Knote: [m[K  no known conversion for argument 1 from ‘[01m[Kstd::array<float, 6>[m[K’ to ‘[01m[Klong int[m[K’
[6.955s]   166 |       operator<<([01;36m[Klong __n[m[K)
[6.955s]       |                  [01;36m[K~~~~~^~~[m[K
[6.956s] [01m[K/usr/include/c++/9/ostream:170:7:[m[K [01;36m[Knote: [m[Kcandidate: ‘[01m[Kstd::basic_ostream<_CharT, _Traits>::__ostream_type& std::basic_ostream<_CharT, _Traits>::operator<<(long unsigned int) [with _CharT = char; _Traits = std::char_traits<char>; std::basic_ostream<_CharT, _Traits>::__ostream_type = std::basic_ostream<char>][m[K’
[6.956s]   170 |       [01;36m[Koperator[m[K<<(unsigned long __n)
[6.956s]       |       [01;36m[K^~~~~~~~[m[K
[6.957s] [01m[K/usr/include/c++/9/ostream:170:32:[m[K [01;36m[Knote: [m[K  no known conversion for argument 1 from ‘[01m[Kstd::array<float, 6>[m[K’ to ‘[01m[Klong unsigned int[m[K’
[6.958s]   170 |       operator<<([01;36m[Kunsigned long __n[m[K)
[6.958s]       |                  [01;36m[K~~~~~~~~~~~~~~^~~[m[K
[6.958s] [01m[K/usr/include/c++/9/ostream:174:7:[m[K [01;36m[Knote: [m[Kcandidate: ‘[01m[Kstd::basic_ostream<_CharT, _Traits>::__ostream_type& std::basic_ostream<_CharT, _Traits>::operator<<(bool) [with _CharT = char; _Traits = std::char_traits<char>; std::basic_ostream<_CharT, _Traits>::__ostream_type = std::basic_ostream<char>][m[K’
[6.959s]   174 |       [01;36m[Koperator[m[K<<(bool __n)
[6.959s]       |       [01;36m[K^~~~~~~~[m[K
[6.960s] [01m[K/usr/include/c++/9/ostream:174:23:[m[K [01;36m[Knote: [m[K  no known conversion for argument 1 from ‘[01m[Kstd::array<float, 6>[m[K’ to ‘[01m[Kbool[m[K’
[6.960s]   174 |       operator<<([01;36m[Kbool __n[m[K)
[6.961s]       |                  [01;36m[K~~~~~^~~[m[K
[6.962s] In file included from [01m[K/usr/include/c++/9/ostream:702[m[K,
[6.962s]                  from [01m[K/usr/include/c++/9/iostream:39[m[K,
[6.963s]                  from [01m[K/home/diablo/diablo_torqueHDRL/src/jointctrlsdk/src/diablo_torque.cpp:1[m[K:
[6.963s] [01m[K/usr/include/c++/9/bits/ostream.tcc:91:5:[m[K [01;36m[Knote: [m[Kcandidate: ‘[01m[Kstd::basic_ostream<_CharT, _Traits>& std::basic_ostream<_CharT, _Traits>::operator<<(short int) [with _CharT = char; _Traits = std::char_traits<char>][m[K’
[6.964s]    91 |     [01;36m[Kbasic_ostream<_CharT, _Traits>[m[K::
[6.964s]       |     [01;36m[K^~~~~~~~~~~~~~~~~~~~~~~~~~~~~~[m[K
[6.965s] [01m[K/usr/include/c++/9/bits/ostream.tcc:92:22:[m[K [01;36m[Knote: [m[K  no known conversion for argument 1 from ‘[01m[Kstd::array<float, 6>[m[K’ to ‘[01m[Kshort int[m[K’
[6.965s]    92 |     operator<<([01;36m[Kshort __n[m[K)
[6.966s]       |                [01;36m[K~~~~~~^~~[m[K
[6.966s] In file included from [01m[K/usr/include/c++/9/iostream:39[m[K,
[6.967s]                  from [01m[K/home/diablo/diablo_torqueHDRL/src/jointctrlsdk/src/diablo_torque.cpp:1[m[K:
[6.967s] [01m[K/usr/include/c++/9/ostream:181:7:[m[K [01;36m[Knote: [m[Kcandidate: ‘[01m[Kstd::basic_ostream<_CharT, _Traits>::__ostream_type& std::basic_ostream<_CharT, _Traits>::operator<<(short unsigned int) [with _CharT = char; _Traits = std::char_traits<char>; std::basic_ostream<_CharT, _Traits>::__ostream_type = std::basic_ostream<char>][m[K’
[6.967s]   181 |       [01;36m[Koperator[m[K<<(unsigned short __n)
[6.968s]       |       [01;36m[K^~~~~~~~[m[K
[6.969s] [01m[K/usr/include/c++/9/ostream:181:33:[m[K [01;36m[Knote: [m[K  no known conversion for argument 1 from ‘[01m[Kstd::array<float, 6>[m[K’ to ‘[01m[Kshort unsigned int[m[K’
[6.969s]   181 |       operator<<([01;36m[Kunsigned short __n[m[K)
[6.970s]       |                  [01;36m[K~~~~~~~~~~~~~~~^~~[m[K
[6.970s] In file included from [01m[K/usr/include/c++/9/ostream:702[m[K,
[6.971s]                  from [01m[K/usr/include/c++/9/iostream:39[m[K,
[6.971s]                  from [01m[K/home/diablo/diablo_torqueHDRL/src/jointctrlsdk/src/diablo_torque.cpp:1[m[K:
[6.972s] [01m[K/usr/include/c++/9/bits/ostream.tcc:105:5:[m[K [01;36m[Knote: [m[Kcandidate: ‘[01m[Kstd::basic_ostream<_CharT, _Traits>& std::basic_ostream<_CharT, _Traits>::operator<<(int) [with _CharT = char; _Traits = std::char_traits<char>][m[K’
[6.972s]   105 |     [01;36m[Kbasic_ostream<_CharT, _Traits>[m[K::
[6.973s]       |     [01;36m[K^~~~~~~~~~~~~~~~~~~~~~~~~~~~~~[m[K
[6.973s] [01m[K/usr/include/c++/9/bits/ostream.tcc:106:20:[m[K [01;36m[Knote: [m[K  no known conversion for argument 1 from ‘[01m[Kstd::array<float, 6>[m[K’ to ‘[01m[Kint[m[K’
[6.974s]   106 |     operator<<([01;36m[Kint __n[m[K)
[6.974s]       |                [01;36m[K~~~~^~~[m[K
[6.975s] In file included from [01m[K/usr/include/c++/9/iostream:39[m[K,
[6.975s]                  from [01m[K/home/diablo/diablo_torqueHDRL/src/jointctrlsdk/src/diablo_torque.cpp:1[m[K:
[6.975s] [01m[K/usr/include/c++/9/ostream:192:7:[m[K [01;36m[Knote: [m[Kcandidate: ‘[01m[Kstd::basic_ostream<_CharT, _Traits>::__ostream_type& std::basic_ostream<_CharT, _Traits>::operator<<(unsigned int) [with _CharT = char; _Traits = std::char_traits<char>; std::basic_ostream<_CharT, _Traits>::__ostream_type = std::basic_ostream<char>][m[K’
[6.976s]   192 |       [01;36m[Koperator[m[K<<(unsigned int __n)
[6.976s]       |       [01;36m[K^~~~~~~~[m[K
[6.977s] [01m[K/usr/include/c++/9/ostream:192:31:[m[K [01;36m[Knote: [m[K  no known conversion for argument 1 from ‘[01m[Kstd::array<float, 6>[m[K’ to ‘[01m[Kunsigned int[m[K’
[6.977s]   192 |       operator<<([01;36m[Kunsigned int __n[m[K)
[6.978s]       |                  [01;36m[K~~~~~~~~~~~~~^~~[m[K
[6.978s] [01m[K/usr/include/c++/9/ostream:201:7:[m[K [01;36m[Knote: [m[Kcandidate: ‘[01m[Kstd::basic_ostream<_CharT, _Traits>::__ostream_type& std::basic_ostream<_CharT, _Traits>::operator<<(long long int) [with _CharT = char; _Traits = std::char_traits<char>; std::basic_ostream<_CharT, _Traits>::__ostream_type = std::basic_ostream<char>][m[K’
[6.979s]   201 |       [01;36m[Koperator[m[K<<(long long __n)
[6.979s]       |       [01;36m[K^~~~~~~~[m[K
[6.979s] [01m[K/usr/include/c++/9/ostream:201:28:[m[K [01;36m[Knote: [m[K  no known conversion for argument 1 from ‘[01m[Kstd::array<float, 6>[m[K’ to ‘[01m[Klong long int[m[K’
[6.980s]   201 |       operator<<([01;36m[Klong long __n[m[K)
[6.980s]       |                  [01;36m[K~~~~~~~~~~^~~[m[K
[6.981s] [01m[K/usr/include/c++/9/ostream:205:7:[m[K [01;36m[Knote: [m[Kcandidate: ‘[01m[Kstd::basic_ostream<_CharT, _Traits>::__ostream_type& std::basic_ostream<_CharT, _Traits>::operator<<(long long unsigned int) [with _CharT = char; _Traits = std::char_traits<char>; std::basic_ostream<_CharT, _Traits>::__ostream_type = std::basic_ostream<char>][m[K’
[6.981s]   205 |       [01;36m[Koperator[m[K<<(unsigned long long __n)
[6.982s]       |       [01;36m[K^~~~~~~~[m[K
[6.982s] [01m[K/usr/include/c++/9/ostream:205:37:[m[K [01;36m[Knote: [m[K  no known conversion for argument 1 from ‘[01m[Kstd::array<float, 6>[m[K’ to ‘[01m[Klong long unsigned int[m[K’
[6.983s]   205 |       operator<<([01;36m[Kunsigned long long __n[m[K)
[6.983s]       |                  [01;36m[K~~~~~~~~~~~~~~~~~~~^~~[m[K
[6.983s] [01m[K/usr/include/c++/9/ostream:220:7:[m[K [01;36m[Knote: [m[Kcandidate: ‘[01m[Kstd::basic_ostream<_CharT, _Traits>::__ostream_type& std::basic_ostream<_CharT, _Traits>::operator<<(double) [with _CharT = char; _Traits = std::char_traits<char>; std::basic_ostream<_CharT, _Traits>::__ostream_type = std::basic_ostream<char>][m[K’
[6.984s]   220 |       [01;36m[Koperator[m[K<<(double __f)
[6.984s]       |       [01;36m[K^~~~~~~~[m[K
[6.985s] [01m[K/usr/include/c++/9/ostream:220:25:[m[K [01;36m[Knote: [m[K  no known conversion for argument 1 from ‘[01m[Kstd::array<float, 6>[m[K’ to ‘[01m[Kdouble[m[K’
[6.985s]   220 |       operator<<([01;36m[Kdouble __f[m[K)
[6.986s]       |                  [01;36m[K~~~~~~~^~~[m[K
[6.986s] [01m[K/usr/include/c++/9/ostream:224:7:[m[K [01;36m[Knote: [m[Kcandidate: ‘[01m[Kstd::basic_ostream<_CharT, _Traits>::__ostream_type& std::basic_ostream<_CharT, _Traits>::operator<<(float) [with _CharT = char; _Traits = std::char_traits<char>; std::basic_ostream<_CharT, _Traits>::__ostream_type = std::basic_ostream<char>][m[K’
[6.987s]   224 |       [01;36m[Koperator[m[K<<(float __f)
[6.987s]       |       [01;36m[K^~~~~~~~[m[K
[6.988s] [01m[K/usr/include/c++/9/ostream:224:24:[m[K [01;36m[Knote: [m[K  no known conversion for argument 1 from ‘[01m[Kstd::array<float, 6>[m[K’ to ‘[01m[Kfloat[m[K’
[6.988s]   224 |       operator<<([01;36m[Kfloat __f[m[K)
[6.989s]       |                  [01;36m[K~~~~~~^~~[m[K
[6.990s] [01m[K/usr/include/c++/9/ostream:232:7:[m[K [01;36m[Knote: [m[Kcandidate: ‘[01m[Kstd::basic_ostream<_CharT, _Traits>::__ostream_type& std::basic_ostream<_CharT, _Traits>::operator<<(long double) [with _CharT = char; _Traits = std::char_traits<char>; std::basic_ostream<_CharT, _Traits>::__ostream_type = std::basic_ostream<char>][m[K’
[6.991s]   232 |       [01;36m[Koperator[m[K<<(long double __f)
[6.991s]       |       [01;36m[K^~~~~~~~[m[K
[6.991s] [01m[K/usr/include/c++/9/ostream:232:30:[m[K [01;36m[Knote: [m[K  no known conversion for argument 1 from ‘[01m[Kstd::array<float, 6>[m[K’ to ‘[01m[Klong double[m[K’
[6.992s]   232 |       operator<<([01;36m[Klong double __f[m[K)
[6.992s]       |                  [01;36m[K~~~~~~~~~~~~^~~[m[K
[6.993s] [01m[K/usr/include/c++/9/ostream:245:7:[m[K [01;36m[Knote: [m[Kcandidate: ‘[01m[Kstd::basic_ostream<_CharT, _Traits>::__ostream_type& std::basic_ostream<_CharT, _Traits>::operator<<(const void*) [with _CharT = char; _Traits = std::char_traits<char>; std::basic_ostream<_CharT, _Traits>::__ostream_type = std::basic_ostream<char>][m[K’
[6.993s]   245 |       [01;36m[Koperator[m[K<<(const void* __p)
[6.994s]       |       [01;36m[K^~~~~~~~[m[K
[6.994s] [01m[K/usr/include/c++/9/ostream:245:30:[m[K [01;36m[Knote: [m[K  no known conversion for argument 1 from ‘[01m[Kstd::array<float, 6>[m[K’ to ‘[01m[Kconst void*[m[K’
[6.995s]   245 |       operator<<([01;36m[Kconst void* __p[m[K)
[6.995s]       |                  [01;36m[K~~~~~~~~~~~~^~~[m[K
[6.996s] In file included from [01m[K/usr/include/c++/9/ostream:702[m[K,
[6.996s]                  from [01m[K/usr/include/c++/9/iostream:39[m[K,
[6.996s]                  from [01m[K/home/diablo/diablo_torqueHDRL/src/jointctrlsdk/src/diablo_torque.cpp:1[m[K:
[6.997s] [01m[K/usr/include/c++/9/bits/ostream.tcc:119:5:[m[K [01;36m[Knote: [m[Kcandidate: ‘[01m[Kstd::basic_ostream<_CharT, _Traits>& std::basic_ostream<_CharT, _Traits>::operator<<(std::basic_ostream<_CharT, _Traits>::__streambuf_type*) [with _CharT = char; _Traits = std::char_traits<char>; std::basic_ostream<_CharT, _Traits>::__streambuf_type = std::basic_streambuf<char>][m[K’
[6.998s]   119 |     [01;36m[Kbasic_ostream<_CharT, _Traits>[m[K::
[6.999s]       |     [01;36m[K^~~~~~~~~~~~~~~~~~~~~~~~~~~~~~[m[K
[7.000s] [01m[K/usr/include/c++/9/bits/ostream.tcc:120:34:[m[K [01;36m[Knote: [m[K  no known conversion for argument 1 from ‘[01m[Kstd::array<float, 6>[m[K’ to ‘[01m[Kstd::basic_ostream<char>::__streambuf_type*[m[K’ {aka ‘[01m[Kstd::basic_streambuf<char>*[m[K’}
[7.000s]   120 |     operator<<([01;36m[K__streambuf_type* __sbin[m[K)
[7.002s]       |                [01;36m[K~~~~~~~~~~~~~~~~~~^~~~~~[m[K
[7.003s] In file included from [01m[K/usr/include/c++/9/string:55[m[K,
[7.003s]                  from [01m[K/usr/include/c++/9/bits/locale_classes.h:40[m[K,
[7.004s]                  from [01m[K/usr/include/c++/9/bits/ios_base.h:41[m[K,
[7.005s]                  from [01m[K/usr/include/c++/9/ios:42[m[K,
[7.005s]                  from [01m[K/usr/include/c++/9/ostream:38[m[K,
[7.006s]                  from [01m[K/usr/include/c++/9/iostream:39[m[K,
[7.006s]                  from [01m[K/home/diablo/diablo_torqueHDRL/src/jointctrlsdk/src/diablo_torque.cpp:1[m[K:
[7.007s] [01m[K/usr/include/c++/9/bits/basic_string.h:6419:5:[m[K [01;36m[Knote: [m[Kcandidate: ‘[01m[Ktemplate<class _CharT, class _Traits, class _Alloc> std::basic_ostream<_CharT, _Traits>& std::operator<<(std::basic_ostream<_CharT, _Traits>&, const std::__cxx11::basic_string<_CharT, _Traits, _Alloc>&)[m[K’
[7.007s]  6419 |     [01;36m[Koperator[m[K<<(basic_ostream<_CharT, _Traits>& __os,
[7.008s]       |     [01;36m[K^~~~~~~~[m[K
[7.008s] [01m[K/usr/include/c++/9/bits/basic_string.h:6419:5:[m[K [01;36m[Knote: [m[K  template argument deduction/substitution failed:
[7.008s] [01m[K/home/diablo/diablo_torqueHDRL/src/jointctrlsdk/src/diablo_torque.cpp:33:22:[m[K [01;36m[Knote: [m[K  ‘[01m[Kstd::array<float, 6>[m[K’ is not derived from ‘[01m[Kconst std::__cxx11::basic_string<_CharT, _Traits, _Alloc>[m[K’
[7.009s]    33 |         std::cout << [01;36m[Ktorque_values_[m[K;
[7.009s]       |                      [01;36m[K^~~~~~~~~~~~~~[m[K
[7.010s] In file included from [01m[K/usr/include/c++/9/bits/ios_base.h:46[m[K,
[7.010s]                  from [01m[K/usr/include/c++/9/ios:42[m[K,
[7.011s]                  from [01m[K/usr/include/c++/9/ostream:38[m[K,
[7.011s]                  from [01m[K/usr/include/c++/9/iostream:39[m[K,
[7.012s]                  from [01m[K/home/diablo/diablo_torqueHDRL/src/jointctrlsdk/src/diablo_torque.cpp:1[m[K:
[7.012s] [01m[K/usr/include/c++/9/system_error:217:5:[m[K [01;36m[Knote: [m[Kcandidate: ‘[01m[Ktemplate<class _CharT, class _Traits> std::basic_ostream<_CharT, _Traits>& std::operator<<(std::basic_ostream<_CharT, _Traits>&, const std::error_code&)[m[K’
[7.012s]   217 |     [01;36m[Koperator[m[K<<(basic_ostream<_CharT, _Traits>& __os, const error_code& __e)
[7.013s]       |     [01;36m[K^~~~~~~~[m[K
[7.013s] [01m[K/usr/include/c++/9/system_error:217:5:[m[K [01;36m[Knote: [m[K  template argument deduction/substitution failed:
[7.014s] [01m[K/home/diablo/diablo_torqueHDRL/src/jointctrlsdk/src/diablo_torque.cpp:33:22:[m[K [01;36m[Knote: [m[K  cannot convert ‘[01m[K((TorqueSubscriber*)this)->TorqueSubscriber::torque_values_[m[K’ (type ‘[01m[Kstd::array<float, 6>[m[K’) to type ‘[01m[Kconst std::error_code&[m[K’
[7.014s]    33 |         std::cout << [01;36m[Ktorque_values_[m[K;
[7.015s]       |                      [01;36m[K^~~~~~~~~~~~~~[m[K
[7.015s] In file included from [01m[K/usr/include/c++/9/iostream:39[m[K,
[7.016s]                  from [01m[K/home/diablo/diablo_torqueHDRL/src/jointctrlsdk/src/diablo_torque.cpp:1[m[K:
[7.016s] [01m[K/usr/include/c++/9/ostream:506:5:[m[K [01;36m[Knote: [m[Kcandidate: ‘[01m[Ktemplate<class _CharT, class _Traits> std::basic_ostream<_CharT, _Traits>& std::operator<<(std::basic_ostream<_CharT, _Traits>&, _CharT)[m[K’
[7.017s]   506 |     [01;36m[Koperator[m[K<<(basic_ostream<_CharT, _Traits>& __out, _CharT __c)
[7.017s]       |     [01;36m[K^~~~~~~~[m[K
[7.018s] [01m[K/usr/include/c++/9/ostream:506:5:[m[K [01;36m[Knote: [m[K  template argument deduction/substitution failed:
[7.018s] [01m[K/home/diablo/diablo_torqueHDRL/src/jointctrlsdk/src/diablo_torque.cpp:33:22:[m[K [01;36m[Knote: [m[K  deduced conflicting types for parameter ‘[01m[K_CharT[m[K’ (‘[01m[Kchar[m[K’ and ‘[01m[Kstd::array<float, 6>[m[K’)
[7.019s]    33 |         std::cout << [01;36m[Ktorque_values_[m[K;
[7.019s]       |                      [01;36m[K^~~~~~~~~~~~~~[m[K
[7.020s] In file included from [01m[K/usr/include/c++/9/iostream:39[m[K,
[7.020s]                  from [01m[K/home/diablo/diablo_torqueHDRL/src/jointctrlsdk/src/diablo_torque.cpp:1[m[K:
[7.020s] [01m[K/usr/include/c++/9/ostream:511:5:[m[K [01;36m[Knote: [m[Kcandidate: ‘[01m[Ktemplate<class _CharT, class _Traits> std::basic_ostream<_CharT, _Traits>& std::operator<<(std::basic_ostream<_CharT, _Traits>&, char)[m[K’
[7.021s]   511 |     [01;36m[Koperator[m[K<<(basic_ostream<_CharT, _Traits>& __out, char __c)
[7.021s]       |     [01;36m[K^~~~~~~~[m[K
[7.022s] [01m[K/usr/include/c++/9/ostream:511:5:[m[K [01;36m[Knote: [m[K  template argument deduction/substitution failed:
[7.022s] [01m[K/home/diablo/diablo_torqueHDRL/src/jointctrlsdk/src/diablo_torque.cpp:33:22:[m[K [01;36m[Knote: [m[K  cannot convert ‘[01m[K((TorqueSubscriber*)this)->TorqueSubscriber::torque_values_[m[K’ (type ‘[01m[Kstd::array<float, 6>[m[K’) to type ‘[01m[Kchar[m[K’
[7.023s]    33 |         std::cout << [01;36m[Ktorque_values_[m[K;
[7.023s]       |                      [01;36m[K^~~~~~~~~~~~~~[m[K
[7.024s] In file included from [01m[K/usr/include/c++/9/iostream:39[m[K,
[7.024s]                  from [01m[K/home/diablo/diablo_torqueHDRL/src/jointctrlsdk/src/diablo_torque.cpp:1[m[K:
[7.025s] [01m[K/usr/include/c++/9/ostream:517:5:[m[K [01;36m[Knote: [m[Kcandidate: ‘[01m[Ktemplate<class _Traits> std::basic_ostream<char, _Traits>& std::operator<<(std::basic_ostream<char, _Traits>&, char)[m[K’
[7.025s]   517 |     [01;36m[Koperator[m[K<<(basic_ostream<char, _Traits>& __out, char __c)
[7.026s]       |     [01;36m[K^~~~~~~~[m[K
[7.026s] [01m[K/usr/include/c++/9/ostream:517:5:[m[K [01;36m[Knote: [m[K  template argument deduction/substitution failed:
[7.027s] [01m[K/home/diablo/diablo_torqueHDRL/src/jointctrlsdk/src/diablo_torque.cpp:33:22:[m[K [01;36m[Knote: [m[K  cannot convert ‘[01m[K((TorqueSubscriber*)this)->TorqueSubscriber::torque_values_[m[K’ (type ‘[01m[Kstd::array<float, 6>[m[K’) to type ‘[01m[Kchar[m[K’
[7.027s]    33 |         std::cout << [01;36m[Ktorque_values_[m[K;
[7.028s]       |                      [01;36m[K^~~~~~~~~~~~~~[m[K
[7.028s] In file included from [01m[K/usr/include/c++/9/iostream:39[m[K,
[7.029s]                  from [01m[K/home/diablo/diablo_torqueHDRL/src/jointctrlsdk/src/diablo_torque.cpp:1[m[K:
[7.029s] [01m[K/usr/include/c++/9/ostream:523:5:[m[K [01;36m[Knote: [m[Kcandidate: ‘[01m[Ktemplate<class _Traits> std::basic_ostream<char, _Traits>& std::operator<<(std::basic_ostream<char, _Traits>&, signed char)[m[K’
[7.030s]   523 |     [01;36m[Koperator[m[K<<(basic_ostream<char, _Traits>& __out, signed char __c)
[7.030s]       |     [01;36m[K^~~~~~~~[m[K
[7.030s] [01m[K/usr/include/c++/9/ostream:523:5:[m[K [01;36m[Knote: [m[K  template argument deduction/substitution failed:
[7.031s] [01m[K/home/diablo/diablo_torqueHDRL/src/jointctrlsdk/src/diablo_torque.cpp:33:22:[m[K [01;36m[Knote: [m[K  cannot convert ‘[01m[K((TorqueSubscriber*)this)->TorqueSubscriber::torque_values_[m[K’ (type ‘[01m[Kstd::array<float, 6>[m[K’) to type ‘[01m[Ksigned char[m[K’
[7.031s]    33 |         std::cout << [01;36m[Ktorque_values_[m[K;
[7.032s]       |                      [01;36m[K^~~~~~~~~~~~~~[m[K
[7.032s] In file included from [01m[K/usr/include/c++/9/iostream:39[m[K,
[7.033s]                  from [01m[K/home/diablo/diablo_torqueHDRL/src/jointctrlsdk/src/diablo_torque.cpp:1[m[K:
[7.033s] [01m[K/usr/include/c++/9/ostream:528:5:[m[K [01;36m[Knote: [m[Kcandidate: ‘[01m[Ktemplate<class _Traits> std::basic_ostream<char, _Traits>& std::operator<<(std::basic_ostream<char, _Traits>&, unsigned char)[m[K’
[7.034s]   528 |     [01;36m[Koperator[m[K<<(basic_ostream<char, _Traits>& __out, unsigned char __c)
[7.034s]       |     [01;36m[K^~~~~~~~[m[K
[7.035s] [01m[K/usr/include/c++/9/ostream:528:5:[m[K [01;36m[Knote: [m[K  template argument deduction/substitution failed:
[7.035s] [01m[K/home/diablo/diablo_torqueHDRL/src/jointctrlsdk/src/diablo_torque.cpp:33:22:[m[K [01;36m[Knote: [m[K  cannot convert ‘[01m[K((TorqueSubscriber*)this)->TorqueSubscriber::torque_values_[m[K’ (type ‘[01m[Kstd::array<float, 6>[m[K’) to type ‘[01m[Kunsigned char[m[K’
[7.035s]    33 |         std::cout << [01;36m[Ktorque_values_[m[K;
[7.036s]       |                      [01;36m[K^~~~~~~~~~~~~~[m[K
[7.036s] In file included from [01m[K/usr/include/c++/9/iostream:39[m[K,
[7.037s]                  from [01m[K/home/diablo/diablo_torqueHDRL/src/jointctrlsdk/src/diablo_torque.cpp:1[m[K:
[7.038s] [01m[K/usr/include/c++/9/ostream:548:5:[m[K [01;36m[Knote: [m[Kcandidate: ‘[01m[Ktemplate<class _CharT, class _Traits> std::basic_ostream<_CharT, _Traits>& std::operator<<(std::basic_ostream<_CharT, _Traits>&, const _CharT*)[m[K’
[7.038s]   548 |     [01;36m[Koperator[m[K<<(basic_ostream<_CharT, _Traits>& __out, const _CharT* __s)
[7.039s]       |     [01;36m[K^~~~~~~~[m[K
[7.039s] [01m[K/usr/include/c++/9/ostream:548:5:[m[K [01;36m[Knote: [m[K  template argument deduction/substitution failed:
[7.040s] [01m[K/home/diablo/diablo_torqueHDRL/src/jointctrlsdk/src/diablo_torque.cpp:33:22:[m[K [01;36m[Knote: [m[K  mismatched types ‘[01m[Kconst _CharT*[m[K’ and ‘[01m[Kstd::array<float, 6>[m[K’
[7.040s]    33 |         std::cout << [01;36m[Ktorque_values_[m[K;
[7.040s]       |                      [01;36m[K^~~~~~~~~~~~~~[m[K
[7.041s] In file included from [01m[K/usr/include/c++/9/ostream:702[m[K,
[7.041s]                  from [01m[K/usr/include/c++/9/iostream:39[m[K,
[7.042s]                  from [01m[K/home/diablo/diablo_torqueHDRL/src/jointctrlsdk/src/diablo_torque.cpp:1[m[K:
[7.042s] [01m[K/usr/include/c++/9/bits/ostream.tcc:321:5:[m[K [01;36m[Knote: [m[Kcandidate: ‘[01m[Ktemplate<class _CharT, class _Traits> std::basic_ostream<_CharT, _Traits>& std::operator<<(std::basic_ostream<_CharT, _Traits>&, const char*)[m[K’
[7.043s]   321 |     [01;36m[Koperator[m[K<<(basic_ostream<_CharT, _Traits>& __out, const char* __s)
[7.043s]       |     [01;36m[K^~~~~~~~[m[K
[7.044s] [01m[K/usr/include/c++/9/bits/ostream.tcc:321:5:[m[K [01;36m[Knote: [m[K  template argument deduction/substitution failed:
[7.044s] [01m[K/home/diablo/diablo_torqueHDRL/src/jointctrlsdk/src/diablo_torque.cpp:33:22:[m[K [01;36m[Knote: [m[K  cannot convert ‘[01m[K((TorqueSubscriber*)this)->TorqueSubscriber::torque_values_[m[K’ (type ‘[01m[Kstd::array<float, 6>[m[K’) to type ‘[01m[Kconst char*[m[K’
[7.045s]    33 |         std::cout << [01;36m[Ktorque_values_[m[K;
[7.045s]       |                      [01;36m[K^~~~~~~~~~~~~~[m[K
[7.045s] In file included from [01m[K/usr/include/c++/9/iostream:39[m[K,
[7.046s]                  from [01m[K/home/diablo/diablo_torqueHDRL/src/jointctrlsdk/src/diablo_torque.cpp:1[m[K:
[7.046s] [01m[K/usr/include/c++/9/ostream:565:5:[m[K [01;36m[Knote: [m[Kcandidate: ‘[01m[Ktemplate<class _Traits> std::basic_ostream<char, _Traits>& std::operator<<(std::basic_ostream<char, _Traits>&, const char*)[m[K’
[7.047s]   565 |     [01;36m[Koperator[m[K<<(basic_ostream<char, _Traits>& __out, const char* __s)
[7.047s]       |     [01;36m[K^~~~~~~~[m[K
[7.048s] [01m[K/usr/include/c++/9/ostream:565:5:[m[K [01;36m[Knote: [m[K  template argument deduction/substitution failed:
[7.048s] [01m[K/home/diablo/diablo_torqueHDRL/src/jointctrlsdk/src/diablo_torque.cpp:33:22:[m[K [01;36m[Knote: [m[K  cannot convert ‘[01m[K((TorqueSubscriber*)this)->TorqueSubscriber::torque_values_[m[K’ (type ‘[01m[Kstd::array<float, 6>[m[K’) to type ‘[01m[Kconst char*[m[K’
[7.049s]    33 |         std::cout << [01;36m[Ktorque_values_[m[K;
[7.049s]       |                      [01;36m[K^~~~~~~~~~~~~~[m[K
[7.050s] In file included from [01m[K/usr/include/c++/9/iostream:39[m[K,
[7.050s]                  from [01m[K/home/diablo/diablo_torqueHDRL/src/jointctrlsdk/src/diablo_torque.cpp:1[m[K:
[7.050s] [01m[K/usr/include/c++/9/ostream:578:5:[m[K [01;36m[Knote: [m[Kcandidate: ‘[01m[Ktemplate<class _Traits> std::basic_ostream<char, _Traits>& std::operator<<(std::basic_ostream<char, _Traits>&, const signed char*)[m[K’
[7.051s]   578 |     [01;36m[Koperator[m[K<<(basic_ostream<char, _Traits>& __out, const signed char* __s)
[7.051s]       |     [01;36m[K^~~~~~~~[m[K
[7.052s] [01m[K/usr/include/c++/9/ostream:578:5:[m[K [01;36m[Knote: [m[K  template argument deduction/substitution failed:
[7.052s] [01m[K/home/diablo/diablo_torqueHDRL/src/jointctrlsdk/src/diablo_torque.cpp:33:22:[m[K [01;36m[Knote: [m[K  cannot convert ‘[01m[K((TorqueSubscriber*)this)->TorqueSubscriber::torque_values_[m[K’ (type ‘[01m[Kstd::array<float, 6>[m[K’) to type ‘[01m[Kconst signed char*[m[K’
[7.053s]    33 |         std::cout << [01;36m[Ktorque_values_[m[K;
[7.053s]       |                      [01;36m[K^~~~~~~~~~~~~~[m[K
[7.054s] In file included from [01m[K/usr/include/c++/9/iostream:39[m[K,
[7.054s]                  from [01m[K/home/diablo/diablo_torqueHDRL/src/jointctrlsdk/src/diablo_torque.cpp:1[m[K:
[7.055s] [01m[K/usr/include/c++/9/ostream:583:5:[m[K [01;36m[Knote: [m[Kcandidate: ‘[01m[Ktemplate<class _Traits> std::basic_ostream<char, _Traits>& std::operator<<(std::basic_ostream<char, _Traits>&, const unsigned char*)[m[K’
[7.055s]   583 |     [01;36m[Koperator[m[K<<(basic_ostream<char, _Traits>& __out, const unsigned char* __s)
[7.055s]       |     [01;36m[K^~~~~~~~[m[K
[7.056s] [01m[K/usr/include/c++/9/ostream:583:5:[m[K [01;36m[Knote: [m[K  template argument deduction/substitution failed:
[7.056s] [01m[K/home/diablo/diablo_torqueHDRL/src/jointctrlsdk/src/diablo_torque.cpp:33:22:[m[K [01;36m[Knote: [m[K  cannot convert ‘[01m[K((TorqueSubscriber*)this)->TorqueSubscriber::torque_values_[m[K’ (type ‘[01m[Kstd::array<float, 6>[m[K’) to type ‘[01m[Kconst unsigned char*[m[K’
[7.057s]    33 |         std::cout << [01;36m[Ktorque_values_[m[K;
[7.057s]       |                      [01;36m[K^~~~~~~~~~~~~~[m[K
[7.058s] In file included from [01m[K/usr/include/c++/9/iostream:39[m[K,
[7.058s]                  from [01m[K/home/diablo/diablo_torqueHDRL/src/jointctrlsdk/src/diablo_torque.cpp:1[m[K:
[7.059s] [01m[K/usr/include/c++/9/ostream:691:5:[m[K [01;36m[Knote: [m[Kcandidate: ‘[01m[Ktemplate<class _Ostream, class _Tp> typename std::enable_if<std::__and_<std::__not_<std::is_lvalue_reference<_Tp> >, std::__is_convertible_to_basic_ostream<_Ostream>, std::__is_insertable<typename std::__is_convertible_to_basic_ostream<_Tp>::__ostream_type, const _Tp&, void> >::value, typename std::__is_convertible_to_basic_ostream<_Tp>::__ostream_type>::type std::operator<<(_Ostream&&, const _Tp&)[m[K’
[7.059s]   691 |     [01;36m[Koperator[m[K<<(_Ostream&& __os, const _Tp& __x)
[7.060s]       |     [01;36m[K^~~~~~~~[m[K
[7.060s] [01m[K/usr/include/c++/9/ostream:691:5:[m[K [01;36m[Knote: [m[K  template argument deduction/substitution failed:
[7.060s] /usr/include/c++/9/ostream: In substitution of ‘[01m[Ktemplate<class _Ostream, class _Tp> typename std::enable_if<std::__and_<std::__not_<std::is_lvalue_reference<_Tp> >, std::__is_convertible_to_basic_ostream<_Ostream>, std::__is_insertable<typename std::__is_convertible_to_basic_ostream<_Tp>::__ostream_type, const _Tp&, void> >::value, typename std::__is_convertible_to_basic_ostream<_Tp>::__ostream_type>::type std::operator<<(_Ostream&&, const _Tp&) [with _Ostream = std::basic_ostream<char>&; _Tp = std::array<float, 6>][m[K’:
[7.061s] [01m[K/home/diablo/diablo_torqueHDRL/src/jointctrlsdk/src/diablo_torque.cpp:33:22:[m[K   required from here
[7.062s] [01m[K/usr/include/c++/9/ostream:691:5:[m[K [01;31m[Kerror: [m[Kno type named ‘[01m[Ktype[m[K’ in ‘[01m[Kstruct std::enable_if<false, std::basic_ostream<char>&>[m[K’
[7.062s] In file included from [01m[K/usr/include/c++/9/memory:81[m[K,
[7.063s]                  from [01m[K/home/diablo/diablo_torqueHDRL/src/jointctrlsdk/src/diablo_torque.cpp:2[m[K:
[7.063s] [01m[K/usr/include/c++/9/bits/shared_ptr.h:66:5:[m[K [01;36m[Knote: [m[Kcandidate: ‘[01m[Ktemplate<class _Ch, class _Tr, class _Tp, __gnu_cxx::_Lock_policy _Lp> std::basic_ostream<_CharT, _Traits>& std::operator<<(std::basic_ostream<_CharT, _Traits>&, const std::__shared_ptr<_Tp, _Lp>&)[m[K’
[7.064s]    66 |     [01;36m[Koperator[m[K<<(std::basic_ostream<_Ch, _Tr>& __os,
[7.064s]       |     [01;36m[K^~~~~~~~[m[K
[7.065s] [01m[K/usr/include/c++/9/bits/shared_ptr.h:66:5:[m[K [01;36m[Knote: [m[K  template argument deduction/substitution failed:
[7.065s] [01m[K/home/diablo/diablo_torqueHDRL/src/jointctrlsdk/src/diablo_torque.cpp:33:22:[m[K [01;36m[Knote: [m[K  ‘[01m[Kstd::array<float, 6>[m[K’ is not derived from ‘[01m[Kconst std::__shared_ptr<_Tp, _Lp>[m[K’
[7.066s]    33 |         std::cout << [01;36m[Ktorque_values_[m[K;
[7.066s]       |                      [01;36m[K^~~~~~~~~~~~~~[m[K
[7.067s] In file included from [01m[K/home/diablo/diablo_torqueHDRL/src/jointctrlsdk/include/serial_handle.hpp:4[m[K,
[7.067s]                  from [01m[K/home/diablo/diablo_torqueHDRL/src/jointctrlsdk/src/diablo_torque.cpp:4[m[K:
[7.067s] [01m[K/usr/include/c++/9/thread:322:5:[m[K [01;36m[Knote: [m[Kcandidate: ‘[01m[Ktemplate<class _CharT, class _Traits> std::basic_ostream<_CharT, _Traits>& std::operator<<(std::basic_ostream<_CharT, _Traits>&, std::thread::id)[m[K’
[7.068s]   322 |     [01;36m[Koperator[m[K<<(basic_ostream<_CharT, _Traits>& __out, thread::id __id)
[7.068s]       |     [01;36m[K^~~~~~~~[m[K
[7.069s] [01m[K/usr/include/c++/9/thread:322:5:[m[K [01;36m[Knote: [m[K  template argument deduction/substitution failed:
[7.069s] [01m[K/home/diablo/diablo_torqueHDRL/src/jointctrlsdk/src/diablo_torque.cpp:33:22:[m[K [01;36m[Knote: [m[K  cannot convert ‘[01m[K((TorqueSubscriber*)this)->TorqueSubscriber::torque_values_[m[K’ (type ‘[01m[Kstd::array<float, 6>[m[K’) to type ‘[01m[Kstd::thread::id[m[K’
[7.070s]    33 |         std::cout << [01;36m[Ktorque_values_[m[K;
[7.070s]       |                      [01;36m[K^~~~~~~~~~~~~~[m[K
[12.878s] make[2]: *** [CMakeFiles/diablo_torquesubscriber.dir/build.make:63: CMakeFiles/diablo_torquesubscriber.dir/src/diablo_torque.cpp.o] Error 1
[12.879s] make[1]: *** [CMakeFiles/Makefile2:80: CMakeFiles/diablo_torquesubscriber.dir/all] Error 2
[12.879s] make: *** [Makefile:141: all] Error 2
[12.886s] Invoked command in '/home/diablo/diablo_torqueHDRL/build/jointctrlsdk' returned '2': CMAKE_PREFIX_PATH=/home/diablo/diablo_torqueHDRL/install/torque_interfaces:/home/diablo/diablo_torqueHDRL/install/jointctrlsdk:/home/diablo/diablo_ws/install/diablo_ctrl:/home/diablo/diablo_ws/install/diablo_body:/home/diablo/diablo_ws/install/diablo_utils:/home/diablo/diablo_ws/install/motion_msgs:/home/diablo/diablo_ws/install/ception_msgs:/home/diablo/diablo_ws/install/diablo_teleop:/opt/ros/foxy LD_LIBRARY_PATH=/home/diablo/diablo_torqueHDRL/install/torque_interfaces/lib:/home/diablo/diablo_torqueHDRL/install/jointctrlsdk/lib:/home/diablo/diablo_ws/install/diablo_body/lib:/home/diablo/diablo_ws/install/diablo_utils/lib:/home/diablo/diablo_ws/install/motion_msgs/lib:/home/diablo/diablo_ws/install/ception_msgs/lib:/opt/ros/foxy/opt/yaml_cpp_vendor/lib:/opt/ros/foxy/opt/rviz_ogre_vendor/lib:/opt/ros/foxy/lib/aarch64-linux-gnu:/opt/ros/foxy/lib /usr/bin/cmake --build /home/diablo/diablo_torqueHDRL/build/jointctrlsdk -- -j4 -l4
