[01m[K/home/diablo/diablo_torqueHDRL/src/jointctrlsdk/src/diablo_torque.cpp:[m[K In function ‘[01m[Kint main(int, char**)[m[K’:
[01m[K/home/diablo/diablo_torqueHDRL/src/jointctrlsdk/src/diablo_torque.cpp:58:27:[m[K [01;31m[Kerror: [m[Kcannot convert ‘[01m[Kconst std::array<float, 6>[m[K’ to ‘[01m[K_Float32*[m[K’ {aka ‘[01m[Kfloat*[m[K’}
   58 |     handle.create_package([01;31m[Ktorque_values[m[K, send_struct);
      |                           [01;31m[K^~~~~~~~~~~~~[m[K
      |                           [01;31m[K|[m[K
      |                           [01;31m[Kconst std::array<float, 6>[m[K
In file included from [01m[K/home/diablo/diablo_torqueHDRL/src/jointctrlsdk/src/diablo_torque.cpp:4[m[K:
[01m[K/home/diablo/diablo_torqueHDRL/src/jointctrlsdk/include/serial_handle.hpp:35:35:[m[K [01;36m[Knote: [m[K  initializing argument 1 of ‘[01m[Kvoid SerialHandle::create_package(_Float32*, motor_torque_t&)[m[K’
   35 |     void create_package([01;36m[K_Float32* motor_tor[m[K,motor_torque_t &motor_package);
      |                         [01;36m[K~~~~~~~~~~^~~~~~~~~[m[K
[01m[K/home/diablo/diablo_torqueHDRL/src/jointctrlsdk/src/diablo_torque.cpp:53:13:[m[K [01;35m[Kwarning: [m[Kunused variable ‘[01m[Kstatus[m[K’ [[01;35m[K-Wunused-variable[m[K]
   53 |     uint8_t [01;35m[Kstatus[m[K = 0;
      |             [01;35m[K^~~~~~[m[K
[01m[K/home/diablo/diablo_torqueHDRL/src/jointctrlsdk/src/diablo_torque.cpp:54:14:[m[K [01;35m[Kwarning: [m[Kunused variable ‘[01m[Kcounter[m[K’ [[01;35m[K-Wunused-variable[m[K]
   54 |     uint32_t [01;35m[Kcounter[m[K = 0;
      |              [01;35m[K^~~~~~~[m[K
[01m[K/home/diablo/diablo_torqueHDRL/src/jointctrlsdk/src/diablo_torque.cpp:56:11:[m[K [01;35m[Kwarning: [m[Kunused variable ‘[01m[Ktorque_values2[m[K’ [[01;35m[K-Wunused-variable[m[K]
   56 |     float [01;35m[Ktorque_values2[m[K[6];
      |           [01;35m[K^~~~~~~~~~~~~~[m[K
make[2]: *** [CMakeFiles/diablo_torquesubscriber.dir/build.make:63: CMakeFiles/diablo_torquesubscriber.dir/src/diablo_torque.cpp.o] Error 1
make[1]: *** [CMakeFiles/Makefile2:82: CMakeFiles/diablo_torquesubscriber.dir/all] Error 2
make: *** [Makefile:141: all] Error 2
