[0.082s] Invoking command in '/home/diablo/diablo_torqueHDRL/build/jointctrlsdk': AMENT_PREFIX_PATH=/home/diablo/diablo_torqueHDRL/install/torque_interfaces:${AMENT_PREFIX_PATH} CMAKE_PREFIX_PATH=/home/diablo/diablo_torqueHDRL/install/torque_interfaces:/home/diablo/diablo_ws/install/diablo_ctrl:/home/diablo/diablo_ws/install/diablo_body:/home/diablo/diablo_ws/install/diablo_utils:/home/diablo/diablo_ws/install/motion_msgs:/home/diablo/diablo_ws/install/ception_msgs:/home/diablo/diablo_ws/install/diablo_teleop:/opt/ros/foxy LD_LIBRARY_PATH=/home/diablo/diablo_torqueHDRL/install/torque_interfaces/lib:${LD_LIBRARY_PATH} PYTHONPATH=/home/diablo/diablo_torqueHDRL/install/torque_interfaces/lib/python3.8/site-packages:${PYTHONPATH} /usr/bin/cmake --build /home/diablo/diablo_torqueHDRL/build/jointctrlsdk -- -j4 -l4
[0.317s] [35m[1mScanning dependencies of target jointctrlsdk_core[0m
[0.378s] [ 16%] [32mBuilding CXX object CMakeFiles/jointctrlsdk_core.dir/src/serial_handle.cpp.o[0m
[2.177s] [01m[K/home/diablo/diablo_torqueHDRL/src/jointctrlsdk/src/serial_handle.cpp:[m[K In function ‘[01m[Kuint16_t torque_2_package(_Float32)[m[K’:
[2.178s] [01m[K/home/diablo/diablo_torqueHDRL/src/jointctrlsdk/src/serial_handle.cpp:119:14:[m[K [01;35m[Kwarning: [m[Kunused variable ‘[01m[Kout_buf[m[K’ [[01;35m[K-Wunused-variable[m[K]
[2.178s]   119 |     uint16_t [01;35m[Kout_buf[m[K;
[2.179s]       |              [01;35m[K^~~~~~~[m[K
[2.179s] [01m[K/home/diablo/diablo_torqueHDRL/src/jointctrlsdk/src/serial_handle.cpp:[m[K In member function ‘[01m[Kvoid SerialHandle::create_package(_Float32*, motor_torque_t&)[m[K’:
[2.180s] [01m[K/home/diablo/diablo_torqueHDRL/src/jointctrlsdk/src/serial_handle.cpp:127:28:[m[K [01;35m[Kwarning: [m[Koverflow in conversion from ‘[01m[Kint[m[K’ to ‘[01m[Kint16_t[m[K’ {aka ‘[01m[Kshort int[m[K’} changes value from ‘[01m[K48042[m[K’ to ‘[01m[K-17494[m[K’ [[01;35m[K-Woverflow[m[K]
[2.180s]   127 |     motor_package.header = [01;35m[K0xBBAA[m[K;
[2.181s]       |                            [01;35m[K^~~~~~[m[K
[2.875s] [ 33%] [32m[1mLinking CXX shared library libjointctrlsdk_core.so[0m
[3.282s] [ 66%] Built target jointctrlsdk_core
[3.486s] [ 83%] [32m[1mLinking CXX executable diablo_torquesubscriber[0m
[4.684s] [100%] Built target diablo_torquesubscriber
[4.735s] Invoked command in '/home/diablo/diablo_torqueHDRL/build/jointctrlsdk' returned '0': AMENT_PREFIX_PATH=/home/diablo/diablo_torqueHDRL/install/torque_interfaces:${AMENT_PREFIX_PATH} CMAKE_PREFIX_PATH=/home/diablo/diablo_torqueHDRL/install/torque_interfaces:/home/diablo/diablo_ws/install/diablo_ctrl:/home/diablo/diablo_ws/install/diablo_body:/home/diablo/diablo_ws/install/diablo_utils:/home/diablo/diablo_ws/install/motion_msgs:/home/diablo/diablo_ws/install/ception_msgs:/home/diablo/diablo_ws/install/diablo_teleop:/opt/ros/foxy LD_LIBRARY_PATH=/home/diablo/diablo_torqueHDRL/install/torque_interfaces/lib:${LD_LIBRARY_PATH} PYTHONPATH=/home/diablo/diablo_torqueHDRL/install/torque_interfaces/lib/python3.8/site-packages:${PYTHONPATH} /usr/bin/cmake --build /home/diablo/diablo_torqueHDRL/build/jointctrlsdk -- -j4 -l4
[4.998s] Invoking command in '/home/diablo/diablo_torqueHDRL/build/jointctrlsdk': AMENT_PREFIX_PATH=/home/diablo/diablo_torqueHDRL/install/torque_interfaces:${AMENT_PREFIX_PATH} CMAKE_PREFIX_PATH=/home/diablo/diablo_torqueHDRL/install/torque_interfaces:/home/diablo/diablo_ws/install/diablo_ctrl:/home/diablo/diablo_ws/install/diablo_body:/home/diablo/diablo_ws/install/diablo_utils:/home/diablo/diablo_ws/install/motion_msgs:/home/diablo/diablo_ws/install/ception_msgs:/home/diablo/diablo_ws/install/diablo_teleop:/opt/ros/foxy LD_LIBRARY_PATH=/home/diablo/diablo_torqueHDRL/install/torque_interfaces/lib:${LD_LIBRARY_PATH} PYTHONPATH=/home/diablo/diablo_torqueHDRL/install/torque_interfaces/lib/python3.8/site-packages:${PYTHONPATH} /usr/bin/cmake --install /home/diablo/diablo_torqueHDRL/build/jointctrlsdk
[5.046s] -- Install configuration: ""
[5.047s] -- Up-to-date: /home/diablo/diablo_torqueHDRL/install/jointctrlsdk/include/
[5.048s] -- Up-to-date: /home/diablo/diablo_torqueHDRL/install/jointctrlsdk/include//jointctrlsdk
[5.049s] -- Up-to-date: /home/diablo/diablo_torqueHDRL/install/jointctrlsdk/include//joint_ctrl_protocol.h
[5.049s] -- Up-to-date: /home/diablo/diablo_torqueHDRL/install/jointctrlsdk/include//crc_verify.hpp
[5.050s] -- Up-to-date: /home/diablo/diablo_torqueHDRL/install/jointctrlsdk/include//VulcanSerial
[5.051s] -- Up-to-date: /home/diablo/diablo_torqueHDRL/install/jointctrlsdk/include//VulcanSerial/Exception.hpp
[5.051s] -- Up-to-date: /home/diablo/diablo_torqueHDRL/install/jointctrlsdk/include//VulcanSerial/SerialPort.hpp
[5.052s] -- Up-to-date: /home/diablo/diablo_torqueHDRL/install/jointctrlsdk/include//diablo_tctrl.hpp
[5.052s] -- Up-to-date: /home/diablo/diablo_torqueHDRL/install/jointctrlsdk/include//serial_handle.hpp
[5.053s] -- Installing: /home/diablo/diablo_torqueHDRL/install/jointctrlsdk/lib/libjointctrlsdk_core.so
[5.055s] -- Set runtime path of "/home/diablo/diablo_torqueHDRL/install/jointctrlsdk/lib/libjointctrlsdk_core.so" to ""
[5.057s] -- Installing: /home/diablo/diablo_torqueHDRL/install/jointctrlsdk/lib/jointctrlsdk/diablo_torquesubscriber
[5.073s] -- Set runtime path of "/home/diablo/diablo_torqueHDRL/install/jointctrlsdk/lib/jointctrlsdk/diablo_torquesubscriber" to ""
[5.074s] -- Up-to-date: /home/diablo/diablo_torqueHDRL/install/jointctrlsdk/include/jointctrlsdk
[5.075s] -- Up-to-date: /home/diablo/diablo_torqueHDRL/install/jointctrlsdk/include/jointctrlsdk/jointctrlsdk
[5.075s] -- Up-to-date: /home/diablo/diablo_torqueHDRL/install/jointctrlsdk/include/jointctrlsdk/joint_ctrl_protocol.h
[5.076s] -- Up-to-date: /home/diablo/diablo_torqueHDRL/install/jointctrlsdk/include/jointctrlsdk/crc_verify.hpp
[5.077s] -- Up-to-date: /home/diablo/diablo_torqueHDRL/install/jointctrlsdk/include/jointctrlsdk/VulcanSerial
[5.078s] -- Up-to-date: /home/diablo/diablo_torqueHDRL/install/jointctrlsdk/include/jointctrlsdk/VulcanSerial/Exception.hpp
[5.079s] -- Up-to-date: /home/diablo/diablo_torqueHDRL/install/jointctrlsdk/include/jointctrlsdk/VulcanSerial/SerialPort.hpp
[5.080s] -- Up-to-date: /home/diablo/diablo_torqueHDRL/install/jointctrlsdk/include/jointctrlsdk/diablo_tctrl.hpp
[5.080s] -- Up-to-date: /home/diablo/diablo_torqueHDRL/install/jointctrlsdk/include/jointctrlsdk/serial_handle.hpp
[5.081s] -- Up-to-date: /home/diablo/diablo_torqueHDRL/install/jointctrlsdk/lib/libjointctrlsdk_core.so
[5.082s] -- Up-to-date: /home/diablo/diablo_torqueHDRL/install/jointctrlsdk/share/jointctrlsdk/environment/library_path.sh
[5.082s] -- Up-to-date: /home/diablo/diablo_torqueHDRL/install/jointctrlsdk/share/jointctrlsdk/environment/library_path.dsv
[5.083s] -- Up-to-date: /home/diablo/diablo_torqueHDRL/install/jointctrlsdk/share/ament_index/resource_index/package_run_dependencies/jointctrlsdk
[5.084s] -- Up-to-date: /home/diablo/diablo_torqueHDRL/install/jointctrlsdk/share/ament_index/resource_index/parent_prefix_path/jointctrlsdk
[5.085s] -- Up-to-date: /home/diablo/diablo_torqueHDRL/install/jointctrlsdk/share/jointctrlsdk/environment/ament_prefix_path.sh
[5.085s] -- Up-to-date: /home/diablo/diablo_torqueHDRL/install/jointctrlsdk/share/jointctrlsdk/environment/ament_prefix_path.dsv
[5.086s] -- Up-to-date: /home/diablo/diablo_torqueHDRL/install/jointctrlsdk/share/jointctrlsdk/environment/path.sh
[5.086s] -- Up-to-date: /home/diablo/diablo_torqueHDRL/install/jointctrlsdk/share/jointctrlsdk/environment/path.dsv
[5.087s] -- Up-to-date: /home/diablo/diablo_torqueHDRL/install/jointctrlsdk/share/jointctrlsdk/local_setup.bash
[5.087s] -- Up-to-date: /home/diablo/diablo_torqueHDRL/install/jointctrlsdk/share/jointctrlsdk/local_setup.sh
[5.088s] -- Up-to-date: /home/diablo/diablo_torqueHDRL/install/jointctrlsdk/share/jointctrlsdk/local_setup.zsh
[5.089s] -- Up-to-date: /home/diablo/diablo_torqueHDRL/install/jointctrlsdk/share/jointctrlsdk/local_setup.dsv
[5.090s] -- Installing: /home/diablo/diablo_torqueHDRL/install/jointctrlsdk/share/jointctrlsdk/package.dsv
[5.090s] -- Up-to-date: /home/diablo/diablo_torqueHDRL/install/jointctrlsdk/share/ament_index/resource_index/packages/jointctrlsdk
[5.091s] -- Up-to-date: /home/diablo/diablo_torqueHDRL/install/jointctrlsdk/share/jointctrlsdk/cmake/ament_cmake_export_include_directories-extras.cmake
[5.092s] -- Up-to-date: /home/diablo/diablo_torqueHDRL/install/jointctrlsdk/share/jointctrlsdk/cmake/ament_cmake_export_libraries-extras.cmake
[5.092s] -- Up-to-date: /home/diablo/diablo_torqueHDRL/install/jointctrlsdk/share/jointctrlsdk/cmake/ament_cmake_export_dependencies-extras.cmake
[5.093s] -- Up-to-date: /home/diablo/diablo_torqueHDRL/install/jointctrlsdk/share/jointctrlsdk/cmake/jointctrlsdkConfig.cmake
[5.094s] -- Up-to-date: /home/diablo/diablo_torqueHDRL/install/jointctrlsdk/share/jointctrlsdk/cmake/jointctrlsdkConfig-version.cmake
[5.096s] -- Up-to-date: /home/diablo/diablo_torqueHDRL/install/jointctrlsdk/share/jointctrlsdk/package.xml
[5.101s] Invoked command in '/home/diablo/diablo_torqueHDRL/build/jointctrlsdk' returned '0': AMENT_PREFIX_PATH=/home/diablo/diablo_torqueHDRL/install/torque_interfaces:${AMENT_PREFIX_PATH} CMAKE_PREFIX_PATH=/home/diablo/diablo_torqueHDRL/install/torque_interfaces:/home/diablo/diablo_ws/install/diablo_ctrl:/home/diablo/diablo_ws/install/diablo_body:/home/diablo/diablo_ws/install/diablo_utils:/home/diablo/diablo_ws/install/motion_msgs:/home/diablo/diablo_ws/install/ception_msgs:/home/diablo/diablo_ws/install/diablo_teleop:/opt/ros/foxy LD_LIBRARY_PATH=/home/diablo/diablo_torqueHDRL/install/torque_interfaces/lib:${LD_LIBRARY_PATH} PYTHONPATH=/home/diablo/diablo_torqueHDRL/install/torque_interfaces/lib/python3.8/site-packages:${PYTHONPATH} /usr/bin/cmake --install /home/diablo/diablo_torqueHDRL/build/jointctrlsdk
