[0.117s] Invoking command in '/home/diablo/diablo_torqueHDRL/build/jointctrlsdk': CMAKE_PREFIX_PATH=${CMAKE_PREFIX_PATH}:/home/diablo/diablo_ws/install/diablo_teleop:/opt/ros/foxy /usr/bin/cmake --build /home/diablo/diablo_torqueHDRL/build/jointctrlsdk -- -j4 -l4
[0.551s] [ 66%] Built target jointctrlsdk_core
[0.618s] [35m[1mScanning dependencies of target diablo_torquesubscriber[0m
[0.786s] [ 83%] [32mBuilding CXX object CMakeFiles/diablo_torquesubscriber.dir/src/diablo_torque.cpp.o[0m
[21.198s] [100%] [32m[1mLinking CXX executable diablo_torquesubscriber[0m
[22.502s] [100%] Built target diablo_torquesubscriber
[22.554s] Invoked command in '/home/diablo/diablo_torqueHDRL/build/jointctrlsdk' returned '0': CMAKE_PREFIX_PATH=${CMAKE_PREFIX_PATH}:/home/diablo/diablo_ws/install/diablo_teleop:/opt/ros/foxy /usr/bin/cmake --build /home/diablo/diablo_torqueHDRL/build/jointctrlsdk -- -j4 -l4
[22.805s] Invoking command in '/home/diablo/diablo_torqueHDRL/build/jointctrlsdk': CMAKE_PREFIX_PATH=${CMAKE_PREFIX_PATH}:/home/diablo/diablo_ws/install/diablo_teleop:/opt/ros/foxy /usr/bin/cmake --install /home/diablo/diablo_torqueHDRL/build/jointctrlsdk
[22.849s] -- Install configuration: ""
[22.850s] -- Up-to-date: /home/diablo/diablo_torqueHDRL/install/jointctrlsdk/include/
[22.850s] -- Up-to-date: /home/diablo/diablo_torqueHDRL/install/jointctrlsdk/include//jointctrlsdk
[22.851s] -- Up-to-date: /home/diablo/diablo_torqueHDRL/install/jointctrlsdk/include//joint_ctrl_protocol.h
[22.851s] -- Up-to-date: /home/diablo/diablo_torqueHDRL/install/jointctrlsdk/include//crc_verify.hpp
[22.852s] -- Up-to-date: /home/diablo/diablo_torqueHDRL/install/jointctrlsdk/include//VulcanSerial
[22.852s] -- Up-to-date: /home/diablo/diablo_torqueHDRL/install/jointctrlsdk/include//VulcanSerial/Exception.hpp
[22.852s] -- Up-to-date: /home/diablo/diablo_torqueHDRL/install/jointctrlsdk/include//VulcanSerial/SerialPort.hpp
[22.853s] -- Up-to-date: /home/diablo/diablo_torqueHDRL/install/jointctrlsdk/include//diablo_tctrl.hpp
[22.853s] -- Up-to-date: /home/diablo/diablo_torqueHDRL/install/jointctrlsdk/include//serial_handle.hpp
[22.854s] -- Up-to-date: /home/diablo/diablo_torqueHDRL/install/jointctrlsdk/lib/libjointctrlsdk_core.so
[22.855s] -- Installing: /home/diablo/diablo_torqueHDRL/install/jointctrlsdk/lib/jointctrlsdk/diablo_torquesubscriber
[22.870s] -- Set runtime path of "/home/diablo/diablo_torqueHDRL/install/jointctrlsdk/lib/jointctrlsdk/diablo_torquesubscriber" to ""
[22.870s] -- Up-to-date: /home/diablo/diablo_torqueHDRL/install/jointctrlsdk/include/jointctrlsdk
[22.871s] -- Up-to-date: /home/diablo/diablo_torqueHDRL/install/jointctrlsdk/include/jointctrlsdk/jointctrlsdk
[22.871s] -- Up-to-date: /home/diablo/diablo_torqueHDRL/install/jointctrlsdk/include/jointctrlsdk/joint_ctrl_protocol.h
[22.872s] -- Up-to-date: /home/diablo/diablo_torqueHDRL/install/jointctrlsdk/include/jointctrlsdk/crc_verify.hpp
[22.872s] -- Up-to-date: /home/diablo/diablo_torqueHDRL/install/jointctrlsdk/include/jointctrlsdk/VulcanSerial
[22.873s] -- Up-to-date: /home/diablo/diablo_torqueHDRL/install/jointctrlsdk/include/jointctrlsdk/VulcanSerial/Exception.hpp
[22.873s] -- Up-to-date: /home/diablo/diablo_torqueHDRL/install/jointctrlsdk/include/jointctrlsdk/VulcanSerial/SerialPort.hpp
[22.873s] -- Up-to-date: /home/diablo/diablo_torqueHDRL/install/jointctrlsdk/include/jointctrlsdk/diablo_tctrl.hpp
[22.874s] -- Up-to-date: /home/diablo/diablo_torqueHDRL/install/jointctrlsdk/include/jointctrlsdk/serial_handle.hpp
[22.874s] -- Up-to-date: /home/diablo/diablo_torqueHDRL/install/jointctrlsdk/lib/libjointctrlsdk_core.so
[22.875s] -- Up-to-date: /home/diablo/diablo_torqueHDRL/install/jointctrlsdk/share/jointctrlsdk/environment/library_path.sh
[22.875s] -- Up-to-date: /home/diablo/diablo_torqueHDRL/install/jointctrlsdk/share/jointctrlsdk/environment/library_path.dsv
[22.876s] -- Up-to-date: /home/diablo/diablo_torqueHDRL/install/jointctrlsdk/share/ament_index/resource_index/package_run_dependencies/jointctrlsdk
[22.876s] -- Up-to-date: /home/diablo/diablo_torqueHDRL/install/jointctrlsdk/share/ament_index/resource_index/parent_prefix_path/jointctrlsdk
[22.877s] -- Up-to-date: /home/diablo/diablo_torqueHDRL/install/jointctrlsdk/share/jointctrlsdk/environment/ament_prefix_path.sh
[22.877s] -- Up-to-date: /home/diablo/diablo_torqueHDRL/install/jointctrlsdk/share/jointctrlsdk/environment/ament_prefix_path.dsv
[22.878s] -- Up-to-date: /home/diablo/diablo_torqueHDRL/install/jointctrlsdk/share/jointctrlsdk/environment/path.sh
[22.878s] -- Up-to-date: /home/diablo/diablo_torqueHDRL/install/jointctrlsdk/share/jointctrlsdk/environment/path.dsv
[22.879s] -- Up-to-date: /home/diablo/diablo_torqueHDRL/install/jointctrlsdk/share/jointctrlsdk/local_setup.bash
[22.879s] -- Up-to-date: /home/diablo/diablo_torqueHDRL/install/jointctrlsdk/share/jointctrlsdk/local_setup.sh
[22.879s] -- Up-to-date: /home/diablo/diablo_torqueHDRL/install/jointctrlsdk/share/jointctrlsdk/local_setup.zsh
[22.880s] -- Up-to-date: /home/diablo/diablo_torqueHDRL/install/jointctrlsdk/share/jointctrlsdk/local_setup.dsv
[22.880s] -- Installing: /home/diablo/diablo_torqueHDRL/install/jointctrlsdk/share/jointctrlsdk/package.dsv
[22.882s] -- Up-to-date: /home/diablo/diablo_torqueHDRL/install/jointctrlsdk/share/ament_index/resource_index/packages/jointctrlsdk
[22.882s] -- Up-to-date: /home/diablo/diablo_torqueHDRL/install/jointctrlsdk/share/jointctrlsdk/cmake/ament_cmake_export_include_directories-extras.cmake
[22.883s] -- Up-to-date: /home/diablo/diablo_torqueHDRL/install/jointctrlsdk/share/jointctrlsdk/cmake/ament_cmake_export_libraries-extras.cmake
[22.883s] -- Up-to-date: /home/diablo/diablo_torqueHDRL/install/jointctrlsdk/share/jointctrlsdk/cmake/ament_cmake_export_dependencies-extras.cmake
[22.883s] -- Up-to-date: /home/diablo/diablo_torqueHDRL/install/jointctrlsdk/share/jointctrlsdk/cmake/jointctrlsdkConfig.cmake
[22.884s] -- Up-to-date: /home/diablo/diablo_torqueHDRL/install/jointctrlsdk/share/jointctrlsdk/cmake/jointctrlsdkConfig-version.cmake
[22.884s] -- Up-to-date: /home/diablo/diablo_torqueHDRL/install/jointctrlsdk/share/jointctrlsdk/package.xml
[22.892s] Invoked command in '/home/diablo/diablo_torqueHDRL/build/jointctrlsdk' returned '0': CMAKE_PREFIX_PATH=${CMAKE_PREFIX_PATH}:/home/diablo/diablo_ws/install/diablo_teleop:/opt/ros/foxy /usr/bin/cmake --install /home/diablo/diablo_torqueHDRL/build/jointctrlsdk
