[0.103s] Invoking command in '/home/diablo/diablo_torqueHDRL/build/jointctrlsdk': CMAKE_PREFIX_PATH=${CMAKE_PREFIX_PATH}:/home/diablo/diablo_ws/install/diablo_teleop:/opt/ros/foxy /usr/bin/cmake --build /home/diablo/diablo_torqueHDRL/build/jointctrlsdk -- -j4 -l4
[0.976s] [ 66%] Built target jointctrlsdk_core
[1.104s] [35m[1mScanning dependencies of target diablo_torquesubscriber[0m
[1.295s] [ 83%] [32mBuilding CXX object CMakeFiles/diablo_torquesubscriber.dir/src/diablo_torque.cpp.o[0m
[4.425s] [01m[K/home/diablo/diablo_torqueHDRL/src/jointctrlsdk/src/diablo_torque.cpp:4:12:[m[K [01;31m[Kerror: [m[K‘[01m[Kstd::placeholders[m[K’ has not been declared
[4.426s]     4 | using std::[01;31m[Kplaceholders[m[K::_1;
[4.426s]       |            [01;31m[K^~~~~~~~~~~~[m[K
[8.458s] [01m[K/home/diablo/diablo_torqueHDRL/src/jointctrlsdk/src/diablo_torque.cpp:[m[K In function ‘[01m[Kint main(int, char**)[m[K’:
[8.461s] [01m[K/home/diablo/diablo_torqueHDRL/src/jointctrlsdk/src/diablo_torque.cpp:62:43:[m[K [01;31m[Kerror: [m[Kno match for ‘[01m[Koperator<<[m[K’ (operand types are ‘[01m[Kstd::basic_ostream<char>[m[K’ and ‘[01m[Kconst std::array<float, 6>[m[K’)
[8.462s]    62 |         [32m[Kstd::cout << "Torque Values are:"[m[K [01;31m[K<<[m[K [34m[Ktorque_values2[m[K;
[8.463s]       |         [32m[K~~~~~~~~~~~~~~~~~~~~~~~~~~~~~~~~~[m[K [01;31m[K^~[m[K [34m[K~~~~~~~~~~~~~~[m[K
[8.465s]       |                   [32m[K|[m[K                          [34m[K|[m[K
[8.466s]       |                   [32m[Kstd::basic_ostream<char>[m[K   [34m[Kconst std::array<float, 6>[m[K
[8.467s] In file included from [01m[K/usr/include/c++/9/iostream:39[m[K,
[8.467s]                  from [01m[K/home/diablo/diablo_torqueHDRL/src/jointctrlsdk/src/diablo_torque.cpp:1[m[K:
[8.468s] [01m[K/usr/include/c++/9/ostream:108:7:[m[K [01;36m[Knote: [m[Kcandidate: ‘[01m[Kstd::basic_ostream<_CharT, _Traits>::__ostream_type& std::basic_ostream<_CharT, _Traits>::operator<<(std::basic_ostream<_CharT, _Traits>::__ostream_type& (*)(std::basic_ostream<_CharT, _Traits>::__ostream_type&)) [with _CharT = char; _Traits = std::char_traits<char>; std::basic_ostream<_CharT, _Traits>::__ostream_type = std::basic_ostream<char>][m[K’
[8.468s]   108 |       [01;36m[Koperator[m[K<<(__ostream_type& (*__pf)(__ostream_type&))
[8.469s]       |       [01;36m[K^~~~~~~~[m[K
[8.469s] [01m[K/usr/include/c++/9/ostream:108:36:[m[K [01;36m[Knote: [m[K  no known conversion for argument 1 from ‘[01m[Kconst std::array<float, 6>[m[K’ to ‘[01m[Kstd::basic_ostream<char>::__ostream_type& (*)(std::basic_ostream<char>::__ostream_type&)[m[K’ {aka ‘[01m[Kstd::basic_ostream<char>& (*)(std::basic_ostream<char>&)[m[K’}
[8.470s]   108 |       operator<<([01;36m[K__ostream_type& (*__pf)(__ostream_type&)[m[K)
[8.470s]       |                  [01;36m[K~~~~~~~~~~~~~~~~~~^~~~~~~~~~~~~~~~~~~~~~[m[K
[8.470s] [01m[K/usr/include/c++/9/ostream:117:7:[m[K [01;36m[Knote: [m[Kcandidate: ‘[01m[Kstd::basic_ostream<_CharT, _Traits>::__ostream_type& std::basic_ostream<_CharT, _Traits>::operator<<(std::basic_ostream<_CharT, _Traits>::__ios_type& (*)(std::basic_ostream<_CharT, _Traits>::__ios_type&)) [with _CharT = char; _Traits = std::char_traits<char>; std::basic_ostream<_CharT, _Traits>::__ostream_type = std::basic_ostream<char>; std::basic_ostream<_CharT, _Traits>::__ios_type = std::basic_ios<char>][m[K’
[8.471s]   117 |       [01;36m[Koperator[m[K<<(__ios_type& (*__pf)(__ios_type&))
[8.471s]       |       [01;36m[K^~~~~~~~[m[K
[8.472s] [01m[K/usr/include/c++/9/ostream:117:32:[m[K [01;36m[Knote: [m[K  no known conversion for argument 1 from ‘[01m[Kconst std::array<float, 6>[m[K’ to ‘[01m[Kstd::basic_ostream<char>::__ios_type& (*)(std::basic_ostream<char>::__ios_type&)[m[K’ {aka ‘[01m[Kstd::basic_ios<char>& (*)(std::basic_ios<char>&)[m[K’}
[8.472s]   117 |       operator<<([01;36m[K__ios_type& (*__pf)(__ios_type&)[m[K)
[8.473s]       |                  [01;36m[K~~~~~~~~~~~~~~^~~~~~~~~~~~~~~~~~[m[K
[8.473s] [01m[K/usr/include/c++/9/ostream:127:7:[m[K [01;36m[Knote: [m[Kcandidate: ‘[01m[Kstd::basic_ostream<_CharT, _Traits>::__ostream_type& std::basic_ostream<_CharT, _Traits>::operator<<(std::ios_base& (*)(std::ios_base&)) [with _CharT = char; _Traits = std::char_traits<char>; std::basic_ostream<_CharT, _Traits>::__ostream_type = std::basic_ostream<char>][m[K’
[8.474s]   127 |       [01;36m[Koperator[m[K<<(ios_base& (*__pf) (ios_base&))
[8.474s]       |       [01;36m[K^~~~~~~~[m[K
[8.475s] [01m[K/usr/include/c++/9/ostream:127:30:[m[K [01;36m[Knote: [m[K  no known conversion for argument 1 from ‘[01m[Kconst std::array<float, 6>[m[K’ to ‘[01m[Kstd::ios_base& (*)(std::ios_base&)[m[K’
[8.475s]   127 |       operator<<([01;36m[Kios_base& (*__pf) (ios_base&)[m[K)
[8.476s]       |                  [01;36m[K~~~~~~~~~~~~^~~~~~~~~~~~~~~~~[m[K
[8.476s] [01m[K/usr/include/c++/9/ostream:166:7:[m[K [01;36m[Knote: [m[Kcandidate: ‘[01m[Kstd::basic_ostream<_CharT, _Traits>::__ostream_type& std::basic_ostream<_CharT, _Traits>::operator<<(long int) [with _CharT = char; _Traits = std::char_traits<char>; std::basic_ostream<_CharT, _Traits>::__ostream_type = std::basic_ostream<char>][m[K’
[8.477s]   166 |       [01;36m[Koperator[m[K<<(long __n)
[8.477s]       |       [01;36m[K^~~~~~~~[m[K
[8.477s] [01m[K/usr/include/c++/9/ostream:166:23:[m[K [01;36m[Knote: [m[K  no known conversion for argument 1 from ‘[01m[Kconst std::array<float, 6>[m[K’ to ‘[01m[Klong int[m[K’
[8.479s]   166 |       operator<<([01;36m[Klong __n[m[K)
[8.479s]       |                  [01;36m[K~~~~~^~~[m[K
[8.480s] [01m[K/usr/include/c++/9/ostream:170:7:[m[K [01;36m[Knote: [m[Kcandidate: ‘[01m[Kstd::basic_ostream<_CharT, _Traits>::__ostream_type& std::basic_ostream<_CharT, _Traits>::operator<<(long unsigned int) [with _CharT = char; _Traits = std::char_traits<char>; std::basic_ostream<_CharT, _Traits>::__ostream_type = std::basic_ostream<char>][m[K’
[8.480s]   170 |       [01;36m[Koperator[m[K<<(unsigned long __n)
[8.480s]       |       [01;36m[K^~~~~~~~[m[K
[8.481s] [01m[K/usr/include/c++/9/ostream:170:32:[m[K [01;36m[Knote: [m[K  no known conversion for argument 1 from ‘[01m[Kconst std::array<float, 6>[m[K’ to ‘[01m[Klong unsigned int[m[K’
[8.481s]   170 |       operator<<([01;36m[Kunsigned long __n[m[K)
[8.482s]       |                  [01;36m[K~~~~~~~~~~~~~~^~~[m[K
[8.482s] [01m[K/usr/include/c++/9/ostream:174:7:[m[K [01;36m[Knote: [m[Kcandidate: ‘[01m[Kstd::basic_ostream<_CharT, _Traits>::__ostream_type& std::basic_ostream<_CharT, _Traits>::operator<<(bool) [with _CharT = char; _Traits = std::char_traits<char>; std::basic_ostream<_CharT, _Traits>::__ostream_type = std::basic_ostream<char>][m[K’
[8.482s]   174 |       [01;36m[Koperator[m[K<<(bool __n)
[8.483s]       |       [01;36m[K^~~~~~~~[m[K
[8.483s] [01m[K/usr/include/c++/9/ostream:174:23:[m[K [01;36m[Knote: [m[K  no known conversion for argument 1 from ‘[01m[Kconst std::array<float, 6>[m[K’ to ‘[01m[Kbool[m[K’
[8.484s]   174 |       operator<<([01;36m[Kbool __n[m[K)
[8.484s]       |                  [01;36m[K~~~~~^~~[m[K
[8.484s] In file included from [01m[K/usr/include/c++/9/ostream:702[m[K,
[8.485s]                  from [01m[K/usr/include/c++/9/iostream:39[m[K,
[8.485s]                  from [01m[K/home/diablo/diablo_torqueHDRL/src/jointctrlsdk/src/diablo_torque.cpp:1[m[K:
[8.486s] [01m[K/usr/include/c++/9/bits/ostream.tcc:91:5:[m[K [01;36m[Knote: [m[Kcandidate: ‘[01m[Kstd::basic_ostream<_CharT, _Traits>& std::basic_ostream<_CharT, _Traits>::operator<<(short int) [with _CharT = char; _Traits = std::char_traits<char>][m[K’
[8.486s]    91 |     [01;36m[Kbasic_ostream<_CharT, _Traits>[m[K::
[8.487s]       |     [01;36m[K^~~~~~~~~~~~~~~~~~~~~~~~~~~~~~[m[K
[8.487s] [01m[K/usr/include/c++/9/bits/ostream.tcc:92:22:[m[K [01;36m[Knote: [m[K  no known conversion for argument 1 from ‘[01m[Kconst std::array<float, 6>[m[K’ to ‘[01m[Kshort int[m[K’
[8.487s]    92 |     operator<<([01;36m[Kshort __n[m[K)
[8.488s]       |                [01;36m[K~~~~~~^~~[m[K
[8.488s] In file included from [01m[K/usr/include/c++/9/iostream:39[m[K,
[8.489s]                  from [01m[K/home/diablo/diablo_torqueHDRL/src/jointctrlsdk/src/diablo_torque.cpp:1[m[K:
[8.490s] [01m[K/usr/include/c++/9/ostream:181:7:[m[K [01;36m[Knote: [m[Kcandidate: ‘[01m[Kstd::basic_ostream<_CharT, _Traits>::__ostream_type& std::basic_ostream<_CharT, _Traits>::operator<<(short unsigned int) [with _CharT = char; _Traits = std::char_traits<char>; std::basic_ostream<_CharT, _Traits>::__ostream_type = std::basic_ostream<char>][m[K’
[8.490s]   181 |       [01;36m[Koperator[m[K<<(unsigned short __n)
[8.491s]       |       [01;36m[K^~~~~~~~[m[K
[8.491s] [01m[K/usr/include/c++/9/ostream:181:33:[m[K [01;36m[Knote: [m[K  no known conversion for argument 1 from ‘[01m[Kconst std::array<float, 6>[m[K’ to ‘[01m[Kshort unsigned int[m[K’
[8.491s]   181 |       operator<<([01;36m[Kunsigned short __n[m[K)
[8.492s]       |                  [01;36m[K~~~~~~~~~~~~~~~^~~[m[K
[8.492s] In file included from [01m[K/usr/include/c++/9/ostream:702[m[K,
[8.493s]                  from [01m[K/usr/include/c++/9/iostream:39[m[K,
[8.493s]                  from [01m[K/home/diablo/diablo_torqueHDRL/src/jointctrlsdk/src/diablo_torque.cpp:1[m[K:
[8.494s] [01m[K/usr/include/c++/9/bits/ostream.tcc:105:5:[m[K [01;36m[Knote: [m[Kcandidate: ‘[01m[Kstd::basic_ostream<_CharT, _Traits>& std::basic_ostream<_CharT, _Traits>::operator<<(int) [with _CharT = char; _Traits = std::char_traits<char>][m[K’
[8.494s]   105 |     [01;36m[Kbasic_ostream<_CharT, _Traits>[m[K::
[8.495s]       |     [01;36m[K^~~~~~~~~~~~~~~~~~~~~~~~~~~~~~[m[K
[8.495s] [01m[K/usr/include/c++/9/bits/ostream.tcc:106:20:[m[K [01;36m[Knote: [m[K  no known conversion for argument 1 from ‘[01m[Kconst std::array<float, 6>[m[K’ to ‘[01m[Kint[m[K’
[8.495s]   106 |     operator<<([01;36m[Kint __n[m[K)
[8.496s]       |                [01;36m[K~~~~^~~[m[K
[8.496s] In file included from [01m[K/usr/include/c++/9/iostream:39[m[K,
[8.497s]                  from [01m[K/home/diablo/diablo_torqueHDRL/src/jointctrlsdk/src/diablo_torque.cpp:1[m[K:
[8.497s] [01m[K/usr/include/c++/9/ostream:192:7:[m[K [01;36m[Knote: [m[Kcandidate: ‘[01m[Kstd::basic_ostream<_CharT, _Traits>::__ostream_type& std::basic_ostream<_CharT, _Traits>::operator<<(unsigned int) [with _CharT = char; _Traits = std::char_traits<char>; std::basic_ostream<_CharT, _Traits>::__ostream_type = std::basic_ostream<char>][m[K’
[8.498s]   192 |       [01;36m[Koperator[m[K<<(unsigned int __n)
[8.498s]       |       [01;36m[K^~~~~~~~[m[K
[8.498s] [01m[K/usr/include/c++/9/ostream:192:31:[m[K [01;36m[Knote: [m[K  no known conversion for argument 1 from ‘[01m[Kconst std::array<float, 6>[m[K’ to ‘[01m[Kunsigned int[m[K’
[8.499s]   192 |       operator<<([01;36m[Kunsigned int __n[m[K)
[8.499s]       |                  [01;36m[K~~~~~~~~~~~~~^~~[m[K
[8.499s] [01m[K/usr/include/c++/9/ostream:201:7:[m[K [01;36m[Knote: [m[Kcandidate: ‘[01m[Kstd::basic_ostream<_CharT, _Traits>::__ostream_type& std::basic_ostream<_CharT, _Traits>::operator<<(long long int) [with _CharT = char; _Traits = std::char_traits<char>; std::basic_ostream<_CharT, _Traits>::__ostream_type = std::basic_ostream<char>][m[K’
[8.500s]   201 |       [01;36m[Koperator[m[K<<(long long __n)
[8.500s]       |       [01;36m[K^~~~~~~~[m[K
[8.501s] [01m[K/usr/include/c++/9/ostream:201:28:[m[K [01;36m[Knote: [m[K  no known conversion for argument 1 from ‘[01m[Kconst std::array<float, 6>[m[K’ to ‘[01m[Klong long int[m[K’
[8.501s]   201 |       operator<<([01;36m[Klong long __n[m[K)
[8.502s]       |                  [01;36m[K~~~~~~~~~~^~~[m[K
[8.502s] [01m[K/usr/include/c++/9/ostream:205:7:[m[K [01;36m[Knote: [m[Kcandidate: ‘[01m[Kstd::basic_ostream<_CharT, _Traits>::__ostream_type& std::basic_ostream<_CharT, _Traits>::operator<<(long long unsigned int) [with _CharT = char; _Traits = std::char_traits<char>; std::basic_ostream<_CharT, _Traits>::__ostream_type = std::basic_ostream<char>][m[K’
[8.502s]   205 |       [01;36m[Koperator[m[K<<(unsigned long long __n)
[8.503s]       |       [01;36m[K^~~~~~~~[m[K
[8.503s] [01m[K/usr/include/c++/9/ostream:205:37:[m[K [01;36m[Knote: [m[K  no known conversion for argument 1 from ‘[01m[Kconst std::array<float, 6>[m[K’ to ‘[01m[Klong long unsigned int[m[K’
[8.504s]   205 |       operator<<([01;36m[Kunsigned long long __n[m[K)
[8.504s]       |                  [01;36m[K~~~~~~~~~~~~~~~~~~~^~~[m[K
[8.505s] [01m[K/usr/include/c++/9/ostream:220:7:[m[K [01;36m[Knote: [m[Kcandidate: ‘[01m[Kstd::basic_ostream<_CharT, _Traits>::__ostream_type& std::basic_ostream<_CharT, _Traits>::operator<<(double) [with _CharT = char; _Traits = std::char_traits<char>; std::basic_ostream<_CharT, _Traits>::__ostream_type = std::basic_ostream<char>][m[K’
[8.506s]   220 |       [01;36m[Koperator[m[K<<(double __f)
[8.506s]       |       [01;36m[K^~~~~~~~[m[K
[8.507s] [01m[K/usr/include/c++/9/ostream:220:25:[m[K [01;36m[Knote: [m[K  no known conversion for argument 1 from ‘[01m[Kconst std::array<float, 6>[m[K’ to ‘[01m[Kdouble[m[K’
[8.508s]   220 |       operator<<([01;36m[Kdouble __f[m[K)
[8.508s]       |                  [01;36m[K~~~~~~~^~~[m[K
[8.509s] [01m[K/usr/include/c++/9/ostream:224:7:[m[K [01;36m[Knote: [m[Kcandidate: ‘[01m[Kstd::basic_ostream<_CharT, _Traits>::__ostream_type& std::basic_ostream<_CharT, _Traits>::operator<<(float) [with _CharT = char; _Traits = std::char_traits<char>; std::basic_ostream<_CharT, _Traits>::__ostream_type = std::basic_ostream<char>][m[K’
[8.509s]   224 |       [01;36m[Koperator[m[K<<(float __f)
[8.510s]       |       [01;36m[K^~~~~~~~[m[K
[8.510s] [01m[K/usr/include/c++/9/ostream:224:24:[m[K [01;36m[Knote: [m[K  no known conversion for argument 1 from ‘[01m[Kconst std::array<float, 6>[m[K’ to ‘[01m[Kfloat[m[K’
[8.511s]   224 |       operator<<([01;36m[Kfloat __f[m[K)
[8.511s]       |                  [01;36m[K~~~~~~^~~[m[K
[8.511s] [01m[K/usr/include/c++/9/ostream:232:7:[m[K [01;36m[Knote: [m[Kcandidate: ‘[01m[Kstd::basic_ostream<_CharT, _Traits>::__ostream_type& std::basic_ostream<_CharT, _Traits>::operator<<(long double) [with _CharT = char; _Traits = std::char_traits<char>; std::basic_ostream<_CharT, _Traits>::__ostream_type = std::basic_ostream<char>][m[K’
[8.512s]   232 |       [01;36m[Koperator[m[K<<(long double __f)
[8.512s]       |       [01;36m[K^~~~~~~~[m[K
[8.513s] [01m[K/usr/include/c++/9/ostream:232:30:[m[K [01;36m[Knote: [m[K  no known conversion for argument 1 from ‘[01m[Kconst std::array<float, 6>[m[K’ to ‘[01m[Klong double[m[K’
[8.513s]   232 |       operator<<([01;36m[Klong double __f[m[K)
[8.514s]       |                  [01;36m[K~~~~~~~~~~~~^~~[m[K
[8.514s] [01m[K/usr/include/c++/9/ostream:245:7:[m[K [01;36m[Knote: [m[Kcandidate: ‘[01m[Kstd::basic_ostream<_CharT, _Traits>::__ostream_type& std::basic_ostream<_CharT, _Traits>::operator<<(const void*) [with _CharT = char; _Traits = std::char_traits<char>; std::basic_ostream<_CharT, _Traits>::__ostream_type = std::basic_ostream<char>][m[K’
[8.514s]   245 |       [01;36m[Koperator[m[K<<(const void* __p)
[8.515s]       |       [01;36m[K^~~~~~~~[m[K
[8.515s] [01m[K/usr/include/c++/9/ostream:245:30:[m[K [01;36m[Knote: [m[K  no known conversion for argument 1 from ‘[01m[Kconst std::array<float, 6>[m[K’ to ‘[01m[Kconst void*[m[K’
[8.516s]   245 |       operator<<([01;36m[Kconst void* __p[m[K)
[8.516s]       |                  [01;36m[K~~~~~~~~~~~~^~~[m[K
[8.516s] In file included from [01m[K/usr/include/c++/9/ostream:702[m[K,
[8.517s]                  from [01m[K/usr/include/c++/9/iostream:39[m[K,
[8.517s]                  from [01m[K/home/diablo/diablo_torqueHDRL/src/jointctrlsdk/src/diablo_torque.cpp:1[m[K:
[8.518s] [01m[K/usr/include/c++/9/bits/ostream.tcc:119:5:[m[K [01;36m[Knote: [m[Kcandidate: ‘[01m[Kstd::basic_ostream<_CharT, _Traits>& std::basic_ostream<_CharT, _Traits>::operator<<(std::basic_ostream<_CharT, _Traits>::__streambuf_type*) [with _CharT = char; _Traits = std::char_traits<char>; std::basic_ostream<_CharT, _Traits>::__streambuf_type = std::basic_streambuf<char>][m[K’
[8.518s]   119 |     [01;36m[Kbasic_ostream<_CharT, _Traits>[m[K::
[8.519s]       |     [01;36m[K^~~~~~~~~~~~~~~~~~~~~~~~~~~~~~[m[K
[8.519s] [01m[K/usr/include/c++/9/bits/ostream.tcc:120:34:[m[K [01;36m[Knote: [m[K  no known conversion for argument 1 from ‘[01m[Kconst std::array<float, 6>[m[K’ to ‘[01m[Kstd::basic_ostream<char>::__streambuf_type*[m[K’ {aka ‘[01m[Kstd::basic_streambuf<char>*[m[K’}
[8.519s]   120 |     operator<<([01;36m[K__streambuf_type* __sbin[m[K)
[8.520s]       |                [01;36m[K~~~~~~~~~~~~~~~~~~^~~~~~[m[K
[8.520s] In file included from [01m[K/usr/include/c++/9/string:55[m[K,
[8.521s]                  from [01m[K/usr/include/c++/9/bits/locale_classes.h:40[m[K,
[8.521s]                  from [01m[K/usr/include/c++/9/bits/ios_base.h:41[m[K,
[8.522s]                  from [01m[K/usr/include/c++/9/ios:42[m[K,
[8.522s]                  from [01m[K/usr/include/c++/9/ostream:38[m[K,
[8.522s]                  from [01m[K/usr/include/c++/9/iostream:39[m[K,
[8.523s]                  from [01m[K/home/diablo/diablo_torqueHDRL/src/jointctrlsdk/src/diablo_torque.cpp:1[m[K:
[8.523s] [01m[K/usr/include/c++/9/bits/basic_string.h:6419:5:[m[K [01;36m[Knote: [m[Kcandidate: ‘[01m[Ktemplate<class _CharT, class _Traits, class _Alloc> std::basic_ostream<_CharT, _Traits>& std::operator<<(std::basic_ostream<_CharT, _Traits>&, const std::__cxx11::basic_string<_CharT, _Traits, _Alloc>&)[m[K’
[8.524s]  6419 |     [01;36m[Koperator[m[K<<(basic_ostream<_CharT, _Traits>& __os,
[8.524s]       |     [01;36m[K^~~~~~~~[m[K
[8.524s] [01m[K/usr/include/c++/9/bits/basic_string.h:6419:5:[m[K [01;36m[Knote: [m[K  template argument deduction/substitution failed:
[8.525s] [01m[K/home/diablo/diablo_torqueHDRL/src/jointctrlsdk/src/diablo_torque.cpp:62:46:[m[K [01;36m[Knote: [m[K  ‘[01m[Kconst std::array<float, 6>[m[K’ is not derived from ‘[01m[Kconst std::__cxx11::basic_string<_CharT, _Traits, _Alloc>[m[K’
[8.525s]    62 |         std::cout << "Torque Values are:" << [01;36m[Ktorque_values2[m[K;
[8.526s]       |                                              [01;36m[K^~~~~~~~~~~~~~[m[K
[8.526s] In file included from [01m[K/usr/include/c++/9/bits/ios_base.h:46[m[K,
[8.526s]                  from [01m[K/usr/include/c++/9/ios:42[m[K,
[8.527s]                  from [01m[K/usr/include/c++/9/ostream:38[m[K,
[8.527s]                  from [01m[K/usr/include/c++/9/iostream:39[m[K,
[8.528s]                  from [01m[K/home/diablo/diablo_torqueHDRL/src/jointctrlsdk/src/diablo_torque.cpp:1[m[K:
[8.528s] [01m[K/usr/include/c++/9/system_error:217:5:[m[K [01;36m[Knote: [m[Kcandidate: ‘[01m[Ktemplate<class _CharT, class _Traits> std::basic_ostream<_CharT, _Traits>& std::operator<<(std::basic_ostream<_CharT, _Traits>&, const std::error_code&)[m[K’
[8.529s]   217 |     [01;36m[Koperator[m[K<<(basic_ostream<_CharT, _Traits>& __os, const error_code& __e)
[8.529s]       |     [01;36m[K^~~~~~~~[m[K
[8.530s] [01m[K/usr/include/c++/9/system_error:217:5:[m[K [01;36m[Knote: [m[K  template argument deduction/substitution failed:
[8.530s] [01m[K/home/diablo/diablo_torqueHDRL/src/jointctrlsdk/src/diablo_torque.cpp:62:46:[m[K [01;36m[Knote: [m[K  cannot convert ‘[01m[Ktorque_values2[m[K’ (type ‘[01m[Kconst std::array<float, 6>[m[K’) to type ‘[01m[Kconst std::error_code&[m[K’
[8.531s]    62 |         std::cout << "Torque Values are:" << [01;36m[Ktorque_values2[m[K;
[8.531s]       |                                              [01;36m[K^~~~~~~~~~~~~~[m[K
[8.531s] In file included from [01m[K/usr/include/c++/9/iostream:39[m[K,
[8.532s]                  from [01m[K/home/diablo/diablo_torqueHDRL/src/jointctrlsdk/src/diablo_torque.cpp:1[m[K:
[8.532s] [01m[K/usr/include/c++/9/ostream:506:5:[m[K [01;36m[Knote: [m[Kcandidate: ‘[01m[Ktemplate<class _CharT, class _Traits> std::basic_ostream<_CharT, _Traits>& std::operator<<(std::basic_ostream<_CharT, _Traits>&, _CharT)[m[K’
[8.533s]   506 |     [01;36m[Koperator[m[K<<(basic_ostream<_CharT, _Traits>& __out, _CharT __c)
[8.533s]       |     [01;36m[K^~~~~~~~[m[K
[8.534s] [01m[K/usr/include/c++/9/ostream:506:5:[m[K [01;36m[Knote: [m[K  template argument deduction/substitution failed:
[8.534s] [01m[K/home/diablo/diablo_torqueHDRL/src/jointctrlsdk/src/diablo_torque.cpp:62:46:[m[K [01;36m[Knote: [m[K  deduced conflicting types for parameter ‘[01m[K_CharT[m[K’ (‘[01m[Kchar[m[K’ and ‘[01m[Kstd::array<float, 6>[m[K’)
[8.534s]    62 |         std::cout << "Torque Values are:" << [01;36m[Ktorque_values2[m[K;
[8.535s]       |                                              [01;36m[K^~~~~~~~~~~~~~[m[K
[8.535s] In file included from [01m[K/usr/include/c++/9/iostream:39[m[K,
[8.536s]                  from [01m[K/home/diablo/diablo_torqueHDRL/src/jointctrlsdk/src/diablo_torque.cpp:1[m[K:
[8.536s] [01m[K/usr/include/c++/9/ostream:511:5:[m[K [01;36m[Knote: [m[Kcandidate: ‘[01m[Ktemplate<class _CharT, class _Traits> std::basic_ostream<_CharT, _Traits>& std::operator<<(std::basic_ostream<_CharT, _Traits>&, char)[m[K’
[8.537s]   511 |     [01;36m[Koperator[m[K<<(basic_ostream<_CharT, _Traits>& __out, char __c)
[8.537s]       |     [01;36m[K^~~~~~~~[m[K
[8.538s] [01m[K/usr/include/c++/9/ostream:511:5:[m[K [01;36m[Knote: [m[K  template argument deduction/substitution failed:
[8.538s] [01m[K/home/diablo/diablo_torqueHDRL/src/jointctrlsdk/src/diablo_torque.cpp:62:46:[m[K [01;36m[Knote: [m[K  cannot convert ‘[01m[Ktorque_values2[m[K’ (type ‘[01m[Kconst std::array<float, 6>[m[K’) to type ‘[01m[Kchar[m[K’
[8.538s]    62 |         std::cout << "Torque Values are:" << [01;36m[Ktorque_values2[m[K;
[8.539s]       |                                              [01;36m[K^~~~~~~~~~~~~~[m[K
[8.539s] In file included from [01m[K/usr/include/c++/9/iostream:39[m[K,
[8.540s]                  from [01m[K/home/diablo/diablo_torqueHDRL/src/jointctrlsdk/src/diablo_torque.cpp:1[m[K:
[8.540s] [01m[K/usr/include/c++/9/ostream:517:5:[m[K [01;36m[Knote: [m[Kcandidate: ‘[01m[Ktemplate<class _Traits> std::basic_ostream<char, _Traits>& std::operator<<(std::basic_ostream<char, _Traits>&, char)[m[K’
[8.540s]   517 |     [01;36m[Koperator[m[K<<(basic_ostream<char, _Traits>& __out, char __c)
[8.541s]       |     [01;36m[K^~~~~~~~[m[K
[8.541s] [01m[K/usr/include/c++/9/ostream:517:5:[m[K [01;36m[Knote: [m[K  template argument deduction/substitution failed:
[8.542s] [01m[K/home/diablo/diablo_torqueHDRL/src/jointctrlsdk/src/diablo_torque.cpp:62:46:[m[K [01;36m[Knote: [m[K  cannot convert ‘[01m[Ktorque_values2[m[K’ (type ‘[01m[Kconst std::array<float, 6>[m[K’) to type ‘[01m[Kchar[m[K’
[8.542s]    62 |         std::cout << "Torque Values are:" << [01;36m[Ktorque_values2[m[K;
[8.543s]       |                                              [01;36m[K^~~~~~~~~~~~~~[m[K
[8.543s] In file included from [01m[K/usr/include/c++/9/iostream:39[m[K,
[8.543s]                  from [01m[K/home/diablo/diablo_torqueHDRL/src/jointctrlsdk/src/diablo_torque.cpp:1[m[K:
[8.544s] [01m[K/usr/include/c++/9/ostream:523:5:[m[K [01;36m[Knote: [m[Kcandidate: ‘[01m[Ktemplate<class _Traits> std::basic_ostream<char, _Traits>& std::operator<<(std::basic_ostream<char, _Traits>&, signed char)[m[K’
[8.544s]   523 |     [01;36m[Koperator[m[K<<(basic_ostream<char, _Traits>& __out, signed char __c)
[8.545s]       |     [01;36m[K^~~~~~~~[m[K
[8.545s] [01m[K/usr/include/c++/9/ostream:523:5:[m[K [01;36m[Knote: [m[K  template argument deduction/substitution failed:
[8.546s] [01m[K/home/diablo/diablo_torqueHDRL/src/jointctrlsdk/src/diablo_torque.cpp:62:46:[m[K [01;36m[Knote: [m[K  cannot convert ‘[01m[Ktorque_values2[m[K’ (type ‘[01m[Kconst std::array<float, 6>[m[K’) to type ‘[01m[Ksigned char[m[K’
[8.546s]    62 |         std::cout << "Torque Values are:" << [01;36m[Ktorque_values2[m[K;
[8.546s]       |                                              [01;36m[K^~~~~~~~~~~~~~[m[K
[8.547s] In file included from [01m[K/usr/include/c++/9/iostream:39[m[K,
[8.547s]                  from [01m[K/home/diablo/diablo_torqueHDRL/src/jointctrlsdk/src/diablo_torque.cpp:1[m[K:
[8.548s] [01m[K/usr/include/c++/9/ostream:528:5:[m[K [01;36m[Knote: [m[Kcandidate: ‘[01m[Ktemplate<class _Traits> std::basic_ostream<char, _Traits>& std::operator<<(std::basic_ostream<char, _Traits>&, unsigned char)[m[K’
[8.548s]   528 |     [01;36m[Koperator[m[K<<(basic_ostream<char, _Traits>& __out, unsigned char __c)
[8.548s]       |     [01;36m[K^~~~~~~~[m[K
[8.549s] [01m[K/usr/include/c++/9/ostream:528:5:[m[K [01;36m[Knote: [m[K  template argument deduction/substitution failed:
[8.549s] [01m[K/home/diablo/diablo_torqueHDRL/src/jointctrlsdk/src/diablo_torque.cpp:62:46:[m[K [01;36m[Knote: [m[K  cannot convert ‘[01m[Ktorque_values2[m[K’ (type ‘[01m[Kconst std::array<float, 6>[m[K’) to type ‘[01m[Kunsigned char[m[K’
[8.550s]    62 |         std::cout << "Torque Values are:" << [01;36m[Ktorque_values2[m[K;
[8.550s]       |                                              [01;36m[K^~~~~~~~~~~~~~[m[K
[8.551s] In file included from [01m[K/usr/include/c++/9/iostream:39[m[K,
[8.551s]                  from [01m[K/home/diablo/diablo_torqueHDRL/src/jointctrlsdk/src/diablo_torque.cpp:1[m[K:
[8.552s] [01m[K/usr/include/c++/9/ostream:548:5:[m[K [01;36m[Knote: [m[Kcandidate: ‘[01m[Ktemplate<class _CharT, class _Traits> std::basic_ostream<_CharT, _Traits>& std::operator<<(std::basic_ostream<_CharT, _Traits>&, const _CharT*)[m[K’
[8.552s]   548 |     [01;36m[Koperator[m[K<<(basic_ostream<_CharT, _Traits>& __out, const _CharT* __s)
[8.552s]       |     [01;36m[K^~~~~~~~[m[K
[8.553s] [01m[K/usr/include/c++/9/ostream:548:5:[m[K [01;36m[Knote: [m[K  template argument deduction/substitution failed:
[8.553s] [01m[K/home/diablo/diablo_torqueHDRL/src/jointctrlsdk/src/diablo_torque.cpp:62:46:[m[K [01;36m[Knote: [m[K  mismatched types ‘[01m[Kconst _CharT*[m[K’ and ‘[01m[Kstd::array<float, 6>[m[K’
[8.554s]    62 |         std::cout << "Torque Values are:" << [01;36m[Ktorque_values2[m[K;
[8.554s]       |                                              [01;36m[K^~~~~~~~~~~~~~[m[K
[8.555s] In file included from [01m[K/usr/include/c++/9/ostream:702[m[K,
[8.555s]                  from [01m[K/usr/include/c++/9/iostream:39[m[K,
[8.555s]                  from [01m[K/home/diablo/diablo_torqueHDRL/src/jointctrlsdk/src/diablo_torque.cpp:1[m[K:
[8.556s] [01m[K/usr/include/c++/9/bits/ostream.tcc:321:5:[m[K [01;36m[Knote: [m[Kcandidate: ‘[01m[Ktemplate<class _CharT, class _Traits> std::basic_ostream<_CharT, _Traits>& std::operator<<(std::basic_ostream<_CharT, _Traits>&, const char*)[m[K’
[8.556s]   321 |     [01;36m[Koperator[m[K<<(basic_ostream<_CharT, _Traits>& __out, const char* __s)
[8.557s]       |     [01;36m[K^~~~~~~~[m[K
[8.557s] [01m[K/usr/include/c++/9/bits/ostream.tcc:321:5:[m[K [01;36m[Knote: [m[K  template argument deduction/substitution failed:
[8.558s] [01m[K/home/diablo/diablo_torqueHDRL/src/jointctrlsdk/src/diablo_torque.cpp:62:46:[m[K [01;36m[Knote: [m[K  cannot convert ‘[01m[Ktorque_values2[m[K’ (type ‘[01m[Kconst std::array<float, 6>[m[K’) to type ‘[01m[Kconst char*[m[K’
[8.558s]    62 |         std::cout << "Torque Values are:" << [01;36m[Ktorque_values2[m[K;
[8.558s]       |                                              [01;36m[K^~~~~~~~~~~~~~[m[K
[8.559s] In file included from [01m[K/usr/include/c++/9/iostream:39[m[K,
[8.559s]                  from [01m[K/home/diablo/diablo_torqueHDRL/src/jointctrlsdk/src/diablo_torque.cpp:1[m[K:
[8.560s] [01m[K/usr/include/c++/9/ostream:565:5:[m[K [01;36m[Knote: [m[Kcandidate: ‘[01m[Ktemplate<class _Traits> std::basic_ostream<char, _Traits>& std::operator<<(std::basic_ostream<char, _Traits>&, const char*)[m[K’
[8.560s]   565 |     [01;36m[Koperator[m[K<<(basic_ostream<char, _Traits>& __out, const char* __s)
[8.560s]       |     [01;36m[K^~~~~~~~[m[K
[8.561s] [01m[K/usr/include/c++/9/ostream:565:5:[m[K [01;36m[Knote: [m[K  template argument deduction/substitution failed:
[8.561s] [01m[K/home/diablo/diablo_torqueHDRL/src/jointctrlsdk/src/diablo_torque.cpp:62:46:[m[K [01;36m[Knote: [m[K  cannot convert ‘[01m[Ktorque_values2[m[K’ (type ‘[01m[Kconst std::array<float, 6>[m[K’) to type ‘[01m[Kconst char*[m[K’
[8.562s]    62 |         std::cout << "Torque Values are:" << [01;36m[Ktorque_values2[m[K;
[8.562s]       |                                              [01;36m[K^~~~~~~~~~~~~~[m[K
[8.562s] In file included from [01m[K/usr/include/c++/9/iostream:39[m[K,
[8.563s]                  from [01m[K/home/diablo/diablo_torqueHDRL/src/jointctrlsdk/src/diablo_torque.cpp:1[m[K:
[8.563s] [01m[K/usr/include/c++/9/ostream:578:5:[m[K [01;36m[Knote: [m[Kcandidate: ‘[01m[Ktemplate<class _Traits> std::basic_ostream<char, _Traits>& std::operator<<(std::basic_ostream<char, _Traits>&, const signed char*)[m[K’
[8.564s]   578 |     [01;36m[Koperator[m[K<<(basic_ostream<char, _Traits>& __out, const signed char* __s)
[8.564s]       |     [01;36m[K^~~~~~~~[m[K
[8.564s] [01m[K/usr/include/c++/9/ostream:578:5:[m[K [01;36m[Knote: [m[K  template argument deduction/substitution failed:
[8.565s] [01m[K/home/diablo/diablo_torqueHDRL/src/jointctrlsdk/src/diablo_torque.cpp:62:46:[m[K [01;36m[Knote: [m[K  cannot convert ‘[01m[Ktorque_values2[m[K’ (type ‘[01m[Kconst std::array<float, 6>[m[K’) to type ‘[01m[Kconst signed char*[m[K’
[8.565s]    62 |         std::cout << "Torque Values are:" << [01;36m[Ktorque_values2[m[K;
[8.566s]       |                                              [01;36m[K^~~~~~~~~~~~~~[m[K
[8.566s] In file included from [01m[K/usr/include/c++/9/iostream:39[m[K,
[8.567s]                  from [01m[K/home/diablo/diablo_torqueHDRL/src/jointctrlsdk/src/diablo_torque.cpp:1[m[K:
[8.567s] [01m[K/usr/include/c++/9/ostream:583:5:[m[K [01;36m[Knote: [m[Kcandidate: ‘[01m[Ktemplate<class _Traits> std::basic_ostream<char, _Traits>& std::operator<<(std::basic_ostream<char, _Traits>&, const unsigned char*)[m[K’
[8.568s]   583 |     [01;36m[Koperator[m[K<<(basic_ostream<char, _Traits>& __out, const unsigned char* __s)
[8.568s]       |     [01;36m[K^~~~~~~~[m[K
[8.568s] [01m[K/usr/include/c++/9/ostream:583:5:[m[K [01;36m[Knote: [m[K  template argument deduction/substitution failed:
[8.569s] [01m[K/home/diablo/diablo_torqueHDRL/src/jointctrlsdk/src/diablo_torque.cpp:62:46:[m[K [01;36m[Knote: [m[K  cannot convert ‘[01m[Ktorque_values2[m[K’ (type ‘[01m[Kconst std::array<float, 6>[m[K’) to type ‘[01m[Kconst unsigned char*[m[K’
[8.569s]    62 |         std::cout << "Torque Values are:" << [01;36m[Ktorque_values2[m[K;
[8.570s]       |                                              [01;36m[K^~~~~~~~~~~~~~[m[K
[8.570s] In file included from [01m[K/usr/include/c++/9/iostream:39[m[K,
[8.571s]                  from [01m[K/home/diablo/diablo_torqueHDRL/src/jointctrlsdk/src/diablo_torque.cpp:1[m[K:
[8.571s] [01m[K/usr/include/c++/9/ostream:691:5:[m[K [01;36m[Knote: [m[Kcandidate: ‘[01m[Ktemplate<class _Ostream, class _Tp> typename std::enable_if<std::__and_<std::__not_<std::is_lvalue_reference<_Tp> >, std::__is_convertible_to_basic_ostream<_Ostream>, std::__is_insertable<typename std::__is_convertible_to_basic_ostream<_Tp>::__ostream_type, const _Tp&, void> >::value, typename std::__is_convertible_to_basic_ostream<_Tp>::__ostream_type>::type std::operator<<(_Ostream&&, const _Tp&)[m[K’
[8.571s]   691 |     [01;36m[Koperator[m[K<<(_Ostream&& __os, const _Tp& __x)
[8.572s]       |     [01;36m[K^~~~~~~~[m[K
[8.572s] [01m[K/usr/include/c++/9/ostream:691:5:[m[K [01;36m[Knote: [m[K  template argument deduction/substitution failed:
[8.573s] /usr/include/c++/9/ostream: In substitution of ‘[01m[Ktemplate<class _Ostream, class _Tp> typename std::enable_if<std::__and_<std::__not_<std::is_lvalue_reference<_Tp> >, std::__is_convertible_to_basic_ostream<_Ostream>, std::__is_insertable<typename std::__is_convertible_to_basic_ostream<_Tp>::__ostream_type, const _Tp&, void> >::value, typename std::__is_convertible_to_basic_ostream<_Tp>::__ostream_type>::type std::operator<<(_Ostream&&, const _Tp&) [with _Ostream = std::basic_ostream<char>&; _Tp = std::array<float, 6>][m[K’:
[8.573s] [01m[K/home/diablo/diablo_torqueHDRL/src/jointctrlsdk/src/diablo_torque.cpp:62:46:[m[K   required from here
[8.574s] [01m[K/usr/include/c++/9/ostream:691:5:[m[K [01;31m[Kerror: [m[Kno type named ‘[01m[Ktype[m[K’ in ‘[01m[Kstruct std::enable_if<false, std::basic_ostream<char>&>[m[K’
[8.574s] In file included from [01m[K/usr/include/c++/9/memory:81[m[K,
[8.574s]                  from [01m[K/usr/include/c++/9/thread:39[m[K,
[8.575s]                  from [01m[K/home/diablo/diablo_torqueHDRL/src/jointctrlsdk/include/serial_handle.hpp:4[m[K,
[8.575s]                  from [01m[K/home/diablo/diablo_torqueHDRL/src/jointctrlsdk/src/diablo_torque.cpp:3[m[K:
[8.576s] [01m[K/usr/include/c++/9/bits/shared_ptr.h:66:5:[m[K [01;36m[Knote: [m[Kcandidate: ‘[01m[Ktemplate<class _Ch, class _Tr, class _Tp, __gnu_cxx::_Lock_policy _Lp> std::basic_ostream<_CharT, _Traits>& std::operator<<(std::basic_ostream<_CharT, _Traits>&, const std::__shared_ptr<_Tp, _Lp>&)[m[K’
[8.576s]    66 |     [01;36m[Koperator[m[K<<(std::basic_ostream<_Ch, _Tr>& __os,
[8.576s]       |     [01;36m[K^~~~~~~~[m[K
[8.577s] [01m[K/usr/include/c++/9/bits/shared_ptr.h:66:5:[m[K [01;36m[Knote: [m[K  template argument deduction/substitution failed:
[8.577s] [01m[K/home/diablo/diablo_torqueHDRL/src/jointctrlsdk/src/diablo_torque.cpp:62:46:[m[K [01;36m[Knote: [m[K  ‘[01m[Kconst std::array<float, 6>[m[K’ is not derived from ‘[01m[Kconst std::__shared_ptr<_Tp, _Lp>[m[K’
[8.578s]    62 |         std::cout << "Torque Values are:" << [01;36m[Ktorque_values2[m[K;
[8.579s]       |                                              [01;36m[K^~~~~~~~~~~~~~[m[K
[8.579s] In file included from [01m[K/home/diablo/diablo_torqueHDRL/src/jointctrlsdk/include/serial_handle.hpp:4[m[K,
[8.580s]                  from [01m[K/home/diablo/diablo_torqueHDRL/src/jointctrlsdk/src/diablo_torque.cpp:3[m[K:
[8.580s] [01m[K/usr/include/c++/9/thread:322:5:[m[K [01;36m[Knote: [m[Kcandidate: ‘[01m[Ktemplate<class _CharT, class _Traits> std::basic_ostream<_CharT, _Traits>& std::operator<<(std::basic_ostream<_CharT, _Traits>&, std::thread::id)[m[K’
[8.580s]   322 |     [01;36m[Koperator[m[K<<(basic_ostream<_CharT, _Traits>& __out, thread::id __id)
[8.581s]       |     [01;36m[K^~~~~~~~[m[K
[8.581s] [01m[K/usr/include/c++/9/thread:322:5:[m[K [01;36m[Knote: [m[K  template argument deduction/substitution failed:
[8.582s] [01m[K/home/diablo/diablo_torqueHDRL/src/jointctrlsdk/src/diablo_torque.cpp:62:46:[m[K [01;36m[Knote: [m[K  cannot convert ‘[01m[Ktorque_values2[m[K’ (type ‘[01m[Kconst std::array<float, 6>[m[K’) to type ‘[01m[Kstd::thread::id[m[K’
[8.582s]    62 |         std::cout << "Torque Values are:" << [01;36m[Ktorque_values2[m[K;
[8.583s]       |                                              [01;36m[K^~~~~~~~~~~~~~[m[K
[8.583s] [01m[K/home/diablo/diablo_torqueHDRL/src/jointctrlsdk/src/diablo_torque.cpp:63:31:[m[K [01;31m[Kerror: [m[Kcannot convert ‘[01m[Kconst std::array<float, 6>[m[K’ to ‘[01m[K_Float32*[m[K’ {aka ‘[01m[Kfloat*[m[K’}
[8.584s]    63 |         handle.create_package([01;31m[Ktorque_values2[m[K, send_struct);
[8.584s]       |                               [01;31m[K^~~~~~~~~~~~~~[m[K
[8.584s]       |                               [01;31m[K|[m[K
[8.585s]       |                               [01;31m[Kconst std::array<float, 6>[m[K
[8.585s] In file included from [01m[K/home/diablo/diablo_torqueHDRL/src/jointctrlsdk/src/diablo_torque.cpp:3[m[K:
[8.586s] [01m[K/home/diablo/diablo_torqueHDRL/src/jointctrlsdk/include/serial_handle.hpp:35:35:[m[K [01;36m[Knote: [m[K  initializing argument 1 of ‘[01m[Kvoid SerialHandle::create_package(_Float32*, motor_torque_t&)[m[K’
[8.586s]    35 |     void create_package([01;36m[K_Float32* motor_tor[m[K,motor_torque_t &motor_package);
[8.587s]       |                         [01;36m[K~~~~~~~~~~^~~~~~~~~[m[K
[14.447s] make[2]: *** [CMakeFiles/diablo_torquesubscriber.dir/build.make:63: CMakeFiles/diablo_torquesubscriber.dir/src/diablo_torque.cpp.o] Error 1
[14.448s] make[1]: *** [CMakeFiles/Makefile2:80: CMakeFiles/diablo_torquesubscriber.dir/all] Error 2
[14.449s] make: *** [Makefile:141: all] Error 2
[14.455s] Invoked command in '/home/diablo/diablo_torqueHDRL/build/jointctrlsdk' returned '2': CMAKE_PREFIX_PATH=${CMAKE_PREFIX_PATH}:/home/diablo/diablo_ws/install/diablo_teleop:/opt/ros/foxy /usr/bin/cmake --build /home/diablo/diablo_torqueHDRL/build/jointctrlsdk -- -j4 -l4
