[0.076s] Invoking command in '/home/diablo/diablo_torqueHDRL/build/torque_interfaces': CMAKE_PREFIX_PATH=${CMAKE_PREFIX_PATH}:/home/diablo/diablo_ws/install/diablo_teleop:/opt/ros/foxy /usr/bin/cmake --build /home/diablo/diablo_torqueHDRL/build/torque_interfaces -- -j4 -l4
[0.270s] -- Found ament_cmake: 0.9.9 (/opt/ros/foxy/share/ament_cmake/cmake)
[0.383s] -- Found PythonInterp: /usr/bin/python3 (found suitable version "3.8.10", minimum required is "3") 
[0.384s] -- Using PYTHON_EXECUTABLE: /usr/bin/python3
[1.287s] -- Found rosidl_default_generators: 1.0.1 (/opt/ros/foxy/share/rosidl_default_generators/cmake)
[1.302s] -- Using all available rosidl_typesupport_c: rosidl_typesupport_fastrtps_c;rosidl_typesupport_introspection_c
[1.318s] -- Found rosidl_adapter: 1.2.1 (/opt/ros/foxy/share/rosidl_adapter/cmake)
[2.641s] -- Using all available rosidl_typesupport_cpp: rosidl_typesupport_fastrtps_cpp;rosidl_typesupport_introspection_cpp
[2.857s] -- Found PythonInterp: /usr/bin/python3 (found version "3.8.10") 
[3.447s] -- Found ament_cmake_ros: 0.9.2 (/opt/ros/foxy/share/ament_cmake_ros/cmake)
[4.535s] -- Using all available rosidl_typesupport_c: rosidl_typesupport_fastrtps_c;rosidl_typesupport_introspection_c
[4.583s] -- Using all available rosidl_typesupport_cpp: rosidl_typesupport_fastrtps_cpp;rosidl_typesupport_introspection_cpp
[4.703s] -- Found PythonInterp: /usr/bin/python3 (found suitable version "3.8.10", minimum required is "3.5") 
[4.705s] -- Found python_cmake_module: 0.8.1 (/opt/ros/foxy/share/python_cmake_module/cmake)
[4.827s] -- Using PYTHON_EXECUTABLE: /usr/bin/python3
[4.827s] -- Using PYTHON_INCLUDE_DIRS: /usr/include/python3.8
[4.828s] -- Using PYTHON_LIBRARIES: /usr/lib/aarch64-linux-gnu/libpython3.8.so
[4.897s] -- Found ament_lint_auto: 0.9.6 (/opt/ros/foxy/share/ament_lint_auto/cmake)
[4.958s] -- Added test 'copyright' to check source files copyright and LICENSE
[4.975s] -- Added test 'lint_cmake' to check CMake code style
[4.983s] -- Added test 'xmllint' to check XML markup files
[5.018s] -- Configuring done
[5.265s] -- Generating done
[5.283s] -- Build files have been written to: /home/diablo/diablo_torqueHDRL/build/torque_interfaces
[5.488s] [  3%] Built target torque_interfaces__cpp
[5.500s] [ 12%] Built target torque_interfaces__rosidl_generator_c
[5.634s] [ 22%] Built target torque_interfaces__rosidl_typesupport_cpp
[5.646s] [ 32%] Built target torque_interfaces__rosidl_typesupport_introspection_cpp
[5.651s] [ 41%] Built target torque_interfaces__rosidl_typesupport_introspection_c
[5.692s] [ 51%] Built target torque_interfaces__rosidl_typesupport_fastrtps_cpp
[5.768s] [ 61%] Built target torque_interfaces__rosidl_typesupport_c
[5.869s] [ 70%] Built target torque_interfaces__rosidl_typesupport_fastrtps_c
[5.989s] [ 70%] Built target torque_interfaces
[6.112s] [ 74%] Built target torque_interfaces__py
[6.299s] [ 80%] Built target torque_interfaces__python
[6.493s] [ 87%] Built target torque_interfaces__rosidl_typesupport_fastrtps_c__pyext
[6.495s] [100%] Built target torque_interfaces__rosidl_typesupport_c__pyext
[6.496s] [100%] Built target torque_interfaces__rosidl_typesupport_introspection_c__pyext
[6.548s] Invoked command in '/home/diablo/diablo_torqueHDRL/build/torque_interfaces' returned '0': CMAKE_PREFIX_PATH=${CMAKE_PREFIX_PATH}:/home/diablo/diablo_ws/install/diablo_teleop:/opt/ros/foxy /usr/bin/cmake --build /home/diablo/diablo_torqueHDRL/build/torque_interfaces -- -j4 -l4
[6.988s] Invoking command in '/home/diablo/diablo_torqueHDRL/build/torque_interfaces': CMAKE_PREFIX_PATH=${CMAKE_PREFIX_PATH}:/home/diablo/diablo_ws/install/diablo_teleop:/opt/ros/foxy /usr/bin/cmake --install /home/diablo/diablo_torqueHDRL/build/torque_interfaces
[7.034s] -- Install configuration: ""
[7.035s] -- Up-to-date: /home/diablo/diablo_torqueHDRL/install/torque_interfaces/share/ament_index/resource_index/rosidl_interfaces/torque_interfaces
[7.036s] -- Up-to-date: /home/diablo/diablo_torqueHDRL/install/torque_interfaces/include/torque_interfaces
[7.036s] -- Up-to-date: /home/diablo/diablo_torqueHDRL/install/torque_interfaces/include/torque_interfaces/msg
[7.037s] -- Up-to-date: /home/diablo/diablo_torqueHDRL/install/torque_interfaces/include/torque_interfaces/msg/rosidl_generator_c__visibility_control.h
[7.037s] -- Up-to-date: /home/diablo/diablo_torqueHDRL/install/torque_interfaces/include/torque_interfaces/msg/torque.h
[7.038s] -- Up-to-date: /home/diablo/diablo_torqueHDRL/install/torque_interfaces/include/torque_interfaces/msg/detail
[7.038s] -- Up-to-date: /home/diablo/diablo_torqueHDRL/install/torque_interfaces/include/torque_interfaces/msg/detail/torque__struct.h
[7.039s] -- Up-to-date: /home/diablo/diablo_torqueHDRL/install/torque_interfaces/include/torque_interfaces/msg/detail/torque__functions.c
[7.039s] -- Up-to-date: /home/diablo/diablo_torqueHDRL/install/torque_interfaces/include/torque_interfaces/msg/detail/torque__functions.h
[7.040s] -- Up-to-date: /home/diablo/diablo_torqueHDRL/install/torque_interfaces/include/torque_interfaces/msg/detail/torque__type_support.h
[7.040s] -- Up-to-date: /home/diablo/diablo_torqueHDRL/install/torque_interfaces/share/torque_interfaces/environment/library_path.sh
[7.041s] -- Installing: /home/diablo/diablo_torqueHDRL/install/torque_interfaces/share/torque_interfaces/environment/library_path.dsv
[7.042s] -- Up-to-date: /home/diablo/diablo_torqueHDRL/install/torque_interfaces/lib/libtorque_interfaces__rosidl_generator_c.so
[7.044s] -- Up-to-date: /home/diablo/diablo_torqueHDRL/install/torque_interfaces/include/torque_interfaces
[7.044s] -- Up-to-date: /home/diablo/diablo_torqueHDRL/install/torque_interfaces/include/torque_interfaces/msg
[7.045s] -- Up-to-date: /home/diablo/diablo_torqueHDRL/install/torque_interfaces/include/torque_interfaces/msg/rosidl_typesupport_fastrtps_c__visibility_control.h
[7.045s] -- Up-to-date: /home/diablo/diablo_torqueHDRL/install/torque_interfaces/include/torque_interfaces/msg/detail
[7.046s] -- Up-to-date: /home/diablo/diablo_torqueHDRL/install/torque_interfaces/include/torque_interfaces/msg/detail/torque__rosidl_typesupport_fastrtps_c.h
[7.047s] -- Up-to-date: /home/diablo/diablo_torqueHDRL/install/torque_interfaces/lib/libtorque_interfaces__rosidl_typesupport_fastrtps_c.so
[7.049s] -- Up-to-date: /home/diablo/diablo_torqueHDRL/install/torque_interfaces/include/torque_interfaces
[7.049s] -- Up-to-date: /home/diablo/diablo_torqueHDRL/install/torque_interfaces/include/torque_interfaces/msg
[7.049s] -- Up-to-date: /home/diablo/diablo_torqueHDRL/install/torque_interfaces/include/torque_interfaces/msg/rosidl_typesupport_fastrtps_cpp__visibility_control.h
[7.050s] -- Up-to-date: /home/diablo/diablo_torqueHDRL/install/torque_interfaces/include/torque_interfaces/msg/detail
[7.050s] -- Up-to-date: /home/diablo/diablo_torqueHDRL/install/torque_interfaces/include/torque_interfaces/msg/detail/torque__rosidl_typesupport_fastrtps_cpp.hpp
[7.051s] -- Up-to-date: /home/diablo/diablo_torqueHDRL/install/torque_interfaces/include/torque_interfaces/msg/detail/dds_fastrtps
[7.052s] -- Up-to-date: /home/diablo/diablo_torqueHDRL/install/torque_interfaces/lib/libtorque_interfaces__rosidl_typesupport_fastrtps_cpp.so
[7.054s] -- Up-to-date: /home/diablo/diablo_torqueHDRL/install/torque_interfaces/include/torque_interfaces
[7.054s] -- Up-to-date: /home/diablo/diablo_torqueHDRL/install/torque_interfaces/include/torque_interfaces/msg
[7.055s] -- Up-to-date: /home/diablo/diablo_torqueHDRL/install/torque_interfaces/include/torque_interfaces/msg/rosidl_typesupport_introspection_c__visibility_control.h
[7.055s] -- Up-to-date: /home/diablo/diablo_torqueHDRL/install/torque_interfaces/include/torque_interfaces/msg/detail
[7.056s] -- Up-to-date: /home/diablo/diablo_torqueHDRL/install/torque_interfaces/include/torque_interfaces/msg/detail/torque__rosidl_typesupport_introspection_c.h
[7.056s] -- Up-to-date: /home/diablo/diablo_torqueHDRL/install/torque_interfaces/include/torque_interfaces/msg/detail/torque__type_support.c
[7.057s] -- Up-to-date: /home/diablo/diablo_torqueHDRL/install/torque_interfaces/lib/libtorque_interfaces__rosidl_typesupport_introspection_c.so
[7.059s] -- Up-to-date: /home/diablo/diablo_torqueHDRL/install/torque_interfaces/lib/libtorque_interfaces__rosidl_typesupport_c.so
[7.061s] -- Up-to-date: /home/diablo/diablo_torqueHDRL/install/torque_interfaces/include/torque_interfaces
[7.061s] -- Up-to-date: /home/diablo/diablo_torqueHDRL/install/torque_interfaces/include/torque_interfaces/msg
[7.062s] -- Up-to-date: /home/diablo/diablo_torqueHDRL/install/torque_interfaces/include/torque_interfaces/msg/torque.hpp
[7.062s] -- Up-to-date: /home/diablo/diablo_torqueHDRL/install/torque_interfaces/include/torque_interfaces/msg/detail
[7.063s] -- Up-to-date: /home/diablo/diablo_torqueHDRL/install/torque_interfaces/include/torque_interfaces/msg/detail/torque__struct.hpp
[7.063s] -- Up-to-date: /home/diablo/diablo_torqueHDRL/install/torque_interfaces/include/torque_interfaces/msg/detail/torque__traits.hpp
[7.064s] -- Up-to-date: /home/diablo/diablo_torqueHDRL/install/torque_interfaces/include/torque_interfaces/msg/detail/torque__builder.hpp
[7.064s] -- Up-to-date: /home/diablo/diablo_torqueHDRL/install/torque_interfaces/include/torque_interfaces
[7.064s] -- Up-to-date: /home/diablo/diablo_torqueHDRL/install/torque_interfaces/include/torque_interfaces/msg
[7.065s] -- Up-to-date: /home/diablo/diablo_torqueHDRL/install/torque_interfaces/include/torque_interfaces/msg/detail
[7.065s] -- Up-to-date: /home/diablo/diablo_torqueHDRL/install/torque_interfaces/include/torque_interfaces/msg/detail/torque__rosidl_typesupport_introspection_cpp.hpp
[7.066s] -- Up-to-date: /home/diablo/diablo_torqueHDRL/install/torque_interfaces/include/torque_interfaces/msg/detail/torque__type_support.cpp
[7.067s] -- Up-to-date: /home/diablo/diablo_torqueHDRL/install/torque_interfaces/lib/libtorque_interfaces__rosidl_typesupport_introspection_cpp.so
[7.070s] -- Up-to-date: /home/diablo/diablo_torqueHDRL/install/torque_interfaces/lib/libtorque_interfaces__rosidl_typesupport_cpp.so
[7.071s] -- Up-to-date: /home/diablo/diablo_torqueHDRL/install/torque_interfaces/share/torque_interfaces/environment/pythonpath.sh
[7.071s] -- Installing: /home/diablo/diablo_torqueHDRL/install/torque_interfaces/share/torque_interfaces/environment/pythonpath.dsv
[7.073s] -- Installing: /home/diablo/diablo_torqueHDRL/install/torque_interfaces/lib/python3.8/site-packages/torque_interfaces/__init__.py
[7.228s] Compiling '/home/diablo/diablo_torqueHDRL/install/torque_interfaces/lib/python3.8/site-packages/torque_interfaces/__init__.py'...
[7.251s] -- Up-to-date: /home/diablo/diablo_torqueHDRL/install/torque_interfaces/lib/python3.8/site-packages/torque_interfaces/msg
[7.252s] -- Up-to-date: /home/diablo/diablo_torqueHDRL/install/torque_interfaces/lib/python3.8/site-packages/torque_interfaces/msg/_torque.py
[7.253s] -- Up-to-date: /home/diablo/diablo_torqueHDRL/install/torque_interfaces/lib/python3.8/site-packages/torque_interfaces/msg/__init__.py
[7.253s] -- Up-to-date: /home/diablo/diablo_torqueHDRL/install/torque_interfaces/lib/python3.8/site-packages/torque_interfaces/msg/_torque_s.c
[7.255s] -- Up-to-date: /home/diablo/diablo_torqueHDRL/install/torque_interfaces/lib/python3.8/site-packages/torque_interfaces/torque_interfaces_s__rosidl_typesupport_fastrtps_c.cpython-38-aarch64-linux-gnu.so
[7.259s] -- Up-to-date: /home/diablo/diablo_torqueHDRL/install/torque_interfaces/lib/python3.8/site-packages/torque_interfaces/torque_interfaces_s__rosidl_typesupport_introspection_c.cpython-38-aarch64-linux-gnu.so
[7.263s] -- Up-to-date: /home/diablo/diablo_torqueHDRL/install/torque_interfaces/lib/python3.8/site-packages/torque_interfaces/torque_interfaces_s__rosidl_typesupport_c.cpython-38-aarch64-linux-gnu.so
[7.266s] -- Up-to-date: /home/diablo/diablo_torqueHDRL/install/torque_interfaces/lib/libtorque_interfaces__python.so
[7.270s] -- Up-to-date: /home/diablo/diablo_torqueHDRL/install/torque_interfaces/share/torque_interfaces/msg/Torque.idl
[7.270s] -- Up-to-date: /home/diablo/diablo_torqueHDRL/install/torque_interfaces/share/torque_interfaces/msg/Torque.msg
[7.271s] -- Up-to-date: /home/diablo/diablo_torqueHDRL/install/torque_interfaces/share/ament_index/resource_index/package_run_dependencies/torque_interfaces
[7.272s] -- Installing: /home/diablo/diablo_torqueHDRL/install/torque_interfaces/share/ament_index/resource_index/parent_prefix_path/torque_interfaces
[7.273s] -- Up-to-date: /home/diablo/diablo_torqueHDRL/install/torque_interfaces/share/torque_interfaces/environment/ament_prefix_path.sh
[7.274s] -- Installing: /home/diablo/diablo_torqueHDRL/install/torque_interfaces/share/torque_interfaces/environment/ament_prefix_path.dsv
[7.275s] -- Up-to-date: /home/diablo/diablo_torqueHDRL/install/torque_interfaces/share/torque_interfaces/environment/path.sh
[7.276s] -- Installing: /home/diablo/diablo_torqueHDRL/install/torque_interfaces/share/torque_interfaces/environment/path.dsv
[7.277s] -- Up-to-date: /home/diablo/diablo_torqueHDRL/install/torque_interfaces/share/torque_interfaces/local_setup.bash
[7.277s] -- Up-to-date: /home/diablo/diablo_torqueHDRL/install/torque_interfaces/share/torque_interfaces/local_setup.sh
[7.278s] -- Up-to-date: /home/diablo/diablo_torqueHDRL/install/torque_interfaces/share/torque_interfaces/local_setup.zsh
[7.278s] -- Installing: /home/diablo/diablo_torqueHDRL/install/torque_interfaces/share/torque_interfaces/local_setup.dsv
[7.280s] -- Installing: /home/diablo/diablo_torqueHDRL/install/torque_interfaces/share/torque_interfaces/package.dsv
[7.282s] -- Up-to-date: /home/diablo/diablo_torqueHDRL/install/torque_interfaces/share/ament_index/resource_index/packages/torque_interfaces
[7.283s] -- Up-to-date: /home/diablo/diablo_torqueHDRL/install/torque_interfaces/share/torque_interfaces/cmake/torque_interfaces__rosidl_generator_cExport.cmake
[7.284s] -- Installing: /home/diablo/diablo_torqueHDRL/install/torque_interfaces/share/torque_interfaces/cmake/torque_interfaces__rosidl_generator_cExport-noconfig.cmake
[7.286s] -- Up-to-date: /home/diablo/diablo_torqueHDRL/install/torque_interfaces/share/torque_interfaces/cmake/torque_interfaces__rosidl_typesupport_introspection_cExport.cmake
[7.287s] -- Installing: /home/diablo/diablo_torqueHDRL/install/torque_interfaces/share/torque_interfaces/cmake/torque_interfaces__rosidl_typesupport_introspection_cExport-noconfig.cmake
[7.289s] -- Up-to-date: /home/diablo/diablo_torqueHDRL/install/torque_interfaces/share/torque_interfaces/cmake/torque_interfaces__rosidl_typesupport_cExport.cmake
[7.290s] -- Installing: /home/diablo/diablo_torqueHDRL/install/torque_interfaces/share/torque_interfaces/cmake/torque_interfaces__rosidl_typesupport_cExport-noconfig.cmake
[7.292s] -- Up-to-date: /home/diablo/diablo_torqueHDRL/install/torque_interfaces/share/torque_interfaces/cmake/torque_interfaces__rosidl_generator_cppExport.cmake
[7.293s] -- Up-to-date: /home/diablo/diablo_torqueHDRL/install/torque_interfaces/share/torque_interfaces/cmake/torque_interfaces__rosidl_typesupport_introspection_cppExport.cmake
[7.293s] -- Installing: /home/diablo/diablo_torqueHDRL/install/torque_interfaces/share/torque_interfaces/cmake/torque_interfaces__rosidl_typesupport_introspection_cppExport-noconfig.cmake
[7.296s] -- Up-to-date: /home/diablo/diablo_torqueHDRL/install/torque_interfaces/share/torque_interfaces/cmake/torque_interfaces__rosidl_typesupport_cppExport.cmake
[7.296s] -- Installing: /home/diablo/diablo_torqueHDRL/install/torque_interfaces/share/torque_interfaces/cmake/torque_interfaces__rosidl_typesupport_cppExport-noconfig.cmake
[7.298s] -- Up-to-date: /home/diablo/diablo_torqueHDRL/install/torque_interfaces/share/torque_interfaces/cmake/rosidl_cmake-extras.cmake
[7.298s] -- Up-to-date: /home/diablo/diablo_torqueHDRL/install/torque_interfaces/share/torque_interfaces/cmake/ament_cmake_export_dependencies-extras.cmake
[7.299s] -- Up-to-date: /home/diablo/diablo_torqueHDRL/install/torque_interfaces/share/torque_interfaces/cmake/ament_cmake_export_libraries-extras.cmake
[7.299s] -- Up-to-date: /home/diablo/diablo_torqueHDRL/install/torque_interfaces/share/torque_interfaces/cmake/ament_cmake_export_targets-extras.cmake
[7.300s] -- Up-to-date: /home/diablo/diablo_torqueHDRL/install/torque_interfaces/share/torque_interfaces/cmake/ament_cmake_export_include_directories-extras.cmake
[7.300s] -- Up-to-date: /home/diablo/diablo_torqueHDRL/install/torque_interfaces/share/torque_interfaces/cmake/rosidl_cmake_export_typesupport_libraries-extras.cmake
[7.301s] -- Up-to-date: /home/diablo/diablo_torqueHDRL/install/torque_interfaces/share/torque_interfaces/cmake/rosidl_cmake_export_typesupport_targets-extras.cmake
[7.301s] -- Up-to-date: /home/diablo/diablo_torqueHDRL/install/torque_interfaces/share/torque_interfaces/cmake/torque_interfacesConfig.cmake
[7.302s] -- Up-to-date: /home/diablo/diablo_torqueHDRL/install/torque_interfaces/share/torque_interfaces/cmake/torque_interfacesConfig-version.cmake
[7.302s] -- Up-to-date: /home/diablo/diablo_torqueHDRL/install/torque_interfaces/share/torque_interfaces/package.xml
[7.311s] Invoked command in '/home/diablo/diablo_torqueHDRL/build/torque_interfaces' returned '0': CMAKE_PREFIX_PATH=${CMAKE_PREFIX_PATH}:/home/diablo/diablo_ws/install/diablo_teleop:/opt/ros/foxy /usr/bin/cmake --install /home/diablo/diablo_torqueHDRL/build/torque_interfaces
