[0.609s] DEBUG:colcon:Command line arguments: ['/usr/bin/colcon', 'build', '--packages-select', 'jointctrlsdk']
[0.609s] DEBUG:colcon:Parsed command line arguments: Namespace(allow_overriding=[], ament_cmake_args=None, base_paths=['.'], build_base='build', catkin_cmake_args=None, catkin_skip_building_tests=False, cmake_args=None, cmake_clean_cache=False, cmake_clean_first=False, cmake_force_configure=False, cmake_target=None, cmake_target_skip_unavailable=False, continue_on_error=False, event_handlers=None, executor='parallel', ignore_user_meta=False, install_base='install', log_base=None, log_level=None, main=<bound method BuildVerb.main of <colcon_core.verb.build.BuildVerb object at 0xffffb62f9700>>, merge_install=False, metas=['./colcon.meta'], packages_above=None, packages_above_and_dependencies=None, packages_above_depth=None, packages_end=None, packages_ignore=None, packages_ignore_regex=None, packages_select=['jointctrlsdk'], packages_select_build_failed=False, packages_select_by_dep=None, packages_select_regex=None, packages_select_test_failures=False, packages_skip=None, packages_skip_build_finished=False, packages_skip_by_dep=None, packages_skip_regex=None, packages_skip_test_passed=False, packages_skip_up_to=None, packages_start=None, packages_up_to=None, packages_up_to_regex=None, parallel_workers=4, paths=None, symlink_install=False, test_result_base=None, verb_extension=<colcon_core.verb.build.BuildVerb object at 0xffffb62f9700>, verb_name='build', verb_parser=<colcon_defaults.argument_parser.defaults.DefaultArgumentsDecorator object at 0xffffb62f9c40>)
[0.714s] Level 1:colcon.colcon_core.package_discovery:discover_packages(colcon_meta) check parameters
[0.714s] Level 1:colcon.colcon_core.package_discovery:discover_packages(recursive) check parameters
[0.715s] Level 1:colcon.colcon_core.package_discovery:discover_packages(ignore) check parameters
[0.715s] Level 1:colcon.colcon_core.package_discovery:discover_packages(path) check parameters
[0.715s] Level 1:colcon.colcon_core.package_discovery:discover_packages(colcon_meta) discover
[0.715s] Level 1:colcon.colcon_core.package_discovery:discover_packages(recursive) discover
[0.715s] INFO:colcon.colcon_core.package_discovery:Crawling recursively for packages in '/home/diablo/diablo_torqueHDRL'
[0.716s] Level 1:colcon.colcon_core.package_identification:_identify(.) by extensions ['ignore', 'ignore_ament_install']
[0.716s] Level 1:colcon.colcon_core.package_identification:_identify(.) by extension 'ignore'
[0.716s] Level 1:colcon.colcon_core.package_identification:_identify(.) by extension 'ignore_ament_install'
[0.717s] Level 1:colcon.colcon_core.package_identification:_identify(.) by extensions ['colcon_pkg']
[0.717s] Level 1:colcon.colcon_core.package_identification:_identify(.) by extension 'colcon_pkg'
[0.717s] Level 1:colcon.colcon_core.package_identification:_identify(.) by extensions ['colcon_meta']
[0.717s] Level 1:colcon.colcon_core.package_identification:_identify(.) by extension 'colcon_meta'
[0.717s] Level 1:colcon.colcon_core.package_identification:_identify(.) by extensions ['ros']
[0.717s] Level 1:colcon.colcon_core.package_identification:_identify(.) by extension 'ros'
[0.764s] Level 1:colcon.colcon_core.package_identification:_identify(.) by extensions ['cmake', 'python']
[0.765s] Level 1:colcon.colcon_core.package_identification:_identify(.) by extension 'cmake'
[0.765s] Level 1:colcon.colcon_core.package_identification:_identify(.) by extension 'python'
[0.765s] Level 1:colcon.colcon_core.package_identification:_identify(.) by extensions ['python_setup_py']
[0.765s] Level 1:colcon.colcon_core.package_identification:_identify(.) by extension 'python_setup_py'
[0.766s] Level 1:colcon.colcon_core.package_identification:_identify(build) by extensions ['ignore', 'ignore_ament_install']
[0.766s] Level 1:colcon.colcon_core.package_identification:_identify(build) by extension 'ignore'
[0.766s] Level 1:colcon.colcon_core.package_identification:_identify(build) ignored
[0.767s] Level 1:colcon.colcon_core.package_identification:_identify(install) by extensions ['ignore', 'ignore_ament_install']
[0.767s] Level 1:colcon.colcon_core.package_identification:_identify(install) by extension 'ignore'
[0.768s] Level 1:colcon.colcon_core.package_identification:_identify(install) ignored
[0.770s] Level 1:colcon.colcon_core.package_identification:_identify(log) by extensions ['ignore', 'ignore_ament_install']
[0.770s] Level 1:colcon.colcon_core.package_identification:_identify(log) by extension 'ignore'
[0.771s] Level 1:colcon.colcon_core.package_identification:_identify(log) ignored
[0.771s] Level 1:colcon.colcon_core.package_identification:_identify(src) by extensions ['ignore', 'ignore_ament_install']
[0.771s] Level 1:colcon.colcon_core.package_identification:_identify(src) by extension 'ignore'
[0.772s] Level 1:colcon.colcon_core.package_identification:_identify(src) by extension 'ignore_ament_install'
[0.772s] Level 1:colcon.colcon_core.package_identification:_identify(src) by extensions ['colcon_pkg']
[0.772s] Level 1:colcon.colcon_core.package_identification:_identify(src) by extension 'colcon_pkg'
[0.772s] Level 1:colcon.colcon_core.package_identification:_identify(src) by extensions ['colcon_meta']
[0.772s] Level 1:colcon.colcon_core.package_identification:_identify(src) by extension 'colcon_meta'
[0.773s] Level 1:colcon.colcon_core.package_identification:_identify(src) by extensions ['ros']
[0.773s] Level 1:colcon.colcon_core.package_identification:_identify(src) by extension 'ros'
[0.773s] Level 1:colcon.colcon_core.package_identification:_identify(src) by extensions ['cmake', 'python']
[0.773s] Level 1:colcon.colcon_core.package_identification:_identify(src) by extension 'cmake'
[0.773s] Level 1:colcon.colcon_core.package_identification:_identify(src) by extension 'python'
[0.774s] Level 1:colcon.colcon_core.package_identification:_identify(src) by extensions ['python_setup_py']
[0.774s] Level 1:colcon.colcon_core.package_identification:_identify(src) by extension 'python_setup_py'
[0.774s] Level 1:colcon.colcon_core.package_identification:_identify(src/jointctrlsdk) by extensions ['ignore', 'ignore_ament_install']
[0.774s] Level 1:colcon.colcon_core.package_identification:_identify(src/jointctrlsdk) by extension 'ignore'
[0.775s] Level 1:colcon.colcon_core.package_identification:_identify(src/jointctrlsdk) by extension 'ignore_ament_install'
[0.775s] Level 1:colcon.colcon_core.package_identification:_identify(src/jointctrlsdk) by extensions ['colcon_pkg']
[0.775s] Level 1:colcon.colcon_core.package_identification:_identify(src/jointctrlsdk) by extension 'colcon_pkg'
[0.775s] Level 1:colcon.colcon_core.package_identification:_identify(src/jointctrlsdk) by extensions ['colcon_meta']
[0.775s] Level 1:colcon.colcon_core.package_identification:_identify(src/jointctrlsdk) by extension 'colcon_meta'
[0.776s] Level 1:colcon.colcon_core.package_identification:_identify(src/jointctrlsdk) by extensions ['ros']
[0.776s] Level 1:colcon.colcon_core.package_identification:_identify(src/jointctrlsdk) by extension 'ros'
[0.790s] DEBUG:colcon.colcon_core.package_identification:Package 'src/jointctrlsdk' with type 'ros.ament_cmake' and name 'jointctrlsdk'
[0.791s] Level 1:colcon.colcon_core.package_identification:_identify(src/torque_interfaces) by extensions ['ignore', 'ignore_ament_install']
[0.792s] Level 1:colcon.colcon_core.package_identification:_identify(src/torque_interfaces) by extension 'ignore'
[0.792s] Level 1:colcon.colcon_core.package_identification:_identify(src/torque_interfaces) by extension 'ignore_ament_install'
[0.792s] Level 1:colcon.colcon_core.package_identification:_identify(src/torque_interfaces) by extensions ['colcon_pkg']
[0.792s] Level 1:colcon.colcon_core.package_identification:_identify(src/torque_interfaces) by extension 'colcon_pkg'
[0.792s] Level 1:colcon.colcon_core.package_identification:_identify(src/torque_interfaces) by extensions ['colcon_meta']
[0.793s] Level 1:colcon.colcon_core.package_identification:_identify(src/torque_interfaces) by extension 'colcon_meta'
[0.793s] Level 1:colcon.colcon_core.package_identification:_identify(src/torque_interfaces) by extensions ['ros']
[0.793s] Level 1:colcon.colcon_core.package_identification:_identify(src/torque_interfaces) by extension 'ros'
[0.795s] DEBUG:colcon.colcon_core.package_identification:Package 'src/torque_interfaces' with type 'ros.ament_cmake' and name 'torque_interfaces'
[0.796s] Level 1:colcon.colcon_core.package_discovery:discover_packages(recursive) using defaults
[0.796s] Level 1:colcon.colcon_core.package_discovery:discover_packages(ignore) discover
[0.796s] Level 1:colcon.colcon_core.package_discovery:discover_packages(ignore) using defaults
[0.796s] Level 1:colcon.colcon_core.package_discovery:discover_packages(path) discover
[0.796s] Level 1:colcon.colcon_core.package_discovery:discover_packages(path) using defaults
[0.867s] INFO:colcon.colcon_core.package_selection:Skipping not selected package 'torque_interfaces' in 'src/torque_interfaces'
[0.870s] Level 1:colcon.colcon_core.package_discovery:discover_packages(prefix_path) check parameters
[0.870s] Level 1:colcon.colcon_core.package_discovery:discover_packages(prefix_path) discover
[0.882s] DEBUG:colcon.colcon_installed_package_information.package_discovery:Found 6 installed packages in /home/diablo/diablo_ws/install
[0.891s] DEBUG:colcon.colcon_installed_package_information.package_discovery:Found 258 installed packages in /opt/ros/foxy
[0.899s] Level 1:colcon.colcon_core.package_discovery:discover_packages(prefix_path) using defaults
[1.267s] Level 5:colcon.colcon_core.verb:set package 'jointctrlsdk' build argument 'cmake_args' from command line to 'None'
[1.268s] Level 5:colcon.colcon_core.verb:set package 'jointctrlsdk' build argument 'cmake_target' from command line to 'None'
[1.268s] Level 5:colcon.colcon_core.verb:set package 'jointctrlsdk' build argument 'cmake_target_skip_unavailable' from command line to 'False'
[1.268s] Level 5:colcon.colcon_core.verb:set package 'jointctrlsdk' build argument 'cmake_clean_cache' from command line to 'False'
[1.268s] Level 5:colcon.colcon_core.verb:set package 'jointctrlsdk' build argument 'cmake_clean_first' from command line to 'False'
[1.268s] Level 5:colcon.colcon_core.verb:set package 'jointctrlsdk' build argument 'cmake_force_configure' from command line to 'False'
[1.268s] Level 5:colcon.colcon_core.verb:set package 'jointctrlsdk' build argument 'ament_cmake_args' from command line to 'None'
[1.268s] Level 5:colcon.colcon_core.verb:set package 'jointctrlsdk' build argument 'catkin_cmake_args' from command line to 'None'
[1.268s] Level 5:colcon.colcon_core.verb:set package 'jointctrlsdk' build argument 'catkin_skip_building_tests' from command line to 'False'
[1.269s] DEBUG:colcon.colcon_core.verb:Building package 'jointctrlsdk' with the following arguments: {'ament_cmake_args': None, 'build_base': '/home/diablo/diablo_torqueHDRL/build/jointctrlsdk', 'catkin_cmake_args': None, 'catkin_skip_building_tests': False, 'cmake_args': None, 'cmake_clean_cache': False, 'cmake_clean_first': False, 'cmake_force_configure': False, 'cmake_target': None, 'cmake_target_skip_unavailable': False, 'install_base': '/home/diablo/diablo_torqueHDRL/install/jointctrlsdk', 'merge_install': False, 'path': '/home/diablo/diablo_torqueHDRL/src/jointctrlsdk', 'symlink_install': False, 'test_result_base': None}
[1.270s] INFO:colcon.colcon_core.executor:Executing jobs using 'parallel' executor
[1.278s] DEBUG:colcon.colcon_parallel_executor.executor.parallel:run_until_complete
[1.279s] INFO:colcon.colcon_ros.task.ament_cmake.build:Building ROS package in '/home/diablo/diablo_torqueHDRL/src/jointctrlsdk' with build type 'ament_cmake'
[1.279s] INFO:colcon.colcon_cmake.task.cmake.build:Building CMake package in '/home/diablo/diablo_torqueHDRL/src/jointctrlsdk'
[1.295s] INFO:colcon.colcon_core.plugin_system:Skipping extension 'colcon_core.shell.bat': Not used on non-Windows systems
[1.296s] INFO:colcon.colcon_core.shell:Skip shell extension 'powershell' for command environment: Not usable outside of PowerShell
[1.296s] DEBUG:colcon.colcon_core.shell:Skip shell extension 'dsv' for command environment
[1.361s] DEBUG:colcon.colcon_core.event_handler.log_command:Invoking command in '/home/diablo/diablo_torqueHDRL/build/jointctrlsdk': AMENT_PREFIX_PATH=/home/diablo/diablo_torqueHDRL/install/torque_interfaces:${AMENT_PREFIX_PATH} CMAKE_PREFIX_PATH=/home/diablo/diablo_torqueHDRL/install/torque_interfaces:/home/diablo/diablo_ws/install/diablo_ctrl:/home/diablo/diablo_ws/install/diablo_body:/home/diablo/diablo_ws/install/diablo_utils:/home/diablo/diablo_ws/install/motion_msgs:/home/diablo/diablo_ws/install/ception_msgs:/home/diablo/diablo_ws/install/diablo_teleop:/opt/ros/foxy LD_LIBRARY_PATH=/home/diablo/diablo_torqueHDRL/install/torque_interfaces/lib:${LD_LIBRARY_PATH} PYTHONPATH=/home/diablo/diablo_torqueHDRL/install/torque_interfaces/lib/python3.8/site-packages:${PYTHONPATH} /usr/bin/cmake --build /home/diablo/diablo_torqueHDRL/build/jointctrlsdk -- -j4 -l4
[23.661s] DEBUG:colcon.colcon_core.event_handler.log_command:Invoked command in '/home/diablo/diablo_torqueHDRL/build/jointctrlsdk' returned '0': AMENT_PREFIX_PATH=/home/diablo/diablo_torqueHDRL/install/torque_interfaces:${AMENT_PREFIX_PATH} CMAKE_PREFIX_PATH=/home/diablo/diablo_torqueHDRL/install/torque_interfaces:/home/diablo/diablo_ws/install/diablo_ctrl:/home/diablo/diablo_ws/install/diablo_body:/home/diablo/diablo_ws/install/diablo_utils:/home/diablo/diablo_ws/install/motion_msgs:/home/diablo/diablo_ws/install/ception_msgs:/home/diablo/diablo_ws/install/diablo_teleop:/opt/ros/foxy LD_LIBRARY_PATH=/home/diablo/diablo_torqueHDRL/install/torque_interfaces/lib:${LD_LIBRARY_PATH} PYTHONPATH=/home/diablo/diablo_torqueHDRL/install/torque_interfaces/lib/python3.8/site-packages:${PYTHONPATH} /usr/bin/cmake --build /home/diablo/diablo_torqueHDRL/build/jointctrlsdk -- -j4 -l4
[23.934s] DEBUG:colcon.colcon_core.event_handler.log_command:Invoking command in '/home/diablo/diablo_torqueHDRL/build/jointctrlsdk': AMENT_PREFIX_PATH=/home/diablo/diablo_torqueHDRL/install/torque_interfaces:${AMENT_PREFIX_PATH} CMAKE_PREFIX_PATH=/home/diablo/diablo_torqueHDRL/install/torque_interfaces:/home/diablo/diablo_ws/install/diablo_ctrl:/home/diablo/diablo_ws/install/diablo_body:/home/diablo/diablo_ws/install/diablo_utils:/home/diablo/diablo_ws/install/motion_msgs:/home/diablo/diablo_ws/install/ception_msgs:/home/diablo/diablo_ws/install/diablo_teleop:/opt/ros/foxy LD_LIBRARY_PATH=/home/diablo/diablo_torqueHDRL/install/torque_interfaces/lib:${LD_LIBRARY_PATH} PYTHONPATH=/home/diablo/diablo_torqueHDRL/install/torque_interfaces/lib/python3.8/site-packages:${PYTHONPATH} /usr/bin/cmake --install /home/diablo/diablo_torqueHDRL/build/jointctrlsdk
[24.034s] Level 1:colcon.colcon_core.environment:create_environment_scripts_only(jointctrlsdk)
[24.038s] DEBUG:colcon.colcon_core.event_handler.log_command:Invoked command in '/home/diablo/diablo_torqueHDRL/build/jointctrlsdk' returned '0': AMENT_PREFIX_PATH=/home/diablo/diablo_torqueHDRL/install/torque_interfaces:${AMENT_PREFIX_PATH} CMAKE_PREFIX_PATH=/home/diablo/diablo_torqueHDRL/install/torque_interfaces:/home/diablo/diablo_ws/install/diablo_ctrl:/home/diablo/diablo_ws/install/diablo_body:/home/diablo/diablo_ws/install/diablo_utils:/home/diablo/diablo_ws/install/motion_msgs:/home/diablo/diablo_ws/install/ception_msgs:/home/diablo/diablo_ws/install/diablo_teleop:/opt/ros/foxy LD_LIBRARY_PATH=/home/diablo/diablo_torqueHDRL/install/torque_interfaces/lib:${LD_LIBRARY_PATH} PYTHONPATH=/home/diablo/diablo_torqueHDRL/install/torque_interfaces/lib/python3.8/site-packages:${PYTHONPATH} /usr/bin/cmake --install /home/diablo/diablo_torqueHDRL/build/jointctrlsdk
[24.056s] Level 1:colcon.colcon_core.environment:checking '/home/diablo/diablo_torqueHDRL/install/jointctrlsdk' for CMake module files
[24.060s] Level 1:colcon.colcon_core.environment:checking '/home/diablo/diablo_torqueHDRL/install/jointctrlsdk' for CMake config files
[24.062s] Level 1:colcon.colcon_core.shell:create_environment_hook('jointctrlsdk', 'cmake_prefix_path')
[24.064s] INFO:colcon.colcon_core.shell:Creating environment hook '/home/diablo/diablo_torqueHDRL/install/jointctrlsdk/share/jointctrlsdk/hook/cmake_prefix_path.ps1'
[24.067s] INFO:colcon.colcon_core.shell:Creating environment descriptor '/home/diablo/diablo_torqueHDRL/install/jointctrlsdk/share/jointctrlsdk/hook/cmake_prefix_path.dsv'
[24.069s] INFO:colcon.colcon_core.shell:Creating environment hook '/home/diablo/diablo_torqueHDRL/install/jointctrlsdk/share/jointctrlsdk/hook/cmake_prefix_path.sh'
[24.073s] Level 1:colcon.colcon_core.environment:checking '/home/diablo/diablo_torqueHDRL/install/jointctrlsdk/lib'
[24.074s] Level 1:colcon.colcon_core.shell:create_environment_hook('jointctrlsdk', 'ld_library_path_lib')
[24.076s] INFO:colcon.colcon_core.shell:Creating environment hook '/home/diablo/diablo_torqueHDRL/install/jointctrlsdk/share/jointctrlsdk/hook/ld_library_path_lib.ps1'
[24.079s] INFO:colcon.colcon_core.shell:Creating environment descriptor '/home/diablo/diablo_torqueHDRL/install/jointctrlsdk/share/jointctrlsdk/hook/ld_library_path_lib.dsv'
[24.081s] INFO:colcon.colcon_core.shell:Creating environment hook '/home/diablo/diablo_torqueHDRL/install/jointctrlsdk/share/jointctrlsdk/hook/ld_library_path_lib.sh'
[24.083s] Level 1:colcon.colcon_core.environment:checking '/home/diablo/diablo_torqueHDRL/install/jointctrlsdk/bin'
[24.083s] Level 1:colcon.colcon_core.environment:checking '/home/diablo/diablo_torqueHDRL/install/jointctrlsdk/lib/pkgconfig/jointctrlsdk.pc'
[24.084s] Level 1:colcon.colcon_core.environment:checking '/home/diablo/diablo_torqueHDRL/install/jointctrlsdk/lib/python3.8/site-packages'
[24.085s] Level 1:colcon.colcon_core.environment:checking '/home/diablo/diablo_torqueHDRL/install/jointctrlsdk/bin'
[24.088s] INFO:colcon.colcon_core.shell:Creating package script '/home/diablo/diablo_torqueHDRL/install/jointctrlsdk/share/jointctrlsdk/package.ps1'
[24.091s] INFO:colcon.colcon_core.shell:Creating package descriptor '/home/diablo/diablo_torqueHDRL/install/jointctrlsdk/share/jointctrlsdk/package.dsv'
[24.094s] INFO:colcon.colcon_core.shell:Creating package script '/home/diablo/diablo_torqueHDRL/install/jointctrlsdk/share/jointctrlsdk/package.sh'
[24.098s] INFO:colcon.colcon_core.shell:Creating package script '/home/diablo/diablo_torqueHDRL/install/jointctrlsdk/share/jointctrlsdk/package.bash'
[24.101s] INFO:colcon.colcon_core.shell:Creating package script '/home/diablo/diablo_torqueHDRL/install/jointctrlsdk/share/jointctrlsdk/package.zsh'
[24.105s] Level 1:colcon.colcon_core.environment:create_file_with_runtime_dependencies(/home/diablo/diablo_torqueHDRL/install/jointctrlsdk/share/colcon-core/packages/jointctrlsdk)
[24.316s] Level 1:colcon.colcon_core.environment:create_environment_scripts_only(jointctrlsdk)
[24.321s] Level 1:colcon.colcon_core.environment:checking '/home/diablo/diablo_torqueHDRL/install/jointctrlsdk' for CMake module files
[24.325s] Level 1:colcon.colcon_core.environment:checking '/home/diablo/diablo_torqueHDRL/install/jointctrlsdk' for CMake config files
[24.327s] Level 1:colcon.colcon_core.shell:create_environment_hook('jointctrlsdk', 'cmake_prefix_path')
[24.330s] INFO:colcon.colcon_core.shell:Creating environment hook '/home/diablo/diablo_torqueHDRL/install/jointctrlsdk/share/jointctrlsdk/hook/cmake_prefix_path.ps1'
[24.333s] INFO:colcon.colcon_core.shell:Creating environment descriptor '/home/diablo/diablo_torqueHDRL/install/jointctrlsdk/share/jointctrlsdk/hook/cmake_prefix_path.dsv'
[24.335s] INFO:colcon.colcon_core.shell:Creating environment hook '/home/diablo/diablo_torqueHDRL/install/jointctrlsdk/share/jointctrlsdk/hook/cmake_prefix_path.sh'
[24.339s] Level 1:colcon.colcon_core.environment:checking '/home/diablo/diablo_torqueHDRL/install/jointctrlsdk/lib'
[24.340s] Level 1:colcon.colcon_core.shell:create_environment_hook('jointctrlsdk', 'ld_library_path_lib')
[24.342s] INFO:colcon.colcon_core.shell:Creating environment hook '/home/diablo/diablo_torqueHDRL/install/jointctrlsdk/share/jointctrlsdk/hook/ld_library_path_lib.ps1'
[24.345s] INFO:colcon.colcon_core.shell:Creating environment descriptor '/home/diablo/diablo_torqueHDRL/install/jointctrlsdk/share/jointctrlsdk/hook/ld_library_path_lib.dsv'
[24.347s] INFO:colcon.colcon_core.shell:Creating environment hook '/home/diablo/diablo_torqueHDRL/install/jointctrlsdk/share/jointctrlsdk/hook/ld_library_path_lib.sh'
[24.350s] Level 1:colcon.colcon_core.environment:checking '/home/diablo/diablo_torqueHDRL/install/jointctrlsdk/bin'
[24.351s] Level 1:colcon.colcon_core.environment:checking '/home/diablo/diablo_torqueHDRL/install/jointctrlsdk/lib/pkgconfig/jointctrlsdk.pc'
[24.352s] Level 1:colcon.colcon_core.environment:checking '/home/diablo/diablo_torqueHDRL/install/jointctrlsdk/lib/python3.8/site-packages'
[24.353s] Level 1:colcon.colcon_core.environment:checking '/home/diablo/diablo_torqueHDRL/install/jointctrlsdk/bin'
[24.356s] INFO:colcon.colcon_core.shell:Creating package script '/home/diablo/diablo_torqueHDRL/install/jointctrlsdk/share/jointctrlsdk/package.ps1'
[24.358s] INFO:colcon.colcon_core.shell:Creating package descriptor '/home/diablo/diablo_torqueHDRL/install/jointctrlsdk/share/jointctrlsdk/package.dsv'
[24.361s] INFO:colcon.colcon_core.shell:Creating package script '/home/diablo/diablo_torqueHDRL/install/jointctrlsdk/share/jointctrlsdk/package.sh'
[24.363s] INFO:colcon.colcon_core.shell:Creating package script '/home/diablo/diablo_torqueHDRL/install/jointctrlsdk/share/jointctrlsdk/package.bash'
[24.365s] INFO:colcon.colcon_core.shell:Creating package script '/home/diablo/diablo_torqueHDRL/install/jointctrlsdk/share/jointctrlsdk/package.zsh'
[24.368s] Level 1:colcon.colcon_core.environment:create_file_with_runtime_dependencies(/home/diablo/diablo_torqueHDRL/install/jointctrlsdk/share/colcon-core/packages/jointctrlsdk)
[24.369s] DEBUG:colcon.colcon_parallel_executor.executor.parallel:closing loop
[24.370s] DEBUG:colcon.colcon_parallel_executor.executor.parallel:loop closed
[24.371s] DEBUG:colcon.colcon_parallel_executor.executor.parallel:run_until_complete finished with '0'
[24.371s] DEBUG:colcon.colcon_core.event_reactor:joining thread
[24.410s] INFO:colcon.colcon_core.plugin_system:Skipping extension 'colcon_notification.desktop_notification.terminal_notifier': Not used on non-Darwin systems
[24.410s] INFO:colcon.colcon_core.plugin_system:Skipping extension 'colcon_notification.desktop_notification.win32': Not used on non-Windows systems
[24.411s] INFO:colcon.colcon_notification.desktop_notification:Sending desktop notification using 'notify2'
[24.820s] DEBUG:colcon.colcon_core.event_reactor:joined thread
[24.823s] INFO:colcon.colcon_core.shell:Creating prefix script '/home/diablo/diablo_torqueHDRL/install/local_setup.ps1'
[24.829s] INFO:colcon.colcon_core.shell:Creating prefix util module '/home/diablo/diablo_torqueHDRL/install/_local_setup_util_ps1.py'
[24.838s] INFO:colcon.colcon_core.shell:Creating prefix chain script '/home/diablo/diablo_torqueHDRL/install/setup.ps1'
[24.848s] INFO:colcon.colcon_core.shell:Creating prefix script '/home/diablo/diablo_torqueHDRL/install/local_setup.sh'
[24.851s] INFO:colcon.colcon_core.shell:Creating prefix util module '/home/diablo/diablo_torqueHDRL/install/_local_setup_util_sh.py'
[24.853s] INFO:colcon.colcon_core.shell:Creating prefix chain script '/home/diablo/diablo_torqueHDRL/install/setup.sh'
[24.860s] INFO:colcon.colcon_core.shell:Creating prefix script '/home/diablo/diablo_torqueHDRL/install/local_setup.bash'
[24.862s] INFO:colcon.colcon_core.shell:Creating prefix chain script '/home/diablo/diablo_torqueHDRL/install/setup.bash'
[24.869s] INFO:colcon.colcon_core.shell:Creating prefix script '/home/diablo/diablo_torqueHDRL/install/local_setup.zsh'
[24.871s] INFO:colcon.colcon_core.shell:Creating prefix chain script '/home/diablo/diablo_torqueHDRL/install/setup.zsh'
