[0.093s] Invoking command in '/home/diablo/diablo_torqueHDRL/build/jointctrlsdk': CMAKE_PREFIX_PATH=${CMAKE_PREFIX_PATH}:/home/diablo/diablo_ws/install/diablo_teleop:/opt/ros/foxy /usr/bin/cmake --build /home/diablo/diablo_torqueHDRL/build/jointctrlsdk -- -j4 -l4
[1.137s] [ 66%] Built target jointctrlsdk_core
[1.299s] [35m[1mScanning dependencies of target diablo_torquesubscriber[0m
[1.484s] [ 83%] [32mBuilding CXX object CMakeFiles/diablo_torquesubscriber.dir/src/diablo_torque.cpp.o[0m
[8.554s] [01m[K/home/diablo/diablo_torqueHDRL/src/jointctrlsdk/src/diablo_torque.cpp:8:7:[m[K [01;31m[Kerror: [m[Kredefinition of ‘[01m[Kclass TorqueSubscriber[m[K’
[8.555s]     8 | class [01;31m[KTorqueSubscriber[m[K : public rclcpp::Node
[8.555s]       |       [01;31m[K^~~~~~~~~~~~~~~~[m[K
[8.556s] In file included from [01m[K/home/diablo/diablo_torqueHDRL/src/jointctrlsdk/src/diablo_torque.cpp:2[m[K:
[8.556s] [01m[K/home/diablo/diablo_torqueHDRL/src/jointctrlsdk/include/diablo_tctrl.hpp:9:7:[m[K [01;36m[Knote: [m[Kprevious definition of ‘[01m[Kclass TorqueSubscriber[m[K’
[8.556s]     9 | class [01;36m[KTorqueSubscriber[m[K : public rclcpp::Node
[8.557s]       |       [01;36m[K^~~~~~~~~~~~~~~~[m[K
[8.574s] [01m[K/home/diablo/diablo_torqueHDRL/src/jointctrlsdk/src/diablo_torque.cpp:[m[K In function ‘[01m[Kint main(int, char**)[m[K’:
[8.575s] [01m[K/home/diablo/diablo_torqueHDRL/src/jointctrlsdk/src/diablo_torque.cpp:44:5:[m[K [01;31m[Kerror: [m[K‘[01m[KSerialHandle[m[K’ was not declared in this scope
[8.576s]    44 |     [01;31m[KSerialHandle[m[K handle;
[8.576s]       |     [01;31m[K^~~~~~~~~~~~[m[K
[8.582s] [01m[K/home/diablo/diablo_torqueHDRL/src/jointctrlsdk/src/diablo_torque.cpp:45:5:[m[K [01;31m[Kerror: [m[K‘[01m[Kmotor_torque_t[m[K’ was not declared in this scope
[8.582s]    45 |     [01;31m[Kmotor_torque_t[m[K send_struct;
[8.583s]       |     [01;31m[K^~~~~~~~~~~~~~[m[K
[8.586s] [01m[K/home/diablo/diablo_torqueHDRL/src/jointctrlsdk/src/diablo_torque.cpp:46:5:[m[K [01;31m[Kerror: [m[K‘[01m[Khandle[m[K’ was not declared in this scope
[8.587s]    46 |     [01;31m[Khandle[m[K.serial_init("/dev/ttyAMA0");
[8.588s]       |     [01;31m[K^~~~~~[m[K
[8.588s] [01m[K/home/diablo/diablo_torqueHDRL/src/jointctrlsdk/src/diablo_torque.cpp:54:60:[m[K [01;31m[Kerror: [m[Kinvalid initialization of reference of type ‘[01m[Kconst std::array<float, 6>&[m[K’ from expression of type ‘[01m[K<unresolved overloaded function type>[m[K’
[8.589s]    54 |         const std::array<float, 6>& torque_values2 = [01;31m[Knode->getTorqueValues[m[K;
[8.590s]       |                                                      [01;31m[K~~~~~~^~~~~~~~~~~~~~~[m[K
[8.590s] [01m[K/home/diablo/diablo_torqueHDRL/src/jointctrlsdk/src/diablo_torque.cpp:59:19:[m[K [01;31m[Kerror: [m[Kexpected unqualified-id before ‘[01m[K=[m[K’ token
[8.591s]    59 |         for(size_t[01;31m[K=[m[Ki; i<torque_values2.size();i++){
[8.592s]       |                   [01;31m[K^[m[K
[8.593s] [01m[K/home/diablo/diablo_torqueHDRL/src/jointctrlsdk/src/diablo_torque.cpp:59:19:[m[K [01;31m[Kerror: [m[Kexpected ‘[01m[K;[m[K’ before ‘[01m[K=[m[K’ token
[8.594s]    59 |         for(size_t[01;31m[K=[m[Ki; i<torque_values2.size();i++){
[8.595s]       |                   [01;31m[K^[m[K
[8.595s]       |                   [32m[K;[m[K
[8.596s] [01m[K/home/diablo/diablo_torqueHDRL/src/jointctrlsdk/src/diablo_torque.cpp:59:19:[m[K [01;31m[Kerror: [m[Kexpected primary-expression before ‘[01m[K=[m[K’ token
[8.597s] [01m[K/home/diablo/diablo_torqueHDRL/src/jointctrlsdk/src/diablo_torque.cpp:59:20:[m[K [01;31m[Kerror: [m[K‘[01m[Ki[m[K’ was not declared in this scope
[8.598s]    59 |         for(size_t=[01;31m[Ki[m[K; i<torque_values2.size();i++){
[8.598s]       |                    [01;31m[K^[m[K
[8.599s] [01m[K/home/diablo/diablo_torqueHDRL/src/jointctrlsdk/src/diablo_torque.cpp:59:46:[m[K [01;31m[Kerror: [m[Kexpected ‘[01m[K)[m[K’ before ‘[01m[K;[m[K’ token
[8.599s]    59 |         for[34m[K([m[Ksize_t=i; i<torque_values2.size()[01;31m[K;[m[Ki++){
[8.600s]       |            [34m[K~[m[K                                 [01;31m[K^[m[K
[8.600s]       |                                              [32m[K)[m[K
[8.601s] [01m[K/home/diablo/diablo_torqueHDRL/src/jointctrlsdk/src/diablo_torque.cpp:59:9:[m[K [01;35m[Kwarning: [m[Kthis ‘[01m[Kfor[m[K’ clause does not guard... [[01;35m[K-Wmisleading-indentation[m[K]
[8.602s]    59 |         [01;35m[Kfor[m[K(size_t=i; i<torque_values2.size();i++){
[8.602s]       |         [01;35m[K^~~[m[K
[8.604s] [01m[K/home/diablo/diablo_torqueHDRL/src/jointctrlsdk/src/diablo_torque.cpp:59:47:[m[K [01;36m[Knote: [m[K...this statement, but the latter is misleadingly indented as if it were guarded by the ‘[01m[Kfor[m[K’
[8.604s]    59 |         for(size_t=i; i<torque_values2.size();[01;36m[Ki[m[K++){
[8.605s]       |                                               [01;36m[K^[m[K
[8.606s] [01m[K/home/diablo/diablo_torqueHDRL/src/jointctrlsdk/src/diablo_torque.cpp:59:47:[m[K [01;31m[Kerror: [m[K‘[01m[Ki[m[K’ was not declared in this scope
[8.608s] [01m[K/home/diablo/diablo_torqueHDRL/src/jointctrlsdk/src/diablo_torque.cpp:63:47:[m[K [01;31m[Kerror: [m[K‘[01m[Ksend_struct[m[K’ was not declared in this scope
[8.608s]    63 |         handle.create_package(torque_values2, [01;31m[Ksend_struct[m[K);
[8.609s]       |                                               [01;31m[K^~~~~~~~~~~[m[K
[8.613s] [01m[K/home/diablo/diablo_torqueHDRL/src/jointctrlsdk/src/diablo_torque.cpp:74:17:[m[K [01;31m[Kerror: [m[K‘[01m[Kusleep[m[K’ was not declared in this scope
[8.613s]    74 |                 [01;31m[Kusleep[m[K(10000);
[8.614s]       |                 [01;31m[K^~~~~~[m[K
[8.617s] [01m[K/home/diablo/diablo_torqueHDRL/src/jointctrlsdk/src/diablo_torque.cpp:82:9:[m[K [01;31m[Kerror: [m[K‘[01m[Kusleep[m[K’ was not declared in this scope
[8.618s]    82 |         [01;31m[Kusleep[m[K(1500);
[8.618s]       |         [01;31m[K^~~~~~[m[K
[10.307s] make[2]: *** [CMakeFiles/diablo_torquesubscriber.dir/build.make:63: CMakeFiles/diablo_torquesubscriber.dir/src/diablo_torque.cpp.o] Error 1
[10.308s] make[1]: *** [CMakeFiles/Makefile2:80: CMakeFiles/diablo_torquesubscriber.dir/all] Error 2
[10.308s] make: *** [Makefile:141: all] Error 2
[10.316s] Invoked command in '/home/diablo/diablo_torqueHDRL/build/jointctrlsdk' returned '2': CMAKE_PREFIX_PATH=${CMAKE_PREFIX_PATH}:/home/diablo/diablo_ws/install/diablo_teleop:/opt/ros/foxy /usr/bin/cmake --build /home/diablo/diablo_torqueHDRL/build/jointctrlsdk -- -j4 -l4
