[0.087s] Invoking command in '/home/diablo/diablo_torqueHDRL/build/jointctrlsdk': CMAKE_PREFIX_PATH=/home/diablo/diablo_torqueHDRL/install/torque_interfaces:/home/diablo/diablo_torqueHDRL/install/jointctrlsdk:/home/diablo/diablo_ws/install/diablo_ctrl:/home/diablo/diablo_ws/install/diablo_body:/home/diablo/diablo_ws/install/diablo_utils:/home/diablo/diablo_ws/install/motion_msgs:/home/diablo/diablo_ws/install/ception_msgs:/home/diablo/diablo_ws/install/diablo_teleop:/opt/ros/foxy LD_LIBRARY_PATH=/home/diablo/diablo_torqueHDRL/install/torque_interfaces/lib:/home/diablo/diablo_torqueHDRL/install/jointctrlsdk/lib:/home/diablo/diablo_ws/install/diablo_body/lib:/home/diablo/diablo_ws/install/diablo_utils/lib:/home/diablo/diablo_ws/install/motion_msgs/lib:/home/diablo/diablo_ws/install/ception_msgs/lib:/opt/ros/foxy/opt/yaml_cpp_vendor/lib:/opt/ros/foxy/opt/rviz_ogre_vendor/lib:/opt/ros/foxy/lib/aarch64-linux-gnu:/opt/ros/foxy/lib /usr/bin/cmake --build /home/diablo/diablo_torqueHDRL/build/jointctrlsdk -- -j4 -l4
[0.446s] [ 66%] Built target jointctrlsdk_core
[0.521s] [35m[1mScanning dependencies of target diablo_torquesubscriber[0m
[0.701s] [ 83%] [32mBuilding CXX object CMakeFiles/diablo_torquesubscriber.dir/src/diablo_torque.cpp.o[0m
[6.861s] [01m[K/home/diablo/diablo_torqueHDRL/src/jointctrlsdk/src/diablo_torque.cpp:[m[K In member function ‘[01m[Kvoid TorqueSubscriber::torque_callback(torque_interfaces::msg::Torque_<std::allocator<void> >::SharedPtr)[m[K’:
[6.864s] [01m[K/home/diablo/diablo_torqueHDRL/src/jointctrlsdk/src/diablo_torque.cpp:33:43:[m[K [01;31m[Kerror: [m[Kno match for ‘[01m[Koperator<<[m[K’ (operand types are ‘[01m[Kstd::basic_ostream<char>[m[K’ and ‘[01m[Kstd::array<float, 6>[m[K’)
[6.865s]    33 |         [32m[Kstd::cout << "Torque Values are:"[m[K [01;31m[K<<[m[K [34m[Ktorque_values_[m[K;
[6.866s]       |         [32m[K~~~~~~~~~~~~~~~~~~~~~~~~~~~~~~~~~[m[K [01;31m[K^~[m[K [34m[K~~~~~~~~~~~~~~[m[K
[6.868s]       |                   [32m[K|[m[K                          [34m[K|[m[K
[6.869s]       |                   [32m[Kstd::basic_ostream<char>[m[K   [34m[Kstd::array<float, 6>[m[K
[6.870s] In file included from [01m[K/usr/include/c++/9/iostream:39[m[K,
[6.870s]                  from [01m[K/home/diablo/diablo_torqueHDRL/src/jointctrlsdk/src/diablo_torque.cpp:1[m[K:
[6.870s] [01m[K/usr/include/c++/9/ostream:108:7:[m[K [01;36m[Knote: [m[Kcandidate: ‘[01m[Kstd::basic_ostream<_CharT, _Traits>::__ostream_type& std::basic_ostream<_CharT, _Traits>::operator<<(std::basic_ostream<_CharT, _Traits>::__ostream_type& (*)(std::basic_ostream<_CharT, _Traits>::__ostream_type&)) [with _CharT = char; _Traits = std::char_traits<char>; std::basic_ostream<_CharT, _Traits>::__ostream_type = std::basic_ostream<char>][m[K’
[6.871s]   108 |       [01;36m[Koperator[m[K<<(__ostream_type& (*__pf)(__ostream_type&))
[6.871s]       |       [01;36m[K^~~~~~~~[m[K
[6.872s] [01m[K/usr/include/c++/9/ostream:108:36:[m[K [01;36m[Knote: [m[K  no known conversion for argument 1 from ‘[01m[Kstd::array<float, 6>[m[K’ to ‘[01m[Kstd::basic_ostream<char>::__ostream_type& (*)(std::basic_ostream<char>::__ostream_type&)[m[K’ {aka ‘[01m[Kstd::basic_ostream<char>& (*)(std::basic_ostream<char>&)[m[K’}
[6.872s]   108 |       operator<<([01;36m[K__ostream_type& (*__pf)(__ostream_type&)[m[K)
[6.873s]       |                  [01;36m[K~~~~~~~~~~~~~~~~~~^~~~~~~~~~~~~~~~~~~~~~[m[K
[6.873s] [01m[K/usr/include/c++/9/ostream:117:7:[m[K [01;36m[Knote: [m[Kcandidate: ‘[01m[Kstd::basic_ostream<_CharT, _Traits>::__ostream_type& std::basic_ostream<_CharT, _Traits>::operator<<(std::basic_ostream<_CharT, _Traits>::__ios_type& (*)(std::basic_ostream<_CharT, _Traits>::__ios_type&)) [with _CharT = char; _Traits = std::char_traits<char>; std::basic_ostream<_CharT, _Traits>::__ostream_type = std::basic_ostream<char>; std::basic_ostream<_CharT, _Traits>::__ios_type = std::basic_ios<char>][m[K’
[6.874s]   117 |       [01;36m[Koperator[m[K<<(__ios_type& (*__pf)(__ios_type&))
[6.874s]       |       [01;36m[K^~~~~~~~[m[K
[6.874s] [01m[K/usr/include/c++/9/ostream:117:32:[m[K [01;36m[Knote: [m[K  no known conversion for argument 1 from ‘[01m[Kstd::array<float, 6>[m[K’ to ‘[01m[Kstd::basic_ostream<char>::__ios_type& (*)(std::basic_ostream<char>::__ios_type&)[m[K’ {aka ‘[01m[Kstd::basic_ios<char>& (*)(std::basic_ios<char>&)[m[K’}
[6.875s]   117 |       operator<<([01;36m[K__ios_type& (*__pf)(__ios_type&)[m[K)
[6.875s]       |                  [01;36m[K~~~~~~~~~~~~~~^~~~~~~~~~~~~~~~~~[m[K
[6.876s] [01m[K/usr/include/c++/9/ostream:127:7:[m[K [01;36m[Knote: [m[Kcandidate: ‘[01m[Kstd::basic_ostream<_CharT, _Traits>::__ostream_type& std::basic_ostream<_CharT, _Traits>::operator<<(std::ios_base& (*)(std::ios_base&)) [with _CharT = char; _Traits = std::char_traits<char>; std::basic_ostream<_CharT, _Traits>::__ostream_type = std::basic_ostream<char>][m[K’
[6.876s]   127 |       [01;36m[Koperator[m[K<<(ios_base& (*__pf) (ios_base&))
[6.876s]       |       [01;36m[K^~~~~~~~[m[K
[6.877s] [01m[K/usr/include/c++/9/ostream:127:30:[m[K [01;36m[Knote: [m[K  no known conversion for argument 1 from ‘[01m[Kstd::array<float, 6>[m[K’ to ‘[01m[Kstd::ios_base& (*)(std::ios_base&)[m[K’
[6.877s]   127 |       operator<<([01;36m[Kios_base& (*__pf) (ios_base&)[m[K)
[6.878s]       |                  [01;36m[K~~~~~~~~~~~~^~~~~~~~~~~~~~~~~[m[K
[6.878s] [01m[K/usr/include/c++/9/ostream:166:7:[m[K [01;36m[Knote: [m[Kcandidate: ‘[01m[Kstd::basic_ostream<_CharT, _Traits>::__ostream_type& std::basic_ostream<_CharT, _Traits>::operator<<(long int) [with _CharT = char; _Traits = std::char_traits<char>; std::basic_ostream<_CharT, _Traits>::__ostream_type = std::basic_ostream<char>][m[K’
[6.879s]   166 |       [01;36m[Koperator[m[K<<(long __n)
[6.879s]       |       [01;36m[K^~~~~~~~[m[K
[6.880s] [01m[K/usr/include/c++/9/ostream:166:23:[m[K [01;36m[Knote: [m[K  no known conversion for argument 1 from ‘[01m[Kstd::array<float, 6>[m[K’ to ‘[01m[Klong int[m[K’
[6.880s]   166 |       operator<<([01;36m[Klong __n[m[K)
[6.880s]       |                  [01;36m[K~~~~~^~~[m[K
[6.881s] [01m[K/usr/include/c++/9/ostream:170:7:[m[K [01;36m[Knote: [m[Kcandidate: ‘[01m[Kstd::basic_ostream<_CharT, _Traits>::__ostream_type& std::basic_ostream<_CharT, _Traits>::operator<<(long unsigned int) [with _CharT = char; _Traits = std::char_traits<char>; std::basic_ostream<_CharT, _Traits>::__ostream_type = std::basic_ostream<char>][m[K’
[6.881s]   170 |       [01;36m[Koperator[m[K<<(unsigned long __n)
[6.882s]       |       [01;36m[K^~~~~~~~[m[K
[6.882s] [01m[K/usr/include/c++/9/ostream:170:32:[m[K [01;36m[Knote: [m[K  no known conversion for argument 1 from ‘[01m[Kstd::array<float, 6>[m[K’ to ‘[01m[Klong unsigned int[m[K’
[6.883s]   170 |       operator<<([01;36m[Kunsigned long __n[m[K)
[6.883s]       |                  [01;36m[K~~~~~~~~~~~~~~^~~[m[K
[6.884s] [01m[K/usr/include/c++/9/ostream:174:7:[m[K [01;36m[Knote: [m[Kcandidate: ‘[01m[Kstd::basic_ostream<_CharT, _Traits>::__ostream_type& std::basic_ostream<_CharT, _Traits>::operator<<(bool) [with _CharT = char; _Traits = std::char_traits<char>; std::basic_ostream<_CharT, _Traits>::__ostream_type = std::basic_ostream<char>][m[K’
[6.885s]   174 |       [01;36m[Koperator[m[K<<(bool __n)
[6.885s]       |       [01;36m[K^~~~~~~~[m[K
[6.886s] [01m[K/usr/include/c++/9/ostream:174:23:[m[K [01;36m[Knote: [m[K  no known conversion for argument 1 from ‘[01m[Kstd::array<float, 6>[m[K’ to ‘[01m[Kbool[m[K’
[6.886s]   174 |       operator<<([01;36m[Kbool __n[m[K)
[6.887s]       |                  [01;36m[K~~~~~^~~[m[K
[6.887s] In file included from [01m[K/usr/include/c++/9/ostream:702[m[K,
[6.888s]                  from [01m[K/usr/include/c++/9/iostream:39[m[K,
[6.888s]                  from [01m[K/home/diablo/diablo_torqueHDRL/src/jointctrlsdk/src/diablo_torque.cpp:1[m[K:
[6.889s] [01m[K/usr/include/c++/9/bits/ostream.tcc:91:5:[m[K [01;36m[Knote: [m[Kcandidate: ‘[01m[Kstd::basic_ostream<_CharT, _Traits>& std::basic_ostream<_CharT, _Traits>::operator<<(short int) [with _CharT = char; _Traits = std::char_traits<char>][m[K’
[6.890s]    91 |     [01;36m[Kbasic_ostream<_CharT, _Traits>[m[K::
[6.890s]       |     [01;36m[K^~~~~~~~~~~~~~~~~~~~~~~~~~~~~~[m[K
[6.890s] [01m[K/usr/include/c++/9/bits/ostream.tcc:92:22:[m[K [01;36m[Knote: [m[K  no known conversion for argument 1 from ‘[01m[Kstd::array<float, 6>[m[K’ to ‘[01m[Kshort int[m[K’
[6.891s]    92 |     operator<<([01;36m[Kshort __n[m[K)
[6.891s]       |                [01;36m[K~~~~~~^~~[m[K
[6.892s] In file included from [01m[K/usr/include/c++/9/iostream:39[m[K,
[6.892s]                  from [01m[K/home/diablo/diablo_torqueHDRL/src/jointctrlsdk/src/diablo_torque.cpp:1[m[K:
[6.893s] [01m[K/usr/include/c++/9/ostream:181:7:[m[K [01;36m[Knote: [m[Kcandidate: ‘[01m[Kstd::basic_ostream<_CharT, _Traits>::__ostream_type& std::basic_ostream<_CharT, _Traits>::operator<<(short unsigned int) [with _CharT = char; _Traits = std::char_traits<char>; std::basic_ostream<_CharT, _Traits>::__ostream_type = std::basic_ostream<char>][m[K’
[6.893s]   181 |       [01;36m[Koperator[m[K<<(unsigned short __n)
[6.893s]       |       [01;36m[K^~~~~~~~[m[K
[6.894s] [01m[K/usr/include/c++/9/ostream:181:33:[m[K [01;36m[Knote: [m[K  no known conversion for argument 1 from ‘[01m[Kstd::array<float, 6>[m[K’ to ‘[01m[Kshort unsigned int[m[K’
[6.894s]   181 |       operator<<([01;36m[Kunsigned short __n[m[K)
[6.895s]       |                  [01;36m[K~~~~~~~~~~~~~~~^~~[m[K
[6.895s] In file included from [01m[K/usr/include/c++/9/ostream:702[m[K,
[6.896s]                  from [01m[K/usr/include/c++/9/iostream:39[m[K,
[6.896s]                  from [01m[K/home/diablo/diablo_torqueHDRL/src/jointctrlsdk/src/diablo_torque.cpp:1[m[K:
[6.897s] [01m[K/usr/include/c++/9/bits/ostream.tcc:105:5:[m[K [01;36m[Knote: [m[Kcandidate: ‘[01m[Kstd::basic_ostream<_CharT, _Traits>& std::basic_ostream<_CharT, _Traits>::operator<<(int) [with _CharT = char; _Traits = std::char_traits<char>][m[K’
[6.897s]   105 |     [01;36m[Kbasic_ostream<_CharT, _Traits>[m[K::
[6.898s]       |     [01;36m[K^~~~~~~~~~~~~~~~~~~~~~~~~~~~~~[m[K
[6.898s] [01m[K/usr/include/c++/9/bits/ostream.tcc:106:20:[m[K [01;36m[Knote: [m[K  no known conversion for argument 1 from ‘[01m[Kstd::array<float, 6>[m[K’ to ‘[01m[Kint[m[K’
[6.899s]   106 |     operator<<([01;36m[Kint __n[m[K)
[6.899s]       |                [01;36m[K~~~~^~~[m[K
[6.900s] In file included from [01m[K/usr/include/c++/9/iostream:39[m[K,
[6.900s]                  from [01m[K/home/diablo/diablo_torqueHDRL/src/jointctrlsdk/src/diablo_torque.cpp:1[m[K:
[6.900s] [01m[K/usr/include/c++/9/ostream:192:7:[m[K [01;36m[Knote: [m[Kcandidate: ‘[01m[Kstd::basic_ostream<_CharT, _Traits>::__ostream_type& std::basic_ostream<_CharT, _Traits>::operator<<(unsigned int) [with _CharT = char; _Traits = std::char_traits<char>; std::basic_ostream<_CharT, _Traits>::__ostream_type = std::basic_ostream<char>][m[K’
[6.901s]   192 |       [01;36m[Koperator[m[K<<(unsigned int __n)
[6.901s]       |       [01;36m[K^~~~~~~~[m[K
[6.902s] [01m[K/usr/include/c++/9/ostream:192:31:[m[K [01;36m[Knote: [m[K  no known conversion for argument 1 from ‘[01m[Kstd::array<float, 6>[m[K’ to ‘[01m[Kunsigned int[m[K’
[6.902s]   192 |       operator<<([01;36m[Kunsigned int __n[m[K)
[6.903s]       |                  [01;36m[K~~~~~~~~~~~~~^~~[m[K
[6.903s] [01m[K/usr/include/c++/9/ostream:201:7:[m[K [01;36m[Knote: [m[Kcandidate: ‘[01m[Kstd::basic_ostream<_CharT, _Traits>::__ostream_type& std::basic_ostream<_CharT, _Traits>::operator<<(long long int) [with _CharT = char; _Traits = std::char_traits<char>; std::basic_ostream<_CharT, _Traits>::__ostream_type = std::basic_ostream<char>][m[K’
[6.904s]   201 |       [01;36m[Koperator[m[K<<(long long __n)
[6.904s]       |       [01;36m[K^~~~~~~~[m[K
[6.904s] [01m[K/usr/include/c++/9/ostream:201:28:[m[K [01;36m[Knote: [m[K  no known conversion for argument 1 from ‘[01m[Kstd::array<float, 6>[m[K’ to ‘[01m[Klong long int[m[K’
[6.905s]   201 |       operator<<([01;36m[Klong long __n[m[K)
[6.905s]       |                  [01;36m[K~~~~~~~~~~^~~[m[K
[6.906s] [01m[K/usr/include/c++/9/ostream:205:7:[m[K [01;36m[Knote: [m[Kcandidate: ‘[01m[Kstd::basic_ostream<_CharT, _Traits>::__ostream_type& std::basic_ostream<_CharT, _Traits>::operator<<(long long unsigned int) [with _CharT = char; _Traits = std::char_traits<char>; std::basic_ostream<_CharT, _Traits>::__ostream_type = std::basic_ostream<char>][m[K’
[6.906s]   205 |       [01;36m[Koperator[m[K<<(unsigned long long __n)
[6.906s]       |       [01;36m[K^~~~~~~~[m[K
[6.907s] [01m[K/usr/include/c++/9/ostream:205:37:[m[K [01;36m[Knote: [m[K  no known conversion for argument 1 from ‘[01m[Kstd::array<float, 6>[m[K’ to ‘[01m[Klong long unsigned int[m[K’
[6.907s]   205 |       operator<<([01;36m[Kunsigned long long __n[m[K)
[6.908s]       |                  [01;36m[K~~~~~~~~~~~~~~~~~~~^~~[m[K
[6.908s] [01m[K/usr/include/c++/9/ostream:220:7:[m[K [01;36m[Knote: [m[Kcandidate: ‘[01m[Kstd::basic_ostream<_CharT, _Traits>::__ostream_type& std::basic_ostream<_CharT, _Traits>::operator<<(double) [with _CharT = char; _Traits = std::char_traits<char>; std::basic_ostream<_CharT, _Traits>::__ostream_type = std::basic_ostream<char>][m[K’
[6.908s]   220 |       [01;36m[Koperator[m[K<<(double __f)
[6.909s]       |       [01;36m[K^~~~~~~~[m[K
[6.909s] [01m[K/usr/include/c++/9/ostream:220:25:[m[K [01;36m[Knote: [m[K  no known conversion for argument 1 from ‘[01m[Kstd::array<float, 6>[m[K’ to ‘[01m[Kdouble[m[K’
[6.910s]   220 |       operator<<([01;36m[Kdouble __f[m[K)
[6.910s]       |                  [01;36m[K~~~~~~~^~~[m[K
[6.911s] [01m[K/usr/include/c++/9/ostream:224:7:[m[K [01;36m[Knote: [m[Kcandidate: ‘[01m[Kstd::basic_ostream<_CharT, _Traits>::__ostream_type& std::basic_ostream<_CharT, _Traits>::operator<<(float) [with _CharT = char; _Traits = std::char_traits<char>; std::basic_ostream<_CharT, _Traits>::__ostream_type = std::basic_ostream<char>][m[K’
[6.911s]   224 |       [01;36m[Koperator[m[K<<(float __f)
[6.912s]       |       [01;36m[K^~~~~~~~[m[K
[6.912s] [01m[K/usr/include/c++/9/ostream:224:24:[m[K [01;36m[Knote: [m[K  no known conversion for argument 1 from ‘[01m[Kstd::array<float, 6>[m[K’ to ‘[01m[Kfloat[m[K’
[6.912s]   224 |       operator<<([01;36m[Kfloat __f[m[K)
[6.913s]       |                  [01;36m[K~~~~~~^~~[m[K
[6.913s] [01m[K/usr/include/c++/9/ostream:232:7:[m[K [01;36m[Knote: [m[Kcandidate: ‘[01m[Kstd::basic_ostream<_CharT, _Traits>::__ostream_type& std::basic_ostream<_CharT, _Traits>::operator<<(long double) [with _CharT = char; _Traits = std::char_traits<char>; std::basic_ostream<_CharT, _Traits>::__ostream_type = std::basic_ostream<char>][m[K’
[6.914s]   232 |       [01;36m[Koperator[m[K<<(long double __f)
[6.914s]       |       [01;36m[K^~~~~~~~[m[K
[6.915s] [01m[K/usr/include/c++/9/ostream:232:30:[m[K [01;36m[Knote: [m[K  no known conversion for argument 1 from ‘[01m[Kstd::array<float, 6>[m[K’ to ‘[01m[Klong double[m[K’
[6.915s]   232 |       operator<<([01;36m[Klong double __f[m[K)
[6.915s]       |                  [01;36m[K~~~~~~~~~~~~^~~[m[K
[6.916s] [01m[K/usr/include/c++/9/ostream:245:7:[m[K [01;36m[Knote: [m[Kcandidate: ‘[01m[Kstd::basic_ostream<_CharT, _Traits>::__ostream_type& std::basic_ostream<_CharT, _Traits>::operator<<(const void*) [with _CharT = char; _Traits = std::char_traits<char>; std::basic_ostream<_CharT, _Traits>::__ostream_type = std::basic_ostream<char>][m[K’
[6.916s]   245 |       [01;36m[Koperator[m[K<<(const void* __p)
[6.917s]       |       [01;36m[K^~~~~~~~[m[K
[6.917s] [01m[K/usr/include/c++/9/ostream:245:30:[m[K [01;36m[Knote: [m[K  no known conversion for argument 1 from ‘[01m[Kstd::array<float, 6>[m[K’ to ‘[01m[Kconst void*[m[K’
[6.918s]   245 |       operator<<([01;36m[Kconst void* __p[m[K)
[6.918s]       |                  [01;36m[K~~~~~~~~~~~~^~~[m[K
[6.918s] In file included from [01m[K/usr/include/c++/9/ostream:702[m[K,
[6.919s]                  from [01m[K/usr/include/c++/9/iostream:39[m[K,
[6.919s]                  from [01m[K/home/diablo/diablo_torqueHDRL/src/jointctrlsdk/src/diablo_torque.cpp:1[m[K:
[6.920s] [01m[K/usr/include/c++/9/bits/ostream.tcc:119:5:[m[K [01;36m[Knote: [m[Kcandidate: ‘[01m[Kstd::basic_ostream<_CharT, _Traits>& std::basic_ostream<_CharT, _Traits>::operator<<(std::basic_ostream<_CharT, _Traits>::__streambuf_type*) [with _CharT = char; _Traits = std::char_traits<char>; std::basic_ostream<_CharT, _Traits>::__streambuf_type = std::basic_streambuf<char>][m[K’
[6.920s]   119 |     [01;36m[Kbasic_ostream<_CharT, _Traits>[m[K::
[6.920s]       |     [01;36m[K^~~~~~~~~~~~~~~~~~~~~~~~~~~~~~[m[K
[6.921s] [01m[K/usr/include/c++/9/bits/ostream.tcc:120:34:[m[K [01;36m[Knote: [m[K  no known conversion for argument 1 from ‘[01m[Kstd::array<float, 6>[m[K’ to ‘[01m[Kstd::basic_ostream<char>::__streambuf_type*[m[K’ {aka ‘[01m[Kstd::basic_streambuf<char>*[m[K’}
[6.922s]   120 |     operator<<([01;36m[K__streambuf_type* __sbin[m[K)
[6.922s]       |                [01;36m[K~~~~~~~~~~~~~~~~~~^~~~~~[m[K
[6.922s] In file included from [01m[K/usr/include/c++/9/string:55[m[K,
[6.923s]                  from [01m[K/usr/include/c++/9/bits/locale_classes.h:40[m[K,
[6.923s]                  from [01m[K/usr/include/c++/9/bits/ios_base.h:41[m[K,
[6.924s]                  from [01m[K/usr/include/c++/9/ios:42[m[K,
[6.924s]                  from [01m[K/usr/include/c++/9/ostream:38[m[K,
[6.924s]                  from [01m[K/usr/include/c++/9/iostream:39[m[K,
[6.925s]                  from [01m[K/home/diablo/diablo_torqueHDRL/src/jointctrlsdk/src/diablo_torque.cpp:1[m[K:
[6.925s] [01m[K/usr/include/c++/9/bits/basic_string.h:6419:5:[m[K [01;36m[Knote: [m[Kcandidate: ‘[01m[Ktemplate<class _CharT, class _Traits, class _Alloc> std::basic_ostream<_CharT, _Traits>& std::operator<<(std::basic_ostream<_CharT, _Traits>&, const std::__cxx11::basic_string<_CharT, _Traits, _Alloc>&)[m[K’
[6.926s]  6419 |     [01;36m[Koperator[m[K<<(basic_ostream<_CharT, _Traits>& __os,
[6.926s]       |     [01;36m[K^~~~~~~~[m[K
[6.927s] [01m[K/usr/include/c++/9/bits/basic_string.h:6419:5:[m[K [01;36m[Knote: [m[K  template argument deduction/substitution failed:
[6.927s] [01m[K/home/diablo/diablo_torqueHDRL/src/jointctrlsdk/src/diablo_torque.cpp:33:46:[m[K [01;36m[Knote: [m[K  ‘[01m[Kstd::array<float, 6>[m[K’ is not derived from ‘[01m[Kconst std::__cxx11::basic_string<_CharT, _Traits, _Alloc>[m[K’
[6.927s]    33 |         std::cout << "Torque Values are:" << [01;36m[Ktorque_values_[m[K;
[6.928s]       |                                              [01;36m[K^~~~~~~~~~~~~~[m[K
[6.928s] In file included from [01m[K/usr/include/c++/9/bits/ios_base.h:46[m[K,
[6.929s]                  from [01m[K/usr/include/c++/9/ios:42[m[K,
[6.929s]                  from [01m[K/usr/include/c++/9/ostream:38[m[K,
[6.930s]                  from [01m[K/usr/include/c++/9/iostream:39[m[K,
[6.930s]                  from [01m[K/home/diablo/diablo_torqueHDRL/src/jointctrlsdk/src/diablo_torque.cpp:1[m[K:
[6.930s] [01m[K/usr/include/c++/9/system_error:217:5:[m[K [01;36m[Knote: [m[Kcandidate: ‘[01m[Ktemplate<class _CharT, class _Traits> std::basic_ostream<_CharT, _Traits>& std::operator<<(std::basic_ostream<_CharT, _Traits>&, const std::error_code&)[m[K’
[6.931s]   217 |     [01;36m[Koperator[m[K<<(basic_ostream<_CharT, _Traits>& __os, const error_code& __e)
[6.931s]       |     [01;36m[K^~~~~~~~[m[K
[6.932s] [01m[K/usr/include/c++/9/system_error:217:5:[m[K [01;36m[Knote: [m[K  template argument deduction/substitution failed:
[6.932s] [01m[K/home/diablo/diablo_torqueHDRL/src/jointctrlsdk/src/diablo_torque.cpp:33:46:[m[K [01;36m[Knote: [m[K  cannot convert ‘[01m[K((TorqueSubscriber*)this)->TorqueSubscriber::torque_values_[m[K’ (type ‘[01m[Kstd::array<float, 6>[m[K’) to type ‘[01m[Kconst std::error_code&[m[K’
[6.932s]    33 |         std::cout << "Torque Values are:" << [01;36m[Ktorque_values_[m[K;
[6.933s]       |                                              [01;36m[K^~~~~~~~~~~~~~[m[K
[6.933s] In file included from [01m[K/usr/include/c++/9/iostream:39[m[K,
[6.934s]                  from [01m[K/home/diablo/diablo_torqueHDRL/src/jointctrlsdk/src/diablo_torque.cpp:1[m[K:
[6.934s] [01m[K/usr/include/c++/9/ostream:506:5:[m[K [01;36m[Knote: [m[Kcandidate: ‘[01m[Ktemplate<class _CharT, class _Traits> std::basic_ostream<_CharT, _Traits>& std::operator<<(std::basic_ostream<_CharT, _Traits>&, _CharT)[m[K’
[6.935s]   506 |     [01;36m[Koperator[m[K<<(basic_ostream<_CharT, _Traits>& __out, _CharT __c)
[6.935s]       |     [01;36m[K^~~~~~~~[m[K
[6.935s] [01m[K/usr/include/c++/9/ostream:506:5:[m[K [01;36m[Knote: [m[K  template argument deduction/substitution failed:
[6.936s] [01m[K/home/diablo/diablo_torqueHDRL/src/jointctrlsdk/src/diablo_torque.cpp:33:46:[m[K [01;36m[Knote: [m[K  deduced conflicting types for parameter ‘[01m[K_CharT[m[K’ (‘[01m[Kchar[m[K’ and ‘[01m[Kstd::array<float, 6>[m[K’)
[6.936s]    33 |         std::cout << "Torque Values are:" << [01;36m[Ktorque_values_[m[K;
[6.937s]       |                                              [01;36m[K^~~~~~~~~~~~~~[m[K
[6.937s] In file included from [01m[K/usr/include/c++/9/iostream:39[m[K,
[6.938s]                  from [01m[K/home/diablo/diablo_torqueHDRL/src/jointctrlsdk/src/diablo_torque.cpp:1[m[K:
[6.938s] [01m[K/usr/include/c++/9/ostream:511:5:[m[K [01;36m[Knote: [m[Kcandidate: ‘[01m[Ktemplate<class _CharT, class _Traits> std::basic_ostream<_CharT, _Traits>& std::operator<<(std::basic_ostream<_CharT, _Traits>&, char)[m[K’
[6.939s]   511 |     [01;36m[Koperator[m[K<<(basic_ostream<_CharT, _Traits>& __out, char __c)
[6.939s]       |     [01;36m[K^~~~~~~~[m[K
[6.939s] [01m[K/usr/include/c++/9/ostream:511:5:[m[K [01;36m[Knote: [m[K  template argument deduction/substitution failed:
[6.940s] [01m[K/home/diablo/diablo_torqueHDRL/src/jointctrlsdk/src/diablo_torque.cpp:33:46:[m[K [01;36m[Knote: [m[K  cannot convert ‘[01m[K((TorqueSubscriber*)this)->TorqueSubscriber::torque_values_[m[K’ (type ‘[01m[Kstd::array<float, 6>[m[K’) to type ‘[01m[Kchar[m[K’
[6.940s]    33 |         std::cout << "Torque Values are:" << [01;36m[Ktorque_values_[m[K;
[6.941s]       |                                              [01;36m[K^~~~~~~~~~~~~~[m[K
[6.941s] In file included from [01m[K/usr/include/c++/9/iostream:39[m[K,
[6.942s]                  from [01m[K/home/diablo/diablo_torqueHDRL/src/jointctrlsdk/src/diablo_torque.cpp:1[m[K:
[6.942s] [01m[K/usr/include/c++/9/ostream:517:5:[m[K [01;36m[Knote: [m[Kcandidate: ‘[01m[Ktemplate<class _Traits> std::basic_ostream<char, _Traits>& std::operator<<(std::basic_ostream<char, _Traits>&, char)[m[K’
[6.942s]   517 |     [01;36m[Koperator[m[K<<(basic_ostream<char, _Traits>& __out, char __c)
[6.943s]       |     [01;36m[K^~~~~~~~[m[K
[6.943s] [01m[K/usr/include/c++/9/ostream:517:5:[m[K [01;36m[Knote: [m[K  template argument deduction/substitution failed:
[6.944s] [01m[K/home/diablo/diablo_torqueHDRL/src/jointctrlsdk/src/diablo_torque.cpp:33:46:[m[K [01;36m[Knote: [m[K  cannot convert ‘[01m[K((TorqueSubscriber*)this)->TorqueSubscriber::torque_values_[m[K’ (type ‘[01m[Kstd::array<float, 6>[m[K’) to type ‘[01m[Kchar[m[K’
[6.944s]    33 |         std::cout << "Torque Values are:" << [01;36m[Ktorque_values_[m[K;
[6.944s]       |                                              [01;36m[K^~~~~~~~~~~~~~[m[K
[6.945s] In file included from [01m[K/usr/include/c++/9/iostream:39[m[K,
[6.946s]                  from [01m[K/home/diablo/diablo_torqueHDRL/src/jointctrlsdk/src/diablo_torque.cpp:1[m[K:
[6.946s] [01m[K/usr/include/c++/9/ostream:523:5:[m[K [01;36m[Knote: [m[Kcandidate: ‘[01m[Ktemplate<class _Traits> std::basic_ostream<char, _Traits>& std::operator<<(std::basic_ostream<char, _Traits>&, signed char)[m[K’
[6.946s]   523 |     [01;36m[Koperator[m[K<<(basic_ostream<char, _Traits>& __out, signed char __c)
[6.947s]       |     [01;36m[K^~~~~~~~[m[K
[6.947s] [01m[K/usr/include/c++/9/ostream:523:5:[m[K [01;36m[Knote: [m[K  template argument deduction/substitution failed:
[6.948s] [01m[K/home/diablo/diablo_torqueHDRL/src/jointctrlsdk/src/diablo_torque.cpp:33:46:[m[K [01;36m[Knote: [m[K  cannot convert ‘[01m[K((TorqueSubscriber*)this)->TorqueSubscriber::torque_values_[m[K’ (type ‘[01m[Kstd::array<float, 6>[m[K’) to type ‘[01m[Ksigned char[m[K’
[6.948s]    33 |         std::cout << "Torque Values are:" << [01;36m[Ktorque_values_[m[K;
[6.949s]       |                                              [01;36m[K^~~~~~~~~~~~~~[m[K
[6.949s] In file included from [01m[K/usr/include/c++/9/iostream:39[m[K,
[6.950s]                  from [01m[K/home/diablo/diablo_torqueHDRL/src/jointctrlsdk/src/diablo_torque.cpp:1[m[K:
[6.950s] [01m[K/usr/include/c++/9/ostream:528:5:[m[K [01;36m[Knote: [m[Kcandidate: ‘[01m[Ktemplate<class _Traits> std::basic_ostream<char, _Traits>& std::operator<<(std::basic_ostream<char, _Traits>&, unsigned char)[m[K’
[6.950s]   528 |     [01;36m[Koperator[m[K<<(basic_ostream<char, _Traits>& __out, unsigned char __c)
[6.951s]       |     [01;36m[K^~~~~~~~[m[K
[6.951s] [01m[K/usr/include/c++/9/ostream:528:5:[m[K [01;36m[Knote: [m[K  template argument deduction/substitution failed:
[6.952s] [01m[K/home/diablo/diablo_torqueHDRL/src/jointctrlsdk/src/diablo_torque.cpp:33:46:[m[K [01;36m[Knote: [m[K  cannot convert ‘[01m[K((TorqueSubscriber*)this)->TorqueSubscriber::torque_values_[m[K’ (type ‘[01m[Kstd::array<float, 6>[m[K’) to type ‘[01m[Kunsigned char[m[K’
[6.952s]    33 |         std::cout << "Torque Values are:" << [01;36m[Ktorque_values_[m[K;
[6.953s]       |                                              [01;36m[K^~~~~~~~~~~~~~[m[K
[6.953s] In file included from [01m[K/usr/include/c++/9/iostream:39[m[K,
[6.954s]                  from [01m[K/home/diablo/diablo_torqueHDRL/src/jointctrlsdk/src/diablo_torque.cpp:1[m[K:
[6.954s] [01m[K/usr/include/c++/9/ostream:548:5:[m[K [01;36m[Knote: [m[Kcandidate: ‘[01m[Ktemplate<class _CharT, class _Traits> std::basic_ostream<_CharT, _Traits>& std::operator<<(std::basic_ostream<_CharT, _Traits>&, const _CharT*)[m[K’
[6.954s]   548 |     [01;36m[Koperator[m[K<<(basic_ostream<_CharT, _Traits>& __out, const _CharT* __s)
[6.955s]       |     [01;36m[K^~~~~~~~[m[K
[6.955s] [01m[K/usr/include/c++/9/ostream:548:5:[m[K [01;36m[Knote: [m[K  template argument deduction/substitution failed:
[6.956s] [01m[K/home/diablo/diablo_torqueHDRL/src/jointctrlsdk/src/diablo_torque.cpp:33:46:[m[K [01;36m[Knote: [m[K  mismatched types ‘[01m[Kconst _CharT*[m[K’ and ‘[01m[Kstd::array<float, 6>[m[K’
[6.956s]    33 |         std::cout << "Torque Values are:" << [01;36m[Ktorque_values_[m[K;
[6.957s]       |                                              [01;36m[K^~~~~~~~~~~~~~[m[K
[6.958s] In file included from [01m[K/usr/include/c++/9/ostream:702[m[K,
[6.958s]                  from [01m[K/usr/include/c++/9/iostream:39[m[K,
[6.959s]                  from [01m[K/home/diablo/diablo_torqueHDRL/src/jointctrlsdk/src/diablo_torque.cpp:1[m[K:
[6.959s] [01m[K/usr/include/c++/9/bits/ostream.tcc:321:5:[m[K [01;36m[Knote: [m[Kcandidate: ‘[01m[Ktemplate<class _CharT, class _Traits> std::basic_ostream<_CharT, _Traits>& std::operator<<(std::basic_ostream<_CharT, _Traits>&, const char*)[m[K’
[6.960s]   321 |     [01;36m[Koperator[m[K<<(basic_ostream<_CharT, _Traits>& __out, const char* __s)
[6.960s]       |     [01;36m[K^~~~~~~~[m[K
[6.960s] [01m[K/usr/include/c++/9/bits/ostream.tcc:321:5:[m[K [01;36m[Knote: [m[K  template argument deduction/substitution failed:
[6.961s] [01m[K/home/diablo/diablo_torqueHDRL/src/jointctrlsdk/src/diablo_torque.cpp:33:46:[m[K [01;36m[Knote: [m[K  cannot convert ‘[01m[K((TorqueSubscriber*)this)->TorqueSubscriber::torque_values_[m[K’ (type ‘[01m[Kstd::array<float, 6>[m[K’) to type ‘[01m[Kconst char*[m[K’
[6.961s]    33 |         std::cout << "Torque Values are:" << [01;36m[Ktorque_values_[m[K;
[6.962s]       |                                              [01;36m[K^~~~~~~~~~~~~~[m[K
[6.962s] In file included from [01m[K/usr/include/c++/9/iostream:39[m[K,
[6.963s]                  from [01m[K/home/diablo/diablo_torqueHDRL/src/jointctrlsdk/src/diablo_torque.cpp:1[m[K:
[6.963s] [01m[K/usr/include/c++/9/ostream:565:5:[m[K [01;36m[Knote: [m[Kcandidate: ‘[01m[Ktemplate<class _Traits> std::basic_ostream<char, _Traits>& std::operator<<(std::basic_ostream<char, _Traits>&, const char*)[m[K’
[6.964s]   565 |     [01;36m[Koperator[m[K<<(basic_ostream<char, _Traits>& __out, const char* __s)
[6.964s]       |     [01;36m[K^~~~~~~~[m[K
[6.964s] [01m[K/usr/include/c++/9/ostream:565:5:[m[K [01;36m[Knote: [m[K  template argument deduction/substitution failed:
[6.965s] [01m[K/home/diablo/diablo_torqueHDRL/src/jointctrlsdk/src/diablo_torque.cpp:33:46:[m[K [01;36m[Knote: [m[K  cannot convert ‘[01m[K((TorqueSubscriber*)this)->TorqueSubscriber::torque_values_[m[K’ (type ‘[01m[Kstd::array<float, 6>[m[K’) to type ‘[01m[Kconst char*[m[K’
[6.965s]    33 |         std::cout << "Torque Values are:" << [01;36m[Ktorque_values_[m[K;
[6.966s]       |                                              [01;36m[K^~~~~~~~~~~~~~[m[K
[6.966s] In file included from [01m[K/usr/include/c++/9/iostream:39[m[K,
[6.966s]                  from [01m[K/home/diablo/diablo_torqueHDRL/src/jointctrlsdk/src/diablo_torque.cpp:1[m[K:
[6.967s] [01m[K/usr/include/c++/9/ostream:578:5:[m[K [01;36m[Knote: [m[Kcandidate: ‘[01m[Ktemplate<class _Traits> std::basic_ostream<char, _Traits>& std::operator<<(std::basic_ostream<char, _Traits>&, const signed char*)[m[K’
[6.967s]   578 |     [01;36m[Koperator[m[K<<(basic_ostream<char, _Traits>& __out, const signed char* __s)
[6.968s]       |     [01;36m[K^~~~~~~~[m[K
[6.968s] [01m[K/usr/include/c++/9/ostream:578:5:[m[K [01;36m[Knote: [m[K  template argument deduction/substitution failed:
[6.969s] [01m[K/home/diablo/diablo_torqueHDRL/src/jointctrlsdk/src/diablo_torque.cpp:33:46:[m[K [01;36m[Knote: [m[K  cannot convert ‘[01m[K((TorqueSubscriber*)this)->TorqueSubscriber::torque_values_[m[K’ (type ‘[01m[Kstd::array<float, 6>[m[K’) to type ‘[01m[Kconst signed char*[m[K’
[6.969s]    33 |         std::cout << "Torque Values are:" << [01;36m[Ktorque_values_[m[K;
[6.970s]       |                                              [01;36m[K^~~~~~~~~~~~~~[m[K
[6.970s] In file included from [01m[K/usr/include/c++/9/iostream:39[m[K,
[6.971s]                  from [01m[K/home/diablo/diablo_torqueHDRL/src/jointctrlsdk/src/diablo_torque.cpp:1[m[K:
[6.971s] [01m[K/usr/include/c++/9/ostream:583:5:[m[K [01;36m[Knote: [m[Kcandidate: ‘[01m[Ktemplate<class _Traits> std::basic_ostream<char, _Traits>& std::operator<<(std::basic_ostream<char, _Traits>&, const unsigned char*)[m[K’
[6.971s]   583 |     [01;36m[Koperator[m[K<<(basic_ostream<char, _Traits>& __out, const unsigned char* __s)
[6.972s]       |     [01;36m[K^~~~~~~~[m[K
[6.972s] [01m[K/usr/include/c++/9/ostream:583:5:[m[K [01;36m[Knote: [m[K  template argument deduction/substitution failed:
[6.973s] [01m[K/home/diablo/diablo_torqueHDRL/src/jointctrlsdk/src/diablo_torque.cpp:33:46:[m[K [01;36m[Knote: [m[K  cannot convert ‘[01m[K((TorqueSubscriber*)this)->TorqueSubscriber::torque_values_[m[K’ (type ‘[01m[Kstd::array<float, 6>[m[K’) to type ‘[01m[Kconst unsigned char*[m[K’
[6.973s]    33 |         std::cout << "Torque Values are:" << [01;36m[Ktorque_values_[m[K;
[6.974s]       |                                              [01;36m[K^~~~~~~~~~~~~~[m[K
[6.974s] In file included from [01m[K/usr/include/c++/9/iostream:39[m[K,
[6.974s]                  from [01m[K/home/diablo/diablo_torqueHDRL/src/jointctrlsdk/src/diablo_torque.cpp:1[m[K:
[6.975s] [01m[K/usr/include/c++/9/ostream:691:5:[m[K [01;36m[Knote: [m[Kcandidate: ‘[01m[Ktemplate<class _Ostream, class _Tp> typename std::enable_if<std::__and_<std::__not_<std::is_lvalue_reference<_Tp> >, std::__is_convertible_to_basic_ostream<_Ostream>, std::__is_insertable<typename std::__is_convertible_to_basic_ostream<_Tp>::__ostream_type, const _Tp&, void> >::value, typename std::__is_convertible_to_basic_ostream<_Tp>::__ostream_type>::type std::operator<<(_Ostream&&, const _Tp&)[m[K’
[6.975s]   691 |     [01;36m[Koperator[m[K<<(_Ostream&& __os, const _Tp& __x)
[6.976s]       |     [01;36m[K^~~~~~~~[m[K
[6.976s] [01m[K/usr/include/c++/9/ostream:691:5:[m[K [01;36m[Knote: [m[K  template argument deduction/substitution failed:
[6.977s] /usr/include/c++/9/ostream: In substitution of ‘[01m[Ktemplate<class _Ostream, class _Tp> typename std::enable_if<std::__and_<std::__not_<std::is_lvalue_reference<_Tp> >, std::__is_convertible_to_basic_ostream<_Ostream>, std::__is_insertable<typename std::__is_convertible_to_basic_ostream<_Tp>::__ostream_type, const _Tp&, void> >::value, typename std::__is_convertible_to_basic_ostream<_Tp>::__ostream_type>::type std::operator<<(_Ostream&&, const _Tp&) [with _Ostream = std::basic_ostream<char>&; _Tp = std::array<float, 6>][m[K’:
[6.977s] [01m[K/home/diablo/diablo_torqueHDRL/src/jointctrlsdk/src/diablo_torque.cpp:33:46:[m[K   required from here
[6.978s] [01m[K/usr/include/c++/9/ostream:691:5:[m[K [01;31m[Kerror: [m[Kno type named ‘[01m[Ktype[m[K’ in ‘[01m[Kstruct std::enable_if<false, std::basic_ostream<char>&>[m[K’
[6.978s] In file included from [01m[K/usr/include/c++/9/memory:81[m[K,
[6.978s]                  from [01m[K/home/diablo/diablo_torqueHDRL/src/jointctrlsdk/src/diablo_torque.cpp:2[m[K:
[6.979s] [01m[K/usr/include/c++/9/bits/shared_ptr.h:66:5:[m[K [01;36m[Knote: [m[Kcandidate: ‘[01m[Ktemplate<class _Ch, class _Tr, class _Tp, __gnu_cxx::_Lock_policy _Lp> std::basic_ostream<_CharT, _Traits>& std::operator<<(std::basic_ostream<_CharT, _Traits>&, const std::__shared_ptr<_Tp, _Lp>&)[m[K’
[6.979s]    66 |     [01;36m[Koperator[m[K<<(std::basic_ostream<_Ch, _Tr>& __os,
[6.980s]       |     [01;36m[K^~~~~~~~[m[K
[6.980s] [01m[K/usr/include/c++/9/bits/shared_ptr.h:66:5:[m[K [01;36m[Knote: [m[K  template argument deduction/substitution failed:
[6.981s] [01m[K/home/diablo/diablo_torqueHDRL/src/jointctrlsdk/src/diablo_torque.cpp:33:46:[m[K [01;36m[Knote: [m[K  ‘[01m[Kstd::array<float, 6>[m[K’ is not derived from ‘[01m[Kconst std::__shared_ptr<_Tp, _Lp>[m[K’
[6.981s]    33 |         std::cout << "Torque Values are:" << [01;36m[Ktorque_values_[m[K;
[6.981s]       |                                              [01;36m[K^~~~~~~~~~~~~~[m[K
[6.982s] In file included from [01m[K/home/diablo/diablo_torqueHDRL/src/jointctrlsdk/include/serial_handle.hpp:4[m[K,
[6.982s]                  from [01m[K/home/diablo/diablo_torqueHDRL/src/jointctrlsdk/src/diablo_torque.cpp:4[m[K:
[6.983s] [01m[K/usr/include/c++/9/thread:322:5:[m[K [01;36m[Knote: [m[Kcandidate: ‘[01m[Ktemplate<class _CharT, class _Traits> std::basic_ostream<_CharT, _Traits>& std::operator<<(std::basic_ostream<_CharT, _Traits>&, std::thread::id)[m[K’
[6.983s]   322 |     [01;36m[Koperator[m[K<<(basic_ostream<_CharT, _Traits>& __out, thread::id __id)
[6.984s]       |     [01;36m[K^~~~~~~~[m[K
[6.984s] [01m[K/usr/include/c++/9/thread:322:5:[m[K [01;36m[Knote: [m[K  template argument deduction/substitution failed:
[6.985s] [01m[K/home/diablo/diablo_torqueHDRL/src/jointctrlsdk/src/diablo_torque.cpp:33:46:[m[K [01;36m[Knote: [m[K  cannot convert ‘[01m[K((TorqueSubscriber*)this)->TorqueSubscriber::torque_values_[m[K’ (type ‘[01m[Kstd::array<float, 6>[m[K’) to type ‘[01m[Kstd::thread::id[m[K’
[6.986s]    33 |         std::cout << "Torque Values are:" << [01;36m[Ktorque_values_[m[K;
[6.987s]       |                                              [01;36m[K^~~~~~~~~~~~~~[m[K
[12.847s] make[2]: *** [CMakeFiles/diablo_torquesubscriber.dir/build.make:63: CMakeFiles/diablo_torquesubscriber.dir/src/diablo_torque.cpp.o] Error 1
[12.848s] make[1]: *** [CMakeFiles/Makefile2:80: CMakeFiles/diablo_torquesubscriber.dir/all] Error 2
[12.848s] make: *** [Makefile:141: all] Error 2
[12.856s] Invoked command in '/home/diablo/diablo_torqueHDRL/build/jointctrlsdk' returned '2': CMAKE_PREFIX_PATH=/home/diablo/diablo_torqueHDRL/install/torque_interfaces:/home/diablo/diablo_torqueHDRL/install/jointctrlsdk:/home/diablo/diablo_ws/install/diablo_ctrl:/home/diablo/diablo_ws/install/diablo_body:/home/diablo/diablo_ws/install/diablo_utils:/home/diablo/diablo_ws/install/motion_msgs:/home/diablo/diablo_ws/install/ception_msgs:/home/diablo/diablo_ws/install/diablo_teleop:/opt/ros/foxy LD_LIBRARY_PATH=/home/diablo/diablo_torqueHDRL/install/torque_interfaces/lib:/home/diablo/diablo_torqueHDRL/install/jointctrlsdk/lib:/home/diablo/diablo_ws/install/diablo_body/lib:/home/diablo/diablo_ws/install/diablo_utils/lib:/home/diablo/diablo_ws/install/motion_msgs/lib:/home/diablo/diablo_ws/install/ception_msgs/lib:/opt/ros/foxy/opt/yaml_cpp_vendor/lib:/opt/ros/foxy/opt/rviz_ogre_vendor/lib:/opt/ros/foxy/lib/aarch64-linux-gnu:/opt/ros/foxy/lib /usr/bin/cmake --build /home/diablo/diablo_torqueHDRL/build/jointctrlsdk -- -j4 -l4
