[0.077s] Invoking command in '/home/diablo/diablo_torqueHDRL/build/jointctrlsdk': CMAKE_PREFIX_PATH=${CMAKE_PREFIX_PATH}:/home/diablo/diablo_ws/install/diablo_teleop:/opt/ros/foxy /usr/bin/cmake --build /home/diablo/diablo_torqueHDRL/build/jointctrlsdk -- -j4 -l4
[0.466s] [ 66%] Built target jointctrlsdk_core
[0.532s] [35m[1mScanning dependencies of target diablo_torquesubscriber[0m
[0.696s] [ 83%] [32mBuilding CXX object CMakeFiles/diablo_torquesubscriber.dir/src/diablo_torque.cpp.o[0m
[6.778s] [01m[K/home/diablo/diablo_torqueHDRL/src/jointctrlsdk/src/diablo_torque.cpp:[m[K In function ‘[01m[Kint main(int, char**)[m[K’:
[6.779s] [01m[K/home/diablo/diablo_torqueHDRL/src/jointctrlsdk/src/diablo_torque.cpp:60:53:[m[K [01;31m[Kerror: [m[Kcannot convert ‘[01m[Kconst std::array<float, 6>[m[K’ to ‘[01m[Kfloat[m[K’ in initialization
[6.779s]    60 |         float torque_values2 = [01;31m[Knode->getTorqueValues()[m[K;
[6.780s]       |                                [01;31m[K~~~~~~~~~~~~~~~~~~~~~^~[m[K
[6.781s]       |                                                     [01;31m[K|[m[K
[6.782s]       |                                                     [01;31m[Kconst std::array<float, 6>[m[K
[6.782s] [01m[K/home/diablo/diablo_torqueHDRL/src/jointctrlsdk/src/diablo_torque.cpp:65:42:[m[K [01;31m[Kerror: [m[Kinvalid types ‘[01m[Kfloat[size_t {aka long unsigned int}][m[K’ for array subscript
[6.783s]    65 |             std::cout << torque_values2[i[01;31m[K][m[K << " ";
[6.784s]       |                                          [01;31m[K^[m[K
[6.785s] [01m[K/home/diablo/diablo_torqueHDRL/src/jointctrlsdk/src/diablo_torque.cpp:68:31:[m[K [01;31m[Kerror: [m[Kcannot convert ‘[01m[Kfloat[m[K’ to ‘[01m[K_Float32*[m[K’ {aka ‘[01m[Kfloat*[m[K’}
[6.785s]    68 |         handle.create_package([01;31m[Ktorque_values2[m[K, send_struct);
[6.785s]       |                               [01;31m[K^~~~~~~~~~~~~~[m[K
[6.786s]       |                               [01;31m[K|[m[K
[6.786s]       |                               [01;31m[Kfloat[m[K
[6.787s] In file included from [01m[K/home/diablo/diablo_torqueHDRL/src/jointctrlsdk/src/diablo_torque.cpp:4[m[K:
[6.787s] [01m[K/home/diablo/diablo_torqueHDRL/src/jointctrlsdk/include/serial_handle.hpp:35:35:[m[K [01;36m[Knote: [m[K  initializing argument 1 of ‘[01m[Kvoid SerialHandle::create_package(_Float32*, motor_torque_t&)[m[K’
[6.788s]    35 |     void create_package([01;36m[K_Float32* motor_tor[m[K,motor_torque_t &motor_package);
[6.788s]       |                         [01;36m[K~~~~~~~~~~^~~~~~~~~[m[K
[12.742s] make[2]: *** [CMakeFiles/diablo_torquesubscriber.dir/build.make:63: CMakeFiles/diablo_torquesubscriber.dir/src/diablo_torque.cpp.o] Error 1
[12.743s] make[1]: *** [CMakeFiles/Makefile2:80: CMakeFiles/diablo_torquesubscriber.dir/all] Error 2
[12.744s] make: *** [Makefile:141: all] Error 2
[12.752s] Invoked command in '/home/diablo/diablo_torqueHDRL/build/jointctrlsdk' returned '2': CMAKE_PREFIX_PATH=${CMAKE_PREFIX_PATH}:/home/diablo/diablo_ws/install/diablo_teleop:/opt/ros/foxy /usr/bin/cmake --build /home/diablo/diablo_torqueHDRL/build/jointctrlsdk -- -j4 -l4
