[ 50%] Built target jointctrlsdk_core
[35m[1mScanning dependencies of target diablo_torquesubscriber[0m
[ 75%] Built target torque_msg_subscribe
[ 87%] [32mBuilding CXX object CMakeFiles/diablo_torquesubscriber.dir/src/diablo_torque.cpp.o[0m
[01m[K/home/diablo/diablo_torqueHDRL/src/jointctrlsdk/src/diablo_torque.cpp:[m[K In function ‘[01m[Kint main(int, char**)[m[K’:
[01m[K/home/diablo/diablo_torqueHDRL/src/jointctrlsdk/src/diablo_torque.cpp:67:17:[m[K [01;35m[Kwarning: [m[Kunused variable ‘[01m[Ktorque_values[m[K’ [[01;35m[K-Wunused-variable[m[K]
   67 |     const auto& [01;35m[Ktorque_values[m[K = node->getTorqueValues();
      |                 [01;35m[K^~~~~~~~~~~~~[m[K
[01m[K/home/diablo/diablo_torqueHDRL/src/jointctrlsdk/src/diablo_torque.cpp:68:11:[m[K [01;35m[Kwarning: [m[Kunused variable ‘[01m[Ktorque_values2[m[K’ [[01;35m[K-Wunused-variable[m[K]
   68 |     float [01;35m[Ktorque_values2[m[K[6];
      |           [01;35m[K^~~~~~~~~~~~~~[m[K
[100%] [32m[1mLinking CXX executable diablo_torquesubscriber[0m
[100%] Built target diablo_torquesubscriber
-- Install configuration: ""
-- Installing: /home/diablo/diablo_torqueHDRL/install/jointctrlsdk/lib/jointctrlsdk/diablo_torquesubscriber
-- Set runtime path of "/home/diablo/diablo_torqueHDRL/install/jointctrlsdk/lib/jointctrlsdk/diablo_torquesubscriber" to ""
-- Up-to-date: /home/diablo/diablo_torqueHDRL/install/jointctrlsdk/lib/jointctrlsdk/torque_msg_subscribe
-- Up-to-date: /home/diablo/diablo_torqueHDRL/install/jointctrlsdk/share/ament_index/resource_index/package_run_dependencies/jointctrlsdk
-- Up-to-date: /home/diablo/diablo_torqueHDRL/install/jointctrlsdk/share/ament_index/resource_index/parent_prefix_path/jointctrlsdk
-- Up-to-date: /home/diablo/diablo_torqueHDRL/install/jointctrlsdk/share/jointctrlsdk/environment/ament_prefix_path.sh
-- Up-to-date: /home/diablo/diablo_torqueHDRL/install/jointctrlsdk/share/jointctrlsdk/environment/ament_prefix_path.dsv
-- Up-to-date: /home/diablo/diablo_torqueHDRL/install/jointctrlsdk/share/jointctrlsdk/environment/path.sh
-- Up-to-date: /home/diablo/diablo_torqueHDRL/install/jointctrlsdk/share/jointctrlsdk/environment/path.dsv
-- Up-to-date: /home/diablo/diablo_torqueHDRL/install/jointctrlsdk/share/jointctrlsdk/local_setup.bash
-- Up-to-date: /home/diablo/diablo_torqueHDRL/install/jointctrlsdk/share/jointctrlsdk/local_setup.sh
-- Up-to-date: /home/diablo/diablo_torqueHDRL/install/jointctrlsdk/share/jointctrlsdk/local_setup.zsh
-- Up-to-date: /home/diablo/diablo_torqueHDRL/install/jointctrlsdk/share/jointctrlsdk/local_setup.dsv
-- Installing: /home/diablo/diablo_torqueHDRL/install/jointctrlsdk/share/jointctrlsdk/package.dsv
-- Up-to-date: /home/diablo/diablo_torqueHDRL/install/jointctrlsdk/share/ament_index/resource_index/packages/jointctrlsdk
-- Up-to-date: /home/diablo/diablo_torqueHDRL/install/jointctrlsdk/share/jointctrlsdk/cmake/jointctrlsdkConfig.cmake
-- Up-to-date: /home/diablo/diablo_torqueHDRL/install/jointctrlsdk/share/jointctrlsdk/cmake/jointctrlsdkConfig-version.cmake
-- Up-to-date: /home/diablo/diablo_torqueHDRL/install/jointctrlsdk/share/jointctrlsdk/package.xml
